[0.196s] DEBUG:colcon:Command line arguments: ['/usr/bin/colcon', 'build', '--symlink-install', '--merge-install', '--cmake-args', '-DCMAKE_BUILD_TYPE=RelWithDebInfo', '-DBUILD_TESTING=ON', '-DCMAKE_CXX_STANDARD=17']
[0.196s] DEBUG:colcon:Parsed command line arguments: Namespace(log_base=None, log_level=None, verb_name='build', build_base='build', install_base='install', merge_install=True, symlink_install=True, test_result_base=None, continue_on_error=False, executor='parallel', parallel_workers=12, event_handlers=None, ignore_user_meta=False, metas=['./colcon.meta'], base_paths=['.'], packages_ignore=None, packages_ignore_regex=None, paths=None, packages_up_to=None, packages_up_to_regex=None, packages_above=None, packages_above_and_dependencies=None, packages_above_depth=None, packages_select_by_dep=None, packages_skip_by_dep=None, packages_skip_up_to=None, packages_select_build_failed=False, packages_skip_build_finished=False, packages_select_test_failures=False, packages_skip_test_passed=False, packages_select=None, packages_skip=None, packages_select_regex=None, packages_skip_regex=None, packages_start=None, packages_end=None, cmake_args=['-DCMAKE_BUILD_TYPE=RelWithDebInfo', '-DBUILD_TESTING=ON', '-DCMAKE_CXX_STANDARD=17'], cmake_target=None, cmake_target_skip_unavailable=False, cmake_clean_cache=False, cmake_clean_first=False, cmake_force_configure=False, ament_cmake_args=None, catkin_cmake_args=None, catkin_skip_building_tests=False, mixin_files=None, mixin=None, verb_parser=<colcon_mixin.mixin.mixin_argument.MixinArgumentDecorator object at 0x7625975e8100>, verb_extension=<colcon_core.verb.build.BuildVerb object at 0x7625975bb790>, main=<bound method BuildVerb.main of <colcon_core.verb.build.BuildVerb object at 0x7625975bb790>>, mixin_verb=('build',))
[0.489s] Level 1:colcon.colcon_core.package_discovery:discover_packages(colcon_meta) check parameters
[0.489s] Level 1:colcon.colcon_core.package_discovery:discover_packages(recursive) check parameters
[0.489s] Level 1:colcon.colcon_core.package_discovery:discover_packages(ignore) check parameters
[0.489s] Level 1:colcon.colcon_core.package_discovery:discover_packages(path) check parameters
[0.489s] Level 1:colcon.colcon_core.package_discovery:discover_packages(colcon_meta) discover
[0.490s] Level 1:colcon.colcon_core.package_discovery:discover_packages(recursive) discover
[0.490s] INFO:colcon.colcon_core.package_discovery:Crawling recursively for packages in '/home/blueboat_sitl/gz_ws'
[0.490s] Level 1:colcon.colcon_core.package_identification:_identify(.) by extensions ['ignore', 'ignore_ament_install']
[0.490s] Level 1:colcon.colcon_core.package_identification:_identify(.) by extension 'ignore'
[0.490s] Level 1:colcon.colcon_core.package_identification:_identify(.) by extension 'ignore_ament_install'
[0.490s] Level 1:colcon.colcon_core.package_identification:_identify(.) by extensions ['colcon_pkg']
[0.490s] Level 1:colcon.colcon_core.package_identification:_identify(.) by extension 'colcon_pkg'
[0.490s] Level 1:colcon.colcon_core.package_identification:_identify(.) by extensions ['colcon_meta']
[0.490s] Level 1:colcon.colcon_core.package_identification:_identify(.) by extension 'colcon_meta'
[0.490s] Level 1:colcon.colcon_core.package_identification:_identify(.) by extensions ['ros']
[0.490s] Level 1:colcon.colcon_core.package_identification:_identify(.) by extension 'ros'
[0.530s] Level 1:colcon.colcon_core.package_identification:_identify(.) by extensions ['cmake', 'python']
[0.530s] Level 1:colcon.colcon_core.package_identification:_identify(.) by extension 'cmake'
[0.530s] Level 1:colcon.colcon_core.package_identification:_identify(.) by extension 'python'
[0.530s] Level 1:colcon.colcon_core.package_identification:_identify(.) by extensions ['python_setup_py']
[0.530s] Level 1:colcon.colcon_core.package_identification:_identify(.) by extension 'python_setup_py'
[0.531s] Level 1:colcon.colcon_core.package_identification:_identify(build) by extensions ['ignore', 'ignore_ament_install']
[0.531s] Level 1:colcon.colcon_core.package_identification:_identify(build) by extension 'ignore'
[0.531s] Level 1:colcon.colcon_core.package_identification:_identify(build) ignored
[0.531s] Level 1:colcon.colcon_core.package_identification:_identify(extras_interface) by extensions ['ignore', 'ignore_ament_install']
[0.531s] Level 1:colcon.colcon_core.package_identification:_identify(extras_interface) by extension 'ignore'
[0.531s] Level 1:colcon.colcon_core.package_identification:_identify(extras_interface) by extension 'ignore_ament_install'
[0.531s] Level 1:colcon.colcon_core.package_identification:_identify(extras_interface) by extensions ['colcon_pkg']
[0.531s] Level 1:colcon.colcon_core.package_identification:_identify(extras_interface) by extension 'colcon_pkg'
[0.531s] Level 1:colcon.colcon_core.package_identification:_identify(extras_interface) by extensions ['colcon_meta']
[0.532s] Level 1:colcon.colcon_core.package_identification:_identify(extras_interface) by extension 'colcon_meta'
[0.532s] Level 1:colcon.colcon_core.package_identification:_identify(extras_interface) by extensions ['ros']
[0.532s] Level 1:colcon.colcon_core.package_identification:_identify(extras_interface) by extension 'ros'
[0.532s] Level 1:colcon.colcon_core.package_identification:_identify(extras_interface) by extensions ['cmake', 'python']
[0.532s] Level 1:colcon.colcon_core.package_identification:_identify(extras_interface) by extension 'cmake'
[0.532s] Level 1:colcon.colcon_core.package_identification:_identify(extras_interface) by extension 'python'
[0.532s] Level 1:colcon.colcon_core.package_identification:_identify(extras_interface) by extensions ['python_setup_py']
[0.532s] Level 1:colcon.colcon_core.package_identification:_identify(extras_interface) by extension 'python_setup_py'
[0.532s] Level 1:colcon.colcon_core.package_identification:_identify(install) by extensions ['ignore', 'ignore_ament_install']
[0.532s] Level 1:colcon.colcon_core.package_identification:_identify(install) by extension 'ignore'
[0.532s] Level 1:colcon.colcon_core.package_identification:_identify(install) ignored
[0.533s] Level 1:colcon.colcon_core.package_identification:_identify(log) by extensions ['ignore', 'ignore_ament_install']
[0.533s] Level 1:colcon.colcon_core.package_identification:_identify(log) by extension 'ignore'
[0.533s] Level 1:colcon.colcon_core.package_identification:_identify(log) ignored
[0.533s] Level 1:colcon.colcon_core.package_identification:_identify(src) by extensions ['ignore', 'ignore_ament_install']
[0.533s] Level 1:colcon.colcon_core.package_identification:_identify(src) by extension 'ignore'
[0.533s] Level 1:colcon.colcon_core.package_identification:_identify(src) by extension 'ignore_ament_install'
[0.533s] Level 1:colcon.colcon_core.package_identification:_identify(src) by extensions ['colcon_pkg']
[0.533s] Level 1:colcon.colcon_core.package_identification:_identify(src) by extension 'colcon_pkg'
[0.533s] Level 1:colcon.colcon_core.package_identification:_identify(src) by extensions ['colcon_meta']
[0.533s] Level 1:colcon.colcon_core.package_identification:_identify(src) by extension 'colcon_meta'
[0.533s] Level 1:colcon.colcon_core.package_identification:_identify(src) by extensions ['ros']
[0.533s] Level 1:colcon.colcon_core.package_identification:_identify(src) by extension 'ros'
[0.534s] Level 1:colcon.colcon_core.package_identification:_identify(src) by extensions ['cmake', 'python']
[0.534s] Level 1:colcon.colcon_core.package_identification:_identify(src) by extension 'cmake'
[0.534s] Level 1:colcon.colcon_core.package_identification:_identify(src) by extension 'python'
[0.534s] Level 1:colcon.colcon_core.package_identification:_identify(src) by extensions ['python_setup_py']
[0.534s] Level 1:colcon.colcon_core.package_identification:_identify(src) by extension 'python_setup_py'
[0.534s] Level 1:colcon.colcon_core.package_identification:_identify(src/asv_wave_sim) by extensions ['ignore', 'ignore_ament_install']
[0.534s] Level 1:colcon.colcon_core.package_identification:_identify(src/asv_wave_sim) by extension 'ignore'
[0.534s] Level 1:colcon.colcon_core.package_identification:_identify(src/asv_wave_sim) by extension 'ignore_ament_install'
[0.534s] Level 1:colcon.colcon_core.package_identification:_identify(src/asv_wave_sim) by extensions ['colcon_pkg']
[0.534s] Level 1:colcon.colcon_core.package_identification:_identify(src/asv_wave_sim) by extension 'colcon_pkg'
[0.534s] Level 1:colcon.colcon_core.package_identification:_identify(src/asv_wave_sim) by extensions ['colcon_meta']
[0.534s] Level 1:colcon.colcon_core.package_identification:_identify(src/asv_wave_sim) by extension 'colcon_meta'
[0.534s] Level 1:colcon.colcon_core.package_identification:_identify(src/asv_wave_sim) by extensions ['ros']
[0.534s] Level 1:colcon.colcon_core.package_identification:_identify(src/asv_wave_sim) by extension 'ros'
[0.535s] Level 1:colcon.colcon_core.package_identification:_identify(src/asv_wave_sim) by extensions ['cmake', 'python']
[0.535s] Level 1:colcon.colcon_core.package_identification:_identify(src/asv_wave_sim) by extension 'cmake'
[0.535s] Level 1:colcon.colcon_core.package_identification:_identify(src/asv_wave_sim) by extension 'python'
[0.535s] Level 1:colcon.colcon_core.package_identification:_identify(src/asv_wave_sim) by extensions ['python_setup_py']
[0.535s] Level 1:colcon.colcon_core.package_identification:_identify(src/asv_wave_sim) by extension 'python_setup_py'
[0.535s] Level 1:colcon.colcon_core.package_identification:_identify(src/asv_wave_sim/doc) by extensions ['ignore', 'ignore_ament_install']
[0.535s] Level 1:colcon.colcon_core.package_identification:_identify(src/asv_wave_sim/doc) by extension 'ignore'
[0.535s] Level 1:colcon.colcon_core.package_identification:_identify(src/asv_wave_sim/doc) by extension 'ignore_ament_install'
[0.535s] Level 1:colcon.colcon_core.package_identification:_identify(src/asv_wave_sim/doc) by extensions ['colcon_pkg']
[0.535s] Level 1:colcon.colcon_core.package_identification:_identify(src/asv_wave_sim/doc) by extension 'colcon_pkg'
[0.535s] Level 1:colcon.colcon_core.package_identification:_identify(src/asv_wave_sim/doc) by extensions ['colcon_meta']
[0.535s] Level 1:colcon.colcon_core.package_identification:_identify(src/asv_wave_sim/doc) by extension 'colcon_meta'
[0.536s] Level 1:colcon.colcon_core.package_identification:_identify(src/asv_wave_sim/doc) by extensions ['ros']
[0.536s] Level 1:colcon.colcon_core.package_identification:_identify(src/asv_wave_sim/doc) by extension 'ros'
[0.536s] Level 1:colcon.colcon_core.package_identification:_identify(src/asv_wave_sim/doc) by extensions ['cmake', 'python']
[0.536s] Level 1:colcon.colcon_core.package_identification:_identify(src/asv_wave_sim/doc) by extension 'cmake'
[0.536s] Level 1:colcon.colcon_core.package_identification:_identify(src/asv_wave_sim/doc) by extension 'python'
[0.536s] Level 1:colcon.colcon_core.package_identification:_identify(src/asv_wave_sim/doc) by extensions ['python_setup_py']
[0.536s] Level 1:colcon.colcon_core.package_identification:_identify(src/asv_wave_sim/doc) by extension 'python_setup_py'
[0.536s] Level 1:colcon.colcon_core.package_identification:_identify(src/asv_wave_sim/doc/uml) by extensions ['ignore', 'ignore_ament_install']
[0.536s] Level 1:colcon.colcon_core.package_identification:_identify(src/asv_wave_sim/doc/uml) by extension 'ignore'
[0.536s] Level 1:colcon.colcon_core.package_identification:_identify(src/asv_wave_sim/doc/uml) by extension 'ignore_ament_install'
[0.536s] Level 1:colcon.colcon_core.package_identification:_identify(src/asv_wave_sim/doc/uml) by extensions ['colcon_pkg']
[0.536s] Level 1:colcon.colcon_core.package_identification:_identify(src/asv_wave_sim/doc/uml) by extension 'colcon_pkg'
[0.537s] Level 1:colcon.colcon_core.package_identification:_identify(src/asv_wave_sim/doc/uml) by extensions ['colcon_meta']
[0.537s] Level 1:colcon.colcon_core.package_identification:_identify(src/asv_wave_sim/doc/uml) by extension 'colcon_meta'
[0.537s] Level 1:colcon.colcon_core.package_identification:_identify(src/asv_wave_sim/doc/uml) by extensions ['ros']
[0.537s] Level 1:colcon.colcon_core.package_identification:_identify(src/asv_wave_sim/doc/uml) by extension 'ros'
[0.537s] Level 1:colcon.colcon_core.package_identification:_identify(src/asv_wave_sim/doc/uml) by extensions ['cmake', 'python']
[0.537s] Level 1:colcon.colcon_core.package_identification:_identify(src/asv_wave_sim/doc/uml) by extension 'cmake'
[0.537s] Level 1:colcon.colcon_core.package_identification:_identify(src/asv_wave_sim/doc/uml) by extension 'python'
[0.537s] Level 1:colcon.colcon_core.package_identification:_identify(src/asv_wave_sim/doc/uml) by extensions ['python_setup_py']
[0.537s] Level 1:colcon.colcon_core.package_identification:_identify(src/asv_wave_sim/doc/uml) by extension 'python_setup_py'
[0.537s] Level 1:colcon.colcon_core.package_identification:_identify(src/asv_wave_sim/gz-waves) by extensions ['ignore', 'ignore_ament_install']
[0.537s] Level 1:colcon.colcon_core.package_identification:_identify(src/asv_wave_sim/gz-waves) by extension 'ignore'
[0.537s] Level 1:colcon.colcon_core.package_identification:_identify(src/asv_wave_sim/gz-waves) by extension 'ignore_ament_install'
[0.538s] Level 1:colcon.colcon_core.package_identification:_identify(src/asv_wave_sim/gz-waves) by extensions ['colcon_pkg']
[0.538s] Level 1:colcon.colcon_core.package_identification:_identify(src/asv_wave_sim/gz-waves) by extension 'colcon_pkg'
[0.538s] Level 1:colcon.colcon_core.package_identification:_identify(src/asv_wave_sim/gz-waves) by extensions ['colcon_meta']
[0.538s] Level 1:colcon.colcon_core.package_identification:_identify(src/asv_wave_sim/gz-waves) by extension 'colcon_meta'
[0.538s] Level 1:colcon.colcon_core.package_identification:_identify(src/asv_wave_sim/gz-waves) by extensions ['ros']
[0.538s] Level 1:colcon.colcon_core.package_identification:_identify(src/asv_wave_sim/gz-waves) by extension 'ros'
[0.538s] Level 1:colcon.colcon_core.package_identification:_identify(src/asv_wave_sim/gz-waves) by extensions ['cmake', 'python']
[0.538s] Level 1:colcon.colcon_core.package_identification:_identify(src/asv_wave_sim/gz-waves) by extension 'cmake'
[0.551s] Level 1:colcon.colcon_core.package_identification:_identify(src/asv_wave_sim/gz-waves) by extension 'python'
[0.552s] DEBUG:colcon.colcon_core.package_identification:Package 'src/asv_wave_sim/gz-waves' with type 'cmake' and name 'gz-waves1'
[0.552s] Level 1:colcon.colcon_core.package_identification:_identify(src/asv_wave_sim/gz-waves-models) by extensions ['ignore', 'ignore_ament_install']
[0.552s] Level 1:colcon.colcon_core.package_identification:_identify(src/asv_wave_sim/gz-waves-models) by extension 'ignore'
[0.552s] Level 1:colcon.colcon_core.package_identification:_identify(src/asv_wave_sim/gz-waves-models) ignored
[0.552s] Level 1:colcon.colcon_core.package_identification:_identify(src/blueboat_interfaces) by extensions ['ignore', 'ignore_ament_install']
[0.552s] Level 1:colcon.colcon_core.package_identification:_identify(src/blueboat_interfaces) by extension 'ignore'
[0.552s] Level 1:colcon.colcon_core.package_identification:_identify(src/blueboat_interfaces) by extension 'ignore_ament_install'
[0.553s] Level 1:colcon.colcon_core.package_identification:_identify(src/blueboat_interfaces) by extensions ['colcon_pkg']
[0.553s] Level 1:colcon.colcon_core.package_identification:_identify(src/blueboat_interfaces) by extension 'colcon_pkg'
[0.553s] Level 1:colcon.colcon_core.package_identification:_identify(src/blueboat_interfaces) by extensions ['colcon_meta']
[0.553s] Level 1:colcon.colcon_core.package_identification:_identify(src/blueboat_interfaces) by extension 'colcon_meta'
[0.553s] Level 1:colcon.colcon_core.package_identification:_identify(src/blueboat_interfaces) by extensions ['ros']
[0.553s] Level 1:colcon.colcon_core.package_identification:_identify(src/blueboat_interfaces) by extension 'ros'
[0.568s] DEBUG:colcon.colcon_core.package_identification:Package 'src/blueboat_interfaces' with type 'ros.ament_cmake' and name 'blueboat_interfaces'
[0.568s] Level 1:colcon.colcon_core.package_identification:_identify(src/blueboat_planner) by extensions ['ignore', 'ignore_ament_install']
[0.568s] Level 1:colcon.colcon_core.package_identification:_identify(src/blueboat_planner) by extension 'ignore'
[0.568s] Level 1:colcon.colcon_core.package_identification:_identify(src/blueboat_planner) by extension 'ignore_ament_install'
[0.569s] Level 1:colcon.colcon_core.package_identification:_identify(src/blueboat_planner) by extensions ['colcon_pkg']
[0.569s] Level 1:colcon.colcon_core.package_identification:_identify(src/blueboat_planner) by extension 'colcon_pkg'
[0.569s] Level 1:colcon.colcon_core.package_identification:_identify(src/blueboat_planner) by extensions ['colcon_meta']
[0.569s] Level 1:colcon.colcon_core.package_identification:_identify(src/blueboat_planner) by extension 'colcon_meta'
[0.569s] Level 1:colcon.colcon_core.package_identification:_identify(src/blueboat_planner) by extensions ['ros']
[0.569s] Level 1:colcon.colcon_core.package_identification:_identify(src/blueboat_planner) by extension 'ros'
[0.570s] DEBUG:colcon.colcon_core.package_identification:Package 'src/blueboat_planner' with type 'ros.ament_python' and name 'blueboat_planner'
[0.570s] Level 1:colcon.colcon_core.package_identification:_identify(src/blueboat_regler) by extensions ['ignore', 'ignore_ament_install']
[0.570s] Level 1:colcon.colcon_core.package_identification:_identify(src/blueboat_regler) by extension 'ignore'
[0.571s] Level 1:colcon.colcon_core.package_identification:_identify(src/blueboat_regler) by extension 'ignore_ament_install'
[0.571s] Level 1:colcon.colcon_core.package_identification:_identify(src/blueboat_regler) by extensions ['colcon_pkg']
[0.571s] Level 1:colcon.colcon_core.package_identification:_identify(src/blueboat_regler) by extension 'colcon_pkg'
[0.571s] Level 1:colcon.colcon_core.package_identification:_identify(src/blueboat_regler) by extensions ['colcon_meta']
[0.571s] Level 1:colcon.colcon_core.package_identification:_identify(src/blueboat_regler) by extension 'colcon_meta'
[0.571s] Level 1:colcon.colcon_core.package_identification:_identify(src/blueboat_regler) by extensions ['ros']
[0.571s] Level 1:colcon.colcon_core.package_identification:_identify(src/blueboat_regler) by extension 'ros'
[0.572s] DEBUG:colcon.colcon_core.package_identification:Package 'src/blueboat_regler' with type 'ros.ament_python' and name 'blueboat_regler'
[0.572s] Level 1:colcon.colcon_core.package_identification:_identify(src/extras_boat) by extensions ['ignore', 'ignore_ament_install']
[0.572s] Level 1:colcon.colcon_core.package_identification:_identify(src/extras_boat) by extension 'ignore'
[0.572s] Level 1:colcon.colcon_core.package_identification:_identify(src/extras_boat) by extension 'ignore_ament_install'
[0.572s] Level 1:colcon.colcon_core.package_identification:_identify(src/extras_boat) by extensions ['colcon_pkg']
[0.572s] Level 1:colcon.colcon_core.package_identification:_identify(src/extras_boat) by extension 'colcon_pkg'
[0.572s] Level 1:colcon.colcon_core.package_identification:_identify(src/extras_boat) by extensions ['colcon_meta']
[0.573s] Level 1:colcon.colcon_core.package_identification:_identify(src/extras_boat) by extension 'colcon_meta'
[0.573s] Level 1:colcon.colcon_core.package_identification:_identify(src/extras_boat) by extensions ['ros']
[0.573s] Level 1:colcon.colcon_core.package_identification:_identify(src/extras_boat) by extension 'ros'
[0.573s] Level 1:colcon.colcon_core.package_identification:_identify(src/extras_boat) by extensions ['cmake', 'python']
[0.573s] Level 1:colcon.colcon_core.package_identification:_identify(src/extras_boat) by extension 'cmake'
[0.573s] Level 1:colcon.colcon_core.package_identification:_identify(src/extras_boat) by extension 'python'
[0.573s] Level 1:colcon.colcon_core.package_identification:_identify(src/extras_boat) by extensions ['python_setup_py']
[0.573s] Level 1:colcon.colcon_core.package_identification:_identify(src/extras_boat) by extension 'python_setup_py'
[0.573s] Level 1:colcon.colcon_core.package_identification:_identify(src/marker_model) by extensions ['ignore', 'ignore_ament_install']
[0.573s] Level 1:colcon.colcon_core.package_identification:_identify(src/marker_model) by extension 'ignore'
[0.573s] Level 1:colcon.colcon_core.package_identification:_identify(src/marker_model) by extension 'ignore_ament_install'
[0.573s] Level 1:colcon.colcon_core.package_identification:_identify(src/marker_model) by extensions ['colcon_pkg']
[0.573s] Level 1:colcon.colcon_core.package_identification:_identify(src/marker_model) by extension 'colcon_pkg'
[0.574s] Level 1:colcon.colcon_core.package_identification:_identify(src/marker_model) by extensions ['colcon_meta']
[0.574s] Level 1:colcon.colcon_core.package_identification:_identify(src/marker_model) by extension 'colcon_meta'
[0.574s] Level 1:colcon.colcon_core.package_identification:_identify(src/marker_model) by extensions ['ros']
[0.574s] Level 1:colcon.colcon_core.package_identification:_identify(src/marker_model) by extension 'ros'
[0.574s] Level 1:colcon.colcon_core.package_identification:_identify(src/marker_model) by extensions ['cmake', 'python']
[0.574s] Level 1:colcon.colcon_core.package_identification:_identify(src/marker_model) by extension 'cmake'
[0.574s] Level 1:colcon.colcon_core.package_identification:_identify(src/marker_model) by extension 'python'
[0.574s] Level 1:colcon.colcon_core.package_identification:_identify(src/marker_model) by extensions ['python_setup_py']
[0.574s] Level 1:colcon.colcon_core.package_identification:_identify(src/marker_model) by extension 'python_setup_py'
[0.574s] Level 1:colcon.colcon_core.package_identification:_identify(src/move_blueboat) by extensions ['ignore', 'ignore_ament_install']
[0.574s] Level 1:colcon.colcon_core.package_identification:_identify(src/move_blueboat) by extension 'ignore'
[0.574s] Level 1:colcon.colcon_core.package_identification:_identify(src/move_blueboat) by extension 'ignore_ament_install'
[0.574s] Level 1:colcon.colcon_core.package_identification:_identify(src/move_blueboat) by extensions ['colcon_pkg']
[0.575s] Level 1:colcon.colcon_core.package_identification:_identify(src/move_blueboat) by extension 'colcon_pkg'
[0.575s] Level 1:colcon.colcon_core.package_identification:_identify(src/move_blueboat) by extensions ['colcon_meta']
[0.575s] Level 1:colcon.colcon_core.package_identification:_identify(src/move_blueboat) by extension 'colcon_meta'
[0.575s] Level 1:colcon.colcon_core.package_identification:_identify(src/move_blueboat) by extensions ['ros']
[0.575s] Level 1:colcon.colcon_core.package_identification:_identify(src/move_blueboat) by extension 'ros'
[0.576s] DEBUG:colcon.colcon_core.package_identification:Package 'src/move_blueboat' with type 'ros.ament_python' and name 'move_blueboat'
[0.576s] Level 1:colcon.colcon_core.package_discovery:discover_packages(recursive) using defaults
[0.576s] Level 1:colcon.colcon_core.package_discovery:discover_packages(ignore) discover
[0.576s] Level 1:colcon.colcon_core.package_discovery:discover_packages(ignore) using defaults
[0.576s] Level 1:colcon.colcon_core.package_discovery:discover_packages(path) discover
[0.576s] Level 1:colcon.colcon_core.package_discovery:discover_packages(path) using defaults
[0.611s] Level 5:colcon.colcon_core.verb:set package 'blueboat_interfaces' build argument 'cmake_args' from command line to '['-DCMAKE_BUILD_TYPE=RelWithDebInfo', '-DBUILD_TESTING=ON', '-DCMAKE_CXX_STANDARD=17']'
[0.611s] Level 5:colcon.colcon_core.verb:set package 'blueboat_interfaces' build argument 'cmake_target' from command line to 'None'
[0.611s] Level 5:colcon.colcon_core.verb:set package 'blueboat_interfaces' build argument 'cmake_target_skip_unavailable' from command line to 'False'
[0.611s] Level 5:colcon.colcon_core.verb:set package 'blueboat_interfaces' build argument 'cmake_clean_cache' from command line to 'False'
[0.611s] Level 5:colcon.colcon_core.verb:set package 'blueboat_interfaces' build argument 'cmake_clean_first' from command line to 'False'
[0.611s] Level 5:colcon.colcon_core.verb:set package 'blueboat_interfaces' build argument 'cmake_force_configure' from command line to 'False'
[0.611s] Level 5:colcon.colcon_core.verb:set package 'blueboat_interfaces' build argument 'ament_cmake_args' from command line to 'None'
[0.611s] Level 5:colcon.colcon_core.verb:set package 'blueboat_interfaces' build argument 'catkin_cmake_args' from command line to 'None'
[0.611s] Level 5:colcon.colcon_core.verb:set package 'blueboat_interfaces' build argument 'catkin_skip_building_tests' from command line to 'False'
[0.612s] DEBUG:colcon.colcon_core.verb:Building package 'blueboat_interfaces' with the following arguments: {'ament_cmake_args': None, 'build_base': '/home/blueboat_sitl/gz_ws/build/blueboat_interfaces', 'catkin_cmake_args': None, 'catkin_skip_building_tests': False, 'cmake_args': ['-DCMAKE_BUILD_TYPE=RelWithDebInfo', '-DBUILD_TESTING=ON', '-DCMAKE_CXX_STANDARD=17'], 'cmake_clean_cache': False, 'cmake_clean_first': False, 'cmake_force_configure': False, 'cmake_target': None, 'cmake_target_skip_unavailable': False, 'install_base': '/home/blueboat_sitl/gz_ws/install', 'merge_install': True, 'path': '/home/blueboat_sitl/gz_ws/src/blueboat_interfaces', 'symlink_install': True, 'test_result_base': None}
[0.612s] Level 5:colcon.colcon_core.verb:set package 'blueboat_regler' build argument 'cmake_args' from command line to '['-DCMAKE_BUILD_TYPE=RelWithDebInfo', '-DBUILD_TESTING=ON', '-DCMAKE_CXX_STANDARD=17']'
[0.612s] Level 5:colcon.colcon_core.verb:set package 'blueboat_regler' build argument 'cmake_target' from command line to 'None'
[0.612s] Level 5:colcon.colcon_core.verb:set package 'blueboat_regler' build argument 'cmake_target_skip_unavailable' from command line to 'False'
[0.612s] Level 5:colcon.colcon_core.verb:set package 'blueboat_regler' build argument 'cmake_clean_cache' from command line to 'False'
[0.612s] Level 5:colcon.colcon_core.verb:set package 'blueboat_regler' build argument 'cmake_clean_first' from command line to 'False'
[0.612s] Level 5:colcon.colcon_core.verb:set package 'blueboat_regler' build argument 'cmake_force_configure' from command line to 'False'
[0.612s] Level 5:colcon.colcon_core.verb:set package 'blueboat_regler' build argument 'ament_cmake_args' from command line to 'None'
[0.612s] Level 5:colcon.colcon_core.verb:set package 'blueboat_regler' build argument 'catkin_cmake_args' from command line to 'None'
[0.612s] Level 5:colcon.colcon_core.verb:set package 'blueboat_regler' build argument 'catkin_skip_building_tests' from command line to 'False'
[0.612s] DEBUG:colcon.colcon_core.verb:Building package 'blueboat_regler' with the following arguments: {'ament_cmake_args': None, 'build_base': '/home/blueboat_sitl/gz_ws/build/blueboat_regler', 'catkin_cmake_args': None, 'catkin_skip_building_tests': False, 'cmake_args': ['-DCMAKE_BUILD_TYPE=RelWithDebInfo', '-DBUILD_TESTING=ON', '-DCMAKE_CXX_STANDARD=17'], 'cmake_clean_cache': False, 'cmake_clean_first': False, 'cmake_force_configure': False, 'cmake_target': None, 'cmake_target_skip_unavailable': False, 'install_base': '/home/blueboat_sitl/gz_ws/install', 'merge_install': True, 'path': '/home/blueboat_sitl/gz_ws/src/blueboat_regler', 'symlink_install': True, 'test_result_base': None}
[0.613s] Level 5:colcon.colcon_core.verb:set package 'gz-waves1' build argument 'cmake_args' from command line to '['-DCMAKE_BUILD_TYPE=RelWithDebInfo', '-DBUILD_TESTING=ON', '-DCMAKE_CXX_STANDARD=17']'
[0.613s] Level 5:colcon.colcon_core.verb:set package 'gz-waves1' build argument 'cmake_target' from command line to 'None'
[0.613s] Level 5:colcon.colcon_core.verb:set package 'gz-waves1' build argument 'cmake_target_skip_unavailable' from command line to 'False'
[0.613s] Level 5:colcon.colcon_core.verb:set package 'gz-waves1' build argument 'cmake_clean_cache' from command line to 'False'
[0.613s] Level 5:colcon.colcon_core.verb:set package 'gz-waves1' build argument 'cmake_clean_first' from command line to 'False'
[0.613s] Level 5:colcon.colcon_core.verb:set package 'gz-waves1' build argument 'cmake_force_configure' from command line to 'False'
[0.613s] Level 5:colcon.colcon_core.verb:set package 'gz-waves1' build argument 'ament_cmake_args' from command line to 'None'
[0.613s] Level 5:colcon.colcon_core.verb:set package 'gz-waves1' build argument 'catkin_cmake_args' from command line to 'None'
[0.613s] Level 5:colcon.colcon_core.verb:set package 'gz-waves1' build argument 'catkin_skip_building_tests' from command line to 'False'
[0.613s] DEBUG:colcon.colcon_core.verb:Building package 'gz-waves1' with the following arguments: {'ament_cmake_args': None, 'build_base': '/home/blueboat_sitl/gz_ws/build/gz-waves1', 'catkin_cmake_args': None, 'catkin_skip_building_tests': False, 'cmake_args': ['-DCMAKE_BUILD_TYPE=RelWithDebInfo', '-DBUILD_TESTING=ON', '-DCMAKE_CXX_STANDARD=17'], 'cmake_clean_cache': False, 'cmake_clean_first': False, 'cmake_force_configure': False, 'cmake_target': None, 'cmake_target_skip_unavailable': False, 'install_base': '/home/blueboat_sitl/gz_ws/install', 'merge_install': True, 'path': '/home/blueboat_sitl/gz_ws/src/asv_wave_sim/gz-waves', 'symlink_install': True, 'test_result_base': None}
[0.614s] Level 5:colcon.colcon_core.verb:set package 'move_blueboat' build argument 'cmake_args' from command line to '['-DCMAKE_BUILD_TYPE=RelWithDebInfo', '-DBUILD_TESTING=ON', '-DCMAKE_CXX_STANDARD=17']'
[0.614s] Level 5:colcon.colcon_core.verb:set package 'move_blueboat' build argument 'cmake_target' from command line to 'None'
[0.614s] Level 5:colcon.colcon_core.verb:set package 'move_blueboat' build argument 'cmake_target_skip_unavailable' from command line to 'False'
[0.614s] Level 5:colcon.colcon_core.verb:set package 'move_blueboat' build argument 'cmake_clean_cache' from command line to 'False'
[0.614s] Level 5:colcon.colcon_core.verb:set package 'move_blueboat' build argument 'cmake_clean_first' from command line to 'False'
[0.614s] Level 5:colcon.colcon_core.verb:set package 'move_blueboat' build argument 'cmake_force_configure' from command line to 'False'
[0.614s] Level 5:colcon.colcon_core.verb:set package 'move_blueboat' build argument 'ament_cmake_args' from command line to 'None'
[0.614s] Level 5:colcon.colcon_core.verb:set package 'move_blueboat' build argument 'catkin_cmake_args' from command line to 'None'
[0.614s] Level 5:colcon.colcon_core.verb:set package 'move_blueboat' build argument 'catkin_skip_building_tests' from command line to 'False'
[0.614s] DEBUG:colcon.colcon_core.verb:Building package 'move_blueboat' with the following arguments: {'ament_cmake_args': None, 'build_base': '/home/blueboat_sitl/gz_ws/build/move_blueboat', 'catkin_cmake_args': None, 'catkin_skip_building_tests': False, 'cmake_args': ['-DCMAKE_BUILD_TYPE=RelWithDebInfo', '-DBUILD_TESTING=ON', '-DCMAKE_CXX_STANDARD=17'], 'cmake_clean_cache': False, 'cmake_clean_first': False, 'cmake_force_configure': False, 'cmake_target': None, 'cmake_target_skip_unavailable': False, 'install_base': '/home/blueboat_sitl/gz_ws/install', 'merge_install': True, 'path': '/home/blueboat_sitl/gz_ws/src/move_blueboat', 'symlink_install': True, 'test_result_base': None}
[0.615s] Level 5:colcon.colcon_core.verb:set package 'blueboat_planner' build argument 'cmake_args' from command line to '['-DCMAKE_BUILD_TYPE=RelWithDebInfo', '-DBUILD_TESTING=ON', '-DCMAKE_CXX_STANDARD=17']'
[0.615s] Level 5:colcon.colcon_core.verb:set package 'blueboat_planner' build argument 'cmake_target' from command line to 'None'
[0.615s] Level 5:colcon.colcon_core.verb:set package 'blueboat_planner' build argument 'cmake_target_skip_unavailable' from command line to 'False'
[0.615s] Level 5:colcon.colcon_core.verb:set package 'blueboat_planner' build argument 'cmake_clean_cache' from command line to 'False'
[0.615s] Level 5:colcon.colcon_core.verb:set package 'blueboat_planner' build argument 'cmake_clean_first' from command line to 'False'
[0.615s] Level 5:colcon.colcon_core.verb:set package 'blueboat_planner' build argument 'cmake_force_configure' from command line to 'False'
[0.615s] Level 5:colcon.colcon_core.verb:set package 'blueboat_planner' build argument 'ament_cmake_args' from command line to 'None'
[0.615s] Level 5:colcon.colcon_core.verb:set package 'blueboat_planner' build argument 'catkin_cmake_args' from command line to 'None'
[0.615s] Level 5:colcon.colcon_core.verb:set package 'blueboat_planner' build argument 'catkin_skip_building_tests' from command line to 'False'
[0.615s] DEBUG:colcon.colcon_core.verb:Building package 'blueboat_planner' with the following arguments: {'ament_cmake_args': None, 'build_base': '/home/blueboat_sitl/gz_ws/build/blueboat_planner', 'catkin_cmake_args': None, 'catkin_skip_building_tests': False, 'cmake_args': ['-DCMAKE_BUILD_TYPE=RelWithDebInfo', '-DBUILD_TESTING=ON', '-DCMAKE_CXX_STANDARD=17'], 'cmake_clean_cache': False, 'cmake_clean_first': False, 'cmake_force_configure': False, 'cmake_target': None, 'cmake_target_skip_unavailable': False, 'install_base': '/home/blueboat_sitl/gz_ws/install', 'merge_install': True, 'path': '/home/blueboat_sitl/gz_ws/src/blueboat_planner', 'symlink_install': True, 'test_result_base': None}
[0.615s] INFO:colcon.colcon_core.executor:Executing jobs using 'parallel' executor
[0.617s] DEBUG:colcon.colcon_parallel_executor.executor.parallel:run_until_complete
[0.617s] INFO:colcon.colcon_ros.task.ament_cmake.build:Building ROS package in '/home/blueboat_sitl/gz_ws/src/blueboat_interfaces' with build type 'ament_cmake'
[0.618s] INFO:colcon.colcon_cmake.task.cmake.build:Building CMake package in '/home/blueboat_sitl/gz_ws/src/blueboat_interfaces'
[0.624s] INFO:colcon.colcon_core.plugin_system:Skipping extension 'colcon_core.shell.bat': Not used on non-Windows systems
[0.625s] INFO:colcon.colcon_core.shell:Skip shell extension 'powershell' for command environment: Not usable outside of PowerShell
[0.625s] DEBUG:colcon.colcon_core.shell:Skip shell extension 'dsv' for command environment
[0.636s] INFO:colcon.colcon_ros.task.ament_python.build:Building ROS package in '/home/blueboat_sitl/gz_ws/src/blueboat_regler' with build type 'ament_python'
[0.636s] Level 1:colcon.colcon_core.shell:create_environment_hook('blueboat_regler', 'ament_prefix_path')
[0.637s] INFO:colcon.colcon_core.shell:Creating environment hook '/home/blueboat_sitl/gz_ws/install/share/blueboat_regler/hook/ament_prefix_path.ps1'
[0.639s] INFO:colcon.colcon_core.shell:Creating environment descriptor '/home/blueboat_sitl/gz_ws/install/share/blueboat_regler/hook/ament_prefix_path.dsv'
[0.640s] INFO:colcon.colcon_core.shell:Creating environment hook '/home/blueboat_sitl/gz_ws/install/share/blueboat_regler/hook/ament_prefix_path.sh'
[0.642s] INFO:colcon.colcon_core.shell:Skip shell extension 'powershell' for command environment: Not usable outside of PowerShell
[0.642s] DEBUG:colcon.colcon_core.shell:Skip shell extension 'dsv' for command environment
[0.650s] INFO:colcon.colcon_cmake.task.cmake.build:Building CMake package in '/home/blueboat_sitl/gz_ws/src/asv_wave_sim/gz-waves'
[0.651s] INFO:colcon.colcon_core.shell:Skip shell extension 'powershell' for command environment: Not usable outside of PowerShell
[0.651s] DEBUG:colcon.colcon_core.shell:Skip shell extension 'dsv' for command environment
[0.660s] INFO:colcon.colcon_ros.task.ament_python.build:Building ROS package in '/home/blueboat_sitl/gz_ws/src/move_blueboat' with build type 'ament_python'
[0.661s] Level 1:colcon.colcon_core.shell:create_environment_hook('move_blueboat', 'ament_prefix_path')
[0.661s] INFO:colcon.colcon_core.shell:Creating environment hook '/home/blueboat_sitl/gz_ws/install/share/move_blueboat/hook/ament_prefix_path.ps1'
[0.663s] INFO:colcon.colcon_core.shell:Creating environment descriptor '/home/blueboat_sitl/gz_ws/install/share/move_blueboat/hook/ament_prefix_path.dsv'
[0.663s] INFO:colcon.colcon_core.shell:Creating environment hook '/home/blueboat_sitl/gz_ws/install/share/move_blueboat/hook/ament_prefix_path.sh'
[0.664s] INFO:colcon.colcon_core.shell:Skip shell extension 'powershell' for command environment: Not usable outside of PowerShell
[0.664s] DEBUG:colcon.colcon_core.shell:Skip shell extension 'dsv' for command environment
[0.680s] DEBUG:colcon.colcon_core.event_handler.log_command:Invoking command in '/home/blueboat_sitl/gz_ws/build/blueboat_interfaces': CMAKE_PREFIX_PATH=${CMAKE_PREFIX_PATH}:/opt/ros/humble /usr/bin/cmake --build /home/blueboat_sitl/gz_ws/build/blueboat_interfaces -- -j12 -l12
[1.151s] INFO:colcon.colcon_core.task.python.build:Building Python package in '/home/blueboat_sitl/gz_ws/src/blueboat_regler'
[1.152s] INFO:colcon.colcon_core.shell:Skip shell extension 'powershell' for command environment: Not usable outside of PowerShell
[1.152s] DEBUG:colcon.colcon_core.shell:Skip shell extension 'dsv' for command environment
[1.170s] DEBUG:colcon.colcon_core.event_handler.log_command:Invoking command in '/home/blueboat_sitl/gz_ws/build/gz-waves1': /usr/bin/cmake --build /home/blueboat_sitl/gz_ws/build/gz-waves1 -- -j12 -l12
[1.647s] INFO:colcon.colcon_core.task.python.build:Building Python package in '/home/blueboat_sitl/gz_ws/src/move_blueboat'
[1.647s] INFO:colcon.colcon_core.shell:Skip shell extension 'powershell' for command environment: Not usable outside of PowerShell
[1.647s] DEBUG:colcon.colcon_core.shell:Skip shell extension 'dsv' for command environment
[1.670s] DEBUG:colcon.colcon_core.event_handler.log_command:Invoked command in '/home/blueboat_sitl/gz_ws/build/blueboat_interfaces' returned '0': CMAKE_PREFIX_PATH=${CMAKE_PREFIX_PATH}:/opt/ros/humble /usr/bin/cmake --build /home/blueboat_sitl/gz_ws/build/blueboat_interfaces -- -j12 -l12
[1.694s] DEBUG:colcon.colcon_core.event_handler.log_command:Invoking command in '/home/blueboat_sitl/gz_ws/build/blueboat_interfaces': CMAKE_PREFIX_PATH=${CMAKE_PREFIX_PATH}:/opt/ros/humble /usr/bin/cmake --install /home/blueboat_sitl/gz_ws/build/blueboat_interfaces
[2.417s] DEBUG:colcon.colcon_core.event_handler.log_command:Invoking command in '/home/blueboat_sitl/gz_ws/build/move_blueboat': PYTHONPATH=/home/blueboat_sitl/gz_ws/build/move_blueboat/prefix_override:/usr/lib/python3/dist-packages/colcon_core/task/python/colcon_distutils_commands:/home/blueboat_sitl/gz_ws/install/lib/python3.10/site-packages:${PYTHONPATH} /usr/bin/python3 -W ignore:setup.py install is deprecated -W ignore:easy_install command is deprecated setup.py develop --editable --build-directory /home/blueboat_sitl/gz_ws/build/move_blueboat/build --no-deps symlink_data
[2.421s] DEBUG:colcon.colcon_core.event_handler.log_command:Invoking command in '/home/blueboat_sitl/gz_ws/build/blueboat_regler': PYTHONPATH=/home/blueboat_sitl/gz_ws/build/blueboat_regler/prefix_override:/usr/lib/python3/dist-packages/colcon_core/task/python/colcon_distutils_commands:/home/blueboat_sitl/gz_ws/install/lib/python3.10/site-packages:${PYTHONPATH} /usr/bin/python3 -W ignore:setup.py install is deprecated -W ignore:easy_install command is deprecated setup.py develop --editable --build-directory /home/blueboat_sitl/gz_ws/build/blueboat_regler/build --no-deps symlink_data
[3.584s] Level 1:colcon.colcon_core.shell:create_environment_hook('blueboat_regler', 'pythonpath_develop')
[3.585s] INFO:colcon.colcon_core.shell:Creating environment hook '/home/blueboat_sitl/gz_ws/build/blueboat_regler/share/blueboat_regler/hook/pythonpath_develop.ps1'
[3.586s] INFO:colcon.colcon_core.shell:Creating environment descriptor '/home/blueboat_sitl/gz_ws/build/blueboat_regler/share/blueboat_regler/hook/pythonpath_develop.dsv'
[3.587s] DEBUG:colcon.colcon_core.event_handler.log_command:Invoked command in '/home/blueboat_sitl/gz_ws/build/blueboat_regler' returned '0': PYTHONPATH=/home/blueboat_sitl/gz_ws/build/blueboat_regler/prefix_override:/usr/lib/python3/dist-packages/colcon_core/task/python/colcon_distutils_commands:/home/blueboat_sitl/gz_ws/install/lib/python3.10/site-packages:${PYTHONPATH} /usr/bin/python3 -W ignore:setup.py install is deprecated -W ignore:easy_install command is deprecated setup.py develop --editable --build-directory /home/blueboat_sitl/gz_ws/build/blueboat_regler/build --no-deps symlink_data
[3.589s] INFO:colcon.colcon_core.shell:Creating environment hook '/home/blueboat_sitl/gz_ws/build/blueboat_regler/share/blueboat_regler/hook/pythonpath_develop.sh'
[3.626s] Level 1:colcon.colcon_core.environment:checking '/home/blueboat_sitl/gz_ws/install' for CMake module files
[3.628s] Level 1:colcon.colcon_core.environment:checking '/home/blueboat_sitl/gz_ws/install' for CMake config files
[3.635s] Level 1:colcon.colcon_core.shell:create_environment_hook('blueboat_regler', 'cmake_prefix_path')
[3.636s] INFO:colcon.colcon_core.shell:Creating environment hook '/home/blueboat_sitl/gz_ws/install/share/blueboat_regler/hook/cmake_prefix_path.ps1'
[3.637s] INFO:colcon.colcon_core.shell:Creating environment descriptor '/home/blueboat_sitl/gz_ws/install/share/blueboat_regler/hook/cmake_prefix_path.dsv'
[3.639s] INFO:colcon.colcon_core.shell:Creating environment hook '/home/blueboat_sitl/gz_ws/install/share/blueboat_regler/hook/cmake_prefix_path.sh'
[3.641s] Level 1:colcon.colcon_core.environment:checking '/home/blueboat_sitl/gz_ws/install/lib'
[3.645s] Level 1:colcon.colcon_core.shell:create_environment_hook('blueboat_regler', 'ld_library_path_lib')
[3.646s] INFO:colcon.colcon_core.shell:Creating environment hook '/home/blueboat_sitl/gz_ws/install/share/blueboat_regler/hook/ld_library_path_lib.ps1'
[3.647s] INFO:colcon.colcon_core.shell:Creating environment descriptor '/home/blueboat_sitl/gz_ws/install/share/blueboat_regler/hook/ld_library_path_lib.dsv'
[3.656s] INFO:colcon.colcon_core.shell:Creating environment hook '/home/blueboat_sitl/gz_ws/install/share/blueboat_regler/hook/ld_library_path_lib.sh'
[3.659s] Level 1:colcon.colcon_core.environment:checking '/home/blueboat_sitl/gz_ws/install/bin'
[3.659s] Level 1:colcon.colcon_core.environment:checking '/home/blueboat_sitl/gz_ws/install/lib/pkgconfig/blueboat_regler.pc'
[3.659s] Level 1:colcon.colcon_core.environment:checking '/home/blueboat_sitl/gz_ws/install/lib/python3.10/site-packages'
[3.659s] Level 1:colcon.colcon_core.shell:create_environment_hook('blueboat_regler', 'pythonpath')
[3.660s] INFO:colcon.colcon_core.shell:Creating environment hook '/home/blueboat_sitl/gz_ws/install/share/blueboat_regler/hook/pythonpath.ps1'
[3.664s] INFO:colcon.colcon_core.shell:Creating environment descriptor '/home/blueboat_sitl/gz_ws/install/share/blueboat_regler/hook/pythonpath.dsv'
[3.670s] INFO:colcon.colcon_core.shell:Creating environment hook '/home/blueboat_sitl/gz_ws/install/share/blueboat_regler/hook/pythonpath.sh'
[3.672s] Level 1:colcon.colcon_core.environment:checking '/home/blueboat_sitl/gz_ws/install/bin'
[3.672s] Level 1:colcon.colcon_core.environment:create_environment_scripts_only(blueboat_regler)
[3.673s] INFO:colcon.colcon_core.shell:Creating package script '/home/blueboat_sitl/gz_ws/install/share/blueboat_regler/package.ps1'
[3.681s] INFO:colcon.colcon_core.shell:Creating package descriptor '/home/blueboat_sitl/gz_ws/install/share/blueboat_regler/package.dsv'
[3.685s] INFO:colcon.colcon_core.shell:Creating package script '/home/blueboat_sitl/gz_ws/install/share/blueboat_regler/package.sh'
[3.688s] INFO:colcon.colcon_core.shell:Creating package script '/home/blueboat_sitl/gz_ws/install/share/blueboat_regler/package.bash'
[3.694s] INFO:colcon.colcon_core.shell:Creating package script '/home/blueboat_sitl/gz_ws/install/share/blueboat_regler/package.zsh'
[3.695s] Level 1:colcon.colcon_core.environment:create_file_with_runtime_dependencies(/home/blueboat_sitl/gz_ws/install/share/colcon-core/packages/blueboat_regler)
[3.702s] Level 1:colcon.colcon_core.shell:create_environment_hook('move_blueboat', 'pythonpath_develop')
[3.704s] INFO:colcon.colcon_core.shell:Creating environment hook '/home/blueboat_sitl/gz_ws/build/move_blueboat/share/move_blueboat/hook/pythonpath_develop.ps1'
[3.707s] DEBUG:colcon.colcon_core.event_handler.log_command:Invoked command in '/home/blueboat_sitl/gz_ws/build/move_blueboat' returned '0': PYTHONPATH=/home/blueboat_sitl/gz_ws/build/move_blueboat/prefix_override:/usr/lib/python3/dist-packages/colcon_core/task/python/colcon_distutils_commands:/home/blueboat_sitl/gz_ws/install/lib/python3.10/site-packages:${PYTHONPATH} /usr/bin/python3 -W ignore:setup.py install is deprecated -W ignore:easy_install command is deprecated setup.py develop --editable --build-directory /home/blueboat_sitl/gz_ws/build/move_blueboat/build --no-deps symlink_data
[3.709s] INFO:colcon.colcon_core.shell:Creating environment descriptor '/home/blueboat_sitl/gz_ws/build/move_blueboat/share/move_blueboat/hook/pythonpath_develop.dsv'
[3.710s] INFO:colcon.colcon_core.shell:Creating environment hook '/home/blueboat_sitl/gz_ws/build/move_blueboat/share/move_blueboat/hook/pythonpath_develop.sh'
[3.712s] Level 1:colcon.colcon_core.environment:checking '/home/blueboat_sitl/gz_ws/install' for CMake module files
[3.713s] Level 1:colcon.colcon_core.environment:checking '/home/blueboat_sitl/gz_ws/install' for CMake config files
[3.715s] Level 1:colcon.colcon_core.shell:create_environment_hook('move_blueboat', 'cmake_prefix_path')
[3.716s] INFO:colcon.colcon_core.shell:Creating environment hook '/home/blueboat_sitl/gz_ws/install/share/move_blueboat/hook/cmake_prefix_path.ps1'
[3.717s] INFO:colcon.colcon_core.shell:Creating environment descriptor '/home/blueboat_sitl/gz_ws/install/share/move_blueboat/hook/cmake_prefix_path.dsv'
[3.718s] INFO:colcon.colcon_core.shell:Creating environment hook '/home/blueboat_sitl/gz_ws/install/share/move_blueboat/hook/cmake_prefix_path.sh'
[3.719s] Level 1:colcon.colcon_core.environment:checking '/home/blueboat_sitl/gz_ws/install/lib'
[3.720s] Level 1:colcon.colcon_core.shell:create_environment_hook('move_blueboat', 'ld_library_path_lib')
[3.720s] INFO:colcon.colcon_core.shell:Creating environment hook '/home/blueboat_sitl/gz_ws/install/share/move_blueboat/hook/ld_library_path_lib.ps1'
[3.721s] INFO:colcon.colcon_core.shell:Creating environment descriptor '/home/blueboat_sitl/gz_ws/install/share/move_blueboat/hook/ld_library_path_lib.dsv'
[3.722s] INFO:colcon.colcon_core.shell:Creating environment hook '/home/blueboat_sitl/gz_ws/install/share/move_blueboat/hook/ld_library_path_lib.sh'
[3.723s] Level 1:colcon.colcon_core.environment:checking '/home/blueboat_sitl/gz_ws/install/bin'
[3.723s] Level 1:colcon.colcon_core.environment:checking '/home/blueboat_sitl/gz_ws/install/lib/pkgconfig/move_blueboat.pc'
[3.723s] Level 1:colcon.colcon_core.environment:checking '/home/blueboat_sitl/gz_ws/install/lib/python3.10/site-packages'
[3.724s] Level 1:colcon.colcon_core.shell:create_environment_hook('move_blueboat', 'pythonpath')
[3.724s] INFO:colcon.colcon_core.shell:Creating environment hook '/home/blueboat_sitl/gz_ws/install/share/move_blueboat/hook/pythonpath.ps1'
[3.725s] INFO:colcon.colcon_core.shell:Creating environment descriptor '/home/blueboat_sitl/gz_ws/install/share/move_blueboat/hook/pythonpath.dsv'
[3.726s] INFO:colcon.colcon_core.shell:Creating environment hook '/home/blueboat_sitl/gz_ws/install/share/move_blueboat/hook/pythonpath.sh'
[3.727s] Level 1:colcon.colcon_core.environment:checking '/home/blueboat_sitl/gz_ws/install/bin'
[3.728s] Level 1:colcon.colcon_core.environment:create_environment_scripts_only(move_blueboat)
[3.729s] INFO:colcon.colcon_core.shell:Creating package script '/home/blueboat_sitl/gz_ws/install/share/move_blueboat/package.ps1'
[3.730s] INFO:colcon.colcon_core.shell:Creating package descriptor '/home/blueboat_sitl/gz_ws/install/share/move_blueboat/package.dsv'
[3.732s] INFO:colcon.colcon_core.shell:Creating package script '/home/blueboat_sitl/gz_ws/install/share/move_blueboat/package.sh'
[3.733s] INFO:colcon.colcon_core.shell:Creating package script '/home/blueboat_sitl/gz_ws/install/share/move_blueboat/package.bash'
[3.734s] INFO:colcon.colcon_core.shell:Creating package script '/home/blueboat_sitl/gz_ws/install/share/move_blueboat/package.zsh'
[3.735s] Level 1:colcon.colcon_core.environment:create_file_with_runtime_dependencies(/home/blueboat_sitl/gz_ws/install/share/colcon-core/packages/move_blueboat)
[3.744s] Level 1:colcon.colcon_core.environment:create_environment_scripts_only(blueboat_interfaces)
[3.744s] Level 1:colcon.colcon_core.environment:checking '/home/blueboat_sitl/gz_ws/install' for CMake module files
[3.747s] DEBUG:colcon.colcon_core.event_handler.log_command:Invoked command in '/home/blueboat_sitl/gz_ws/build/blueboat_interfaces' returned '0': CMAKE_PREFIX_PATH=${CMAKE_PREFIX_PATH}:/opt/ros/humble /usr/bin/cmake --install /home/blueboat_sitl/gz_ws/build/blueboat_interfaces
[3.754s] Level 1:colcon.colcon_core.environment:checking '/home/blueboat_sitl/gz_ws/install' for CMake config files
[3.758s] Level 1:colcon.colcon_core.shell:create_environment_hook('blueboat_interfaces', 'cmake_prefix_path')
[3.758s] INFO:colcon.colcon_core.shell:Creating environment hook '/home/blueboat_sitl/gz_ws/install/share/blueboat_interfaces/hook/cmake_prefix_path.ps1'
[3.760s] INFO:colcon.colcon_core.shell:Creating environment descriptor '/home/blueboat_sitl/gz_ws/install/share/blueboat_interfaces/hook/cmake_prefix_path.dsv'
[3.761s] INFO:colcon.colcon_core.shell:Creating environment hook '/home/blueboat_sitl/gz_ws/install/share/blueboat_interfaces/hook/cmake_prefix_path.sh'
[3.762s] Level 1:colcon.colcon_core.environment:checking '/home/blueboat_sitl/gz_ws/install/lib'
[3.762s] Level 1:colcon.colcon_core.shell:create_environment_hook('blueboat_interfaces', 'ld_library_path_lib')
[3.763s] INFO:colcon.colcon_core.shell:Creating environment hook '/home/blueboat_sitl/gz_ws/install/share/blueboat_interfaces/hook/ld_library_path_lib.ps1'
[3.764s] INFO:colcon.colcon_core.shell:Creating environment descriptor '/home/blueboat_sitl/gz_ws/install/share/blueboat_interfaces/hook/ld_library_path_lib.dsv'
[3.765s] INFO:colcon.colcon_core.shell:Creating environment hook '/home/blueboat_sitl/gz_ws/install/share/blueboat_interfaces/hook/ld_library_path_lib.sh'
[3.766s] Level 1:colcon.colcon_core.environment:checking '/home/blueboat_sitl/gz_ws/install/bin'
[3.766s] Level 1:colcon.colcon_core.environment:checking '/home/blueboat_sitl/gz_ws/install/lib/pkgconfig/blueboat_interfaces.pc'
[3.767s] Level 1:colcon.colcon_core.environment:checking '/home/blueboat_sitl/gz_ws/install/lib/python3.10/site-packages'
[3.767s] Level 1:colcon.colcon_core.shell:create_environment_hook('blueboat_interfaces', 'pythonpath')
[3.768s] INFO:colcon.colcon_core.shell:Creating environment hook '/home/blueboat_sitl/gz_ws/install/share/blueboat_interfaces/hook/pythonpath.ps1'
[3.769s] INFO:colcon.colcon_core.shell:Creating environment descriptor '/home/blueboat_sitl/gz_ws/install/share/blueboat_interfaces/hook/pythonpath.dsv'
[3.771s] INFO:colcon.colcon_core.shell:Creating environment hook '/home/blueboat_sitl/gz_ws/install/share/blueboat_interfaces/hook/pythonpath.sh'
[3.772s] Level 1:colcon.colcon_core.environment:checking '/home/blueboat_sitl/gz_ws/install/bin'
[3.774s] INFO:colcon.colcon_core.shell:Creating package script '/home/blueboat_sitl/gz_ws/install/share/blueboat_interfaces/package.ps1'
[3.775s] INFO:colcon.colcon_core.shell:Creating package descriptor '/home/blueboat_sitl/gz_ws/install/share/blueboat_interfaces/package.dsv'
[3.777s] INFO:colcon.colcon_core.shell:Creating package script '/home/blueboat_sitl/gz_ws/install/share/blueboat_interfaces/package.sh'
[3.778s] INFO:colcon.colcon_core.shell:Creating package script '/home/blueboat_sitl/gz_ws/install/share/blueboat_interfaces/package.bash'
[3.779s] INFO:colcon.colcon_core.shell:Creating package script '/home/blueboat_sitl/gz_ws/install/share/blueboat_interfaces/package.zsh'
[3.780s] Level 1:colcon.colcon_core.environment:create_file_with_runtime_dependencies(/home/blueboat_sitl/gz_ws/install/share/colcon-core/packages/blueboat_interfaces)
[3.782s] Level 1:colcon.colcon_core.environment:create_environment_scripts_only(blueboat_interfaces)
[3.782s] Level 1:colcon.colcon_core.environment:checking '/home/blueboat_sitl/gz_ws/install' for CMake module files
[3.784s] Level 1:colcon.colcon_core.environment:checking '/home/blueboat_sitl/gz_ws/install' for CMake config files
[3.786s] Level 1:colcon.colcon_core.shell:create_environment_hook('blueboat_interfaces', 'cmake_prefix_path')
[3.787s] INFO:colcon.colcon_core.shell:Creating environment hook '/home/blueboat_sitl/gz_ws/install/share/blueboat_interfaces/hook/cmake_prefix_path.ps1'
[3.788s] INFO:colcon.colcon_core.shell:Creating environment descriptor '/home/blueboat_sitl/gz_ws/install/share/blueboat_interfaces/hook/cmake_prefix_path.dsv'
[3.789s] INFO:colcon.colcon_core.shell:Creating environment hook '/home/blueboat_sitl/gz_ws/install/share/blueboat_interfaces/hook/cmake_prefix_path.sh'
[3.792s] Level 1:colcon.colcon_core.environment:checking '/home/blueboat_sitl/gz_ws/install/lib'
[3.792s] Level 1:colcon.colcon_core.shell:create_environment_hook('blueboat_interfaces', 'ld_library_path_lib')
[3.793s] INFO:colcon.colcon_core.shell:Creating environment hook '/home/blueboat_sitl/gz_ws/install/share/blueboat_interfaces/hook/ld_library_path_lib.ps1'
[3.794s] INFO:colcon.colcon_core.shell:Creating environment descriptor '/home/blueboat_sitl/gz_ws/install/share/blueboat_interfaces/hook/ld_library_path_lib.dsv'
[3.795s] INFO:colcon.colcon_core.shell:Creating environment hook '/home/blueboat_sitl/gz_ws/install/share/blueboat_interfaces/hook/ld_library_path_lib.sh'
[3.796s] Level 1:colcon.colcon_core.environment:checking '/home/blueboat_sitl/gz_ws/install/bin'
[3.797s] Level 1:colcon.colcon_core.environment:checking '/home/blueboat_sitl/gz_ws/install/lib/pkgconfig/blueboat_interfaces.pc'
[3.797s] Level 1:colcon.colcon_core.environment:checking '/home/blueboat_sitl/gz_ws/install/lib/python3.10/site-packages'
[3.797s] Level 1:colcon.colcon_core.shell:create_environment_hook('blueboat_interfaces', 'pythonpath')
[3.798s] INFO:colcon.colcon_core.shell:Creating environment hook '/home/blueboat_sitl/gz_ws/install/share/blueboat_interfaces/hook/pythonpath.ps1'
[3.799s] INFO:colcon.colcon_core.shell:Creating environment descriptor '/home/blueboat_sitl/gz_ws/install/share/blueboat_interfaces/hook/pythonpath.dsv'
[3.800s] INFO:colcon.colcon_core.shell:Creating environment hook '/home/blueboat_sitl/gz_ws/install/share/blueboat_interfaces/hook/pythonpath.sh'
[3.802s] Level 1:colcon.colcon_core.environment:checking '/home/blueboat_sitl/gz_ws/install/bin'
[3.803s] INFO:colcon.colcon_core.shell:Creating package script '/home/blueboat_sitl/gz_ws/install/share/blueboat_interfaces/package.ps1'
[3.805s] INFO:colcon.colcon_core.shell:Creating package descriptor '/home/blueboat_sitl/gz_ws/install/share/blueboat_interfaces/package.dsv'
[3.806s] INFO:colcon.colcon_core.shell:Creating package script '/home/blueboat_sitl/gz_ws/install/share/blueboat_interfaces/package.sh'
[3.808s] INFO:colcon.colcon_core.shell:Creating package script '/home/blueboat_sitl/gz_ws/install/share/blueboat_interfaces/package.bash'
[3.809s] INFO:colcon.colcon_core.shell:Creating package script '/home/blueboat_sitl/gz_ws/install/share/blueboat_interfaces/package.zsh'
[3.810s] Level 1:colcon.colcon_core.environment:create_file_with_runtime_dependencies(/home/blueboat_sitl/gz_ws/install/share/colcon-core/packages/blueboat_interfaces)
[3.811s] INFO:colcon.colcon_ros.task.ament_python.build:Building ROS package in '/home/blueboat_sitl/gz_ws/src/blueboat_planner' with build type 'ament_python'
[3.811s] Level 1:colcon.colcon_core.shell:create_environment_hook('blueboat_planner', 'ament_prefix_path')
[3.812s] INFO:colcon.colcon_core.shell:Creating environment hook '/home/blueboat_sitl/gz_ws/install/share/blueboat_planner/hook/ament_prefix_path.ps1'
[3.818s] INFO:colcon.colcon_core.shell:Creating environment descriptor '/home/blueboat_sitl/gz_ws/install/share/blueboat_planner/hook/ament_prefix_path.dsv'
[3.819s] INFO:colcon.colcon_core.shell:Creating environment hook '/home/blueboat_sitl/gz_ws/install/share/blueboat_planner/hook/ament_prefix_path.sh'
[3.820s] INFO:colcon.colcon_core.shell:Skip shell extension 'powershell' for command environment: Not usable outside of PowerShell
[3.824s] DEBUG:colcon.colcon_core.shell:Skip shell extension 'dsv' for command environment
[4.654s] INFO:colcon.colcon_core.task.python.build:Building Python package in '/home/blueboat_sitl/gz_ws/src/blueboat_planner'
[4.655s] INFO:colcon.colcon_core.shell:Skip shell extension 'powershell' for command environment: Not usable outside of PowerShell
[4.655s] DEBUG:colcon.colcon_core.shell:Skip shell extension 'dsv' for command environment
[5.466s] DEBUG:colcon.colcon_core.event_handler.log_command:Invoking command in '/home/blueboat_sitl/gz_ws/build/blueboat_planner': AMENT_PREFIX_PATH=/home/blueboat_sitl/gz_ws/install:${AMENT_PREFIX_PATH} CMAKE_PREFIX_PATH=/home/blueboat_sitl/gz_ws/install:${CMAKE_PREFIX_PATH} LD_LIBRARY_PATH=/home/blueboat_sitl/gz_ws/install/lib:${LD_LIBRARY_PATH} PYTHONPATH=/home/blueboat_sitl/gz_ws/build/blueboat_planner/prefix_override:/usr/lib/python3/dist-packages/colcon_core/task/python/colcon_distutils_commands:/home/blueboat_sitl/gz_ws/install/lib/python3.10/site-packages:/home/blueboat_sitl/gz_ws/install/local/lib/python3.10/dist-packages:/home/blueboat_sitl/gz_ws/install/lib/python3.10/site-packages:${PYTHONPATH} /usr/bin/python3 -W ignore:setup.py install is deprecated -W ignore:easy_install command is deprecated setup.py develop --editable --build-directory /home/blueboat_sitl/gz_ws/build/blueboat_planner/build --no-deps symlink_data
[5.686s] DEBUG:colcon.colcon_core.event_handler.log_command:Invoked command in '/home/blueboat_sitl/gz_ws/build/gz-waves1' returned '0': /usr/bin/cmake --build /home/blueboat_sitl/gz_ws/build/gz-waves1 -- -j12 -l12
[5.690s] DEBUG:colcon.colcon_core.event_handler.log_command:Invoking command in '/home/blueboat_sitl/gz_ws/build/gz-waves1': /usr/bin/cmake --install /home/blueboat_sitl/gz_ws/build/gz-waves1
[5.893s] Level 1:colcon.colcon_core.environment:create_environment_scripts_only(gz-waves1)
[5.894s] Level 1:colcon.colcon_core.environment:checking '/home/blueboat_sitl/gz_ws/install' for CMake module files
[5.895s] DEBUG:colcon.colcon_core.event_handler.log_command:Invoked command in '/home/blueboat_sitl/gz_ws/build/gz-waves1' returned '0': /usr/bin/cmake --install /home/blueboat_sitl/gz_ws/build/gz-waves1
[5.895s] Level 1:colcon.colcon_core.environment:checking '/home/blueboat_sitl/gz_ws/install' for CMake config files
[5.898s] Level 1:colcon.colcon_core.shell:create_environment_hook('gz-waves1', 'cmake_prefix_path')
[5.899s] INFO:colcon.colcon_core.shell:Creating environment hook '/home/blueboat_sitl/gz_ws/install/share/gz-waves1/hook/cmake_prefix_path.ps1'
[5.900s] INFO:colcon.colcon_core.shell:Creating environment descriptor '/home/blueboat_sitl/gz_ws/install/share/gz-waves1/hook/cmake_prefix_path.dsv'
[5.901s] INFO:colcon.colcon_core.shell:Creating environment hook '/home/blueboat_sitl/gz_ws/install/share/gz-waves1/hook/cmake_prefix_path.sh'
[5.902s] Level 1:colcon.colcon_core.environment:checking '/home/blueboat_sitl/gz_ws/install/lib'
[5.902s] Level 1:colcon.colcon_core.shell:create_environment_hook('gz-waves1', 'ld_library_path_lib')
[5.903s] INFO:colcon.colcon_core.shell:Creating environment hook '/home/blueboat_sitl/gz_ws/install/share/gz-waves1/hook/ld_library_path_lib.ps1'
[5.904s] INFO:colcon.colcon_core.shell:Creating environment descriptor '/home/blueboat_sitl/gz_ws/install/share/gz-waves1/hook/ld_library_path_lib.dsv'
[5.905s] INFO:colcon.colcon_core.shell:Creating environment hook '/home/blueboat_sitl/gz_ws/install/share/gz-waves1/hook/ld_library_path_lib.sh'
[5.905s] Level 1:colcon.colcon_core.environment:checking '/home/blueboat_sitl/gz_ws/install/bin'
[5.906s] Level 1:colcon.colcon_core.shell:create_environment_hook('gz-waves1', 'path')
[5.906s] INFO:colcon.colcon_core.shell:Creating environment hook '/home/blueboat_sitl/gz_ws/install/share/gz-waves1/hook/path.ps1'
[5.907s] INFO:colcon.colcon_core.shell:Creating environment descriptor '/home/blueboat_sitl/gz_ws/install/share/gz-waves1/hook/path.dsv'
[5.908s] INFO:colcon.colcon_core.shell:Creating environment hook '/home/blueboat_sitl/gz_ws/install/share/gz-waves1/hook/path.sh'
[5.909s] Level 1:colcon.colcon_core.environment:checking '/home/blueboat_sitl/gz_ws/install/lib/pkgconfig/gz-waves1.pc'
[5.909s] Level 1:colcon.colcon_core.shell:create_environment_hook('gz-waves1', 'pkg_config')
[5.909s] INFO:colcon.colcon_core.shell:Creating environment hook '/home/blueboat_sitl/gz_ws/install/share/gz-waves1/hook/pkg_config.ps1'
[5.910s] INFO:colcon.colcon_core.shell:Creating environment descriptor '/home/blueboat_sitl/gz_ws/install/share/gz-waves1/hook/pkg_config.dsv'
[5.911s] INFO:colcon.colcon_core.shell:Creating environment hook '/home/blueboat_sitl/gz_ws/install/share/gz-waves1/hook/pkg_config.sh'
[5.912s] Level 1:colcon.colcon_core.environment:checking '/home/blueboat_sitl/gz_ws/install/lib/python3.10/site-packages'
[5.913s] Level 1:colcon.colcon_core.shell:create_environment_hook('gz-waves1', 'pythonpath')
[5.913s] INFO:colcon.colcon_core.shell:Creating environment hook '/home/blueboat_sitl/gz_ws/install/share/gz-waves1/hook/pythonpath.ps1'
[5.914s] INFO:colcon.colcon_core.shell:Creating environment descriptor '/home/blueboat_sitl/gz_ws/install/share/gz-waves1/hook/pythonpath.dsv'
[5.915s] INFO:colcon.colcon_core.shell:Creating environment hook '/home/blueboat_sitl/gz_ws/install/share/gz-waves1/hook/pythonpath.sh'
[5.916s] Level 1:colcon.colcon_core.environment:checking '/home/blueboat_sitl/gz_ws/install/bin'
[5.917s] Level 1:colcon.colcon_core.shell:create_environment_hook('gz-waves1', 'pythonscriptspath')
[5.917s] INFO:colcon.colcon_core.shell:Creating environment hook '/home/blueboat_sitl/gz_ws/install/share/gz-waves1/hook/pythonscriptspath.ps1'
[5.918s] INFO:colcon.colcon_core.shell:Creating environment descriptor '/home/blueboat_sitl/gz_ws/install/share/gz-waves1/hook/pythonscriptspath.dsv'
[5.918s] INFO:colcon.colcon_core.shell:Creating environment hook '/home/blueboat_sitl/gz_ws/install/share/gz-waves1/hook/pythonscriptspath.sh'
[5.919s] INFO:colcon.colcon_core.shell:Creating package script '/home/blueboat_sitl/gz_ws/install/share/gz-waves1/package.ps1'
[5.920s] INFO:colcon.colcon_core.shell:Creating package descriptor '/home/blueboat_sitl/gz_ws/install/share/gz-waves1/package.dsv'
[5.921s] INFO:colcon.colcon_core.shell:Creating package script '/home/blueboat_sitl/gz_ws/install/share/gz-waves1/package.sh'
[5.922s] INFO:colcon.colcon_core.shell:Creating package script '/home/blueboat_sitl/gz_ws/install/share/gz-waves1/package.bash'
[5.922s] INFO:colcon.colcon_core.shell:Creating package script '/home/blueboat_sitl/gz_ws/install/share/gz-waves1/package.zsh'
[5.923s] Level 1:colcon.colcon_core.environment:create_file_with_runtime_dependencies(/home/blueboat_sitl/gz_ws/install/share/colcon-core/packages/gz-waves1)
[6.215s] Level 1:colcon.colcon_core.shell:create_environment_hook('blueboat_planner', 'pythonpath_develop')
[6.216s] INFO:colcon.colcon_core.shell:Creating environment hook '/home/blueboat_sitl/gz_ws/build/blueboat_planner/share/blueboat_planner/hook/pythonpath_develop.ps1'
[6.216s] DEBUG:colcon.colcon_core.event_handler.log_command:Invoked command in '/home/blueboat_sitl/gz_ws/build/blueboat_planner' returned '0': AMENT_PREFIX_PATH=/home/blueboat_sitl/gz_ws/install:${AMENT_PREFIX_PATH} CMAKE_PREFIX_PATH=/home/blueboat_sitl/gz_ws/install:${CMAKE_PREFIX_PATH} LD_LIBRARY_PATH=/home/blueboat_sitl/gz_ws/install/lib:${LD_LIBRARY_PATH} PYTHONPATH=/home/blueboat_sitl/gz_ws/build/blueboat_planner/prefix_override:/usr/lib/python3/dist-packages/colcon_core/task/python/colcon_distutils_commands:/home/blueboat_sitl/gz_ws/install/lib/python3.10/site-packages:/home/blueboat_sitl/gz_ws/install/local/lib/python3.10/dist-packages:/home/blueboat_sitl/gz_ws/install/lib/python3.10/site-packages:${PYTHONPATH} /usr/bin/python3 -W ignore:setup.py install is deprecated -W ignore:easy_install command is deprecated setup.py develop --editable --build-directory /home/blueboat_sitl/gz_ws/build/blueboat_planner/build --no-deps symlink_data
[6.217s] INFO:colcon.colcon_core.shell:Creating environment descriptor '/home/blueboat_sitl/gz_ws/build/blueboat_planner/share/blueboat_planner/hook/pythonpath_develop.dsv'
[6.218s] INFO:colcon.colcon_core.shell:Creating environment hook '/home/blueboat_sitl/gz_ws/build/blueboat_planner/share/blueboat_planner/hook/pythonpath_develop.sh'
[6.219s] Level 1:colcon.colcon_core.environment:checking '/home/blueboat_sitl/gz_ws/install' for CMake module files
[6.219s] Level 1:colcon.colcon_core.environment:checking '/home/blueboat_sitl/gz_ws/install' for CMake config files
[6.222s] Level 1:colcon.colcon_core.shell:create_environment_hook('blueboat_planner', 'cmake_prefix_path')
[6.222s] INFO:colcon.colcon_core.shell:Creating environment hook '/home/blueboat_sitl/gz_ws/install/share/blueboat_planner/hook/cmake_prefix_path.ps1'
[6.223s] INFO:colcon.colcon_core.shell:Creating environment descriptor '/home/blueboat_sitl/gz_ws/install/share/blueboat_planner/hook/cmake_prefix_path.dsv'
[6.223s] INFO:colcon.colcon_core.shell:Creating environment hook '/home/blueboat_sitl/gz_ws/install/share/blueboat_planner/hook/cmake_prefix_path.sh'
[6.224s] Level 1:colcon.colcon_core.environment:checking '/home/blueboat_sitl/gz_ws/install/lib'
[6.224s] Level 1:colcon.colcon_core.shell:create_environment_hook('blueboat_planner', 'ld_library_path_lib')
[6.224s] INFO:colcon.colcon_core.shell:Creating environment hook '/home/blueboat_sitl/gz_ws/install/share/blueboat_planner/hook/ld_library_path_lib.ps1'
[6.225s] INFO:colcon.colcon_core.shell:Creating environment descriptor '/home/blueboat_sitl/gz_ws/install/share/blueboat_planner/hook/ld_library_path_lib.dsv'
[6.225s] INFO:colcon.colcon_core.shell:Creating environment hook '/home/blueboat_sitl/gz_ws/install/share/blueboat_planner/hook/ld_library_path_lib.sh'
[6.226s] Level 1:colcon.colcon_core.environment:checking '/home/blueboat_sitl/gz_ws/install/bin'
[6.226s] Level 1:colcon.colcon_core.shell:create_environment_hook('blueboat_planner', 'path')
[6.226s] INFO:colcon.colcon_core.shell:Creating environment hook '/home/blueboat_sitl/gz_ws/install/share/blueboat_planner/hook/path.ps1'
[6.227s] INFO:colcon.colcon_core.shell:Creating environment descriptor '/home/blueboat_sitl/gz_ws/install/share/blueboat_planner/hook/path.dsv'
[6.227s] INFO:colcon.colcon_core.shell:Creating environment hook '/home/blueboat_sitl/gz_ws/install/share/blueboat_planner/hook/path.sh'
[6.228s] Level 1:colcon.colcon_core.environment:checking '/home/blueboat_sitl/gz_ws/install/lib/pkgconfig/blueboat_planner.pc'
[6.228s] Level 1:colcon.colcon_core.environment:checking '/home/blueboat_sitl/gz_ws/install/lib/python3.10/site-packages'
[6.228s] Level 1:colcon.colcon_core.shell:create_environment_hook('blueboat_planner', 'pythonpath')
[6.228s] INFO:colcon.colcon_core.shell:Creating environment hook '/home/blueboat_sitl/gz_ws/install/share/blueboat_planner/hook/pythonpath.ps1'
[6.229s] INFO:colcon.colcon_core.shell:Creating environment descriptor '/home/blueboat_sitl/gz_ws/install/share/blueboat_planner/hook/pythonpath.dsv'
[6.229s] INFO:colcon.colcon_core.shell:Creating environment hook '/home/blueboat_sitl/gz_ws/install/share/blueboat_planner/hook/pythonpath.sh'
[6.230s] Level 1:colcon.colcon_core.environment:checking '/home/blueboat_sitl/gz_ws/install/bin'
[6.230s] Level 1:colcon.colcon_core.shell:create_environment_hook('blueboat_planner', 'pythonscriptspath')
[6.231s] INFO:colcon.colcon_core.shell:Creating environment hook '/home/blueboat_sitl/gz_ws/install/share/blueboat_planner/hook/pythonscriptspath.ps1'
[6.231s] INFO:colcon.colcon_core.shell:Creating environment descriptor '/home/blueboat_sitl/gz_ws/install/share/blueboat_planner/hook/pythonscriptspath.dsv'
[6.232s] INFO:colcon.colcon_core.shell:Creating environment hook '/home/blueboat_sitl/gz_ws/install/share/blueboat_planner/hook/pythonscriptspath.sh'
[6.232s] Level 1:colcon.colcon_core.environment:create_environment_scripts_only(blueboat_planner)
[6.233s] INFO:colcon.colcon_core.shell:Creating package script '/home/blueboat_sitl/gz_ws/install/share/blueboat_planner/package.ps1'
[6.234s] INFO:colcon.colcon_core.shell:Creating package descriptor '/home/blueboat_sitl/gz_ws/install/share/blueboat_planner/package.dsv'
[6.235s] INFO:colcon.colcon_core.shell:Creating package script '/home/blueboat_sitl/gz_ws/install/share/blueboat_planner/package.sh'
[6.235s] INFO:colcon.colcon_core.shell:Creating package script '/home/blueboat_sitl/gz_ws/install/share/blueboat_planner/package.bash'
[6.236s] INFO:colcon.colcon_core.shell:Creating package script '/home/blueboat_sitl/gz_ws/install/share/blueboat_planner/package.zsh'
[6.236s] Level 1:colcon.colcon_core.environment:create_file_with_runtime_dependencies(/home/blueboat_sitl/gz_ws/install/share/colcon-core/packages/blueboat_planner)
[6.237s] DEBUG:colcon.colcon_parallel_executor.executor.parallel:closing loop
[6.237s] DEBUG:colcon.colcon_parallel_executor.executor.parallel:loop closed
[6.237s] DEBUG:colcon.colcon_parallel_executor.executor.parallel:run_until_complete finished with '0'
[6.237s] DEBUG:colcon.colcon_core.event_reactor:joining thread
[6.249s] INFO:colcon.colcon_core.plugin_system:Skipping extension 'colcon_notification.desktop_notification.notify_send': Could not find 'notify-send'
[6.249s] INFO:colcon.colcon_core.plugin_system:Skipping extension 'colcon_notification.desktop_notification.terminal_notifier': Not used on non-Darwin systems
[6.249s] INFO:colcon.colcon_core.plugin_system:Skipping extension 'colcon_notification.desktop_notification.win32': Not used on non-Windows systems
[6.249s] INFO:colcon.colcon_notification.desktop_notification:Sending desktop notification using 'notify2'
[6.255s] DEBUG:colcon.colcon_notification.desktop_notification.notify2:Failed to initialize notify2: org.freedesktop.DBus.Error.Spawn.ExecFailed: /usr/bin/dbus-launch terminated abnormally without any error message
[6.256s] DEBUG:colcon.colcon_core.event_reactor:joined thread
[6.257s] INFO:colcon.colcon_core.shell:Creating prefix script '/home/blueboat_sitl/gz_ws/install/local_setup.ps1'
[6.260s] INFO:colcon.colcon_core.shell:Creating prefix util module '/home/blueboat_sitl/gz_ws/install/_local_setup_util_ps1.py'
[6.262s] INFO:colcon.colcon_core.shell:Creating prefix chain script '/home/blueboat_sitl/gz_ws/install/setup.ps1'
[6.265s] INFO:colcon.colcon_core.shell:Creating prefix script '/home/blueboat_sitl/gz_ws/install/local_setup.sh'
[6.266s] INFO:colcon.colcon_core.shell:Creating prefix util module '/home/blueboat_sitl/gz_ws/install/_local_setup_util_sh.py'
[6.267s] INFO:colcon.colcon_core.shell:Creating prefix chain script '/home/blueboat_sitl/gz_ws/install/setup.sh'
[6.270s] INFO:colcon.colcon_core.shell:Creating prefix script '/home/blueboat_sitl/gz_ws/install/local_setup.bash'
[6.271s] INFO:colcon.colcon_core.shell:Creating prefix chain script '/home/blueboat_sitl/gz_ws/install/setup.bash'
[6.274s] INFO:colcon.colcon_core.shell:Creating prefix script '/home/blueboat_sitl/gz_ws/install/local_setup.zsh'
[6.274s] INFO:colcon.colcon_core.shell:Creating prefix chain script '/home/blueboat_sitl/gz_ws/install/setup.zsh'
