[0.692s] Invoking command in '/home/blueboat_sitl/gz_ws/src/realWorld': PYTHONPATH=/home/blueboat_sitl/gz_ws/build/realWorld/prefix_override:/usr/lib/python3/dist-packages/colcon_core/task/python/colcon_distutils_commands:/home/blueboat_sitl/gz_ws/install/lib/python3.10/site-packages:${PYTHONPATH} /usr/bin/python3 -W ignore:setup.py install is deprecated -W ignore:easy_install command is deprecated setup.py egg_info --egg-base ../../build/realWorld build --build-base /home/blueboat_sitl/gz_ws/build/realWorld/build install --record /home/blueboat_sitl/gz_ws/build/realWorld/install.log --single-version-externally-managed install_data
[0.936s] running egg_info
[0.936s] writing ../../build/realWorld/realWorld.egg-info/PKG-INFO
[0.937s] writing dependency_links to ../../build/realWorld/realWorld.egg-info/dependency_links.txt
[0.937s] writing entry points to ../../build/realWorld/realWorld.egg-info/entry_points.txt
[0.937s] writing requirements to ../../build/realWorld/realWorld.egg-info/requires.txt
[0.937s] writing top-level names to ../../build/realWorld/realWorld.egg-info/top_level.txt
[0.939s] reading manifest file '../../build/realWorld/realWorld.egg-info/SOURCES.txt'
[0.939s] adding license file 'LICENSE'
[0.939s] writing manifest file '../../build/realWorld/realWorld.egg-info/SOURCES.txt'
[0.940s] running build
[0.940s] running build_py
[0.940s] copying realWorld/my_node.py -> /home/blueboat_sitl/gz_ws/build/realWorld/build/lib/realWorld
[0.940s] running install
[0.941s] running install_lib
[0.942s] copying /home/blueboat_sitl/gz_ws/build/realWorld/build/lib/realWorld/my_node.py -> /home/blueboat_sitl/gz_ws/install/lib/python3.10/site-packages/realWorld
[0.943s] byte-compiling /home/blueboat_sitl/gz_ws/install/lib/python3.10/site-packages/realWorld/my_node.py to my_node.cpython-310.pyc
[0.946s] running install_data
[0.946s] running install_egg_info
[0.948s] removing '/home/blueboat_sitl/gz_ws/install/lib/python3.10/site-packages/realWorld-0.0.0-py3.10.egg-info' (and everything under it)
[0.948s] Copying ../../build/realWorld/realWorld.egg-info to /home/blueboat_sitl/gz_ws/install/lib/python3.10/site-packages/realWorld-0.0.0-py3.10.egg-info
[0.949s] running install_scripts
[0.971s] Installing my_node script to /home/blueboat_sitl/gz_ws/install/lib/realWorld
[0.972s] writing list of installed files to '/home/blueboat_sitl/gz_ws/build/realWorld/install.log'
[1.033s] Invoked command in '/home/blueboat_sitl/gz_ws/src/realWorld' returned '0': PYTHONPATH=/home/blueboat_sitl/gz_ws/build/realWorld/prefix_override:/usr/lib/python3/dist-packages/colcon_core/task/python/colcon_distutils_commands:/home/blueboat_sitl/gz_ws/install/lib/python3.10/site-packages:${PYTHONPATH} /usr/bin/python3 -W ignore:setup.py install is deprecated -W ignore:easy_install command is deprecated setup.py egg_info --egg-base ../../build/realWorld build --build-base /home/blueboat_sitl/gz_ws/build/realWorld/build install --record /home/blueboat_sitl/gz_ws/build/realWorld/install.log --single-version-externally-managed install_data
