[0.019s] Invoking command in '/home/blueboat_sitl/gz_ws/src/blueboat_interfaces/build/blueboat_interfaces': CMAKE_PREFIX_PATH=${CMAKE_PREFIX_PATH}:/opt/ros/humble /usr/bin/cmake /home/blueboat_sitl/gz_ws/src/blueboat_interfaces -DCMAKE_INSTALL_PREFIX=/home/blueboat_sitl/gz_ws/src/blueboat_interfaces/install/blueboat_interfaces
[0.141s] -- The C compiler identification is GNU 11.4.0
[0.211s] -- The CXX compiler identification is GNU 11.4.0
[0.225s] -- Detecting C compiler ABI info
[0.322s] -- Detecting C compiler ABI info - done
[0.328s] -- Check for working C compiler: /usr/bin/cc - skipped
[0.329s] -- Detecting C compile features
[0.329s] -- Detecting C compile features - done
[0.333s] -- Detecting CXX compiler ABI info
[0.435s] -- Detecting CXX compiler ABI info - done
[0.442s] -- Check for working CXX compiler: /usr/bin/c++ - skipped
[0.443s] -- Detecting CXX compile features
[0.443s] -- Detecting CXX compile features - done
[0.452s] -- Found ament_cmake: 1.3.11 (/opt/ros/humble/share/ament_cmake/cmake)
[0.629s] -- Found Python3: /usr/bin/python3 (found version "3.10.12") found components: Interpreter 
[0.794s] -- Found rosidl_default_generators: 1.2.0 (/opt/ros/humble/share/rosidl_default_generators/cmake)
[0.808s] -- Using all available rosidl_typesupport_c: rosidl_typesupport_fastrtps_c;rosidl_typesupport_introspection_c
[0.830s] -- Found rosidl_adapter: 3.1.6 (/opt/ros/humble/share/rosidl_adapter/cmake)
[0.928s] -- Using all available rosidl_typesupport_cpp: rosidl_typesupport_fastrtps_cpp;rosidl_typesupport_introspection_cpp
[1.209s] [31mCMake Error at /opt/ros/humble/share/rosidl_cmake/cmake/rosidl_generate_interfaces.cmake:229 (message):
[1.209s]   Packages installing interfaces must include
[1.210s]   '<member_of_group>rosidl_interface_packages</member_of_group>' in their
[1.210s]   package.xml
[1.210s] Call Stack (most recent call first):
[1.210s]   CMakeLists.txt:15 (rosidl_generate_interfaces)
[1.210s] 
[1.210s] [0m
[1.210s] -- Configuring incomplete, errors occurred!
[1.210s] See also "/home/blueboat_sitl/gz_ws/src/blueboat_interfaces/build/blueboat_interfaces/CMakeFiles/CMakeOutput.log".
[1.219s] Invoked command in '/home/blueboat_sitl/gz_ws/src/blueboat_interfaces/build/blueboat_interfaces' returned '1': CMAKE_PREFIX_PATH=${CMAKE_PREFIX_PATH}:/opt/ros/humble /usr/bin/cmake /home/blueboat_sitl/gz_ws/src/blueboat_interfaces -DCMAKE_INSTALL_PREFIX=/home/blueboat_sitl/gz_ws/src/blueboat_interfaces/install/blueboat_interfaces
