[0.154s] DEBUG:colcon:Command line arguments: ['/usr/bin/colcon', 'list', '-p', '--base-paths', '/home/lennart/gazebosim_blueboat_ardupilot_sitl/gz_ws']
[0.154s] DEBUG:colcon:Parsed command line arguments: Namespace(log_base=None, log_level=None, verb_name='list', build_base='build', ignore_user_meta=False, metas=['./colcon.meta'], base_paths=['/home/lennart/gazebosim_blueboat_ardupilot_sitl/gz_ws'], packages_ignore=None, packages_ignore_regex=None, paths=None, packages_up_to=None, packages_up_to_regex=None, packages_above=None, packages_above_and_dependencies=None, packages_above_depth=None, packages_select_by_dep=None, packages_skip_by_dep=None, packages_skip_up_to=None, packages_select_build_failed=False, packages_skip_build_finished=False, packages_select_test_failures=False, packages_skip_test_passed=False, packages_select=None, packages_skip=None, packages_select_regex=None, packages_skip_regex=None, packages_start=None, packages_end=None, allow_overriding=[], topological_order=False, names_only=False, paths_only=True, topological_graph=False, topological_graph_dot=False, topological_graph_density=False, topological_graph_legend=False, topological_graph_dot_cluster=False, topological_graph_dot_include_skipped=False, mixin_files=None, mixin=None, verb_parser=<colcon_mixin.mixin.mixin_argument.MixinArgumentDecorator object at 0x7ce908f97c80>, verb_extension=<colcon_package_information.verb.list.ListVerb object at 0x7ce908f96f30>, main=<bound method ListVerb.main of <colcon_package_information.verb.list.ListVerb object at 0x7ce908f96f30>>, mixin_verb=('list',))
[0.219s] Level 1:colcon.colcon_core.package_discovery:discover_packages(colcon_meta) check parameters
[0.220s] Level 1:colcon.colcon_core.package_discovery:discover_packages(recursive) check parameters
[0.220s] Level 1:colcon.colcon_core.package_discovery:discover_packages(ignore) check parameters
[0.220s] Level 1:colcon.colcon_core.package_discovery:discover_packages(path) check parameters
[0.220s] Level 1:colcon.colcon_core.package_discovery:discover_packages(recursive) discover
[0.220s] INFO:colcon.colcon_core.package_discovery:Crawling recursively for packages in '/home/lennart/gazebosim_blueboat_ardupilot_sitl/gz_ws'
[0.220s] Level 1:colcon.colcon_core.package_identification:_identify(/home/lennart/gazebosim_blueboat_ardupilot_sitl/gz_ws) by extensions ['ignore', 'ignore_ament_install']
[0.220s] Level 1:colcon.colcon_core.package_identification:_identify(/home/lennart/gazebosim_blueboat_ardupilot_sitl/gz_ws) by extension 'ignore'
[0.220s] Level 1:colcon.colcon_core.package_identification:_identify(/home/lennart/gazebosim_blueboat_ardupilot_sitl/gz_ws) by extension 'ignore_ament_install'
[0.220s] Level 1:colcon.colcon_core.package_identification:_identify(/home/lennart/gazebosim_blueboat_ardupilot_sitl/gz_ws) by extensions ['colcon_pkg']
[0.220s] Level 1:colcon.colcon_core.package_identification:_identify(/home/lennart/gazebosim_blueboat_ardupilot_sitl/gz_ws) by extension 'colcon_pkg'
[0.220s] Level 1:colcon.colcon_core.package_identification:_identify(/home/lennart/gazebosim_blueboat_ardupilot_sitl/gz_ws) by extensions ['colcon_meta']
[0.220s] Level 1:colcon.colcon_core.package_identification:_identify(/home/lennart/gazebosim_blueboat_ardupilot_sitl/gz_ws) by extension 'colcon_meta'
[0.221s] Level 1:colcon.colcon_core.package_identification:_identify(/home/lennart/gazebosim_blueboat_ardupilot_sitl/gz_ws) by extensions ['ros']
[0.221s] Level 1:colcon.colcon_core.package_identification:_identify(/home/lennart/gazebosim_blueboat_ardupilot_sitl/gz_ws) by extension 'ros'
[0.260s] Level 1:colcon.colcon_core.package_identification:_identify(/home/lennart/gazebosim_blueboat_ardupilot_sitl/gz_ws) by extensions ['cmake', 'python']
[0.260s] Level 1:colcon.colcon_core.package_identification:_identify(/home/lennart/gazebosim_blueboat_ardupilot_sitl/gz_ws) by extension 'cmake'
[0.260s] Level 1:colcon.colcon_core.package_identification:_identify(/home/lennart/gazebosim_blueboat_ardupilot_sitl/gz_ws) by extension 'python'
[0.261s] Level 1:colcon.colcon_core.package_identification:_identify(/home/lennart/gazebosim_blueboat_ardupilot_sitl/gz_ws) by extensions ['python_setup_py']
[0.261s] Level 1:colcon.colcon_core.package_identification:_identify(/home/lennart/gazebosim_blueboat_ardupilot_sitl/gz_ws) by extension 'python_setup_py'
[0.261s] Level 1:colcon.colcon_core.package_identification:_identify(/home/lennart/gazebosim_blueboat_ardupilot_sitl/gz_ws/build) by extensions ['ignore', 'ignore_ament_install']
[0.261s] Level 1:colcon.colcon_core.package_identification:_identify(/home/lennart/gazebosim_blueboat_ardupilot_sitl/gz_ws/build) by extension 'ignore'
[0.261s] Level 1:colcon.colcon_core.package_identification:_identify(/home/lennart/gazebosim_blueboat_ardupilot_sitl/gz_ws/build) ignored
[0.261s] Level 1:colcon.colcon_core.package_identification:_identify(/home/lennart/gazebosim_blueboat_ardupilot_sitl/gz_ws/extras_interface) by extensions ['ignore', 'ignore_ament_install']
[0.261s] Level 1:colcon.colcon_core.package_identification:_identify(/home/lennart/gazebosim_blueboat_ardupilot_sitl/gz_ws/extras_interface) by extension 'ignore'
[0.262s] Level 1:colcon.colcon_core.package_identification:_identify(/home/lennart/gazebosim_blueboat_ardupilot_sitl/gz_ws/extras_interface) by extension 'ignore_ament_install'
[0.262s] Level 1:colcon.colcon_core.package_identification:_identify(/home/lennart/gazebosim_blueboat_ardupilot_sitl/gz_ws/extras_interface) by extensions ['colcon_pkg']
[0.262s] Level 1:colcon.colcon_core.package_identification:_identify(/home/lennart/gazebosim_blueboat_ardupilot_sitl/gz_ws/extras_interface) by extension 'colcon_pkg'
[0.262s] Level 1:colcon.colcon_core.package_identification:_identify(/home/lennart/gazebosim_blueboat_ardupilot_sitl/gz_ws/extras_interface) by extensions ['colcon_meta']
[0.262s] Level 1:colcon.colcon_core.package_identification:_identify(/home/lennart/gazebosim_blueboat_ardupilot_sitl/gz_ws/extras_interface) by extension 'colcon_meta'
[0.262s] Level 1:colcon.colcon_core.package_identification:_identify(/home/lennart/gazebosim_blueboat_ardupilot_sitl/gz_ws/extras_interface) by extensions ['ros']
[0.262s] Level 1:colcon.colcon_core.package_identification:_identify(/home/lennart/gazebosim_blueboat_ardupilot_sitl/gz_ws/extras_interface) by extension 'ros'
[0.262s] Level 1:colcon.colcon_core.package_identification:_identify(/home/lennart/gazebosim_blueboat_ardupilot_sitl/gz_ws/extras_interface) by extensions ['cmake', 'python']
[0.262s] Level 1:colcon.colcon_core.package_identification:_identify(/home/lennart/gazebosim_blueboat_ardupilot_sitl/gz_ws/extras_interface) by extension 'cmake'
[0.262s] Level 1:colcon.colcon_core.package_identification:_identify(/home/lennart/gazebosim_blueboat_ardupilot_sitl/gz_ws/extras_interface) by extension 'python'
[0.262s] Level 1:colcon.colcon_core.package_identification:_identify(/home/lennart/gazebosim_blueboat_ardupilot_sitl/gz_ws/extras_interface) by extensions ['python_setup_py']
[0.262s] Level 1:colcon.colcon_core.package_identification:_identify(/home/lennart/gazebosim_blueboat_ardupilot_sitl/gz_ws/extras_interface) by extension 'python_setup_py'
[0.262s] Level 1:colcon.colcon_core.package_identification:_identify(/home/lennart/gazebosim_blueboat_ardupilot_sitl/gz_ws/install) by extensions ['ignore', 'ignore_ament_install']
[0.263s] Level 1:colcon.colcon_core.package_identification:_identify(/home/lennart/gazebosim_blueboat_ardupilot_sitl/gz_ws/install) by extension 'ignore'
[0.263s] Level 1:colcon.colcon_core.package_identification:_identify(/home/lennart/gazebosim_blueboat_ardupilot_sitl/gz_ws/install) ignored
[0.263s] Level 1:colcon.colcon_core.package_identification:_identify(/home/lennart/gazebosim_blueboat_ardupilot_sitl/gz_ws/log) by extensions ['ignore', 'ignore_ament_install']
[0.263s] Level 1:colcon.colcon_core.package_identification:_identify(/home/lennart/gazebosim_blueboat_ardupilot_sitl/gz_ws/log) by extension 'ignore'
[0.263s] Level 1:colcon.colcon_core.package_identification:_identify(/home/lennart/gazebosim_blueboat_ardupilot_sitl/gz_ws/log) ignored
[0.263s] Level 1:colcon.colcon_core.package_identification:_identify(/home/lennart/gazebosim_blueboat_ardupilot_sitl/gz_ws/src) by extensions ['ignore', 'ignore_ament_install']
[0.263s] Level 1:colcon.colcon_core.package_identification:_identify(/home/lennart/gazebosim_blueboat_ardupilot_sitl/gz_ws/src) by extension 'ignore'
[0.263s] Level 1:colcon.colcon_core.package_identification:_identify(/home/lennart/gazebosim_blueboat_ardupilot_sitl/gz_ws/src) by extension 'ignore_ament_install'
[0.263s] Level 1:colcon.colcon_core.package_identification:_identify(/home/lennart/gazebosim_blueboat_ardupilot_sitl/gz_ws/src) by extensions ['colcon_pkg']
[0.263s] Level 1:colcon.colcon_core.package_identification:_identify(/home/lennart/gazebosim_blueboat_ardupilot_sitl/gz_ws/src) by extension 'colcon_pkg'
[0.263s] Level 1:colcon.colcon_core.package_identification:_identify(/home/lennart/gazebosim_blueboat_ardupilot_sitl/gz_ws/src) by extensions ['colcon_meta']
[0.264s] Level 1:colcon.colcon_core.package_identification:_identify(/home/lennart/gazebosim_blueboat_ardupilot_sitl/gz_ws/src) by extension 'colcon_meta'
[0.264s] Level 1:colcon.colcon_core.package_identification:_identify(/home/lennart/gazebosim_blueboat_ardupilot_sitl/gz_ws/src) by extensions ['ros']
[0.264s] Level 1:colcon.colcon_core.package_identification:_identify(/home/lennart/gazebosim_blueboat_ardupilot_sitl/gz_ws/src) by extension 'ros'
[0.264s] Level 1:colcon.colcon_core.package_identification:_identify(/home/lennart/gazebosim_blueboat_ardupilot_sitl/gz_ws/src) by extensions ['cmake', 'python']
[0.264s] Level 1:colcon.colcon_core.package_identification:_identify(/home/lennart/gazebosim_blueboat_ardupilot_sitl/gz_ws/src) by extension 'cmake'
[0.264s] Level 1:colcon.colcon_core.package_identification:_identify(/home/lennart/gazebosim_blueboat_ardupilot_sitl/gz_ws/src) by extension 'python'
[0.264s] Level 1:colcon.colcon_core.package_identification:_identify(/home/lennart/gazebosim_blueboat_ardupilot_sitl/gz_ws/src) by extensions ['python_setup_py']
[0.264s] Level 1:colcon.colcon_core.package_identification:_identify(/home/lennart/gazebosim_blueboat_ardupilot_sitl/gz_ws/src) by extension 'python_setup_py'
[0.264s] Level 1:colcon.colcon_core.package_identification:_identify(/home/lennart/gazebosim_blueboat_ardupilot_sitl/gz_ws/src/asv_wave_sim) by extensions ['ignore', 'ignore_ament_install']
[0.264s] Level 1:colcon.colcon_core.package_identification:_identify(/home/lennart/gazebosim_blueboat_ardupilot_sitl/gz_ws/src/asv_wave_sim) by extension 'ignore'
[0.264s] Level 1:colcon.colcon_core.package_identification:_identify(/home/lennart/gazebosim_blueboat_ardupilot_sitl/gz_ws/src/asv_wave_sim) by extension 'ignore_ament_install'
[0.265s] Level 1:colcon.colcon_core.package_identification:_identify(/home/lennart/gazebosim_blueboat_ardupilot_sitl/gz_ws/src/asv_wave_sim) by extensions ['colcon_pkg']
[0.265s] Level 1:colcon.colcon_core.package_identification:_identify(/home/lennart/gazebosim_blueboat_ardupilot_sitl/gz_ws/src/asv_wave_sim) by extension 'colcon_pkg'
[0.265s] Level 1:colcon.colcon_core.package_identification:_identify(/home/lennart/gazebosim_blueboat_ardupilot_sitl/gz_ws/src/asv_wave_sim) by extensions ['colcon_meta']
[0.265s] Level 1:colcon.colcon_core.package_identification:_identify(/home/lennart/gazebosim_blueboat_ardupilot_sitl/gz_ws/src/asv_wave_sim) by extension 'colcon_meta'
[0.265s] Level 1:colcon.colcon_core.package_identification:_identify(/home/lennart/gazebosim_blueboat_ardupilot_sitl/gz_ws/src/asv_wave_sim) by extensions ['ros']
[0.265s] Level 1:colcon.colcon_core.package_identification:_identify(/home/lennart/gazebosim_blueboat_ardupilot_sitl/gz_ws/src/asv_wave_sim) by extension 'ros'
[0.265s] Level 1:colcon.colcon_core.package_identification:_identify(/home/lennart/gazebosim_blueboat_ardupilot_sitl/gz_ws/src/asv_wave_sim) by extensions ['cmake', 'python']
[0.265s] Level 1:colcon.colcon_core.package_identification:_identify(/home/lennart/gazebosim_blueboat_ardupilot_sitl/gz_ws/src/asv_wave_sim) by extension 'cmake'
[0.265s] Level 1:colcon.colcon_core.package_identification:_identify(/home/lennart/gazebosim_blueboat_ardupilot_sitl/gz_ws/src/asv_wave_sim) by extension 'python'
[0.265s] Level 1:colcon.colcon_core.package_identification:_identify(/home/lennart/gazebosim_blueboat_ardupilot_sitl/gz_ws/src/asv_wave_sim) by extensions ['python_setup_py']
[0.265s] Level 1:colcon.colcon_core.package_identification:_identify(/home/lennart/gazebosim_blueboat_ardupilot_sitl/gz_ws/src/asv_wave_sim) by extension 'python_setup_py'
[0.265s] Level 1:colcon.colcon_core.package_identification:_identify(/home/lennart/gazebosim_blueboat_ardupilot_sitl/gz_ws/src/asv_wave_sim/doc) by extensions ['ignore', 'ignore_ament_install']
[0.266s] Level 1:colcon.colcon_core.package_identification:_identify(/home/lennart/gazebosim_blueboat_ardupilot_sitl/gz_ws/src/asv_wave_sim/doc) by extension 'ignore'
[0.266s] Level 1:colcon.colcon_core.package_identification:_identify(/home/lennart/gazebosim_blueboat_ardupilot_sitl/gz_ws/src/asv_wave_sim/doc) by extension 'ignore_ament_install'
[0.266s] Level 1:colcon.colcon_core.package_identification:_identify(/home/lennart/gazebosim_blueboat_ardupilot_sitl/gz_ws/src/asv_wave_sim/doc) by extensions ['colcon_pkg']
[0.266s] Level 1:colcon.colcon_core.package_identification:_identify(/home/lennart/gazebosim_blueboat_ardupilot_sitl/gz_ws/src/asv_wave_sim/doc) by extension 'colcon_pkg'
[0.266s] Level 1:colcon.colcon_core.package_identification:_identify(/home/lennart/gazebosim_blueboat_ardupilot_sitl/gz_ws/src/asv_wave_sim/doc) by extensions ['colcon_meta']
[0.266s] Level 1:colcon.colcon_core.package_identification:_identify(/home/lennart/gazebosim_blueboat_ardupilot_sitl/gz_ws/src/asv_wave_sim/doc) by extension 'colcon_meta'
[0.266s] Level 1:colcon.colcon_core.package_identification:_identify(/home/lennart/gazebosim_blueboat_ardupilot_sitl/gz_ws/src/asv_wave_sim/doc) by extensions ['ros']
[0.266s] Level 1:colcon.colcon_core.package_identification:_identify(/home/lennart/gazebosim_blueboat_ardupilot_sitl/gz_ws/src/asv_wave_sim/doc) by extension 'ros'
[0.266s] Level 1:colcon.colcon_core.package_identification:_identify(/home/lennart/gazebosim_blueboat_ardupilot_sitl/gz_ws/src/asv_wave_sim/doc) by extensions ['cmake', 'python']
[0.266s] Level 1:colcon.colcon_core.package_identification:_identify(/home/lennart/gazebosim_blueboat_ardupilot_sitl/gz_ws/src/asv_wave_sim/doc) by extension 'cmake'
[0.266s] Level 1:colcon.colcon_core.package_identification:_identify(/home/lennart/gazebosim_blueboat_ardupilot_sitl/gz_ws/src/asv_wave_sim/doc) by extension 'python'
[0.266s] Level 1:colcon.colcon_core.package_identification:_identify(/home/lennart/gazebosim_blueboat_ardupilot_sitl/gz_ws/src/asv_wave_sim/doc) by extensions ['python_setup_py']
[0.266s] Level 1:colcon.colcon_core.package_identification:_identify(/home/lennart/gazebosim_blueboat_ardupilot_sitl/gz_ws/src/asv_wave_sim/doc) by extension 'python_setup_py'
[0.267s] Level 1:colcon.colcon_core.package_identification:_identify(/home/lennart/gazebosim_blueboat_ardupilot_sitl/gz_ws/src/asv_wave_sim/doc/uml) by extensions ['ignore', 'ignore_ament_install']
[0.267s] Level 1:colcon.colcon_core.package_identification:_identify(/home/lennart/gazebosim_blueboat_ardupilot_sitl/gz_ws/src/asv_wave_sim/doc/uml) by extension 'ignore'
[0.267s] Level 1:colcon.colcon_core.package_identification:_identify(/home/lennart/gazebosim_blueboat_ardupilot_sitl/gz_ws/src/asv_wave_sim/doc/uml) by extension 'ignore_ament_install'
[0.267s] Level 1:colcon.colcon_core.package_identification:_identify(/home/lennart/gazebosim_blueboat_ardupilot_sitl/gz_ws/src/asv_wave_sim/doc/uml) by extensions ['colcon_pkg']
[0.267s] Level 1:colcon.colcon_core.package_identification:_identify(/home/lennart/gazebosim_blueboat_ardupilot_sitl/gz_ws/src/asv_wave_sim/doc/uml) by extension 'colcon_pkg'
[0.267s] Level 1:colcon.colcon_core.package_identification:_identify(/home/lennart/gazebosim_blueboat_ardupilot_sitl/gz_ws/src/asv_wave_sim/doc/uml) by extensions ['colcon_meta']
[0.267s] Level 1:colcon.colcon_core.package_identification:_identify(/home/lennart/gazebosim_blueboat_ardupilot_sitl/gz_ws/src/asv_wave_sim/doc/uml) by extension 'colcon_meta'
[0.267s] Level 1:colcon.colcon_core.package_identification:_identify(/home/lennart/gazebosim_blueboat_ardupilot_sitl/gz_ws/src/asv_wave_sim/doc/uml) by extensions ['ros']
[0.267s] Level 1:colcon.colcon_core.package_identification:_identify(/home/lennart/gazebosim_blueboat_ardupilot_sitl/gz_ws/src/asv_wave_sim/doc/uml) by extension 'ros'
[0.267s] Level 1:colcon.colcon_core.package_identification:_identify(/home/lennart/gazebosim_blueboat_ardupilot_sitl/gz_ws/src/asv_wave_sim/doc/uml) by extensions ['cmake', 'python']
[0.268s] Level 1:colcon.colcon_core.package_identification:_identify(/home/lennart/gazebosim_blueboat_ardupilot_sitl/gz_ws/src/asv_wave_sim/doc/uml) by extension 'cmake'
[0.268s] Level 1:colcon.colcon_core.package_identification:_identify(/home/lennart/gazebosim_blueboat_ardupilot_sitl/gz_ws/src/asv_wave_sim/doc/uml) by extension 'python'
[0.268s] Level 1:colcon.colcon_core.package_identification:_identify(/home/lennart/gazebosim_blueboat_ardupilot_sitl/gz_ws/src/asv_wave_sim/doc/uml) by extensions ['python_setup_py']
[0.268s] Level 1:colcon.colcon_core.package_identification:_identify(/home/lennart/gazebosim_blueboat_ardupilot_sitl/gz_ws/src/asv_wave_sim/doc/uml) by extension 'python_setup_py'
[0.268s] Level 1:colcon.colcon_core.package_identification:_identify(/home/lennart/gazebosim_blueboat_ardupilot_sitl/gz_ws/src/asv_wave_sim/gz-waves) by extensions ['ignore', 'ignore_ament_install']
[0.268s] Level 1:colcon.colcon_core.package_identification:_identify(/home/lennart/gazebosim_blueboat_ardupilot_sitl/gz_ws/src/asv_wave_sim/gz-waves) by extension 'ignore'
[0.268s] Level 1:colcon.colcon_core.package_identification:_identify(/home/lennart/gazebosim_blueboat_ardupilot_sitl/gz_ws/src/asv_wave_sim/gz-waves) by extension 'ignore_ament_install'
[0.268s] Level 1:colcon.colcon_core.package_identification:_identify(/home/lennart/gazebosim_blueboat_ardupilot_sitl/gz_ws/src/asv_wave_sim/gz-waves) by extensions ['colcon_pkg']
[0.268s] Level 1:colcon.colcon_core.package_identification:_identify(/home/lennart/gazebosim_blueboat_ardupilot_sitl/gz_ws/src/asv_wave_sim/gz-waves) by extension 'colcon_pkg'
[0.268s] Level 1:colcon.colcon_core.package_identification:_identify(/home/lennart/gazebosim_blueboat_ardupilot_sitl/gz_ws/src/asv_wave_sim/gz-waves) by extensions ['colcon_meta']
[0.269s] Level 1:colcon.colcon_core.package_identification:_identify(/home/lennart/gazebosim_blueboat_ardupilot_sitl/gz_ws/src/asv_wave_sim/gz-waves) by extension 'colcon_meta'
[0.269s] Level 1:colcon.colcon_core.package_identification:_identify(/home/lennart/gazebosim_blueboat_ardupilot_sitl/gz_ws/src/asv_wave_sim/gz-waves) by extensions ['ros']
[0.269s] Level 1:colcon.colcon_core.package_identification:_identify(/home/lennart/gazebosim_blueboat_ardupilot_sitl/gz_ws/src/asv_wave_sim/gz-waves) by extension 'ros'
[0.269s] Level 1:colcon.colcon_core.package_identification:_identify(/home/lennart/gazebosim_blueboat_ardupilot_sitl/gz_ws/src/asv_wave_sim/gz-waves) by extensions ['cmake', 'python']
[0.269s] Level 1:colcon.colcon_core.package_identification:_identify(/home/lennart/gazebosim_blueboat_ardupilot_sitl/gz_ws/src/asv_wave_sim/gz-waves) by extension 'cmake'
[0.281s] Level 1:colcon.colcon_core.package_identification:_identify(/home/lennart/gazebosim_blueboat_ardupilot_sitl/gz_ws/src/asv_wave_sim/gz-waves) by extension 'python'
[0.281s] DEBUG:colcon.colcon_core.package_identification:Package '/home/lennart/gazebosim_blueboat_ardupilot_sitl/gz_ws/src/asv_wave_sim/gz-waves' with type 'cmake' and name 'gz-waves1'
[0.281s] Level 1:colcon.colcon_core.package_identification:_identify(/home/lennart/gazebosim_blueboat_ardupilot_sitl/gz_ws/src/asv_wave_sim/gz-waves-models) by extensions ['ignore', 'ignore_ament_install']
[0.282s] Level 1:colcon.colcon_core.package_identification:_identify(/home/lennart/gazebosim_blueboat_ardupilot_sitl/gz_ws/src/asv_wave_sim/gz-waves-models) by extension 'ignore'
[0.282s] Level 1:colcon.colcon_core.package_identification:_identify(/home/lennart/gazebosim_blueboat_ardupilot_sitl/gz_ws/src/asv_wave_sim/gz-waves-models) ignored
[0.282s] Level 1:colcon.colcon_core.package_identification:_identify(/home/lennart/gazebosim_blueboat_ardupilot_sitl/gz_ws/src/blueboat_interfaces) by extensions ['ignore', 'ignore_ament_install']
[0.282s] Level 1:colcon.colcon_core.package_identification:_identify(/home/lennart/gazebosim_blueboat_ardupilot_sitl/gz_ws/src/blueboat_interfaces) by extension 'ignore'
[0.282s] Level 1:colcon.colcon_core.package_identification:_identify(/home/lennart/gazebosim_blueboat_ardupilot_sitl/gz_ws/src/blueboat_interfaces) by extension 'ignore_ament_install'
[0.282s] Level 1:colcon.colcon_core.package_identification:_identify(/home/lennart/gazebosim_blueboat_ardupilot_sitl/gz_ws/src/blueboat_interfaces) by extensions ['colcon_pkg']
[0.282s] Level 1:colcon.colcon_core.package_identification:_identify(/home/lennart/gazebosim_blueboat_ardupilot_sitl/gz_ws/src/blueboat_interfaces) by extension 'colcon_pkg'
[0.282s] Level 1:colcon.colcon_core.package_identification:_identify(/home/lennart/gazebosim_blueboat_ardupilot_sitl/gz_ws/src/blueboat_interfaces) by extensions ['colcon_meta']
[0.282s] Level 1:colcon.colcon_core.package_identification:_identify(/home/lennart/gazebosim_blueboat_ardupilot_sitl/gz_ws/src/blueboat_interfaces) by extension 'colcon_meta'
[0.282s] Level 1:colcon.colcon_core.package_identification:_identify(/home/lennart/gazebosim_blueboat_ardupilot_sitl/gz_ws/src/blueboat_interfaces) by extensions ['ros']
[0.282s] Level 1:colcon.colcon_core.package_identification:_identify(/home/lennart/gazebosim_blueboat_ardupilot_sitl/gz_ws/src/blueboat_interfaces) by extension 'ros'
[0.286s] DEBUG:colcon.colcon_core.package_identification:Package '/home/lennart/gazebosim_blueboat_ardupilot_sitl/gz_ws/src/blueboat_interfaces' with type 'ros.ament_cmake' and name 'blueboat_interfaces'
[0.286s] Level 1:colcon.colcon_core.package_identification:_identify(/home/lennart/gazebosim_blueboat_ardupilot_sitl/gz_ws/src/blueboat_planner) by extensions ['ignore', 'ignore_ament_install']
[0.286s] Level 1:colcon.colcon_core.package_identification:_identify(/home/lennart/gazebosim_blueboat_ardupilot_sitl/gz_ws/src/blueboat_planner) by extension 'ignore'
[0.286s] Level 1:colcon.colcon_core.package_identification:_identify(/home/lennart/gazebosim_blueboat_ardupilot_sitl/gz_ws/src/blueboat_planner) by extension 'ignore_ament_install'
[0.287s] Level 1:colcon.colcon_core.package_identification:_identify(/home/lennart/gazebosim_blueboat_ardupilot_sitl/gz_ws/src/blueboat_planner) by extensions ['colcon_pkg']
[0.287s] Level 1:colcon.colcon_core.package_identification:_identify(/home/lennart/gazebosim_blueboat_ardupilot_sitl/gz_ws/src/blueboat_planner) by extension 'colcon_pkg'
[0.287s] Level 1:colcon.colcon_core.package_identification:_identify(/home/lennart/gazebosim_blueboat_ardupilot_sitl/gz_ws/src/blueboat_planner) by extensions ['colcon_meta']
[0.287s] Level 1:colcon.colcon_core.package_identification:_identify(/home/lennart/gazebosim_blueboat_ardupilot_sitl/gz_ws/src/blueboat_planner) by extension 'colcon_meta'
[0.287s] Level 1:colcon.colcon_core.package_identification:_identify(/home/lennart/gazebosim_blueboat_ardupilot_sitl/gz_ws/src/blueboat_planner) by extensions ['ros']
[0.287s] Level 1:colcon.colcon_core.package_identification:_identify(/home/lennart/gazebosim_blueboat_ardupilot_sitl/gz_ws/src/blueboat_planner) by extension 'ros'
[0.288s] DEBUG:colcon.colcon_core.package_identification:Package '/home/lennart/gazebosim_blueboat_ardupilot_sitl/gz_ws/src/blueboat_planner' with type 'ros.ament_python' and name 'blueboat_planner'
[0.288s] Level 1:colcon.colcon_core.package_identification:_identify(/home/lennart/gazebosim_blueboat_ardupilot_sitl/gz_ws/src/blueboat_regler) by extensions ['ignore', 'ignore_ament_install']
[0.288s] Level 1:colcon.colcon_core.package_identification:_identify(/home/lennart/gazebosim_blueboat_ardupilot_sitl/gz_ws/src/blueboat_regler) by extension 'ignore'
[0.288s] Level 1:colcon.colcon_core.package_identification:_identify(/home/lennart/gazebosim_blueboat_ardupilot_sitl/gz_ws/src/blueboat_regler) by extension 'ignore_ament_install'
[0.288s] Level 1:colcon.colcon_core.package_identification:_identify(/home/lennart/gazebosim_blueboat_ardupilot_sitl/gz_ws/src/blueboat_regler) by extensions ['colcon_pkg']
[0.288s] Level 1:colcon.colcon_core.package_identification:_identify(/home/lennart/gazebosim_blueboat_ardupilot_sitl/gz_ws/src/blueboat_regler) by extension 'colcon_pkg'
[0.288s] Level 1:colcon.colcon_core.package_identification:_identify(/home/lennart/gazebosim_blueboat_ardupilot_sitl/gz_ws/src/blueboat_regler) by extensions ['colcon_meta']
[0.288s] Level 1:colcon.colcon_core.package_identification:_identify(/home/lennart/gazebosim_blueboat_ardupilot_sitl/gz_ws/src/blueboat_regler) by extension 'colcon_meta'
[0.289s] Level 1:colcon.colcon_core.package_identification:_identify(/home/lennart/gazebosim_blueboat_ardupilot_sitl/gz_ws/src/blueboat_regler) by extensions ['ros']
[0.289s] Level 1:colcon.colcon_core.package_identification:_identify(/home/lennart/gazebosim_blueboat_ardupilot_sitl/gz_ws/src/blueboat_regler) by extension 'ros'
[0.290s] DEBUG:colcon.colcon_core.package_identification:Package '/home/lennart/gazebosim_blueboat_ardupilot_sitl/gz_ws/src/blueboat_regler' with type 'ros.ament_python' and name 'blueboat_regler'
[0.290s] Level 1:colcon.colcon_core.package_identification:_identify(/home/lennart/gazebosim_blueboat_ardupilot_sitl/gz_ws/src/extras_boat) by extensions ['ignore', 'ignore_ament_install']
[0.290s] Level 1:colcon.colcon_core.package_identification:_identify(/home/lennart/gazebosim_blueboat_ardupilot_sitl/gz_ws/src/extras_boat) by extension 'ignore'
[0.290s] Level 1:colcon.colcon_core.package_identification:_identify(/home/lennart/gazebosim_blueboat_ardupilot_sitl/gz_ws/src/extras_boat) by extension 'ignore_ament_install'
[0.290s] Level 1:colcon.colcon_core.package_identification:_identify(/home/lennart/gazebosim_blueboat_ardupilot_sitl/gz_ws/src/extras_boat) by extensions ['colcon_pkg']
[0.290s] Level 1:colcon.colcon_core.package_identification:_identify(/home/lennart/gazebosim_blueboat_ardupilot_sitl/gz_ws/src/extras_boat) by extension 'colcon_pkg'
[0.290s] Level 1:colcon.colcon_core.package_identification:_identify(/home/lennart/gazebosim_blueboat_ardupilot_sitl/gz_ws/src/extras_boat) by extensions ['colcon_meta']
[0.290s] Level 1:colcon.colcon_core.package_identification:_identify(/home/lennart/gazebosim_blueboat_ardupilot_sitl/gz_ws/src/extras_boat) by extension 'colcon_meta'
[0.291s] Level 1:colcon.colcon_core.package_identification:_identify(/home/lennart/gazebosim_blueboat_ardupilot_sitl/gz_ws/src/extras_boat) by extensions ['ros']
[0.291s] Level 1:colcon.colcon_core.package_identification:_identify(/home/lennart/gazebosim_blueboat_ardupilot_sitl/gz_ws/src/extras_boat) by extension 'ros'
[0.291s] Level 1:colcon.colcon_core.package_identification:_identify(/home/lennart/gazebosim_blueboat_ardupilot_sitl/gz_ws/src/extras_boat) by extensions ['cmake', 'python']
[0.291s] Level 1:colcon.colcon_core.package_identification:_identify(/home/lennart/gazebosim_blueboat_ardupilot_sitl/gz_ws/src/extras_boat) by extension 'cmake'
[0.291s] Level 1:colcon.colcon_core.package_identification:_identify(/home/lennart/gazebosim_blueboat_ardupilot_sitl/gz_ws/src/extras_boat) by extension 'python'
[0.291s] Level 1:colcon.colcon_core.package_identification:_identify(/home/lennart/gazebosim_blueboat_ardupilot_sitl/gz_ws/src/extras_boat) by extensions ['python_setup_py']
[0.291s] Level 1:colcon.colcon_core.package_identification:_identify(/home/lennart/gazebosim_blueboat_ardupilot_sitl/gz_ws/src/extras_boat) by extension 'python_setup_py'
[0.291s] Level 1:colcon.colcon_core.package_identification:_identify(/home/lennart/gazebosim_blueboat_ardupilot_sitl/gz_ws/src/marker_model) by extensions ['ignore', 'ignore_ament_install']
[0.291s] Level 1:colcon.colcon_core.package_identification:_identify(/home/lennart/gazebosim_blueboat_ardupilot_sitl/gz_ws/src/marker_model) by extension 'ignore'
[0.291s] Level 1:colcon.colcon_core.package_identification:_identify(/home/lennart/gazebosim_blueboat_ardupilot_sitl/gz_ws/src/marker_model) by extension 'ignore_ament_install'
[0.291s] Level 1:colcon.colcon_core.package_identification:_identify(/home/lennart/gazebosim_blueboat_ardupilot_sitl/gz_ws/src/marker_model) by extensions ['colcon_pkg']
[0.291s] Level 1:colcon.colcon_core.package_identification:_identify(/home/lennart/gazebosim_blueboat_ardupilot_sitl/gz_ws/src/marker_model) by extension 'colcon_pkg'
[0.291s] Level 1:colcon.colcon_core.package_identification:_identify(/home/lennart/gazebosim_blueboat_ardupilot_sitl/gz_ws/src/marker_model) by extensions ['colcon_meta']
[0.292s] Level 1:colcon.colcon_core.package_identification:_identify(/home/lennart/gazebosim_blueboat_ardupilot_sitl/gz_ws/src/marker_model) by extension 'colcon_meta'
[0.292s] Level 1:colcon.colcon_core.package_identification:_identify(/home/lennart/gazebosim_blueboat_ardupilot_sitl/gz_ws/src/marker_model) by extensions ['ros']
[0.292s] Level 1:colcon.colcon_core.package_identification:_identify(/home/lennart/gazebosim_blueboat_ardupilot_sitl/gz_ws/src/marker_model) by extension 'ros'
[0.292s] Level 1:colcon.colcon_core.package_identification:_identify(/home/lennart/gazebosim_blueboat_ardupilot_sitl/gz_ws/src/marker_model) by extensions ['cmake', 'python']
[0.292s] Level 1:colcon.colcon_core.package_identification:_identify(/home/lennart/gazebosim_blueboat_ardupilot_sitl/gz_ws/src/marker_model) by extension 'cmake'
[0.292s] Level 1:colcon.colcon_core.package_identification:_identify(/home/lennart/gazebosim_blueboat_ardupilot_sitl/gz_ws/src/marker_model) by extension 'python'
[0.292s] Level 1:colcon.colcon_core.package_identification:_identify(/home/lennart/gazebosim_blueboat_ardupilot_sitl/gz_ws/src/marker_model) by extensions ['python_setup_py']
[0.292s] Level 1:colcon.colcon_core.package_identification:_identify(/home/lennart/gazebosim_blueboat_ardupilot_sitl/gz_ws/src/marker_model) by extension 'python_setup_py'
[0.292s] Level 1:colcon.colcon_core.package_identification:_identify(/home/lennart/gazebosim_blueboat_ardupilot_sitl/gz_ws/src/move_blueboat) by extensions ['ignore', 'ignore_ament_install']
[0.292s] Level 1:colcon.colcon_core.package_identification:_identify(/home/lennart/gazebosim_blueboat_ardupilot_sitl/gz_ws/src/move_blueboat) by extension 'ignore'
[0.292s] Level 1:colcon.colcon_core.package_identification:_identify(/home/lennart/gazebosim_blueboat_ardupilot_sitl/gz_ws/src/move_blueboat) by extension 'ignore_ament_install'
[0.292s] Level 1:colcon.colcon_core.package_identification:_identify(/home/lennart/gazebosim_blueboat_ardupilot_sitl/gz_ws/src/move_blueboat) by extensions ['colcon_pkg']
[0.292s] Level 1:colcon.colcon_core.package_identification:_identify(/home/lennart/gazebosim_blueboat_ardupilot_sitl/gz_ws/src/move_blueboat) by extension 'colcon_pkg'
[0.293s] Level 1:colcon.colcon_core.package_identification:_identify(/home/lennart/gazebosim_blueboat_ardupilot_sitl/gz_ws/src/move_blueboat) by extensions ['colcon_meta']
[0.293s] Level 1:colcon.colcon_core.package_identification:_identify(/home/lennart/gazebosim_blueboat_ardupilot_sitl/gz_ws/src/move_blueboat) by extension 'colcon_meta'
[0.293s] Level 1:colcon.colcon_core.package_identification:_identify(/home/lennart/gazebosim_blueboat_ardupilot_sitl/gz_ws/src/move_blueboat) by extensions ['ros']
[0.293s] Level 1:colcon.colcon_core.package_identification:_identify(/home/lennart/gazebosim_blueboat_ardupilot_sitl/gz_ws/src/move_blueboat) by extension 'ros'
[0.294s] DEBUG:colcon.colcon_core.package_identification:Package '/home/lennart/gazebosim_blueboat_ardupilot_sitl/gz_ws/src/move_blueboat' with type 'ros.ament_python' and name 'move_blueboat'
[0.294s] Level 1:colcon.colcon_core.package_discovery:discover_packages(recursive) using defaults
