running egg_info
creating ../../build/realWorld/realWorld.egg-info
writing ../../build/realWorld/realWorld.egg-info/PKG-INFO
writing dependency_links to ../../build/realWorld/realWorld.egg-info/dependency_links.txt
writing entry points to ../../build/realWorld/realWorld.egg-info/entry_points.txt
writing requirements to ../../build/realWorld/realWorld.egg-info/requires.txt
writing top-level names to ../../build/realWorld/realWorld.egg-info/top_level.txt
writing manifest file '../../build/realWorld/realWorld.egg-info/SOURCES.txt'
reading manifest file '../../build/realWorld/realWorld.egg-info/SOURCES.txt'
adding license file 'LICENSE'
writing manifest file '../../build/realWorld/realWorld.egg-info/SOURCES.txt'
running build
running build_py
creating /home/blueboat_sitl/gz_ws/build/realWorld/build
creating /home/blueboat_sitl/gz_ws/build/realWorld/build/lib
creating /home/blueboat_sitl/gz_ws/build/realWorld/build/lib/realWorld
copying realWorld/__init__.py -> /home/blueboat_sitl/gz_ws/build/realWorld/build/lib/realWorld
copying realWorld/my_node.py -> /home/blueboat_sitl/gz_ws/build/realWorld/build/lib/realWorld
running install
running install_lib
creating /home/blueboat_sitl/gz_ws/install/lib/python3.10/site-packages/realWorld
copying /home/blueboat_sitl/gz_ws/build/realWorld/build/lib/realWorld/__init__.py -> /home/blueboat_sitl/gz_ws/install/lib/python3.10/site-packages/realWorld
copying /home/blueboat_sitl/gz_ws/build/realWorld/build/lib/realWorld/my_node.py -> /home/blueboat_sitl/gz_ws/install/lib/python3.10/site-packages/realWorld
byte-compiling /home/blueboat_sitl/gz_ws/install/lib/python3.10/site-packages/realWorld/__init__.py to __init__.cpython-310.pyc
byte-compiling /home/blueboat_sitl/gz_ws/install/lib/python3.10/site-packages/realWorld/my_node.py to my_node.cpython-310.pyc
running install_data
copying resource/realWorld -> /home/blueboat_sitl/gz_ws/install/share/ament_index/resource_index/packages
copying package.xml -> /home/blueboat_sitl/gz_ws/install/share/realWorld
running install_egg_info
Copying ../../build/realWorld/realWorld.egg-info to /home/blueboat_sitl/gz_ws/install/lib/python3.10/site-packages/realWorld-0.0.0-py3.10.egg-info
running install_scripts
Installing my_node script to /home/blueboat_sitl/gz_ws/install/lib/realWorld
writing list of installed files to '/home/blueboat_sitl/gz_ws/build/realWorld/install.log'
