running develop
running egg_info
writing move_blueboat.egg-info/PKG-INFO
writing dependency_links to move_blueboat.egg-info/dependency_links.txt
writing entry points to move_blueboat.egg-info/entry_points.txt
writing requirements to move_blueboat.egg-info/requires.txt
writing top-level names to move_blueboat.egg-info/top_level.txt
reading manifest file 'move_blueboat.egg-info/SOURCES.txt'
writing manifest file 'move_blueboat.egg-info/SOURCES.txt'
running build_ext
Creating /home/blueboat_sitl/gz_ws/install/lib/python3.10/site-packages/move-blueboat.egg-link (link to .)
Installing dp_beacon_dvl_run_boat_waypoint script to /home/blueboat_sitl/gz_ws/install/lib/move_blueboat
Installing dp_run script to /home/blueboat_sitl/gz_ws/install/lib/move_blueboat
Installing gui_joy_controller script to /home/blueboat_sitl/gz_ws/install/lib/move_blueboat
Installing joy_sim_controller script to /home/blueboat_sitl/gz_ws/install/lib/move_blueboat
Installing key_controller script to /home/blueboat_sitl/gz_ws/install/lib/move_blueboat
Installing mission_planner_blueboat script to /home/blueboat_sitl/gz_ws/install/lib/move_blueboat
Installing mpc_controller_for_boat_mission script to /home/blueboat_sitl/gz_ws/install/lib/move_blueboat
Installing pid_controller_for_boat_mission script to /home/blueboat_sitl/gz_ws/install/lib/move_blueboat
Installing robot_controller script to /home/blueboat_sitl/gz_ws/install/lib/move_blueboat
Installing run_blueboat_mission script to /home/blueboat_sitl/gz_ws/install/lib/move_blueboat
Installing run_horizion_mpc script to /home/blueboat_sitl/gz_ws/install/lib/move_blueboat
Installing run_mission script to /home/blueboat_sitl/gz_ws/install/lib/move_blueboat
Installing run_mpc script to /home/blueboat_sitl/gz_ws/install/lib/move_blueboat
Installing thread_dp_run_with_heading script to /home/blueboat_sitl/gz_ws/install/lib/move_blueboat
Installing thrust_allocator script to /home/blueboat_sitl/gz_ws/install/lib/move_blueboat
Installing watchdog script to /home/blueboat_sitl/gz_ws/install/lib/move_blueboat
Installing way_controller_for_boat_mission script to /home/blueboat_sitl/gz_ws/install/lib/move_blueboat

Installed /home/blueboat_sitl/gz_ws/build/move_blueboat
running symlink_data
symbolically linking /home/blueboat_sitl/gz_ws/build/move_blueboat/resource/move_blueboat -> /home/blueboat_sitl/gz_ws/install/share/ament_index/resource_index/packages
symbolically linking /home/blueboat_sitl/gz_ws/build/move_blueboat/package.xml -> /home/blueboat_sitl/gz_ws/install/share/move_blueboat
creating /home/blueboat_sitl/gz_ws/install/share/move_blueboat/launch
symbolically linking /home/blueboat_sitl/gz_ws/build/move_blueboat/launch/launch_robot_simulation.launch.py -> /home/blueboat_sitl/gz_ws/install/share/move_blueboat/launch
symbolically linking /home/blueboat_sitl/gz_ws/build/move_blueboat/launch/manual_control_boat_sim.launch.py -> /home/blueboat_sitl/gz_ws/install/share/move_blueboat/launch
