[1.755s] Invoking command in '/home/blueboat_sitl/gz_ws/build/move_blueboat': PYTHONPATH=/home/blueboat_sitl/gz_ws/build/move_blueboat/prefix_override:/usr/lib/python3/dist-packages/colcon_core/task/python/colcon_distutils_commands:/home/blueboat_sitl/gz_ws/install/lib/python3.10/site-packages:${PYTHONPATH} /usr/bin/python3 -W ignore:setup.py install is deprecated -W ignore:easy_install command is deprecated setup.py develop --editable --build-directory /home/blueboat_sitl/gz_ws/build/move_blueboat/build --no-deps symlink_data
[2.400s] running develop
[2.778s] running egg_info
[2.779s] writing move_blueboat.egg-info/PKG-INFO
[2.779s] writing dependency_links to move_blueboat.egg-info/dependency_links.txt
[2.780s] writing entry points to move_blueboat.egg-info/entry_points.txt
[2.780s] writing requirements to move_blueboat.egg-info/requires.txt
[2.780s] writing top-level names to move_blueboat.egg-info/top_level.txt
[2.785s] reading manifest file 'move_blueboat.egg-info/SOURCES.txt'
[2.789s] writing manifest file 'move_blueboat.egg-info/SOURCES.txt'
[2.791s] running build_ext
[2.791s] Creating /home/blueboat_sitl/gz_ws/install/lib/python3.10/site-packages/move-blueboat.egg-link (link to .)
[2.793s] Installing dp_beacon_dvl_run_boat_waypoint script to /home/blueboat_sitl/gz_ws/install/lib/move_blueboat
[2.794s] Installing dp_run script to /home/blueboat_sitl/gz_ws/install/lib/move_blueboat
[2.794s] Installing gui_joy_controller script to /home/blueboat_sitl/gz_ws/install/lib/move_blueboat
[2.796s] Installing joy_sim_controller script to /home/blueboat_sitl/gz_ws/install/lib/move_blueboat
[2.799s] Installing key_controller script to /home/blueboat_sitl/gz_ws/install/lib/move_blueboat
[2.800s] Installing mission_planner_blueboat script to /home/blueboat_sitl/gz_ws/install/lib/move_blueboat
[2.800s] Installing mpc_controller_for_boat_mission script to /home/blueboat_sitl/gz_ws/install/lib/move_blueboat
[2.800s] Installing pid_controller_for_boat_mission script to /home/blueboat_sitl/gz_ws/install/lib/move_blueboat
[2.800s] Installing robot_controller script to /home/blueboat_sitl/gz_ws/install/lib/move_blueboat
[2.800s] Installing run_blueboat_mission script to /home/blueboat_sitl/gz_ws/install/lib/move_blueboat
[2.800s] Installing run_horizion_mpc script to /home/blueboat_sitl/gz_ws/install/lib/move_blueboat
[2.801s] Installing run_mission script to /home/blueboat_sitl/gz_ws/install/lib/move_blueboat
[2.801s] Installing run_mpc script to /home/blueboat_sitl/gz_ws/install/lib/move_blueboat
[2.801s] Installing thread_dp_run_with_heading script to /home/blueboat_sitl/gz_ws/install/lib/move_blueboat
[2.801s] Installing thrust_allocator script to /home/blueboat_sitl/gz_ws/install/lib/move_blueboat
[2.801s] Installing watchdog script to /home/blueboat_sitl/gz_ws/install/lib/move_blueboat
[2.801s] Installing way_controller_for_boat_mission script to /home/blueboat_sitl/gz_ws/install/lib/move_blueboat
[2.801s] 
[2.801s] Installed /home/blueboat_sitl/gz_ws/build/move_blueboat
[2.801s] running symlink_data
[2.802s] symbolically linking /home/blueboat_sitl/gz_ws/build/move_blueboat/resource/move_blueboat -> /home/blueboat_sitl/gz_ws/install/share/ament_index/resource_index/packages
[2.802s] symbolically linking /home/blueboat_sitl/gz_ws/build/move_blueboat/package.xml -> /home/blueboat_sitl/gz_ws/install/share/move_blueboat
[2.802s] creating /home/blueboat_sitl/gz_ws/install/share/move_blueboat/launch
[2.802s] symbolically linking /home/blueboat_sitl/gz_ws/build/move_blueboat/launch/launch_robot_simulation.launch.py -> /home/blueboat_sitl/gz_ws/install/share/move_blueboat/launch
[2.802s] symbolically linking /home/blueboat_sitl/gz_ws/build/move_blueboat/launch/manual_control_boat_sim.launch.py -> /home/blueboat_sitl/gz_ws/install/share/move_blueboat/launch
[3.043s] Invoked command in '/home/blueboat_sitl/gz_ws/build/move_blueboat' returned '0': PYTHONPATH=/home/blueboat_sitl/gz_ws/build/move_blueboat/prefix_override:/usr/lib/python3/dist-packages/colcon_core/task/python/colcon_distutils_commands:/home/blueboat_sitl/gz_ws/install/lib/python3.10/site-packages:${PYTHONPATH} /usr/bin/python3 -W ignore:setup.py install is deprecated -W ignore:easy_install command is deprecated setup.py develop --editable --build-directory /home/blueboat_sitl/gz_ws/build/move_blueboat/build --no-deps symlink_data
