running egg_info
creating ../../build/blueboat_control/blueboat_control.egg-info
writing ../../build/blueboat_control/blueboat_control.egg-info/PKG-INFO
writing dependency_links to ../../build/blueboat_control/blueboat_control.egg-info/dependency_links.txt
writing entry points to ../../build/blueboat_control/blueboat_control.egg-info/entry_points.txt
writing requirements to ../../build/blueboat_control/blueboat_control.egg-info/requires.txt
writing top-level names to ../../build/blueboat_control/blueboat_control.egg-info/top_level.txt
writing manifest file '../../build/blueboat_control/blueboat_control.egg-info/SOURCES.txt'
reading manifest file '../../build/blueboat_control/blueboat_control.egg-info/SOURCES.txt'
writing manifest file '../../build/blueboat_control/blueboat_control.egg-info/SOURCES.txt'
running build
running build_py
creating /home/blueboat_sitl/gz_ws/build/blueboat_control/build
creating /home/blueboat_sitl/gz_ws/build/blueboat_control/build/lib
creating /home/blueboat_sitl/gz_ws/build/blueboat_control/build/lib/blueboat_control
copying blueboat_control/__init__.py -> /home/blueboat_sitl/gz_ws/build/blueboat_control/build/lib/blueboat_control
copying blueboat_control/asv_pid_rc_node.py -> /home/blueboat_sitl/gz_ws/build/blueboat_control/build/lib/blueboat_control
running install
running install_lib
creating /home/blueboat_sitl/gz_ws/install/lib/python3.10/site-packages/blueboat_control
copying /home/blueboat_sitl/gz_ws/build/blueboat_control/build/lib/blueboat_control/__init__.py -> /home/blueboat_sitl/gz_ws/install/lib/python3.10/site-packages/blueboat_control
copying /home/blueboat_sitl/gz_ws/build/blueboat_control/build/lib/blueboat_control/asv_pid_rc_node.py -> /home/blueboat_sitl/gz_ws/install/lib/python3.10/site-packages/blueboat_control
byte-compiling /home/blueboat_sitl/gz_ws/install/lib/python3.10/site-packages/blueboat_control/__init__.py to __init__.cpython-310.pyc
byte-compiling /home/blueboat_sitl/gz_ws/install/lib/python3.10/site-packages/blueboat_control/asv_pid_rc_node.py to asv_pid_rc_node.cpython-310.pyc
running install_data
copying resource/blueboat_control -> /home/blueboat_sitl/gz_ws/install/share/ament_index/resource_index/packages
copying package.xml -> /home/blueboat_sitl/gz_ws/install/share/blueboat_control
running install_egg_info
Copying ../../build/blueboat_control/blueboat_control.egg-info to /home/blueboat_sitl/gz_ws/install/lib/python3.10/site-packages/blueboat_control-0.0.0-py3.10.egg-info
running install_scripts
Installing asv_pid_rc script to /home/blueboat_sitl/gz_ws/install/lib/blueboat_control
writing list of installed files to '/home/blueboat_sitl/gz_ws/build/blueboat_control/install.log'
