[0.756s] Invoking command in '/home/blueboat_sitl/gz_ws/src/blueboat_control': PYTHONPATH=/home/blueboat_sitl/gz_ws/build/blueboat_control/prefix_override:/usr/lib/python3/dist-packages/colcon_core/task/python/colcon_distutils_commands:/home/blueboat_sitl/gz_ws/install/lib/python3.10/site-packages:${PYTHONPATH} /usr/bin/python3 -W ignore:setup.py install is deprecated -W ignore:easy_install command is deprecated setup.py egg_info --egg-base ../../build/blueboat_control build --build-base /home/blueboat_sitl/gz_ws/build/blueboat_control/build install --record /home/blueboat_sitl/gz_ws/build/blueboat_control/install.log --single-version-externally-managed install_data
[0.996s] running egg_info
[0.996s] creating ../../build/blueboat_control/blueboat_control.egg-info
[0.997s] writing ../../build/blueboat_control/blueboat_control.egg-info/PKG-INFO
[0.997s] writing dependency_links to ../../build/blueboat_control/blueboat_control.egg-info/dependency_links.txt
[0.997s] writing entry points to ../../build/blueboat_control/blueboat_control.egg-info/entry_points.txt
[0.997s] writing requirements to ../../build/blueboat_control/blueboat_control.egg-info/requires.txt
[0.997s] writing top-level names to ../../build/blueboat_control/blueboat_control.egg-info/top_level.txt
[0.998s] writing manifest file '../../build/blueboat_control/blueboat_control.egg-info/SOURCES.txt'
[0.998s] reading manifest file '../../build/blueboat_control/blueboat_control.egg-info/SOURCES.txt'
[0.999s] writing manifest file '../../build/blueboat_control/blueboat_control.egg-info/SOURCES.txt'
[0.999s] running build
[0.999s] running build_py
[0.999s] creating /home/blueboat_sitl/gz_ws/build/blueboat_control/build
[0.999s] creating /home/blueboat_sitl/gz_ws/build/blueboat_control/build/lib
[0.999s] creating /home/blueboat_sitl/gz_ws/build/blueboat_control/build/lib/blueboat_control
[0.999s] copying blueboat_control/__init__.py -> /home/blueboat_sitl/gz_ws/build/blueboat_control/build/lib/blueboat_control
[1.000s] copying blueboat_control/asv_pid_rc_node.py -> /home/blueboat_sitl/gz_ws/build/blueboat_control/build/lib/blueboat_control
[1.000s] running install
[1.000s] running install_lib
[1.001s] creating /home/blueboat_sitl/gz_ws/install/lib/python3.10/site-packages/blueboat_control
[1.001s] copying /home/blueboat_sitl/gz_ws/build/blueboat_control/build/lib/blueboat_control/__init__.py -> /home/blueboat_sitl/gz_ws/install/lib/python3.10/site-packages/blueboat_control
[1.001s] copying /home/blueboat_sitl/gz_ws/build/blueboat_control/build/lib/blueboat_control/asv_pid_rc_node.py -> /home/blueboat_sitl/gz_ws/install/lib/python3.10/site-packages/blueboat_control
[1.001s] byte-compiling /home/blueboat_sitl/gz_ws/install/lib/python3.10/site-packages/blueboat_control/__init__.py to __init__.cpython-310.pyc
[1.002s] byte-compiling /home/blueboat_sitl/gz_ws/install/lib/python3.10/site-packages/blueboat_control/asv_pid_rc_node.py to asv_pid_rc_node.cpython-310.pyc
[1.004s] running install_data
[1.005s] copying resource/blueboat_control -> /home/blueboat_sitl/gz_ws/install/share/ament_index/resource_index/packages
[1.005s] copying package.xml -> /home/blueboat_sitl/gz_ws/install/share/blueboat_control
[1.005s] running install_egg_info
[1.007s] Copying ../../build/blueboat_control/blueboat_control.egg-info to /home/blueboat_sitl/gz_ws/install/lib/python3.10/site-packages/blueboat_control-0.0.0-py3.10.egg-info
[1.008s] running install_scripts
[1.026s] Installing asv_pid_rc script to /home/blueboat_sitl/gz_ws/install/lib/blueboat_control
[1.027s] writing list of installed files to '/home/blueboat_sitl/gz_ws/build/blueboat_control/install.log'
[1.056s] Invoked command in '/home/blueboat_sitl/gz_ws/src/blueboat_control' returned '0': PYTHONPATH=/home/blueboat_sitl/gz_ws/build/blueboat_control/prefix_override:/usr/lib/python3/dist-packages/colcon_core/task/python/colcon_distutils_commands:/home/blueboat_sitl/gz_ws/install/lib/python3.10/site-packages:${PYTHONPATH} /usr/bin/python3 -W ignore:setup.py install is deprecated -W ignore:easy_install command is deprecated setup.py egg_info --egg-base ../../build/blueboat_control build --build-base /home/blueboat_sitl/gz_ws/build/blueboat_control/build install --record /home/blueboat_sitl/gz_ws/build/blueboat_control/install.log --single-version-externally-managed install_data
