[0.492s] Invoking command in '/home/blueboat_sitl/gz_ws/build/blueboat_regler': PYTHONPATH=/home/blueboat_sitl/gz_ws/build/blueboat_regler/prefix_override:/usr/lib/python3/dist-packages/colcon_core/task/python/colcon_distutils_commands:/home/blueboat_sitl/gz_ws/install/lib/python3.10/site-packages:${PYTHONPATH} /usr/bin/python3 -W ignore:setup.py install is deprecated -W ignore:easy_install command is deprecated setup.py develop --editable --build-directory /home/blueboat_sitl/gz_ws/build/blueboat_regler/build --no-deps symlink_data
[0.621s] running develop
[0.683s] running egg_info
[0.683s] creating blueboat_regler.egg-info
[0.683s] writing blueboat_regler.egg-info/PKG-INFO
[0.683s] writing dependency_links to blueboat_regler.egg-info/dependency_links.txt
[0.683s] writing entry points to blueboat_regler.egg-info/entry_points.txt
[0.683s] writing requirements to blueboat_regler.egg-info/requires.txt
[0.683s] writing top-level names to blueboat_regler.egg-info/top_level.txt
[0.683s] writing manifest file 'blueboat_regler.egg-info/SOURCES.txt'
[0.684s] reading manifest file 'blueboat_regler.egg-info/SOURCES.txt'
[0.684s] writing manifest file 'blueboat_regler.egg-info/SOURCES.txt'
[0.685s] running build_ext
[0.685s] Creating /home/blueboat_sitl/gz_ws/install/lib/python3.10/site-packages/blueboat-regler.egg-link (link to .)
[0.686s] Installing blueboat_regler script to /home/blueboat_sitl/gz_ws/install/lib/blueboat_regler
[0.686s] 
[0.686s] Installed /home/blueboat_sitl/gz_ws/build/blueboat_regler
[0.686s] running symlink_data
[0.686s] symbolically linking /home/blueboat_sitl/gz_ws/build/blueboat_regler/resource/blueboat_regler -> /home/blueboat_sitl/gz_ws/install/share/ament_index/resource_index/packages
[0.686s] symbolically linking /home/blueboat_sitl/gz_ws/build/blueboat_regler/package.xml -> /home/blueboat_sitl/gz_ws/install/share/blueboat_regler
[0.704s] Invoked command in '/home/blueboat_sitl/gz_ws/build/blueboat_regler' returned '0': PYTHONPATH=/home/blueboat_sitl/gz_ws/build/blueboat_regler/prefix_override:/usr/lib/python3/dist-packages/colcon_core/task/python/colcon_distutils_commands:/home/blueboat_sitl/gz_ws/install/lib/python3.10/site-packages:${PYTHONPATH} /usr/bin/python3 -W ignore:setup.py install is deprecated -W ignore:easy_install command is deprecated setup.py develop --editable --build-directory /home/blueboat_sitl/gz_ws/build/blueboat_regler/build --no-deps symlink_data
