[  3%] Built target blueboat_interfaces__cpp
[ 12%] Built target blueboat_interfaces__rosidl_generator_c
[ 12%] Built target ament_cmake_python_symlink_blueboat_interfaces
[ 32%] Built target blueboat_interfaces__rosidl_typesupport_introspection_cpp
[ 32%] Built target blueboat_interfaces__rosidl_typesupport_cpp
[ 41%] Built target blueboat_interfaces__rosidl_typesupport_fastrtps_cpp
[ 61%] Built target blueboat_interfaces__rosidl_typesupport_introspection_c
[ 61%] Built target blueboat_interfaces__rosidl_typesupport_c
[ 70%] Built target blueboat_interfaces__rosidl_typesupport_fastrtps_c
[ 70%] Built target blueboat_interfaces
[ 74%] Built target blueboat_interfaces__py
[ 80%] Built target blueboat_interfaces__rosidl_generator_py
[ 93%] Built target blueboat_interfaces__rosidl_typesupport_introspection_c__pyext
[ 93%] Built target blueboat_interfaces__rosidl_typesupport_fastrtps_c__pyext
[100%] Built target blueboat_interfaces__rosidl_typesupport_c__pyext
running egg_info
writing blueboat_interfaces.egg-info/PKG-INFO
writing dependency_links to blueboat_interfaces.egg-info/dependency_links.txt
writing top-level names to blueboat_interfaces.egg-info/top_level.txt
reading manifest file 'blueboat_interfaces.egg-info/SOURCES.txt'
writing manifest file 'blueboat_interfaces.egg-info/SOURCES.txt'
[100%] Built target ament_cmake_python_build_blueboat_interfaces_egg
-- Install configuration: "RelWithDebInfo"
-- Execute custom install script
-- Symlinking: /home/blueboat_sitl/gz_ws/install/share/ament_index/resource_index/rosidl_interfaces/blueboat_interfaces
-- Symlinking: /home/blueboat_sitl/gz_ws/install/include/blueboat_interfaces/blueboat_interfaces/msg/rosidl_generator_c__visibility_control.h
-- Symlinking: /home/blueboat_sitl/gz_ws/install/include/blueboat_interfaces/blueboat_interfaces/srv/detail/set_target__functions.h
-- Symlinking: /home/blueboat_sitl/gz_ws/install/include/blueboat_interfaces/blueboat_interfaces/srv/detail/set_target__struct.h
-- Symlinking: /home/blueboat_sitl/gz_ws/install/include/blueboat_interfaces/blueboat_interfaces/srv/detail/set_target__type_support.h
-- Symlinking: /home/blueboat_sitl/gz_ws/install/include/blueboat_interfaces/blueboat_interfaces/srv/set_target.h
-- Symlinking: /home/blueboat_sitl/gz_ws/install/share/blueboat_interfaces/environment/library_path.sh
-- Symlinking: /home/blueboat_sitl/gz_ws/install/share/blueboat_interfaces/environment/library_path.dsv
-- Symlinking: /home/blueboat_sitl/gz_ws/install/include/blueboat_interfaces/blueboat_interfaces/msg/rosidl_typesupport_fastrtps_c__visibility_control.h
-- Symlinking: /home/blueboat_sitl/gz_ws/install/include/blueboat_interfaces/blueboat_interfaces/srv/detail/set_target__rosidl_typesupport_fastrtps_c.h
-- Symlinking: /home/blueboat_sitl/gz_ws/install/include/blueboat_interfaces/blueboat_interfaces/msg/rosidl_typesupport_introspection_c__visibility_control.h
-- Symlinking: /home/blueboat_sitl/gz_ws/install/include/blueboat_interfaces/blueboat_interfaces/srv/detail/set_target__rosidl_typesupport_introspection_c.h
-- Symlinking: /home/blueboat_sitl/gz_ws/install/include/blueboat_interfaces/blueboat_interfaces/msg/rosidl_generator_cpp__visibility_control.hpp
-- Symlinking: /home/blueboat_sitl/gz_ws/install/include/blueboat_interfaces/blueboat_interfaces/srv/detail/set_target__builder.hpp
-- Symlinking: /home/blueboat_sitl/gz_ws/install/include/blueboat_interfaces/blueboat_interfaces/srv/detail/set_target__struct.hpp
-- Symlinking: /home/blueboat_sitl/gz_ws/install/include/blueboat_interfaces/blueboat_interfaces/srv/detail/set_target__traits.hpp
-- Symlinking: /home/blueboat_sitl/gz_ws/install/include/blueboat_interfaces/blueboat_interfaces/srv/detail/set_target__type_support.hpp
-- Symlinking: /home/blueboat_sitl/gz_ws/install/include/blueboat_interfaces/blueboat_interfaces/srv/set_target.hpp
-- Symlinking: /home/blueboat_sitl/gz_ws/install/include/blueboat_interfaces/blueboat_interfaces/msg/rosidl_typesupport_fastrtps_cpp__visibility_control.h
-- Symlinking: /home/blueboat_sitl/gz_ws/install/include/blueboat_interfaces/blueboat_interfaces/srv/detail/set_target__rosidl_typesupport_fastrtps_cpp.hpp
-- Symlinking: /home/blueboat_sitl/gz_ws/install/include/blueboat_interfaces/blueboat_interfaces/srv/detail/set_target__rosidl_typesupport_introspection_cpp.hpp
-- Symlinking: /home/blueboat_sitl/gz_ws/install/share/blueboat_interfaces/environment/pythonpath.sh
-- Symlinking: /home/blueboat_sitl/gz_ws/install/share/blueboat_interfaces/environment/pythonpath.dsv
-- Symlinking: /home/blueboat_sitl/gz_ws/install/local/lib/python3.10/dist-packages/blueboat_interfaces-0.0.0-py3.10.egg-info/PKG-INFO
-- Symlinking: /home/blueboat_sitl/gz_ws/install/local/lib/python3.10/dist-packages/blueboat_interfaces-0.0.0-py3.10.egg-info/SOURCES.txt
-- Symlinking: /home/blueboat_sitl/gz_ws/install/local/lib/python3.10/dist-packages/blueboat_interfaces-0.0.0-py3.10.egg-info/dependency_links.txt
-- Symlinking: /home/blueboat_sitl/gz_ws/install/local/lib/python3.10/dist-packages/blueboat_interfaces-0.0.0-py3.10.egg-info/top_level.txt
-- Symlinking: /home/blueboat_sitl/gz_ws/install/local/lib/python3.10/dist-packages/blueboat_interfaces/__init__.py
-- Symlinking: /home/blueboat_sitl/gz_ws/install/local/lib/python3.10/dist-packages/blueboat_interfaces/_blueboat_interfaces_s.ep.rosidl_typesupport_c.c
-- Symlinking: /home/blueboat_sitl/gz_ws/install/local/lib/python3.10/dist-packages/blueboat_interfaces/_blueboat_interfaces_s.ep.rosidl_typesupport_fastrtps_c.c
-- Symlinking: /home/blueboat_sitl/gz_ws/install/local/lib/python3.10/dist-packages/blueboat_interfaces/_blueboat_interfaces_s.ep.rosidl_typesupport_introspection_c.c
-- Symlinking: /home/blueboat_sitl/gz_ws/install/local/lib/python3.10/dist-packages/blueboat_interfaces/blueboat_interfaces_s__rosidl_typesupport_c.cpython-310-x86_64-linux-gnu.so
-- Symlinking: /home/blueboat_sitl/gz_ws/install/local/lib/python3.10/dist-packages/blueboat_interfaces/blueboat_interfaces_s__rosidl_typesupport_fastrtps_c.cpython-310-x86_64-linux-gnu.so
-- Symlinking: /home/blueboat_sitl/gz_ws/install/local/lib/python3.10/dist-packages/blueboat_interfaces/blueboat_interfaces_s__rosidl_typesupport_introspection_c.cpython-310-x86_64-linux-gnu.so
-- Symlinking: /home/blueboat_sitl/gz_ws/install/local/lib/python3.10/dist-packages/blueboat_interfaces/libblueboat_interfaces__rosidl_generator_py.so
-- Symlinking: /home/blueboat_sitl/gz_ws/install/local/lib/python3.10/dist-packages/blueboat_interfaces/srv/__init__.py
-- Symlinking: /home/blueboat_sitl/gz_ws/install/local/lib/python3.10/dist-packages/blueboat_interfaces/srv/_set_target.py
-- Symlinking: /home/blueboat_sitl/gz_ws/install/local/lib/python3.10/dist-packages/blueboat_interfaces/srv/_set_target_s.c
-- Up-to-date symlink: /home/blueboat_sitl/gz_ws/install/local/lib/python3.10/dist-packages/blueboat_interfaces/blueboat_interfaces_s__rosidl_typesupport_fastrtps_c.cpython-310-x86_64-linux-gnu.so
-- Up-to-date symlink: /home/blueboat_sitl/gz_ws/install/local/lib/python3.10/dist-packages/blueboat_interfaces/blueboat_interfaces_s__rosidl_typesupport_introspection_c.cpython-310-x86_64-linux-gnu.so
-- Up-to-date symlink: /home/blueboat_sitl/gz_ws/install/local/lib/python3.10/dist-packages/blueboat_interfaces/blueboat_interfaces_s__rosidl_typesupport_c.cpython-310-x86_64-linux-gnu.so
-- Symlinking: /home/blueboat_sitl/gz_ws/install/share/blueboat_interfaces/srv/SetTarget.idl
-- Symlinking: /home/blueboat_sitl/gz_ws/install/share/blueboat_interfaces/srv/SetTarget.srv
-- Symlinking: /home/blueboat_sitl/gz_ws/install/share/blueboat_interfaces/srv/SetTarget_Request.msg
-- Symlinking: /home/blueboat_sitl/gz_ws/install/share/blueboat_interfaces/srv/SetTarget_Response.msg
-- Symlinking: /home/blueboat_sitl/gz_ws/install/share/ament_index/resource_index/package_run_dependencies/blueboat_interfaces
-- Symlinking: /home/blueboat_sitl/gz_ws/install/share/ament_index/resource_index/parent_prefix_path/blueboat_interfaces
-- Symlinking: /home/blueboat_sitl/gz_ws/install/share/blueboat_interfaces/environment/ament_prefix_path.sh
-- Symlinking: /home/blueboat_sitl/gz_ws/install/share/blueboat_interfaces/environment/ament_prefix_path.dsv
-- Symlinking: /home/blueboat_sitl/gz_ws/install/share/blueboat_interfaces/environment/path.sh
-- Symlinking: /home/blueboat_sitl/gz_ws/install/share/blueboat_interfaces/environment/path.dsv
-- Symlinking: /home/blueboat_sitl/gz_ws/install/share/blueboat_interfaces/local_setup.bash
-- Symlinking: /home/blueboat_sitl/gz_ws/install/share/blueboat_interfaces/local_setup.sh
-- Symlinking: /home/blueboat_sitl/gz_ws/install/share/blueboat_interfaces/local_setup.zsh
-- Symlinking: /home/blueboat_sitl/gz_ws/install/share/blueboat_interfaces/local_setup.dsv
-- Symlinking: /home/blueboat_sitl/gz_ws/install/share/blueboat_interfaces/package.dsv
-- Symlinking: /home/blueboat_sitl/gz_ws/install/share/ament_index/resource_index/packages/blueboat_interfaces
-- Symlinking: /home/blueboat_sitl/gz_ws/install/share/blueboat_interfaces/cmake/rosidl_cmake-extras.cmake
-- Symlinking: /home/blueboat_sitl/gz_ws/install/share/blueboat_interfaces/cmake/ament_cmake_export_include_directories-extras.cmake
-- Symlinking: /home/blueboat_sitl/gz_ws/install/share/blueboat_interfaces/cmake/ament_cmake_export_libraries-extras.cmake
-- Symlinking: /home/blueboat_sitl/gz_ws/install/share/blueboat_interfaces/cmake/ament_cmake_export_targets-extras.cmake
-- Symlinking: /home/blueboat_sitl/gz_ws/install/share/blueboat_interfaces/cmake/rosidl_cmake_export_typesupport_targets-extras.cmake
-- Symlinking: /home/blueboat_sitl/gz_ws/install/share/blueboat_interfaces/cmake/ament_cmake_export_dependencies-extras.cmake
-- Symlinking: /home/blueboat_sitl/gz_ws/install/share/blueboat_interfaces/cmake/rosidl_cmake_export_typesupport_libraries-extras.cmake
-- Symlinking: /home/blueboat_sitl/gz_ws/install/share/blueboat_interfaces/cmake/blueboat_interfacesConfig.cmake
-- Symlinking: /home/blueboat_sitl/gz_ws/install/share/blueboat_interfaces/cmake/blueboat_interfacesConfig-version.cmake
-- Symlinking: /home/blueboat_sitl/gz_ws/install/share/blueboat_interfaces/package.xml
-- Installing: /home/blueboat_sitl/gz_ws/install/lib/libblueboat_interfaces__rosidl_generator_c.so
-- Set runtime path of "/home/blueboat_sitl/gz_ws/install/lib/libblueboat_interfaces__rosidl_generator_c.so" to ""
-- Installing: /home/blueboat_sitl/gz_ws/install/lib/libblueboat_interfaces__rosidl_typesupport_fastrtps_c.so
-- Set runtime path of "/home/blueboat_sitl/gz_ws/install/lib/libblueboat_interfaces__rosidl_typesupport_fastrtps_c.so" to ""
-- Installing: /home/blueboat_sitl/gz_ws/install/lib/libblueboat_interfaces__rosidl_typesupport_introspection_c.so
-- Set runtime path of "/home/blueboat_sitl/gz_ws/install/lib/libblueboat_interfaces__rosidl_typesupport_introspection_c.so" to ""
-- Installing: /home/blueboat_sitl/gz_ws/install/lib/libblueboat_interfaces__rosidl_typesupport_c.so
-- Set runtime path of "/home/blueboat_sitl/gz_ws/install/lib/libblueboat_interfaces__rosidl_typesupport_c.so" to ""
-- Installing: /home/blueboat_sitl/gz_ws/install/lib/libblueboat_interfaces__rosidl_typesupport_fastrtps_cpp.so
-- Set runtime path of "/home/blueboat_sitl/gz_ws/install/lib/libblueboat_interfaces__rosidl_typesupport_fastrtps_cpp.so" to ""
-- Installing: /home/blueboat_sitl/gz_ws/install/lib/libblueboat_interfaces__rosidl_typesupport_introspection_cpp.so
-- Set runtime path of "/home/blueboat_sitl/gz_ws/install/lib/libblueboat_interfaces__rosidl_typesupport_introspection_cpp.so" to ""
-- Installing: /home/blueboat_sitl/gz_ws/install/lib/libblueboat_interfaces__rosidl_typesupport_cpp.so
-- Set runtime path of "/home/blueboat_sitl/gz_ws/install/lib/libblueboat_interfaces__rosidl_typesupport_cpp.so" to ""
Listing '/home/blueboat_sitl/gz_ws/install/local/lib/python3.10/dist-packages/blueboat_interfaces'...
Compiling '/home/blueboat_sitl/gz_ws/install/local/lib/python3.10/dist-packages/blueboat_interfaces/__init__.py'...
Listing '/home/blueboat_sitl/gz_ws/install/local/lib/python3.10/dist-packages/blueboat_interfaces/srv'...
Compiling '/home/blueboat_sitl/gz_ws/install/local/lib/python3.10/dist-packages/blueboat_interfaces/srv/__init__.py'...
Compiling '/home/blueboat_sitl/gz_ws/install/local/lib/python3.10/dist-packages/blueboat_interfaces/srv/_set_target.py'...
-- Installing: /home/blueboat_sitl/gz_ws/install/lib/libblueboat_interfaces__rosidl_generator_py.so
-- Set runtime path of "/home/blueboat_sitl/gz_ws/install/lib/libblueboat_interfaces__rosidl_generator_py.so" to ""
-- Installing: /home/blueboat_sitl/gz_ws/install/share/blueboat_interfaces/cmake/export_blueboat_interfaces__rosidl_generator_cExport.cmake
-- Installing: /home/blueboat_sitl/gz_ws/install/share/blueboat_interfaces/cmake/export_blueboat_interfaces__rosidl_generator_cExport-relwithdebinfo.cmake
-- Installing: /home/blueboat_sitl/gz_ws/install/share/blueboat_interfaces/cmake/export_blueboat_interfaces__rosidl_typesupport_fastrtps_cExport.cmake
-- Installing: /home/blueboat_sitl/gz_ws/install/share/blueboat_interfaces/cmake/export_blueboat_interfaces__rosidl_typesupport_fastrtps_cExport-relwithdebinfo.cmake
-- Installing: /home/blueboat_sitl/gz_ws/install/share/blueboat_interfaces/cmake/blueboat_interfaces__rosidl_typesupport_introspection_cExport.cmake
-- Installing: /home/blueboat_sitl/gz_ws/install/share/blueboat_interfaces/cmake/blueboat_interfaces__rosidl_typesupport_introspection_cExport-relwithdebinfo.cmake
-- Installing: /home/blueboat_sitl/gz_ws/install/share/blueboat_interfaces/cmake/blueboat_interfaces__rosidl_typesupport_cExport.cmake
-- Installing: /home/blueboat_sitl/gz_ws/install/share/blueboat_interfaces/cmake/blueboat_interfaces__rosidl_typesupport_cExport-relwithdebinfo.cmake
-- Installing: /home/blueboat_sitl/gz_ws/install/share/blueboat_interfaces/cmake/export_blueboat_interfaces__rosidl_generator_cppExport.cmake
-- Installing: /home/blueboat_sitl/gz_ws/install/share/blueboat_interfaces/cmake/export_blueboat_interfaces__rosidl_typesupport_fastrtps_cppExport.cmake
-- Installing: /home/blueboat_sitl/gz_ws/install/share/blueboat_interfaces/cmake/export_blueboat_interfaces__rosidl_typesupport_fastrtps_cppExport-relwithdebinfo.cmake
-- Installing: /home/blueboat_sitl/gz_ws/install/share/blueboat_interfaces/cmake/blueboat_interfaces__rosidl_typesupport_introspection_cppExport.cmake
-- Installing: /home/blueboat_sitl/gz_ws/install/share/blueboat_interfaces/cmake/blueboat_interfaces__rosidl_typesupport_introspection_cppExport-relwithdebinfo.cmake
-- Installing: /home/blueboat_sitl/gz_ws/install/share/blueboat_interfaces/cmake/blueboat_interfaces__rosidl_typesupport_cppExport.cmake
-- Installing: /home/blueboat_sitl/gz_ws/install/share/blueboat_interfaces/cmake/blueboat_interfaces__rosidl_typesupport_cppExport-relwithdebinfo.cmake
-- Installing: /home/blueboat_sitl/gz_ws/install/share/blueboat_interfaces/cmake/export_blueboat_interfaces__rosidl_generator_pyExport.cmake
-- Installing: /home/blueboat_sitl/gz_ws/install/share/blueboat_interfaces/cmake/export_blueboat_interfaces__rosidl_generator_pyExport-relwithdebinfo.cmake
