[0.062s] Invoking command in '/home/blueboat_sitl/gz_ws/build/blueboat_interfaces': CMAKE_PREFIX_PATH=${CMAKE_PREFIX_PATH}:/opt/ros/humble /usr/bin/cmake --build /home/blueboat_sitl/gz_ws/build/blueboat_interfaces -- -j12 -l12
[0.553s] [  3%] Built target blueboat_interfaces__cpp
[0.553s] [ 12%] Built target blueboat_interfaces__rosidl_generator_c
[0.553s] [ 12%] Built target ament_cmake_python_symlink_blueboat_interfaces
[0.553s] [ 32%] Built target blueboat_interfaces__rosidl_typesupport_introspection_cpp
[0.553s] [ 32%] Built target blueboat_interfaces__rosidl_typesupport_cpp
[0.554s] [ 41%] Built target blueboat_interfaces__rosidl_typesupport_fastrtps_cpp
[0.554s] [ 61%] Built target blueboat_interfaces__rosidl_typesupport_introspection_c
[0.554s] [ 61%] Built target blueboat_interfaces__rosidl_typesupport_c
[0.554s] [ 70%] Built target blueboat_interfaces__rosidl_typesupport_fastrtps_c
[0.554s] [ 70%] Built target blueboat_interfaces
[0.554s] [ 74%] Built target blueboat_interfaces__py
[0.554s] [ 80%] Built target blueboat_interfaces__rosidl_generator_py
[0.555s] [ 93%] Built target blueboat_interfaces__rosidl_typesupport_introspection_c__pyext
[0.555s] [ 93%] Built target blueboat_interfaces__rosidl_typesupport_fastrtps_c__pyext
[0.555s] [100%] Built target blueboat_interfaces__rosidl_typesupport_c__pyext
[0.682s] running egg_info
[0.682s] writing blueboat_interfaces.egg-info/PKG-INFO
[0.683s] writing dependency_links to blueboat_interfaces.egg-info/dependency_links.txt
[0.683s] writing top-level names to blueboat_interfaces.egg-info/top_level.txt
[0.689s] reading manifest file 'blueboat_interfaces.egg-info/SOURCES.txt'
[0.690s] writing manifest file 'blueboat_interfaces.egg-info/SOURCES.txt'
[0.765s] [100%] Built target ament_cmake_python_build_blueboat_interfaces_egg
[1.051s] Invoked command in '/home/blueboat_sitl/gz_ws/build/blueboat_interfaces' returned '0': CMAKE_PREFIX_PATH=${CMAKE_PREFIX_PATH}:/opt/ros/humble /usr/bin/cmake --build /home/blueboat_sitl/gz_ws/build/blueboat_interfaces -- -j12 -l12
[1.074s] Invoking command in '/home/blueboat_sitl/gz_ws/build/blueboat_interfaces': CMAKE_PREFIX_PATH=${CMAKE_PREFIX_PATH}:/opt/ros/humble /usr/bin/cmake --install /home/blueboat_sitl/gz_ws/build/blueboat_interfaces
[1.092s] -- Install configuration: "RelWithDebInfo"
[1.093s] -- Execute custom install script
[1.093s] -- Symlinking: /home/blueboat_sitl/gz_ws/install/share/ament_index/resource_index/rosidl_interfaces/blueboat_interfaces
[1.117s] -- Symlinking: /home/blueboat_sitl/gz_ws/install/include/blueboat_interfaces/blueboat_interfaces/msg/rosidl_generator_c__visibility_control.h
[1.138s] -- Symlinking: /home/blueboat_sitl/gz_ws/install/include/blueboat_interfaces/blueboat_interfaces/srv/detail/set_target__functions.h
[1.158s] -- Symlinking: /home/blueboat_sitl/gz_ws/install/include/blueboat_interfaces/blueboat_interfaces/srv/detail/set_target__struct.h
[1.179s] -- Symlinking: /home/blueboat_sitl/gz_ws/install/include/blueboat_interfaces/blueboat_interfaces/srv/detail/set_target__type_support.h
[1.199s] -- Symlinking: /home/blueboat_sitl/gz_ws/install/include/blueboat_interfaces/blueboat_interfaces/srv/set_target.h
[1.221s] -- Symlinking: /home/blueboat_sitl/gz_ws/install/share/blueboat_interfaces/environment/library_path.sh
[1.242s] -- Symlinking: /home/blueboat_sitl/gz_ws/install/share/blueboat_interfaces/environment/library_path.dsv
[1.263s] -- Symlinking: /home/blueboat_sitl/gz_ws/install/include/blueboat_interfaces/blueboat_interfaces/msg/rosidl_typesupport_fastrtps_c__visibility_control.h
[1.283s] -- Symlinking: /home/blueboat_sitl/gz_ws/install/include/blueboat_interfaces/blueboat_interfaces/srv/detail/set_target__rosidl_typesupport_fastrtps_c.h
[1.305s] -- Symlinking: /home/blueboat_sitl/gz_ws/install/include/blueboat_interfaces/blueboat_interfaces/msg/rosidl_typesupport_introspection_c__visibility_control.h
[1.327s] -- Symlinking: /home/blueboat_sitl/gz_ws/install/include/blueboat_interfaces/blueboat_interfaces/srv/detail/set_target__rosidl_typesupport_introspection_c.h
[1.347s] -- Symlinking: /home/blueboat_sitl/gz_ws/install/include/blueboat_interfaces/blueboat_interfaces/msg/rosidl_generator_cpp__visibility_control.hpp
[1.368s] -- Symlinking: /home/blueboat_sitl/gz_ws/install/include/blueboat_interfaces/blueboat_interfaces/srv/detail/set_target__builder.hpp
[1.388s] -- Symlinking: /home/blueboat_sitl/gz_ws/install/include/blueboat_interfaces/blueboat_interfaces/srv/detail/set_target__struct.hpp
[1.409s] -- Symlinking: /home/blueboat_sitl/gz_ws/install/include/blueboat_interfaces/blueboat_interfaces/srv/detail/set_target__traits.hpp
[1.428s] -- Symlinking: /home/blueboat_sitl/gz_ws/install/include/blueboat_interfaces/blueboat_interfaces/srv/detail/set_target__type_support.hpp
[1.448s] -- Symlinking: /home/blueboat_sitl/gz_ws/install/include/blueboat_interfaces/blueboat_interfaces/srv/set_target.hpp
[1.470s] -- Symlinking: /home/blueboat_sitl/gz_ws/install/include/blueboat_interfaces/blueboat_interfaces/msg/rosidl_typesupport_fastrtps_cpp__visibility_control.h
[1.490s] -- Symlinking: /home/blueboat_sitl/gz_ws/install/include/blueboat_interfaces/blueboat_interfaces/srv/detail/set_target__rosidl_typesupport_fastrtps_cpp.hpp
[1.511s] -- Symlinking: /home/blueboat_sitl/gz_ws/install/include/blueboat_interfaces/blueboat_interfaces/srv/detail/set_target__rosidl_typesupport_introspection_cpp.hpp
[1.533s] -- Symlinking: /home/blueboat_sitl/gz_ws/install/share/blueboat_interfaces/environment/pythonpath.sh
[1.553s] -- Symlinking: /home/blueboat_sitl/gz_ws/install/share/blueboat_interfaces/environment/pythonpath.dsv
[1.575s] -- Symlinking: /home/blueboat_sitl/gz_ws/install/local/lib/python3.10/dist-packages/blueboat_interfaces-0.0.0-py3.10.egg-info/PKG-INFO
[1.596s] -- Symlinking: /home/blueboat_sitl/gz_ws/install/local/lib/python3.10/dist-packages/blueboat_interfaces-0.0.0-py3.10.egg-info/SOURCES.txt
[1.618s] -- Symlinking: /home/blueboat_sitl/gz_ws/install/local/lib/python3.10/dist-packages/blueboat_interfaces-0.0.0-py3.10.egg-info/dependency_links.txt
[1.638s] -- Symlinking: /home/blueboat_sitl/gz_ws/install/local/lib/python3.10/dist-packages/blueboat_interfaces-0.0.0-py3.10.egg-info/top_level.txt
[1.660s] -- Symlinking: /home/blueboat_sitl/gz_ws/install/local/lib/python3.10/dist-packages/blueboat_interfaces/__init__.py
[1.681s] -- Symlinking: /home/blueboat_sitl/gz_ws/install/local/lib/python3.10/dist-packages/blueboat_interfaces/_blueboat_interfaces_s.ep.rosidl_typesupport_c.c
[1.703s] -- Symlinking: /home/blueboat_sitl/gz_ws/install/local/lib/python3.10/dist-packages/blueboat_interfaces/_blueboat_interfaces_s.ep.rosidl_typesupport_fastrtps_c.c
[1.723s] -- Symlinking: /home/blueboat_sitl/gz_ws/install/local/lib/python3.10/dist-packages/blueboat_interfaces/_blueboat_interfaces_s.ep.rosidl_typesupport_introspection_c.c
[1.744s] -- Symlinking: /home/blueboat_sitl/gz_ws/install/local/lib/python3.10/dist-packages/blueboat_interfaces/blueboat_interfaces_s__rosidl_typesupport_c.cpython-310-x86_64-linux-gnu.so
[1.766s] -- Symlinking: /home/blueboat_sitl/gz_ws/install/local/lib/python3.10/dist-packages/blueboat_interfaces/blueboat_interfaces_s__rosidl_typesupport_fastrtps_c.cpython-310-x86_64-linux-gnu.so
[1.787s] -- Symlinking: /home/blueboat_sitl/gz_ws/install/local/lib/python3.10/dist-packages/blueboat_interfaces/blueboat_interfaces_s__rosidl_typesupport_introspection_c.cpython-310-x86_64-linux-gnu.so
[1.806s] -- Symlinking: /home/blueboat_sitl/gz_ws/install/local/lib/python3.10/dist-packages/blueboat_interfaces/libblueboat_interfaces__rosidl_generator_py.so
[1.826s] -- Symlinking: /home/blueboat_sitl/gz_ws/install/local/lib/python3.10/dist-packages/blueboat_interfaces/srv/__init__.py
[1.844s] -- Symlinking: /home/blueboat_sitl/gz_ws/install/local/lib/python3.10/dist-packages/blueboat_interfaces/srv/_set_target.py
[1.863s] -- Symlinking: /home/blueboat_sitl/gz_ws/install/local/lib/python3.10/dist-packages/blueboat_interfaces/srv/_set_target_s.c
[1.882s] -- Up-to-date symlink: /home/blueboat_sitl/gz_ws/install/local/lib/python3.10/dist-packages/blueboat_interfaces/blueboat_interfaces_s__rosidl_typesupport_fastrtps_c.cpython-310-x86_64-linux-gnu.so
[1.883s] -- Up-to-date symlink: /home/blueboat_sitl/gz_ws/install/local/lib/python3.10/dist-packages/blueboat_interfaces/blueboat_interfaces_s__rosidl_typesupport_introspection_c.cpython-310-x86_64-linux-gnu.so
[1.883s] -- Up-to-date symlink: /home/blueboat_sitl/gz_ws/install/local/lib/python3.10/dist-packages/blueboat_interfaces/blueboat_interfaces_s__rosidl_typesupport_c.cpython-310-x86_64-linux-gnu.so
[1.883s] -- Symlinking: /home/blueboat_sitl/gz_ws/install/share/blueboat_interfaces/srv/SetTarget.idl
[1.903s] -- Symlinking: /home/blueboat_sitl/gz_ws/install/share/blueboat_interfaces/srv/SetTarget.srv
[1.922s] -- Symlinking: /home/blueboat_sitl/gz_ws/install/share/blueboat_interfaces/srv/SetTarget_Request.msg
[1.941s] -- Symlinking: /home/blueboat_sitl/gz_ws/install/share/blueboat_interfaces/srv/SetTarget_Response.msg
[1.960s] -- Symlinking: /home/blueboat_sitl/gz_ws/install/share/ament_index/resource_index/package_run_dependencies/blueboat_interfaces
[1.979s] -- Symlinking: /home/blueboat_sitl/gz_ws/install/share/ament_index/resource_index/parent_prefix_path/blueboat_interfaces
[1.998s] -- Symlinking: /home/blueboat_sitl/gz_ws/install/share/blueboat_interfaces/environment/ament_prefix_path.sh
[2.017s] -- Symlinking: /home/blueboat_sitl/gz_ws/install/share/blueboat_interfaces/environment/ament_prefix_path.dsv
[2.036s] -- Symlinking: /home/blueboat_sitl/gz_ws/install/share/blueboat_interfaces/environment/path.sh
[2.054s] -- Symlinking: /home/blueboat_sitl/gz_ws/install/share/blueboat_interfaces/environment/path.dsv
[2.082s] -- Symlinking: /home/blueboat_sitl/gz_ws/install/share/blueboat_interfaces/local_setup.bash
[2.113s] -- Symlinking: /home/blueboat_sitl/gz_ws/install/share/blueboat_interfaces/local_setup.sh
[2.155s] -- Symlinking: /home/blueboat_sitl/gz_ws/install/share/blueboat_interfaces/local_setup.zsh
[2.204s] -- Symlinking: /home/blueboat_sitl/gz_ws/install/share/blueboat_interfaces/local_setup.dsv
[2.244s] -- Symlinking: /home/blueboat_sitl/gz_ws/install/share/blueboat_interfaces/package.dsv
[2.276s] -- Symlinking: /home/blueboat_sitl/gz_ws/install/share/ament_index/resource_index/packages/blueboat_interfaces
[2.334s] -- Symlinking: /home/blueboat_sitl/gz_ws/install/share/blueboat_interfaces/cmake/rosidl_cmake-extras.cmake
[2.399s] -- Symlinking: /home/blueboat_sitl/gz_ws/install/share/blueboat_interfaces/cmake/ament_cmake_export_include_directories-extras.cmake
[2.467s] -- Symlinking: /home/blueboat_sitl/gz_ws/install/share/blueboat_interfaces/cmake/ament_cmake_export_libraries-extras.cmake
[2.525s] -- Symlinking: /home/blueboat_sitl/gz_ws/install/share/blueboat_interfaces/cmake/ament_cmake_export_targets-extras.cmake
[2.557s] -- Symlinking: /home/blueboat_sitl/gz_ws/install/share/blueboat_interfaces/cmake/rosidl_cmake_export_typesupport_targets-extras.cmake
[2.590s] -- Symlinking: /home/blueboat_sitl/gz_ws/install/share/blueboat_interfaces/cmake/ament_cmake_export_dependencies-extras.cmake
[2.625s] -- Symlinking: /home/blueboat_sitl/gz_ws/install/share/blueboat_interfaces/cmake/rosidl_cmake_export_typesupport_libraries-extras.cmake
[2.655s] -- Symlinking: /home/blueboat_sitl/gz_ws/install/share/blueboat_interfaces/cmake/blueboat_interfacesConfig.cmake
[2.685s] -- Symlinking: /home/blueboat_sitl/gz_ws/install/share/blueboat_interfaces/cmake/blueboat_interfacesConfig-version.cmake
[2.741s] -- Symlinking: /home/blueboat_sitl/gz_ws/install/share/blueboat_interfaces/package.xml
[2.788s] -- Installing: /home/blueboat_sitl/gz_ws/install/lib/libblueboat_interfaces__rosidl_generator_c.so
[2.790s] -- Set runtime path of "/home/blueboat_sitl/gz_ws/install/lib/libblueboat_interfaces__rosidl_generator_c.so" to ""
[2.791s] -- Installing: /home/blueboat_sitl/gz_ws/install/lib/libblueboat_interfaces__rosidl_typesupport_fastrtps_c.so
[2.793s] -- Set runtime path of "/home/blueboat_sitl/gz_ws/install/lib/libblueboat_interfaces__rosidl_typesupport_fastrtps_c.so" to ""
[2.795s] -- Installing: /home/blueboat_sitl/gz_ws/install/lib/libblueboat_interfaces__rosidl_typesupport_introspection_c.so
[2.795s] -- Set runtime path of "/home/blueboat_sitl/gz_ws/install/lib/libblueboat_interfaces__rosidl_typesupport_introspection_c.so" to ""
[2.796s] -- Installing: /home/blueboat_sitl/gz_ws/install/lib/libblueboat_interfaces__rosidl_typesupport_c.so
[2.798s] -- Set runtime path of "/home/blueboat_sitl/gz_ws/install/lib/libblueboat_interfaces__rosidl_typesupport_c.so" to ""
[2.800s] -- Installing: /home/blueboat_sitl/gz_ws/install/lib/libblueboat_interfaces__rosidl_typesupport_fastrtps_cpp.so
[2.801s] -- Set runtime path of "/home/blueboat_sitl/gz_ws/install/lib/libblueboat_interfaces__rosidl_typesupport_fastrtps_cpp.so" to ""
[2.801s] -- Installing: /home/blueboat_sitl/gz_ws/install/lib/libblueboat_interfaces__rosidl_typesupport_introspection_cpp.so
[2.803s] -- Set runtime path of "/home/blueboat_sitl/gz_ws/install/lib/libblueboat_interfaces__rosidl_typesupport_introspection_cpp.so" to ""
[2.804s] -- Installing: /home/blueboat_sitl/gz_ws/install/lib/libblueboat_interfaces__rosidl_typesupport_cpp.so
[2.808s] -- Set runtime path of "/home/blueboat_sitl/gz_ws/install/lib/libblueboat_interfaces__rosidl_typesupport_cpp.so" to ""
[3.000s] Listing '/home/blueboat_sitl/gz_ws/install/local/lib/python3.10/dist-packages/blueboat_interfaces'...
[3.000s] Compiling '/home/blueboat_sitl/gz_ws/install/local/lib/python3.10/dist-packages/blueboat_interfaces/__init__.py'...
[3.000s] Listing '/home/blueboat_sitl/gz_ws/install/local/lib/python3.10/dist-packages/blueboat_interfaces/srv'...
[3.000s] Compiling '/home/blueboat_sitl/gz_ws/install/local/lib/python3.10/dist-packages/blueboat_interfaces/srv/__init__.py'...
[3.000s] Compiling '/home/blueboat_sitl/gz_ws/install/local/lib/python3.10/dist-packages/blueboat_interfaces/srv/_set_target.py'...
[3.037s] -- Installing: /home/blueboat_sitl/gz_ws/install/lib/libblueboat_interfaces__rosidl_generator_py.so
[3.038s] -- Set runtime path of "/home/blueboat_sitl/gz_ws/install/lib/libblueboat_interfaces__rosidl_generator_py.so" to ""
[3.038s] -- Installing: /home/blueboat_sitl/gz_ws/install/share/blueboat_interfaces/cmake/export_blueboat_interfaces__rosidl_generator_cExport.cmake
[3.038s] -- Installing: /home/blueboat_sitl/gz_ws/install/share/blueboat_interfaces/cmake/export_blueboat_interfaces__rosidl_generator_cExport-relwithdebinfo.cmake
[3.038s] -- Installing: /home/blueboat_sitl/gz_ws/install/share/blueboat_interfaces/cmake/export_blueboat_interfaces__rosidl_typesupport_fastrtps_cExport.cmake
[3.038s] -- Installing: /home/blueboat_sitl/gz_ws/install/share/blueboat_interfaces/cmake/export_blueboat_interfaces__rosidl_typesupport_fastrtps_cExport-relwithdebinfo.cmake
[3.039s] -- Installing: /home/blueboat_sitl/gz_ws/install/share/blueboat_interfaces/cmake/blueboat_interfaces__rosidl_typesupport_introspection_cExport.cmake
[3.040s] -- Installing: /home/blueboat_sitl/gz_ws/install/share/blueboat_interfaces/cmake/blueboat_interfaces__rosidl_typesupport_introspection_cExport-relwithdebinfo.cmake
[3.042s] -- Installing: /home/blueboat_sitl/gz_ws/install/share/blueboat_interfaces/cmake/blueboat_interfaces__rosidl_typesupport_cExport.cmake
[3.042s] -- Installing: /home/blueboat_sitl/gz_ws/install/share/blueboat_interfaces/cmake/blueboat_interfaces__rosidl_typesupport_cExport-relwithdebinfo.cmake
[3.042s] -- Installing: /home/blueboat_sitl/gz_ws/install/share/blueboat_interfaces/cmake/export_blueboat_interfaces__rosidl_generator_cppExport.cmake
[3.043s] -- Installing: /home/blueboat_sitl/gz_ws/install/share/blueboat_interfaces/cmake/export_blueboat_interfaces__rosidl_typesupport_fastrtps_cppExport.cmake
[3.045s] -- Installing: /home/blueboat_sitl/gz_ws/install/share/blueboat_interfaces/cmake/export_blueboat_interfaces__rosidl_typesupport_fastrtps_cppExport-relwithdebinfo.cmake
[3.049s] -- Installing: /home/blueboat_sitl/gz_ws/install/share/blueboat_interfaces/cmake/blueboat_interfaces__rosidl_typesupport_introspection_cppExport.cmake
[3.051s] -- Installing: /home/blueboat_sitl/gz_ws/install/share/blueboat_interfaces/cmake/blueboat_interfaces__rosidl_typesupport_introspection_cppExport-relwithdebinfo.cmake
[3.051s] -- Installing: /home/blueboat_sitl/gz_ws/install/share/blueboat_interfaces/cmake/blueboat_interfaces__rosidl_typesupport_cppExport.cmake
[3.051s] -- Installing: /home/blueboat_sitl/gz_ws/install/share/blueboat_interfaces/cmake/blueboat_interfaces__rosidl_typesupport_cppExport-relwithdebinfo.cmake
[3.051s] -- Installing: /home/blueboat_sitl/gz_ws/install/share/blueboat_interfaces/cmake/export_blueboat_interfaces__rosidl_generator_pyExport.cmake
[3.051s] -- Installing: /home/blueboat_sitl/gz_ws/install/share/blueboat_interfaces/cmake/export_blueboat_interfaces__rosidl_generator_pyExport-relwithdebinfo.cmake
[3.128s] Invoked command in '/home/blueboat_sitl/gz_ws/build/blueboat_interfaces' returned '0': CMAKE_PREFIX_PATH=${CMAKE_PREFIX_PATH}:/opt/ros/humble /usr/bin/cmake --install /home/blueboat_sitl/gz_ws/build/blueboat_interfaces
