[0.022s] Invoking command in '/home/blueboat_sitl/gz_ws/build/blueboat_interfaces': CMAKE_PREFIX_PATH=${CMAKE_PREFIX_PATH}:/opt/ros/humble /usr/bin/cmake --build /home/blueboat_sitl/gz_ws/build/blueboat_interfaces -- -j24 -l24
[0.197s] [35m[1mConsolidate compiler generated dependencies of target blueboat_interfaces__rosidl_generator_c[0m
[0.197s] [  3%] Built target blueboat_interfaces__cpp
[0.198s] [ 12%] Built target blueboat_interfaces__rosidl_generator_c
[0.198s] [35m[1mConsolidate compiler generated dependencies of target blueboat_interfaces__rosidl_typesupport_c[0m
[0.198s] [35m[1mConsolidate compiler generated dependencies of target blueboat_interfaces__rosidl_typesupport_cpp[0m
[0.198s] [35m[1mConsolidate compiler generated dependencies of target blueboat_interfaces__rosidl_typesupport_introspection_cpp[0m
[0.198s] [35m[1mConsolidate compiler generated dependencies of target blueboat_interfaces__rosidl_typesupport_fastrtps_c[0m
[0.198s] [ 12%] Built target ament_cmake_python_symlink_blueboat_interfaces
[0.198s] [35m[1mConsolidate compiler generated dependencies of target blueboat_interfaces__rosidl_typesupport_introspection_c[0m
[0.198s] [35m[1mConsolidate compiler generated dependencies of target blueboat_interfaces__rosidl_typesupport_fastrtps_cpp[0m
[0.199s] [ 41%] Built target blueboat_interfaces__rosidl_typesupport_introspection_c
[0.199s] [ 41%] Built target blueboat_interfaces__rosidl_typesupport_c
[0.199s] [ 41%] Built target blueboat_interfaces__rosidl_typesupport_cpp
[0.199s] [ 51%] Built target blueboat_interfaces__rosidl_typesupport_introspection_cpp
[0.199s] [ 61%] Built target blueboat_interfaces__rosidl_typesupport_fastrtps_c
[0.199s] [ 70%] Built target blueboat_interfaces__rosidl_typesupport_fastrtps_cpp
[0.199s] [ 70%] Built target blueboat_interfaces
[0.199s] [ 74%] Built target blueboat_interfaces__py
[0.199s] [35m[1mConsolidate compiler generated dependencies of target blueboat_interfaces__rosidl_generator_py[0m
[0.199s] [ 80%] Built target blueboat_interfaces__rosidl_generator_py
[0.199s] [35m[1mConsolidate compiler generated dependencies of target blueboat_interfaces__rosidl_typesupport_c__pyext[0m
[0.199s] [35m[1mConsolidate compiler generated dependencies of target blueboat_interfaces__rosidl_typesupport_fastrtps_c__pyext[0m
[0.199s] [35m[1mConsolidate compiler generated dependencies of target blueboat_interfaces__rosidl_typesupport_introspection_c__pyext[0m
[0.200s] [100%] Built target blueboat_interfaces__rosidl_typesupport_c__pyext
[0.200s] [100%] Built target blueboat_interfaces__rosidl_typesupport_fastrtps_c__pyext
[0.200s] [100%] Built target blueboat_interfaces__rosidl_typesupport_introspection_c__pyext
[0.224s] running egg_info
[0.225s] writing blueboat_interfaces.egg-info/PKG-INFO
[0.225s] writing dependency_links to blueboat_interfaces.egg-info/dependency_links.txt
[0.225s] writing top-level names to blueboat_interfaces.egg-info/top_level.txt
[0.227s] reading manifest file 'blueboat_interfaces.egg-info/SOURCES.txt'
[0.227s] writing manifest file 'blueboat_interfaces.egg-info/SOURCES.txt'
[0.265s] [100%] Built target ament_cmake_python_build_blueboat_interfaces_egg
[0.399s] Invoked command in '/home/blueboat_sitl/gz_ws/build/blueboat_interfaces' returned '0': CMAKE_PREFIX_PATH=${CMAKE_PREFIX_PATH}:/opt/ros/humble /usr/bin/cmake --build /home/blueboat_sitl/gz_ws/build/blueboat_interfaces -- -j24 -l24
[0.406s] Invoking command in '/home/blueboat_sitl/gz_ws/build/blueboat_interfaces': CMAKE_PREFIX_PATH=${CMAKE_PREFIX_PATH}:/opt/ros/humble /usr/bin/cmake --install /home/blueboat_sitl/gz_ws/build/blueboat_interfaces
[0.414s] -- Install configuration: "RelWithDebInfo"
[0.414s] -- Execute custom install script
[0.414s] -- Up-to-date symlink: /home/blueboat_sitl/gz_ws/install/share/ament_index/resource_index/rosidl_interfaces/blueboat_interfaces
[0.415s] -- Up-to-date symlink: /home/blueboat_sitl/gz_ws/install/include/blueboat_interfaces/blueboat_interfaces/msg/rosidl_generator_c__visibility_control.h
[0.415s] -- Up-to-date symlink: /home/blueboat_sitl/gz_ws/install/include/blueboat_interfaces/blueboat_interfaces/srv/detail/set_target__functions.h
[0.415s] -- Up-to-date symlink: /home/blueboat_sitl/gz_ws/install/include/blueboat_interfaces/blueboat_interfaces/srv/detail/set_target__struct.h
[0.415s] -- Up-to-date symlink: /home/blueboat_sitl/gz_ws/install/include/blueboat_interfaces/blueboat_interfaces/srv/detail/set_target__type_support.h
[0.415s] -- Up-to-date symlink: /home/blueboat_sitl/gz_ws/install/include/blueboat_interfaces/blueboat_interfaces/srv/set_target.h
[0.415s] -- Up-to-date symlink: /home/blueboat_sitl/gz_ws/install/share/blueboat_interfaces/environment/library_path.sh
[0.415s] -- Up-to-date symlink: /home/blueboat_sitl/gz_ws/install/share/blueboat_interfaces/environment/library_path.dsv
[0.415s] -- Up-to-date symlink: /home/blueboat_sitl/gz_ws/install/include/blueboat_interfaces/blueboat_interfaces/msg/rosidl_typesupport_fastrtps_c__visibility_control.h
[0.416s] -- Up-to-date symlink: /home/blueboat_sitl/gz_ws/install/include/blueboat_interfaces/blueboat_interfaces/srv/detail/set_target__rosidl_typesupport_fastrtps_c.h
[0.416s] -- Up-to-date symlink: /home/blueboat_sitl/gz_ws/install/include/blueboat_interfaces/blueboat_interfaces/msg/rosidl_typesupport_introspection_c__visibility_control.h
[0.416s] -- Up-to-date symlink: /home/blueboat_sitl/gz_ws/install/include/blueboat_interfaces/blueboat_interfaces/srv/detail/set_target__rosidl_typesupport_introspection_c.h
[0.416s] -- Up-to-date symlink: /home/blueboat_sitl/gz_ws/install/include/blueboat_interfaces/blueboat_interfaces/msg/rosidl_generator_cpp__visibility_control.hpp
[0.416s] -- Up-to-date symlink: /home/blueboat_sitl/gz_ws/install/include/blueboat_interfaces/blueboat_interfaces/srv/detail/set_target__builder.hpp
[0.416s] -- Up-to-date symlink: /home/blueboat_sitl/gz_ws/install/include/blueboat_interfaces/blueboat_interfaces/srv/detail/set_target__struct.hpp
[0.416s] -- Up-to-date symlink: /home/blueboat_sitl/gz_ws/install/include/blueboat_interfaces/blueboat_interfaces/srv/detail/set_target__traits.hpp
[0.416s] -- Up-to-date symlink: /home/blueboat_sitl/gz_ws/install/include/blueboat_interfaces/blueboat_interfaces/srv/detail/set_target__type_support.hpp
[0.416s] -- Up-to-date symlink: /home/blueboat_sitl/gz_ws/install/include/blueboat_interfaces/blueboat_interfaces/srv/set_target.hpp
[0.416s] -- Up-to-date symlink: /home/blueboat_sitl/gz_ws/install/include/blueboat_interfaces/blueboat_interfaces/msg/rosidl_typesupport_fastrtps_cpp__visibility_control.h
[0.416s] -- Up-to-date symlink: /home/blueboat_sitl/gz_ws/install/include/blueboat_interfaces/blueboat_interfaces/srv/detail/set_target__rosidl_typesupport_fastrtps_cpp.hpp
[0.416s] -- Up-to-date symlink: /home/blueboat_sitl/gz_ws/install/include/blueboat_interfaces/blueboat_interfaces/srv/detail/set_target__rosidl_typesupport_introspection_cpp.hpp
[0.416s] -- Up-to-date symlink: /home/blueboat_sitl/gz_ws/install/share/blueboat_interfaces/environment/pythonpath.sh
[0.417s] -- Up-to-date symlink: /home/blueboat_sitl/gz_ws/install/share/blueboat_interfaces/environment/pythonpath.dsv
[0.417s] -- Up-to-date symlink: /home/blueboat_sitl/gz_ws/install/local/lib/python3.10/dist-packages/blueboat_interfaces-0.0.0-py3.10.egg-info/PKG-INFO
[0.417s] -- Up-to-date symlink: /home/blueboat_sitl/gz_ws/install/local/lib/python3.10/dist-packages/blueboat_interfaces-0.0.0-py3.10.egg-info/SOURCES.txt
[0.417s] -- Up-to-date symlink: /home/blueboat_sitl/gz_ws/install/local/lib/python3.10/dist-packages/blueboat_interfaces-0.0.0-py3.10.egg-info/dependency_links.txt
[0.417s] -- Up-to-date symlink: /home/blueboat_sitl/gz_ws/install/local/lib/python3.10/dist-packages/blueboat_interfaces-0.0.0-py3.10.egg-info/top_level.txt
[0.417s] -- Up-to-date symlink: /home/blueboat_sitl/gz_ws/install/local/lib/python3.10/dist-packages/blueboat_interfaces/__init__.py
[0.417s] -- Up-to-date symlink: /home/blueboat_sitl/gz_ws/install/local/lib/python3.10/dist-packages/blueboat_interfaces/_blueboat_interfaces_s.ep.rosidl_typesupport_c.c
[0.417s] -- Up-to-date symlink: /home/blueboat_sitl/gz_ws/install/local/lib/python3.10/dist-packages/blueboat_interfaces/_blueboat_interfaces_s.ep.rosidl_typesupport_fastrtps_c.c
[0.417s] -- Up-to-date symlink: /home/blueboat_sitl/gz_ws/install/local/lib/python3.10/dist-packages/blueboat_interfaces/_blueboat_interfaces_s.ep.rosidl_typesupport_introspection_c.c
[0.417s] -- Up-to-date symlink: /home/blueboat_sitl/gz_ws/install/local/lib/python3.10/dist-packages/blueboat_interfaces/blueboat_interfaces_s__rosidl_typesupport_c.cpython-310-x86_64-linux-gnu.so
[0.418s] -- Up-to-date symlink: /home/blueboat_sitl/gz_ws/install/local/lib/python3.10/dist-packages/blueboat_interfaces/blueboat_interfaces_s__rosidl_typesupport_fastrtps_c.cpython-310-x86_64-linux-gnu.so
[0.418s] -- Up-to-date symlink: /home/blueboat_sitl/gz_ws/install/local/lib/python3.10/dist-packages/blueboat_interfaces/blueboat_interfaces_s__rosidl_typesupport_introspection_c.cpython-310-x86_64-linux-gnu.so
[0.418s] -- Up-to-date symlink: /home/blueboat_sitl/gz_ws/install/local/lib/python3.10/dist-packages/blueboat_interfaces/libblueboat_interfaces__rosidl_generator_py.so
[0.418s] -- Up-to-date symlink: /home/blueboat_sitl/gz_ws/install/local/lib/python3.10/dist-packages/blueboat_interfaces/srv/__init__.py
[0.418s] -- Up-to-date symlink: /home/blueboat_sitl/gz_ws/install/local/lib/python3.10/dist-packages/blueboat_interfaces/srv/_set_target.py
[0.418s] -- Up-to-date symlink: /home/blueboat_sitl/gz_ws/install/local/lib/python3.10/dist-packages/blueboat_interfaces/srv/_set_target_s.c
[0.418s] -- Up-to-date symlink: /home/blueboat_sitl/gz_ws/install/local/lib/python3.10/dist-packages/blueboat_interfaces/blueboat_interfaces_s__rosidl_typesupport_fastrtps_c.cpython-310-x86_64-linux-gnu.so
[0.418s] -- Up-to-date symlink: /home/blueboat_sitl/gz_ws/install/local/lib/python3.10/dist-packages/blueboat_interfaces/blueboat_interfaces_s__rosidl_typesupport_introspection_c.cpython-310-x86_64-linux-gnu.so
[0.418s] -- Up-to-date symlink: /home/blueboat_sitl/gz_ws/install/local/lib/python3.10/dist-packages/blueboat_interfaces/blueboat_interfaces_s__rosidl_typesupport_c.cpython-310-x86_64-linux-gnu.so
[0.418s] -- Up-to-date symlink: /home/blueboat_sitl/gz_ws/install/share/blueboat_interfaces/srv/SetTarget.idl
[0.418s] -- Up-to-date symlink: /home/blueboat_sitl/gz_ws/install/share/blueboat_interfaces/srv/SetTarget.srv
[0.418s] -- Up-to-date symlink: /home/blueboat_sitl/gz_ws/install/share/blueboat_interfaces/srv/SetTarget_Request.msg
[0.418s] -- Up-to-date symlink: /home/blueboat_sitl/gz_ws/install/share/blueboat_interfaces/srv/SetTarget_Response.msg
[0.418s] -- Up-to-date symlink: /home/blueboat_sitl/gz_ws/install/share/ament_index/resource_index/package_run_dependencies/blueboat_interfaces
[0.419s] -- Up-to-date symlink: /home/blueboat_sitl/gz_ws/install/share/ament_index/resource_index/parent_prefix_path/blueboat_interfaces
[0.419s] -- Up-to-date symlink: /home/blueboat_sitl/gz_ws/install/share/blueboat_interfaces/environment/ament_prefix_path.sh
[0.419s] -- Up-to-date symlink: /home/blueboat_sitl/gz_ws/install/share/blueboat_interfaces/environment/ament_prefix_path.dsv
[0.419s] -- Up-to-date symlink: /home/blueboat_sitl/gz_ws/install/share/blueboat_interfaces/environment/path.sh
[0.419s] -- Up-to-date symlink: /home/blueboat_sitl/gz_ws/install/share/blueboat_interfaces/environment/path.dsv
[0.419s] -- Up-to-date symlink: /home/blueboat_sitl/gz_ws/install/share/blueboat_interfaces/local_setup.bash
[0.419s] -- Up-to-date symlink: /home/blueboat_sitl/gz_ws/install/share/blueboat_interfaces/local_setup.sh
[0.419s] -- Up-to-date symlink: /home/blueboat_sitl/gz_ws/install/share/blueboat_interfaces/local_setup.zsh
[0.419s] -- Up-to-date symlink: /home/blueboat_sitl/gz_ws/install/share/blueboat_interfaces/local_setup.dsv
[0.419s] -- Symlinking: /home/blueboat_sitl/gz_ws/install/share/blueboat_interfaces/package.dsv
[0.426s] -- Up-to-date symlink: /home/blueboat_sitl/gz_ws/install/share/ament_index/resource_index/packages/blueboat_interfaces
[0.426s] -- Up-to-date symlink: /home/blueboat_sitl/gz_ws/install/share/blueboat_interfaces/cmake/rosidl_cmake-extras.cmake
[0.426s] -- Up-to-date symlink: /home/blueboat_sitl/gz_ws/install/share/blueboat_interfaces/cmake/ament_cmake_export_include_directories-extras.cmake
[0.426s] -- Up-to-date symlink: /home/blueboat_sitl/gz_ws/install/share/blueboat_interfaces/cmake/ament_cmake_export_libraries-extras.cmake
[0.427s] -- Up-to-date symlink: /home/blueboat_sitl/gz_ws/install/share/blueboat_interfaces/cmake/ament_cmake_export_targets-extras.cmake
[0.427s] -- Up-to-date symlink: /home/blueboat_sitl/gz_ws/install/share/blueboat_interfaces/cmake/rosidl_cmake_export_typesupport_targets-extras.cmake
[0.427s] -- Up-to-date symlink: /home/blueboat_sitl/gz_ws/install/share/blueboat_interfaces/cmake/ament_cmake_export_dependencies-extras.cmake
[0.427s] -- Up-to-date symlink: /home/blueboat_sitl/gz_ws/install/share/blueboat_interfaces/cmake/rosidl_cmake_export_typesupport_libraries-extras.cmake
[0.427s] -- Up-to-date symlink: /home/blueboat_sitl/gz_ws/install/share/blueboat_interfaces/cmake/blueboat_interfacesConfig.cmake
[0.427s] -- Up-to-date symlink: /home/blueboat_sitl/gz_ws/install/share/blueboat_interfaces/cmake/blueboat_interfacesConfig-version.cmake
[0.427s] -- Up-to-date symlink: /home/blueboat_sitl/gz_ws/install/share/blueboat_interfaces/package.xml
[0.427s] -- Up-to-date: /home/blueboat_sitl/gz_ws/install/lib/libblueboat_interfaces__rosidl_generator_c.so
[0.427s] -- Up-to-date: /home/blueboat_sitl/gz_ws/install/lib/libblueboat_interfaces__rosidl_typesupport_fastrtps_c.so
[0.427s] -- Up-to-date: /home/blueboat_sitl/gz_ws/install/lib/libblueboat_interfaces__rosidl_typesupport_introspection_c.so
[0.427s] -- Up-to-date: /home/blueboat_sitl/gz_ws/install/lib/libblueboat_interfaces__rosidl_typesupport_c.so
[0.427s] -- Up-to-date: /home/blueboat_sitl/gz_ws/install/lib/libblueboat_interfaces__rosidl_typesupport_fastrtps_cpp.so
[0.427s] -- Up-to-date: /home/blueboat_sitl/gz_ws/install/lib/libblueboat_interfaces__rosidl_typesupport_introspection_cpp.so
[0.427s] -- Up-to-date: /home/blueboat_sitl/gz_ws/install/lib/libblueboat_interfaces__rosidl_typesupport_cpp.so
[0.452s] Listing '/home/blueboat_sitl/gz_ws/install/local/lib/python3.10/dist-packages/blueboat_interfaces'...
[0.452s] Listing '/home/blueboat_sitl/gz_ws/install/local/lib/python3.10/dist-packages/blueboat_interfaces/srv'...
[0.456s] -- Up-to-date: /home/blueboat_sitl/gz_ws/install/lib/libblueboat_interfaces__rosidl_generator_py.so
[0.456s] -- Up-to-date: /home/blueboat_sitl/gz_ws/install/share/blueboat_interfaces/cmake/export_blueboat_interfaces__rosidl_generator_cExport.cmake
[0.456s] -- Up-to-date: /home/blueboat_sitl/gz_ws/install/share/blueboat_interfaces/cmake/export_blueboat_interfaces__rosidl_generator_cExport-relwithdebinfo.cmake
[0.456s] -- Up-to-date: /home/blueboat_sitl/gz_ws/install/share/blueboat_interfaces/cmake/export_blueboat_interfaces__rosidl_typesupport_fastrtps_cExport.cmake
[0.456s] -- Up-to-date: /home/blueboat_sitl/gz_ws/install/share/blueboat_interfaces/cmake/export_blueboat_interfaces__rosidl_typesupport_fastrtps_cExport-relwithdebinfo.cmake
[0.456s] -- Up-to-date: /home/blueboat_sitl/gz_ws/install/share/blueboat_interfaces/cmake/blueboat_interfaces__rosidl_typesupport_introspection_cExport.cmake
[0.456s] -- Up-to-date: /home/blueboat_sitl/gz_ws/install/share/blueboat_interfaces/cmake/blueboat_interfaces__rosidl_typesupport_introspection_cExport-relwithdebinfo.cmake
[0.457s] -- Up-to-date: /home/blueboat_sitl/gz_ws/install/share/blueboat_interfaces/cmake/blueboat_interfaces__rosidl_typesupport_cExport.cmake
[0.457s] -- Up-to-date: /home/blueboat_sitl/gz_ws/install/share/blueboat_interfaces/cmake/blueboat_interfaces__rosidl_typesupport_cExport-relwithdebinfo.cmake
[0.457s] -- Up-to-date: /home/blueboat_sitl/gz_ws/install/share/blueboat_interfaces/cmake/export_blueboat_interfaces__rosidl_generator_cppExport.cmake
[0.457s] -- Up-to-date: /home/blueboat_sitl/gz_ws/install/share/blueboat_interfaces/cmake/export_blueboat_interfaces__rosidl_typesupport_fastrtps_cppExport.cmake
[0.457s] -- Up-to-date: /home/blueboat_sitl/gz_ws/install/share/blueboat_interfaces/cmake/export_blueboat_interfaces__rosidl_typesupport_fastrtps_cppExport-relwithdebinfo.cmake
[0.457s] -- Up-to-date: /home/blueboat_sitl/gz_ws/install/share/blueboat_interfaces/cmake/blueboat_interfaces__rosidl_typesupport_introspection_cppExport.cmake
[0.457s] -- Up-to-date: /home/blueboat_sitl/gz_ws/install/share/blueboat_interfaces/cmake/blueboat_interfaces__rosidl_typesupport_introspection_cppExport-relwithdebinfo.cmake
[0.457s] -- Up-to-date: /home/blueboat_sitl/gz_ws/install/share/blueboat_interfaces/cmake/blueboat_interfaces__rosidl_typesupport_cppExport.cmake
[0.457s] -- Up-to-date: /home/blueboat_sitl/gz_ws/install/share/blueboat_interfaces/cmake/blueboat_interfaces__rosidl_typesupport_cppExport-relwithdebinfo.cmake
[0.457s] -- Up-to-date: /home/blueboat_sitl/gz_ws/install/share/blueboat_interfaces/cmake/export_blueboat_interfaces__rosidl_generator_pyExport.cmake
[0.457s] -- Up-to-date: /home/blueboat_sitl/gz_ws/install/share/blueboat_interfaces/cmake/export_blueboat_interfaces__rosidl_generator_pyExport-relwithdebinfo.cmake
[0.466s] Invoked command in '/home/blueboat_sitl/gz_ws/build/blueboat_interfaces' returned '0': CMAKE_PREFIX_PATH=${CMAKE_PREFIX_PATH}:/opt/ros/humble /usr/bin/cmake --install /home/blueboat_sitl/gz_ws/build/blueboat_interfaces
