running egg_info
writing ../../build/blueboat_control/blueboat_control.egg-info/PKG-INFO
writing dependency_links to ../../build/blueboat_control/blueboat_control.egg-info/dependency_links.txt
writing entry points to ../../build/blueboat_control/blueboat_control.egg-info/entry_points.txt
writing requirements to ../../build/blueboat_control/blueboat_control.egg-info/requires.txt
writing top-level names to ../../build/blueboat_control/blueboat_control.egg-info/top_level.txt
reading manifest file '../../build/blueboat_control/blueboat_control.egg-info/SOURCES.txt'
writing manifest file '../../build/blueboat_control/blueboat_control.egg-info/SOURCES.txt'
running build
running build_py
copying blueboat_control/asv_pid_rc_node.py -> /home/blueboat_sitl/gz_ws/build/blueboat_control/build/lib/blueboat_control
running install
running install_lib
copying /home/blueboat_sitl/gz_ws/build/blueboat_control/build/lib/blueboat_control/asv_pid_rc_node.py -> /home/blueboat_sitl/gz_ws/install/lib/python3.10/site-packages/blueboat_control
byte-compiling /home/blueboat_sitl/gz_ws/install/lib/python3.10/site-packages/blueboat_control/asv_pid_rc_node.py to asv_pid_rc_node.cpython-310.pyc
running install_data
running install_egg_info
removing '/home/blueboat_sitl/gz_ws/install/lib/python3.10/site-packages/blueboat_control-0.0.0-py3.10.egg-info' (and everything under it)
Copying ../../build/blueboat_control/blueboat_control.egg-info to /home/blueboat_sitl/gz_ws/install/lib/python3.10/site-packages/blueboat_control-0.0.0-py3.10.egg-info
running install_scripts
Installing asv_pid_rc script to /home/blueboat_sitl/gz_ws/install/lib/blueboat_control
writing list of installed files to '/home/blueboat_sitl/gz_ws/build/blueboat_control/install.log'
