-- The C compiler identification is GNU 11.4.0
-- The CXX compiler identification is GNU 11.4.0
-- Detecting C compiler ABI info
-- Detecting C compiler ABI info - done
-- Check for working C compiler: /usr/bin/cc - skipped
-- Detecting C compile features
-- Detecting C compile features - done
-- Detecting CXX compiler ABI info
-- Detecting CXX compiler ABI info - done
-- Check for working CXX compiler: /usr/bin/c++ - skipped
-- Detecting CXX compile features
-- Detecting CXX compile features - done
-- Found ament_cmake: 1.3.12 (/opt/ros/humble/share/ament_cmake/cmake)
-- Found Python3: /usr/bin/python3 (found version "3.10.12") found components: Interpreter 
-- Override CMake install command with custom implementation using symlinks instead of copying resources
-- Found rosidl_default_generators: 1.2.0 (/opt/ros/humble/share/rosidl_default_generators/cmake)
-- Using all available rosidl_typesupport_c: rosidl_typesupport_fastrtps_c;rosidl_typesupport_introspection_c
-- Found rosidl_adapter: 3.1.7 (/opt/ros/humble/share/rosidl_adapter/cmake)
-- Using all available rosidl_typesupport_cpp: rosidl_typesupport_fastrtps_cpp;rosidl_typesupport_introspection_cpp
-- Found ament_cmake_ros: 0.10.0 (/opt/ros/humble/share/ament_cmake_ros/cmake)
-- Using all available rosidl_typesupport_c: rosidl_typesupport_fastrtps_c;rosidl_typesupport_introspection_c
-- Using all available rosidl_typesupport_cpp: rosidl_typesupport_fastrtps_cpp;rosidl_typesupport_introspection_cpp
-- Found PythonInterp: /usr/bin/python3 (found suitable version "3.10.12", minimum required is "3.6") 
-- Found python_cmake_module: 0.10.0 (/opt/ros/humble/share/python_cmake_module/cmake)
-- Found PythonLibs: /usr/lib/x86_64-linux-gnu/libpython3.10.so (found suitable version "3.10.12", minimum required is "3.5") 
-- Using PYTHON_EXECUTABLE: /usr/bin/python3
-- Using PYTHON_INCLUDE_DIRS: /usr/include/python3.10
-- Using PYTHON_LIBRARIES: /usr/lib/x86_64-linux-gnu/libpython3.10.so
-- Found PythonExtra: .so  
-- Found ament_lint_auto: 0.12.14 (/opt/ros/humble/share/ament_lint_auto/cmake)
-- Added test 'cppcheck' to perform static code analysis on C / C++ code
-- Configured cppcheck include dirs: 
-- Configured cppcheck exclude dirs and/or files: 
-- Added test 'flake8' to check Python code syntax and style conventions
-- Added test 'lint_cmake' to check CMake code style
-- Added test 'pep257' to check Python code against some of the docstring style conventions in PEP 257
-- Added test 'uncrustify' to check C / C++ code style
-- Configured uncrustify additional arguments: 
-- Added test 'xmllint' to check XML markup files
-- Configuring done
-- Generating done
-- Build files have been written to: /home/blueboat_sitl/gz_ws/build/blueboat_interfaces
[  3%] [34m[1mGenerating C code for ROS interfaces[0m
[  6%] [34m[1mGenerating C++ code for ROS interfaces[0m
[  6%] Built target ament_cmake_python_symlink_blueboat_interfaces
[  6%] Built target blueboat_interfaces__cpp
running egg_info
creating blueboat_interfaces.egg-info
writing blueboat_interfaces.egg-info/PKG-INFO
writing dependency_links to blueboat_interfaces.egg-info/dependency_links.txt
writing top-level names to blueboat_interfaces.egg-info/top_level.txt
writing manifest file 'blueboat_interfaces.egg-info/SOURCES.txt'
reading manifest file 'blueboat_interfaces.egg-info/SOURCES.txt'
writing manifest file 'blueboat_interfaces.egg-info/SOURCES.txt'
[ 12%] [34m[1mGenerating C++ introspection for ROS interfaces[0m
[ 12%] [32mBuilding C object CMakeFiles/blueboat_interfaces__rosidl_generator_c.dir/rosidl_generator_c/blueboat_interfaces/srv/detail/set_target__functions.c.o[0m
[ 16%] [34m[1mGenerating C++ type support dispatch for ROS interfaces[0m
[ 19%] [34m[1mGenerating C++ type support for eProsima Fast-RTPS[0m
[ 19%] Built target ament_cmake_python_build_blueboat_interfaces_egg
[ 22%] [32m[1mLinking C shared library libblueboat_interfaces__rosidl_generator_c.so[0m
[ 22%] Built target blueboat_interfaces__rosidl_generator_c
[ 25%] [34m[1mGenerating C introspection for ROS interfaces[0m
[ 32%] [34m[1mGenerating C type support for eProsima Fast-RTPS[0m
[ 32%] [34m[1mGenerating C type support dispatch for ROS interfaces[0m
[ 35%] [32mBuilding CXX object CMakeFiles/blueboat_interfaces__rosidl_typesupport_cpp.dir/rosidl_typesupport_cpp/blueboat_interfaces/srv/set_target__type_support.cpp.o[0m
[ 38%] [32mBuilding CXX object CMakeFiles/blueboat_interfaces__rosidl_typesupport_fastrtps_cpp.dir/rosidl_typesupport_fastrtps_cpp/blueboat_interfaces/srv/detail/dds_fastrtps/set_target__type_support.cpp.o[0m
[ 41%] [32mBuilding CXX object CMakeFiles/blueboat_interfaces__rosidl_typesupport_introspection_cpp.dir/rosidl_typesupport_introspection_cpp/blueboat_interfaces/srv/detail/set_target__type_support.cpp.o[0m
[ 45%] [32mBuilding CXX object CMakeFiles/blueboat_interfaces__rosidl_typesupport_c.dir/rosidl_typesupport_c/blueboat_interfaces/srv/set_target__type_support.cpp.o[0m
[ 48%] [32mBuilding CXX object CMakeFiles/blueboat_interfaces__rosidl_typesupport_fastrtps_c.dir/rosidl_typesupport_fastrtps_c/blueboat_interfaces/srv/detail/set_target__type_support_c.cpp.o[0m
[ 51%] [32mBuilding C object CMakeFiles/blueboat_interfaces__rosidl_typesupport_introspection_c.dir/rosidl_typesupport_introspection_c/blueboat_interfaces/srv/detail/set_target__type_support.c.o[0m
[ 54%] [32m[1mLinking CXX shared library libblueboat_interfaces__rosidl_typesupport_c.so[0m
[ 58%] [32m[1mLinking CXX shared library libblueboat_interfaces__rosidl_typesupport_cpp.so[0m
[ 61%] [32m[1mLinking C shared library libblueboat_interfaces__rosidl_typesupport_introspection_c.so[0m
[ 61%] Built target blueboat_interfaces__rosidl_typesupport_c
[ 61%] Built target blueboat_interfaces__rosidl_typesupport_cpp
[ 61%] Built target blueboat_interfaces__rosidl_typesupport_introspection_c
[ 64%] [32m[1mLinking CXX shared library libblueboat_interfaces__rosidl_typesupport_introspection_cpp.so[0m
[ 67%] [32m[1mLinking CXX shared library libblueboat_interfaces__rosidl_typesupport_fastrtps_cpp.so[0m
[ 67%] Built target blueboat_interfaces__rosidl_typesupport_introspection_cpp
[ 67%] Built target blueboat_interfaces__rosidl_typesupport_fastrtps_cpp
[ 70%] [32m[1mLinking CXX shared library libblueboat_interfaces__rosidl_typesupport_fastrtps_c.so[0m
[ 70%] Built target blueboat_interfaces__rosidl_typesupport_fastrtps_c
[ 70%] Built target blueboat_interfaces
[ 74%] [34m[1mGenerating Python code for ROS interfaces[0m
[ 74%] Built target blueboat_interfaces__py
[ 77%] [32mBuilding C object CMakeFiles/blueboat_interfaces__rosidl_generator_py.dir/rosidl_generator_py/blueboat_interfaces/srv/_set_target_s.c.o[0m
[ 80%] [32m[1mLinking C shared library rosidl_generator_py/blueboat_interfaces/libblueboat_interfaces__rosidl_generator_py.so[0m
[ 80%] Built target blueboat_interfaces__rosidl_generator_py
[ 83%] [32mBuilding C object CMakeFiles/blueboat_interfaces__rosidl_typesupport_c__pyext.dir/rosidl_generator_py/blueboat_interfaces/_blueboat_interfaces_s.ep.rosidl_typesupport_c.c.o[0m
[ 87%] [32mBuilding C object CMakeFiles/blueboat_interfaces__rosidl_typesupport_fastrtps_c__pyext.dir/rosidl_generator_py/blueboat_interfaces/_blueboat_interfaces_s.ep.rosidl_typesupport_fastrtps_c.c.o[0m
[ 90%] [32mBuilding C object CMakeFiles/blueboat_interfaces__rosidl_typesupport_introspection_c__pyext.dir/rosidl_generator_py/blueboat_interfaces/_blueboat_interfaces_s.ep.rosidl_typesupport_introspection_c.c.o[0m
[ 93%] [32m[1mLinking C shared library rosidl_generator_py/blueboat_interfaces/blueboat_interfaces_s__rosidl_typesupport_introspection_c.cpython-310-x86_64-linux-gnu.so[0m
[ 96%] [32m[1mLinking C shared library rosidl_generator_py/blueboat_interfaces/blueboat_interfaces_s__rosidl_typesupport_c.cpython-310-x86_64-linux-gnu.so[0m
[100%] [32m[1mLinking C shared library rosidl_generator_py/blueboat_interfaces/blueboat_interfaces_s__rosidl_typesupport_fastrtps_c.cpython-310-x86_64-linux-gnu.so[0m
[100%] Built target blueboat_interfaces__rosidl_typesupport_fastrtps_c__pyext
[100%] Built target blueboat_interfaces__rosidl_typesupport_introspection_c__pyext
[100%] Built target blueboat_interfaces__rosidl_typesupport_c__pyext
-- Install configuration: "RelWithDebInfo"
-- Execute custom install script
-- Symlinking: /home/blueboat_sitl/gz_ws/install/share/ament_index/resource_index/rosidl_interfaces/blueboat_interfaces
-- Symlinking: /home/blueboat_sitl/gz_ws/install/include/blueboat_interfaces/blueboat_interfaces/msg/rosidl_generator_c__visibility_control.h
-- Symlinking: /home/blueboat_sitl/gz_ws/install/include/blueboat_interfaces/blueboat_interfaces/srv/detail/set_target__functions.h
-- Symlinking: /home/blueboat_sitl/gz_ws/install/include/blueboat_interfaces/blueboat_interfaces/srv/detail/set_target__struct.h
-- Symlinking: /home/blueboat_sitl/gz_ws/install/include/blueboat_interfaces/blueboat_interfaces/srv/detail/set_target__type_support.h
-- Symlinking: /home/blueboat_sitl/gz_ws/install/include/blueboat_interfaces/blueboat_interfaces/srv/set_target.h
-- Symlinking: /home/blueboat_sitl/gz_ws/install/share/blueboat_interfaces/environment/library_path.sh
-- Symlinking: /home/blueboat_sitl/gz_ws/install/share/blueboat_interfaces/environment/library_path.dsv
-- Symlinking: /home/blueboat_sitl/gz_ws/install/include/blueboat_interfaces/blueboat_interfaces/msg/rosidl_typesupport_fastrtps_c__visibility_control.h
-- Symlinking: /home/blueboat_sitl/gz_ws/install/include/blueboat_interfaces/blueboat_interfaces/srv/detail/set_target__rosidl_typesupport_fastrtps_c.h
-- Symlinking: /home/blueboat_sitl/gz_ws/install/include/blueboat_interfaces/blueboat_interfaces/msg/rosidl_typesupport_introspection_c__visibility_control.h
-- Symlinking: /home/blueboat_sitl/gz_ws/install/include/blueboat_interfaces/blueboat_interfaces/srv/detail/set_target__rosidl_typesupport_introspection_c.h
-- Symlinking: /home/blueboat_sitl/gz_ws/install/include/blueboat_interfaces/blueboat_interfaces/msg/rosidl_generator_cpp__visibility_control.hpp
-- Symlinking: /home/blueboat_sitl/gz_ws/install/include/blueboat_interfaces/blueboat_interfaces/srv/detail/set_target__builder.hpp
-- Symlinking: /home/blueboat_sitl/gz_ws/install/include/blueboat_interfaces/blueboat_interfaces/srv/detail/set_target__struct.hpp
-- Symlinking: /home/blueboat_sitl/gz_ws/install/include/blueboat_interfaces/blueboat_interfaces/srv/detail/set_target__traits.hpp
-- Symlinking: /home/blueboat_sitl/gz_ws/install/include/blueboat_interfaces/blueboat_interfaces/srv/detail/set_target__type_support.hpp
-- Symlinking: /home/blueboat_sitl/gz_ws/install/include/blueboat_interfaces/blueboat_interfaces/srv/set_target.hpp
-- Symlinking: /home/blueboat_sitl/gz_ws/install/include/blueboat_interfaces/blueboat_interfaces/msg/rosidl_typesupport_fastrtps_cpp__visibility_control.h
-- Symlinking: /home/blueboat_sitl/gz_ws/install/include/blueboat_interfaces/blueboat_interfaces/srv/detail/set_target__rosidl_typesupport_fastrtps_cpp.hpp
-- Symlinking: /home/blueboat_sitl/gz_ws/install/include/blueboat_interfaces/blueboat_interfaces/srv/detail/set_target__rosidl_typesupport_introspection_cpp.hpp
-- Symlinking: /home/blueboat_sitl/gz_ws/install/share/blueboat_interfaces/environment/pythonpath.sh
-- Symlinking: /home/blueboat_sitl/gz_ws/install/share/blueboat_interfaces/environment/pythonpath.dsv
-- Symlinking: /home/blueboat_sitl/gz_ws/install/local/lib/python3.10/dist-packages/blueboat_interfaces-0.0.0-py3.10.egg-info/PKG-INFO
-- Symlinking: /home/blueboat_sitl/gz_ws/install/local/lib/python3.10/dist-packages/blueboat_interfaces-0.0.0-py3.10.egg-info/SOURCES.txt
-- Symlinking: /home/blueboat_sitl/gz_ws/install/local/lib/python3.10/dist-packages/blueboat_interfaces-0.0.0-py3.10.egg-info/dependency_links.txt
-- Symlinking: /home/blueboat_sitl/gz_ws/install/local/lib/python3.10/dist-packages/blueboat_interfaces-0.0.0-py3.10.egg-info/top_level.txt
-- Symlinking: /home/blueboat_sitl/gz_ws/install/local/lib/python3.10/dist-packages/blueboat_interfaces/__init__.py
-- Symlinking: /home/blueboat_sitl/gz_ws/install/local/lib/python3.10/dist-packages/blueboat_interfaces/_blueboat_interfaces_s.ep.rosidl_typesupport_c.c
-- Symlinking: /home/blueboat_sitl/gz_ws/install/local/lib/python3.10/dist-packages/blueboat_interfaces/_blueboat_interfaces_s.ep.rosidl_typesupport_fastrtps_c.c
-- Symlinking: /home/blueboat_sitl/gz_ws/install/local/lib/python3.10/dist-packages/blueboat_interfaces/_blueboat_interfaces_s.ep.rosidl_typesupport_introspection_c.c
-- Symlinking: /home/blueboat_sitl/gz_ws/install/local/lib/python3.10/dist-packages/blueboat_interfaces/blueboat_interfaces_s__rosidl_typesupport_c.cpython-310-x86_64-linux-gnu.so
-- Symlinking: /home/blueboat_sitl/gz_ws/install/local/lib/python3.10/dist-packages/blueboat_interfaces/blueboat_interfaces_s__rosidl_typesupport_fastrtps_c.cpython-310-x86_64-linux-gnu.so
-- Symlinking: /home/blueboat_sitl/gz_ws/install/local/lib/python3.10/dist-packages/blueboat_interfaces/blueboat_interfaces_s__rosidl_typesupport_introspection_c.cpython-310-x86_64-linux-gnu.so
-- Symlinking: /home/blueboat_sitl/gz_ws/install/local/lib/python3.10/dist-packages/blueboat_interfaces/libblueboat_interfaces__rosidl_generator_py.so
-- Symlinking: /home/blueboat_sitl/gz_ws/install/local/lib/python3.10/dist-packages/blueboat_interfaces/srv/__init__.py
-- Symlinking: /home/blueboat_sitl/gz_ws/install/local/lib/python3.10/dist-packages/blueboat_interfaces/srv/_set_target.py
-- Symlinking: /home/blueboat_sitl/gz_ws/install/local/lib/python3.10/dist-packages/blueboat_interfaces/srv/_set_target_s.c
-- Up-to-date symlink: /home/blueboat_sitl/gz_ws/install/local/lib/python3.10/dist-packages/blueboat_interfaces/blueboat_interfaces_s__rosidl_typesupport_fastrtps_c.cpython-310-x86_64-linux-gnu.so
-- Up-to-date symlink: /home/blueboat_sitl/gz_ws/install/local/lib/python3.10/dist-packages/blueboat_interfaces/blueboat_interfaces_s__rosidl_typesupport_introspection_c.cpython-310-x86_64-linux-gnu.so
-- Up-to-date symlink: /home/blueboat_sitl/gz_ws/install/local/lib/python3.10/dist-packages/blueboat_interfaces/blueboat_interfaces_s__rosidl_typesupport_c.cpython-310-x86_64-linux-gnu.so
-- Symlinking: /home/blueboat_sitl/gz_ws/install/share/blueboat_interfaces/srv/SetTarget.idl
-- Symlinking: /home/blueboat_sitl/gz_ws/install/share/blueboat_interfaces/srv/SetTarget.srv
-- Symlinking: /home/blueboat_sitl/gz_ws/install/share/blueboat_interfaces/srv/SetTarget_Request.msg
-- Symlinking: /home/blueboat_sitl/gz_ws/install/share/blueboat_interfaces/srv/SetTarget_Response.msg
-- Symlinking: /home/blueboat_sitl/gz_ws/install/share/ament_index/resource_index/package_run_dependencies/blueboat_interfaces
-- Symlinking: /home/blueboat_sitl/gz_ws/install/share/ament_index/resource_index/parent_prefix_path/blueboat_interfaces
-- Symlinking: /home/blueboat_sitl/gz_ws/install/share/blueboat_interfaces/environment/ament_prefix_path.sh
-- Symlinking: /home/blueboat_sitl/gz_ws/install/share/blueboat_interfaces/environment/ament_prefix_path.dsv
-- Symlinking: /home/blueboat_sitl/gz_ws/install/share/blueboat_interfaces/environment/path.sh
-- Symlinking: /home/blueboat_sitl/gz_ws/install/share/blueboat_interfaces/environment/path.dsv
-- Symlinking: /home/blueboat_sitl/gz_ws/install/share/blueboat_interfaces/local_setup.bash
-- Symlinking: /home/blueboat_sitl/gz_ws/install/share/blueboat_interfaces/local_setup.sh
-- Symlinking: /home/blueboat_sitl/gz_ws/install/share/blueboat_interfaces/local_setup.zsh
-- Symlinking: /home/blueboat_sitl/gz_ws/install/share/blueboat_interfaces/local_setup.dsv
-- Symlinking: /home/blueboat_sitl/gz_ws/install/share/blueboat_interfaces/package.dsv
-- Symlinking: /home/blueboat_sitl/gz_ws/install/share/ament_index/resource_index/packages/blueboat_interfaces
-- Symlinking: /home/blueboat_sitl/gz_ws/install/share/blueboat_interfaces/cmake/rosidl_cmake-extras.cmake
-- Symlinking: /home/blueboat_sitl/gz_ws/install/share/blueboat_interfaces/cmake/ament_cmake_export_include_directories-extras.cmake
-- Symlinking: /home/blueboat_sitl/gz_ws/install/share/blueboat_interfaces/cmake/ament_cmake_export_libraries-extras.cmake
-- Symlinking: /home/blueboat_sitl/gz_ws/install/share/blueboat_interfaces/cmake/ament_cmake_export_targets-extras.cmake
-- Symlinking: /home/blueboat_sitl/gz_ws/install/share/blueboat_interfaces/cmake/rosidl_cmake_export_typesupport_targets-extras.cmake
-- Symlinking: /home/blueboat_sitl/gz_ws/install/share/blueboat_interfaces/cmake/ament_cmake_export_dependencies-extras.cmake
-- Symlinking: /home/blueboat_sitl/gz_ws/install/share/blueboat_interfaces/cmake/rosidl_cmake_export_typesupport_libraries-extras.cmake
-- Symlinking: /home/blueboat_sitl/gz_ws/install/share/blueboat_interfaces/cmake/blueboat_interfacesConfig.cmake
-- Symlinking: /home/blueboat_sitl/gz_ws/install/share/blueboat_interfaces/cmake/blueboat_interfacesConfig-version.cmake
-- Symlinking: /home/blueboat_sitl/gz_ws/install/share/blueboat_interfaces/package.xml
-- Installing: /home/blueboat_sitl/gz_ws/install/lib/libblueboat_interfaces__rosidl_generator_c.so
-- Set runtime path of "/home/blueboat_sitl/gz_ws/install/lib/libblueboat_interfaces__rosidl_generator_c.so" to ""
-- Installing: /home/blueboat_sitl/gz_ws/install/lib/libblueboat_interfaces__rosidl_typesupport_fastrtps_c.so
-- Set runtime path of "/home/blueboat_sitl/gz_ws/install/lib/libblueboat_interfaces__rosidl_typesupport_fastrtps_c.so" to ""
-- Installing: /home/blueboat_sitl/gz_ws/install/lib/libblueboat_interfaces__rosidl_typesupport_introspection_c.so
-- Set runtime path of "/home/blueboat_sitl/gz_ws/install/lib/libblueboat_interfaces__rosidl_typesupport_introspection_c.so" to ""
-- Installing: /home/blueboat_sitl/gz_ws/install/lib/libblueboat_interfaces__rosidl_typesupport_c.so
-- Set runtime path of "/home/blueboat_sitl/gz_ws/install/lib/libblueboat_interfaces__rosidl_typesupport_c.so" to ""
-- Installing: /home/blueboat_sitl/gz_ws/install/lib/libblueboat_interfaces__rosidl_typesupport_fastrtps_cpp.so
-- Set runtime path of "/home/blueboat_sitl/gz_ws/install/lib/libblueboat_interfaces__rosidl_typesupport_fastrtps_cpp.so" to ""
-- Installing: /home/blueboat_sitl/gz_ws/install/lib/libblueboat_interfaces__rosidl_typesupport_introspection_cpp.so
-- Set runtime path of "/home/blueboat_sitl/gz_ws/install/lib/libblueboat_interfaces__rosidl_typesupport_introspection_cpp.so" to ""
-- Installing: /home/blueboat_sitl/gz_ws/install/lib/libblueboat_interfaces__rosidl_typesupport_cpp.so
-- Set runtime path of "/home/blueboat_sitl/gz_ws/install/lib/libblueboat_interfaces__rosidl_typesupport_cpp.so" to ""
Listing '/home/blueboat_sitl/gz_ws/install/local/lib/python3.10/dist-packages/blueboat_interfaces'...
Compiling '/home/blueboat_sitl/gz_ws/install/local/lib/python3.10/dist-packages/blueboat_interfaces/__init__.py'...
Listing '/home/blueboat_sitl/gz_ws/install/local/lib/python3.10/dist-packages/blueboat_interfaces/srv'...
Compiling '/home/blueboat_sitl/gz_ws/install/local/lib/python3.10/dist-packages/blueboat_interfaces/srv/__init__.py'...
Compiling '/home/blueboat_sitl/gz_ws/install/local/lib/python3.10/dist-packages/blueboat_interfaces/srv/_set_target.py'...
-- Installing: /home/blueboat_sitl/gz_ws/install/lib/libblueboat_interfaces__rosidl_generator_py.so
-- Set runtime path of "/home/blueboat_sitl/gz_ws/install/lib/libblueboat_interfaces__rosidl_generator_py.so" to ""
-- Installing: /home/blueboat_sitl/gz_ws/install/share/blueboat_interfaces/cmake/export_blueboat_interfaces__rosidl_generator_cExport.cmake
-- Installing: /home/blueboat_sitl/gz_ws/install/share/blueboat_interfaces/cmake/export_blueboat_interfaces__rosidl_generator_cExport-relwithdebinfo.cmake
-- Installing: /home/blueboat_sitl/gz_ws/install/share/blueboat_interfaces/cmake/export_blueboat_interfaces__rosidl_typesupport_fastrtps_cExport.cmake
-- Installing: /home/blueboat_sitl/gz_ws/install/share/blueboat_interfaces/cmake/export_blueboat_interfaces__rosidl_typesupport_fastrtps_cExport-relwithdebinfo.cmake
-- Installing: /home/blueboat_sitl/gz_ws/install/share/blueboat_interfaces/cmake/blueboat_interfaces__rosidl_typesupport_introspection_cExport.cmake
-- Installing: /home/blueboat_sitl/gz_ws/install/share/blueboat_interfaces/cmake/blueboat_interfaces__rosidl_typesupport_introspection_cExport-relwithdebinfo.cmake
-- Installing: /home/blueboat_sitl/gz_ws/install/share/blueboat_interfaces/cmake/blueboat_interfaces__rosidl_typesupport_cExport.cmake
-- Installing: /home/blueboat_sitl/gz_ws/install/share/blueboat_interfaces/cmake/blueboat_interfaces__rosidl_typesupport_cExport-relwithdebinfo.cmake
-- Installing: /home/blueboat_sitl/gz_ws/install/share/blueboat_interfaces/cmake/export_blueboat_interfaces__rosidl_generator_cppExport.cmake
-- Installing: /home/blueboat_sitl/gz_ws/install/share/blueboat_interfaces/cmake/export_blueboat_interfaces__rosidl_typesupport_fastrtps_cppExport.cmake
-- Installing: /home/blueboat_sitl/gz_ws/install/share/blueboat_interfaces/cmake/export_blueboat_interfaces__rosidl_typesupport_fastrtps_cppExport-relwithdebinfo.cmake
-- Installing: /home/blueboat_sitl/gz_ws/install/share/blueboat_interfaces/cmake/blueboat_interfaces__rosidl_typesupport_introspection_cppExport.cmake
-- Installing: /home/blueboat_sitl/gz_ws/install/share/blueboat_interfaces/cmake/blueboat_interfaces__rosidl_typesupport_introspection_cppExport-relwithdebinfo.cmake
-- Installing: /home/blueboat_sitl/gz_ws/install/share/blueboat_interfaces/cmake/blueboat_interfaces__rosidl_typesupport_cppExport.cmake
-- Installing: /home/blueboat_sitl/gz_ws/install/share/blueboat_interfaces/cmake/blueboat_interfaces__rosidl_typesupport_cppExport-relwithdebinfo.cmake
-- Installing: /home/blueboat_sitl/gz_ws/install/share/blueboat_interfaces/cmake/export_blueboat_interfaces__rosidl_generator_pyExport.cmake
-- Installing: /home/blueboat_sitl/gz_ws/install/share/blueboat_interfaces/cmake/export_blueboat_interfaces__rosidl_generator_pyExport-relwithdebinfo.cmake
