[0.010s] Invoking command in '/home/blueboat_sitl/gz_ws/build/gz-waves1': /usr/bin/cmake /home/blueboat_sitl/gz_ws/src/asv_wave_sim/gz-waves -DCMAKE_BUILD_TYPE=RelWithDebInfo -DBUILD_TESTING=ON -DCMAKE_CXX_STANDARD=17 -DCMAKE_INSTALL_PREFIX=/home/blueboat_sitl/gz_ws/install
[0.048s] -- The C compiler identification is GNU 11.4.0
[0.081s] -- The CXX compiler identification is GNU 11.4.0
[0.085s] -- Detecting C compiler ABI info
[0.129s] -- Detecting C compiler ABI info - done
[0.133s] -- Check for working C compiler: /usr/bin/cc - skipped
[0.133s] -- Detecting C compile features
[0.133s] -- Detecting C compile features - done
[0.135s] -- Detecting CXX compiler ABI info
[0.182s] -- Detecting CXX compiler ABI info - done
[0.186s] -- Check for working CXX compiler: /usr/bin/c++ - skipped
[0.186s] -- Detecting CXX compile features
[0.187s] -- Detecting CXX compile features - done
[0.194s] -- gz-waves1 version 1.0.0
[0.194s] -- Operating system is Linux
[0.196s] -- Found CPack generators: DEB
[1.084s] -- Found Boost: /usr/lib/x86_64-linux-gnu/cmake/Boost-1.74.0/BoostConfig.cmake (found version "1.74.0") found components: iostreams system filesystem 
[1.088s] -- Looking for gz-math7 -- found version 7.5.1
[1.088s] -- Searching for dependencies of gz-math7
[1.091s] -- Looking for gz-utils2 -- found version 2.2.1
[1.091s] -- Searching for dependencies of gz-utils2
[1.091s] -- Searching for <gz-math7> component [eigen3]
[1.094s] -- Looking for gz-math7-eigen3 -- found version 7.5.1
[1.095s] -- Searching for dependencies of gz-math7-eigen3
[1.101s] -- Looking for gz-math7 - found
[1.101s] 
[1.105s] -- Looking for gz-common5 -- found version 5.7.1
[1.105s] -- Searching for dependencies of gz-common5
[1.105s] -- Looking for gz-utils2 -- found version 2.2.1
[1.105s] -- Looking for dlfcn.h - found
[1.109s] -- Looking for libdl - found
[1.110s] -- Found DL: TRUE  
[1.114s] -- Checking for module 'uuid'
[1.122s] --   Found uuid, version 2.37.2
[1.144s] -- Found UUID: TRUE  
[1.144s] -- Searching for <gz-common5> component [graphics]
[1.148s] -- Looking for gz-common5-graphics -- found version 5.7.1
[1.148s] -- Searching for dependencies of gz-common5-graphics
[1.148s] -- Looking for gz-math7 -- found version 7.5.1
[1.155s] -- Found GzAssimp: TRUE (found version "5.2.0") 
[1.155s] -- Searching for <gz-common5> component [events]
[1.158s] -- Looking for gz-common5-events -- found version 5.7.1
[1.158s] -- Searching for dependencies of gz-common5-events
[1.159s] -- Looking for gz-math7 -- found version 7.5.1
[1.159s] -- Looking for gz-common5 - found
[1.159s] 
[1.162s] -- Looking for gz-plugin2 -- found version 2.0.4
[1.162s] -- Searching for dependencies of gz-plugin2
[1.163s] -- Looking for gz-utils2 -- found version 2.2.1
[1.163s] -- Searching for dependencies of gz-utils2
[1.163s] -- Searching for <gz-utils2> component [cli]
[1.166s] -- Looking for gz-utils2-cli -- found version 2.2.1
[1.166s] -- Searching for dependencies of gz-utils2-cli
[1.167s] -- Searching for <gz-plugin2> component [loader]
[1.170s] -- Looking for gz-plugin2-loader -- found version 2.0.4
[1.170s] -- Searching for dependencies of gz-plugin2-loader
[1.170s] -- Searching for <gz-plugin2> component [register]
[1.173s] -- Looking for gz-plugin2-register -- found version 2.0.4
[1.173s] -- Searching for dependencies of gz-plugin2-register
[1.174s] -- Looking for gz-plugin2 - found
[1.174s] 
[1.177s] -- Looking for gz-msgs9 -- found version 9.5.1
[1.177s] -- Searching for dependencies of gz-msgs9
[1.294s] -- Found Protobuf: /usr/lib/x86_64-linux-gnu/libprotobuf.so (found version "3.12.4") 
[1.294s] -- Looking for gz-math7 -- found version 7.5.1
[1.297s] -- Checking for module 'tinyxml2'
[1.305s] --   Found tinyxml2, version 9.0.0
[1.329s] -- Looking for gz-msgs9 - found
[1.329s] 
[1.333s] -- Looking for gz-transport12 -- found version 12.2.2
[1.333s] -- Searching for dependencies of gz-transport12
[1.358s] -- Config-file not installed for ZeroMQ -- checking for pkg-config
[1.361s] -- Checking for module 'libzmq >= 4'
[1.371s] --   Found libzmq , version 4.3.4
[1.396s] -- Found ZeroMQ: TRUE (Required is at least version "4") 
[1.401s] -- Looking for gz-utils2 -- found version 2.2.1
[1.402s] -- Looking for gz-msgs9 -- found version 9.5.1
[1.402s] -- Looking for gz-transport12 - found
[1.402s] 
[1.407s] -- Looking for gz-rendering7 -- found version 7.5.0
[1.407s] -- Searching for dependencies of gz-rendering7
[1.408s] -- Looking for gz-math7 -- found version 7.5.1
[1.408s] -- Looking for gz-common5 -- found version 5.7.1
[1.408s] -- Searching for dependencies of gz-common5
[1.408s] -- Looking for gz-utils2 -- found version 2.2.1
[1.408s] -- Looking for dlfcn.h - found
[1.408s] -- Looking for libdl - found
[1.412s] -- Searching for <gz-common5> component [graphics]
[1.413s] -- Searching for <gz-common5> component [events]
[1.413s] -- Searching for <gz-common5> component [geospatial]
[1.416s] -- Looking for gz-common5-geospatial -- found version 5.7.1
[1.416s] -- Searching for dependencies of gz-common5-geospatial
[1.416s] -- Looking for gz-math7 -- found version 7.5.1
[1.417s] -- Looking for gz-common5 -- found version 5.7.1
[1.417s] -- Looking for gz-plugin2 -- found version 2.0.4
[1.417s] -- Searching for dependencies of gz-plugin2
[1.418s] -- Looking for gz-utils2 -- found version 2.2.1
[1.418s] -- Searching for <gz-plugin2> component [all]
[1.421s] -- Looking for all libraries of gz-plugin2 -- found version 2.0.4
[1.421s] -- Looking for gz-plugin2 -- found version 2.0.4
[1.422s] -- Looking for gz-utils2 -- found version 2.2.1
[1.425s] -- Found OpenGL: /usr/lib/x86_64-linux-gnu/libOpenGL.so  found components: OpenGL 
[1.425s] -- Looking for gz-rendering7 - found
[1.425s] 
[1.429s] -- Looking for gz-sim7 -- found version 7.9.0
[1.429s] -- Searching for dependencies of gz-sim7
[1.432s] -- Looking for sdformat13 -- found version 13.9.0
[1.433s] -- Searching for dependencies of sdformat13
[1.436s] -- Looking for gz-math7 -- found version 7.5.1
[1.437s] -- Looking for gz-utils2 -- found version 2.2.1
[1.437s] -- Looking for gz-plugin2 -- found version 2.0.4
[1.437s] -- Looking for gz-transport12 -- found version 12.2.2
[1.438s] -- Searching for dependencies of gz-transport12
[1.465s] -- Config-file not installed for ZeroMQ -- checking for pkg-config
[1.468s] -- Checking for module 'libzmq >= 4'
[1.477s] --   Found libzmq , version 4.3.4
[1.508s] -- Looking for gz-utils2 -- found version 2.2.1
[1.508s] -- Looking for gz-msgs9 -- found version 9.5.1
[1.508s] -- Searching for <gz-transport12> component [log]
[1.512s] -- Looking for gz-transport12-log -- found version 12.2.2
[1.512s] -- Searching for dependencies of gz-transport12-log
[1.512s] -- Searching for <gz-transport12> component [parameters]
[1.515s] -- Looking for gz-transport12-parameters -- found version 12.2.2
[1.515s] -- Searching for dependencies of gz-transport12-parameters
[1.516s] -- Looking for gz-msgs9 -- found version 9.5.1
[1.516s] -- Looking for gz-common5 -- found version 5.7.1
[1.516s] -- Searching for dependencies of gz-common5
[1.517s] -- Looking for gz-utils2 -- found version 2.2.1
[1.517s] -- Looking for dlfcn.h - found
[1.517s] -- Looking for libdl - found
[1.522s] -- Searching for <gz-common5> component [profiler]
[1.528s] -- Looking for gz-common5-profiler -- found version 5.7.1
[1.528s] -- Searching for dependencies of gz-common5-profiler
[1.529s] -- Searching for <gz-common5> component [events]
[1.529s] -- Searching for <gz-common5> component [av]
[1.532s] -- Looking for gz-common5-av -- found version 5.7.1
[1.532s] -- Searching for dependencies of gz-common5-av
[1.536s] -- Checking for module 'libswscale'
[1.546s] --   Found libswscale, version 5.9.100
[1.570s] -- Found SWSCALE: TRUE  
[1.573s] -- Checking for module 'libavdevice >= 56.4.100'
[1.583s] --   Found libavdevice , version 58.13.100
[1.608s] -- Found AVDEVICE: TRUE (Required is at least version "56.4.100") 
[1.612s] -- Checking for module 'libavformat'
[1.621s] --   Found libavformat, version 58.76.100
[1.645s] -- Found AVFORMAT: TRUE  
[1.649s] -- Checking for module 'libavcodec'
[1.659s] --   Found libavcodec, version 58.134.100
[1.683s] -- Found AVCODEC: TRUE  
[1.687s] -- Checking for module 'libavutil'
[1.697s] --   Found libavutil, version 56.70.100
[1.720s] -- Found AVUTIL: TRUE  
[1.720s] -- Searching for <gz-common5> component [io]
[1.725s] -- Looking for gz-common5-io -- found version 5.7.1
[1.725s] -- Searching for dependencies of gz-common5-io
[1.729s] -- Looking for gz-fuel_tools8 -- found version 8.2.0
[1.729s] -- Searching for dependencies of gz-fuel_tools8
[1.787s] -- Found CURL: /usr/lib/x86_64-linux-gnu/libcurl.so (found version "7.81.0")  
[1.795s] -- Checking for module 'jsoncpp'
[1.804s] --   Found jsoncpp, version 1.9.5
[1.827s] -- Found JSONCPP: TRUE  
[1.834s] -- Checking for module 'libzip'
[1.843s] --   Found libzip, version 1.7.3
[1.865s] -- Found ZIP: TRUE  
[1.866s] -- Looking for gz-utils2 -- found version 2.2.1
[1.866s] -- Looking for gz-common5 -- found version 5.7.1
[1.867s] -- Searching for dependencies of gz-common5
[1.867s] -- Looking for gz-utils2 -- found version 2.2.1
[1.867s] -- Looking for dlfcn.h - found
[1.867s] -- Looking for libdl - found
[1.872s] -- Searching for <gz-common5> component [testing]
[1.875s] -- Looking for gz-common5-testing -- found version 5.7.1
[1.875s] -- Searching for dependencies of gz-common5-testing
[1.876s] -- Looking for gz-math7 -- found version 7.5.1
[1.876s] -- Looking for gz-msgs9 -- found version 9.5.1
[1.879s] -- Looking for gz-gui7 -- found version 7.2.2
[1.880s] -- Searching for dependencies of gz-gui7
[1.899s] -- Looking for gz-utils2 -- found version 2.2.1
[1.899s] -- Looking for gz-math7 -- found version 7.5.1
[1.899s] -- Looking for gz-common5 -- found version 5.7.1
[1.900s] -- Looking for gz-plugin2 -- found version 2.0.4
[1.900s] -- Looking for gz-transport12 -- found version 12.2.2
[1.900s] -- Looking for gz-rendering7 -- found version 7.5.0
[1.901s] -- Looking for gz-msgs9 -- found version 9.5.1
[1.918s] -- Looking for gz-physics6 -- found version 6.7.0
[1.918s] -- Searching for dependencies of gz-physics6
[1.919s] -- Looking for gz-common5 -- found version 5.7.1
[1.919s] -- Looking for gz-math7 -- found version 7.5.1
[1.919s] -- Looking for gz-plugin2 -- found version 2.0.4
[1.919s] -- Looking for gz-utils2 -- found version 2.2.1
[1.920s] -- Searching for <gz-physics6> component [heightmap]
[1.923s] -- Looking for gz-physics6-heightmap -- found version 6.7.0
[1.923s] -- Searching for dependencies of gz-physics6-heightmap
[1.923s] -- Looking for gz-common5 -- found version 5.7.1
[1.923s] -- Searching for <gz-physics6> component [mesh]
[1.926s] -- Looking for gz-physics6-mesh -- found version 6.7.0
[1.927s] -- Searching for dependencies of gz-physics6-mesh
[1.927s] -- Looking for gz-common5 -- found version 5.7.1
[1.927s] -- Searching for <gz-physics6> component [sdf]
[1.930s] -- Looking for gz-physics6-sdf -- found version 6.7.0
[1.930s] -- Searching for dependencies of gz-physics6-sdf
[1.931s] -- Looking for sdformat13 -- found version 13.9.0
[1.934s] -- Looking for gz-sensors7 -- found version 7.3.1
[1.934s] -- Searching for dependencies of gz-sensors7
[1.950s] -- Looking for gz-math7 -- found version 7.5.1
[1.951s] -- Looking for gz-common5 -- found version 5.7.1
[1.951s] -- Looking for gz-transport12 -- found version 12.2.2
[1.951s] -- Looking for gz-rendering7 -- found version 7.5.0
[1.951s] -- Looking for gz-msgs9 -- found version 9.5.1
[1.951s] -- Looking for sdformat13 -- found version 13.9.0
[1.952s] -- Searching for <gz-sensors7> component [air_pressure]
[1.955s] -- Looking for gz-sensors7-air_pressure -- found version 7.3.1
[1.955s] -- Searching for dependencies of gz-sensors7-air_pressure
[1.956s] -- Searching for <gz-sensors7> component [air_speed]
[1.959s] -- Looking for gz-sensors7-air_speed -- found version 7.3.1
[1.959s] -- Searching for dependencies of gz-sensors7-air_speed
[1.959s] -- Searching for <gz-sensors7> component [altimeter]
[1.962s] -- Looking for gz-sensors7-altimeter -- found version 7.3.1
[1.963s] -- Searching for dependencies of gz-sensors7-altimeter
[1.963s] -- Searching for <gz-sensors7> component [imu]
[1.966s] -- Looking for gz-sensors7-imu -- found version 7.3.1
[1.966s] -- Searching for dependencies of gz-sensors7-imu
[1.966s] -- Searching for <gz-sensors7> component [force_torque]
[1.970s] -- Looking for gz-sensors7-force_torque -- found version 7.3.1
[1.970s] -- Searching for dependencies of gz-sensors7-force_torque
[1.970s] -- Searching for <gz-sensors7> component [logical_camera]
[1.973s] -- Looking for gz-sensors7-logical_camera -- found version 7.3.1
[1.973s] -- Searching for dependencies of gz-sensors7-logical_camera
[1.974s] -- Searching for <gz-sensors7> component [magnetometer]
[1.977s] -- Looking for gz-sensors7-magnetometer -- found version 7.3.1
[1.977s] -- Searching for dependencies of gz-sensors7-magnetometer
[1.977s] -- Searching for <gz-sensors7> component [navsat]
[1.980s] -- Looking for gz-sensors7-navsat -- found version 7.3.1
[1.980s] -- Searching for dependencies of gz-sensors7-navsat
[1.981s] -- Searching for <gz-sensors7> component [rendering]
[1.984s] -- Looking for gz-sensors7-rendering -- found version 7.3.1
[1.984s] -- Searching for dependencies of gz-sensors7-rendering
[1.984s] -- Searching for <gz-sensors7> component [lidar]
[1.987s] -- Looking for gz-sensors7-lidar -- found version 7.3.1
[1.987s] -- Searching for dependencies of gz-sensors7-lidar
[1.988s] -- Looking for gz-sensors7 -- found version 7.3.1
[1.988s] -- Searching for <gz-sensors7> component [gpu_lidar]
[1.991s] -- Looking for gz-sensors7-gpu_lidar -- found version 7.3.1
[1.991s] -- Searching for dependencies of gz-sensors7-gpu_lidar
[1.991s] -- Looking for gz-sensors7 -- found version 7.3.1
[1.992s] -- Searching for <gz-sensors7> component [camera]
[1.995s] -- Looking for gz-sensors7-camera -- found version 7.3.1
[1.995s] -- Searching for dependencies of gz-sensors7-camera
[1.995s] -- Looking for gz-sensors7 -- found version 7.3.1
[1.995s] -- Searching for <gz-sensors7> component [boundingbox_camera]
[1.998s] -- Looking for gz-sensors7-boundingbox_camera -- found version 7.3.1
[1.999s] -- Searching for dependencies of gz-sensors7-boundingbox_camera
[1.999s] -- Searching for <gz-sensors7> component [segmentation_camera]
[2.002s] -- Looking for gz-sensors7-segmentation_camera -- found version 7.3.1
[2.002s] -- Searching for dependencies of gz-sensors7-segmentation_camera
[2.002s] -- Searching for <gz-sensors7> component [depth_camera]
[2.006s] -- Looking for gz-sensors7-depth_camera -- found version 7.3.1
[2.006s] -- Searching for dependencies of gz-sensors7-depth_camera
[2.006s] -- Looking for gz-sensors7 -- found version 7.3.1
[2.006s] -- Searching for <gz-sensors7> component [rgbd_camera]
[2.009s] -- Looking for gz-sensors7-rgbd_camera -- found version 7.3.1
[2.009s] -- Searching for dependencies of gz-sensors7-rgbd_camera
[2.010s] -- Looking for gz-sensors7 -- found version 7.3.1
[2.010s] -- Searching for <gz-sensors7> component [thermal_camera]
[2.013s] -- Looking for gz-sensors7-thermal_camera -- found version 7.3.1
[2.013s] -- Searching for dependencies of gz-sensors7-thermal_camera
[2.013s] -- Looking for gz-sensors7 -- found version 7.3.1
[2.014s] -- Searching for <gz-sensors7> component [wide_angle_camera]
[2.017s] -- Looking for gz-sensors7-wide_angle_camera -- found version 7.3.1
[2.017s] -- Searching for dependencies of gz-sensors7-wide_angle_camera
[2.017s] -- Looking for gz-rendering7 -- found version 7.5.0
[2.018s] -- Looking for gz-math7 -- found version 7.5.1
[2.018s] -- Looking for gz-utils2 -- found version 2.2.1
[2.034s] -- Looking for gz-sim7 - found
[2.034s] 
[2.034s] -- Looking for sdformat13 -- found version 13.9.0
[2.034s] -- Looking for sdformat13 - found
[2.034s] 
[2.034s] -- Compiling against Gazebo Garden
[2.078s] -- Checking for module 'OGRE-RTShaderSystem >= 1.9'
[2.087s] --   Found OGRE-RTShaderSystem , version 1.9.0
[2.115s] -- Checking for module 'OGRE-Terrain >= 1.9'
[2.123s] --   Found OGRE-Terrain , version 1.9.0
[2.151s] -- Checking for module 'OGRE-Overlay >= 1.9'
[2.160s] --   Found OGRE-Overlay , version 1.9.0
[2.187s] -- Checking for module 'OGRE-Paging >= 1.9'
[2.196s] --   Found OGRE-Paging , version 1.9.0
[2.222s] -- Looking for GzOGRE - found
[2.222s] 
[2.226s] -- Looking for OGRE using the name: OGRE2
[2.267s] --   + component HlmsPbs: found
[2.268s] --   + component HlmsUnlit: found
[2.269s] --   + component Overlay: found
[2.270s] --   + component PlanarReflections: found
[2.271s] -- Looking for GzOGRE2 - found
[2.271s] 
[2.275s] [33mCMake Warning at /usr/lib/x86_64-linux-gnu/cmake/CGAL/CGALConfig.cmake:92 (message):
[2.275s]   CGAL_DATA_DIR cannot be deduced, set the variable CGAL_DATA_DIR to set the
[2.275s]   default value of CGAL::data_file_path()
[2.275s] Call Stack (most recent call first):
[2.275s]   CMakeLists.txt:168 (find_package)
[2.275s] 
[2.275s] [0m
[2.276s] -- Using header-only CGAL
[2.277s] -- Targetting Unix Makefiles
[2.277s] -- Using /usr/bin/c++ compiler.
[2.278s] -- Found GMP: /usr/lib/x86_64-linux-gnu/libgmp.so  
[2.280s] -- Found MPFR: /usr/lib/x86_64-linux-gnu/libmpfr.so  
[2.284s] -- Found Boost: /usr/lib/x86_64-linux-gnu/cmake/Boost-1.74.0/BoostConfig.cmake (found suitable version "1.74.0", minimum required is "1.48")  
[2.284s] -- Boost include dirs: /usr/include
[2.284s] -- Boost libraries:    
[2.284s] -- Using gcc version 4 or later. Adding -frounding-math
[2.286s] -- Build type: RelWithDebInfo
[2.286s] -- USING CXXFLAGS = ' -O2 -g -DNDEBUG'
[2.286s] -- USING EXEFLAGS = ' '
[2.286s] -- Requested component: Core
[2.945s] -- 
[2.945s] -- Searching for host SSE information
[2.965s] -- SSE2 found
[2.965s] -- SSE3 found
[2.965s] -- SSE4.1 found
[2.965s] -- SSE4.2 found
[2.981s] -- Configuring library: gz-waves1-dynamic-geometry-system
[2.982s] -- Performing Test COMPILER_HAS_HIDDEN_VISIBILITY
[3.032s] -- Performing Test COMPILER_HAS_HIDDEN_VISIBILITY - Success
[3.032s] -- Performing Test COMPILER_HAS_HIDDEN_INLINE_VISIBILITY
[3.083s] -- Performing Test COMPILER_HAS_HIDDEN_INLINE_VISIBILITY - Success
[3.083s] -- Performing Test COMPILER_HAS_DEPRECATED_ATTR
[3.133s] -- Performing Test COMPILER_HAS_DEPRECATED_ATTR - Success
[3.135s] -- Configuring library: gz-waves1-hydrodynamics-system
[3.138s] -- Configuring library: gz-waves1-rendering
[3.140s] -- Configuring library: gz-waves1-rendering-ogre2
[3.142s] -- Configuring library: gz-waves1-waves-visual-system
[3.144s] -- Configuring library: gz-waves1-waves-model-system
[3.146s] -- Configuring library: gz-waves1
[3.148s] -- Adding 13 UNIT tests
[3.267s] -- Adding 7 PERFORMANCE tests
[3.320s] -- Found Boost: /usr/lib/x86_64-linux-gnu/cmake/Boost-1.74.0/BoostConfig.cmake (found version "1.74.0") found components: iostreams 
[3.370s] -- Adding codecheck target
[3.370s] -- Build configuration successful
[3.370s] -- Build type: RelWithDebInfo
[3.370s] -- Install prefix: /home/blueboat_sitl/gz_ws/install
[3.371s] -- Configuring done
[3.444s] -- Generating done
[3.464s] -- Build files have been written to: /home/blueboat_sitl/gz_ws/build/gz-waves1
[3.476s] Invoked command in '/home/blueboat_sitl/gz_ws/build/gz-waves1' returned '0': /usr/bin/cmake /home/blueboat_sitl/gz_ws/src/asv_wave_sim/gz-waves -DCMAKE_BUILD_TYPE=RelWithDebInfo -DBUILD_TESTING=ON -DCMAKE_CXX_STANDARD=17 -DCMAKE_INSTALL_PREFIX=/home/blueboat_sitl/gz_ws/install
[3.478s] Invoking command in '/home/blueboat_sitl/gz_ws/build/gz-waves1': /usr/bin/cmake --build /home/blueboat_sitl/gz_ws/build/gz-waves1 -- -j24 -l24
[3.515s] [  1%] [32mBuilding CXX object test/gtest_vendor/CMakeFiles/gtest.dir/src/gtest-all.cc.o[0m
[3.515s] [  2%] [32mBuilding CXX object src/CMakeFiles/gz-waves1.dir/Algorithm.cc.o[0m
[3.517s] [  2%] [32mBuilding CXX object src/CMakeFiles/gz-waves1.dir/MeshTools.cc.o[0m
[3.517s] [  3%] [32mBuilding CXX object src/CMakeFiles/gz-waves1.dir/OceanTile.cc.o[0m
[3.517s] [  4%] [32mBuilding CXX object src/CMakeFiles/gz-waves1.dir/PhysicalConstants.cc.o[0m
[3.517s] [  5%] [32mBuilding CXX object src/CMakeFiles/gz-waves1.dir/Physics.cc.o[0m
[3.518s] [  6%] [32mBuilding CXX object src/CMakeFiles/gz-waves1.dir/TriangulatedGrid.cc.o[0m
[3.518s] [  7%] [32mBuilding CXX object src/CMakeFiles/gz-waves1.dir/Utilities.cc.o[0m
[3.519s] [  8%] [32mBuilding CXX object src/CMakeFiles/gz-waves1.dir/Convert.cc.o[0m
[3.519s] [  9%] [32mBuilding CXX object src/CMakeFiles/gz-waves1.dir/Geometry.cc.o[0m
[3.519s] [ 10%] [32mBuilding CXX object src/CMakeFiles/gz-waves1.dir/Grid.cc.o[0m
[3.519s] [ 12%] [32mBuilding CXX object src/CMakeFiles/gz-waves1.dir/WaveSimulation.cc.o[0m
[3.519s] [ 12%] [32mBuilding CXX object src/CMakeFiles/gz-waves1.dir/LinearRandomFFTWaveSimulationRef.cc.o[0m
[3.519s] [ 13%] [32mBuilding CXX object src/CMakeFiles/gz-waves1.dir/WaveParameters.cc.o[0m
[3.520s] [ 15%] [32mBuilding CXX object src/CMakeFiles/gz-waves1.dir/LinearRandomWaveSimulation.cc.o[0m
[3.520s] [ 15%] [32mBuilding CXX object src/CMakeFiles/gz-waves1.dir/LinearRandomFFTWaveSimulation.cc.o[0m
[3.520s] [ 18%] [32mBuilding CXX object src/CMakeFiles/gz-waves1.dir/Wavefield.cc.o[0m
[3.520s] [ 18%] [32mBuilding CXX object src/CMakeFiles/gz-waves1.dir/SubMeshWithTangents.cc.o[0m
[3.520s] [ 18%] [32mBuilding CXX object src/CMakeFiles/gz-waves1.dir/TrochoidIrregularWaveSimulation.cc.o[0m
[3.520s] [ 19%] [32mBuilding CXX object src/CMakeFiles/gz-waves1.dir/WaveSpectrum.cc.o[0m
[3.521s] [ 20%] [32mBuilding CXX object src/CMakeFiles/gz-waves1.dir/LinearRegularWaveSimulation.cc.o[0m
[3.522s] [ 21%] [32mBuilding CXX object src/CMakeFiles/gz-waves1.dir/WavefieldSampler.cc.o[0m
[3.522s] [ 22%] [32mBuilding CXX object src/CMakeFiles/gz-waves1.dir/WaveSpreadingFunction.cc.o[0m
[5.044s] [01m[K/home/blueboat_sitl/gz_ws/src/asv_wave_sim/gz-waves/src/TrochoidIrregularWaveSimulation.cc:[m[K In member function ‘[01m[Kvoid gz::waves::TrochoidIrregularWaveSimulation::Impl::Pressure(double, double, double, double&)[m[K’:
[5.045s] [01m[K/home/blueboat_sitl/gz_ws/src/asv_wave_sim/gz-waves/src/TrochoidIrregularWaveSimulation.cc:187:12:[m[K [01;35m[Kwarning: [m[Kunused parameter ‘[01m[Kx[m[K’ [[01;35m[K-Wunused-parameter[m[K]
[5.045s]   187 |     [01;35m[Kdouble x[m[K, double y, double z,
[5.045s]       |     [01;35m[K~~~~~~~^[m[K
[5.045s] [01m[K/home/blueboat_sitl/gz_ws/src/asv_wave_sim/gz-waves/src/TrochoidIrregularWaveSimulation.cc:187:22:[m[K [01;35m[Kwarning: [m[Kunused parameter ‘[01m[Ky[m[K’ [[01;35m[K-Wunused-parameter[m[K]
[5.045s]   187 |     double x, [01;35m[Kdouble y[m[K, double z,
[5.045s]       |               [01;35m[K~~~~~~~^[m[K
[5.045s] [01m[K/home/blueboat_sitl/gz_ws/src/asv_wave_sim/gz-waves/src/TrochoidIrregularWaveSimulation.cc:187:32:[m[K [01;35m[Kwarning: [m[Kunused parameter ‘[01m[Kz[m[K’ [[01;35m[K-Wunused-parameter[m[K]
[5.045s]   187 |     double x, double y, [01;35m[Kdouble z[m[K,
[5.045s]       |                         [01;35m[K~~~~~~~^[m[K
[5.045s] [01m[K/home/blueboat_sitl/gz_ws/src/asv_wave_sim/gz-waves/src/TrochoidIrregularWaveSimulation.cc:188:13:[m[K [01;35m[Kwarning: [m[Kunused parameter ‘[01m[Kpressure[m[K’ [[01;35m[K-Wunused-parameter[m[K]
[5.045s]   188 |     [01;35m[Kdouble &pressure[m[K)
[5.045s]       |     [01;35m[K~~~~~~~~^~~~~~~~[m[K
[5.045s] [01m[K/home/blueboat_sitl/gz_ws/src/asv_wave_sim/gz-waves/src/TrochoidIrregularWaveSimulation.cc:[m[K In member function ‘[01m[Kvoid gz::waves::TrochoidIrregularWaveSimulation::Impl::Pressure(const Eigen::Ref<const Eigen::Array<double, -1, 1> >&, const Eigen::Ref<const Eigen::Array<double, -1, 1> >&, const Eigen::Ref<const Eigen::Array<double, -1, 1> >&, Eigen::Ref<Eigen::Array<double, -1, 1> >)[m[K’:
[5.045s] [01m[K/home/blueboat_sitl/gz_ws/src/asv_wave_sim/gz-waves/src/TrochoidIrregularWaveSimulation.cc:196:45:[m[K [01;35m[Kwarning: [m[Kunused parameter ‘[01m[Kx[m[K’ [[01;35m[K-Wunused-parameter[m[K]
[5.045s]   196 |     [01;35m[Kconst Eigen::Ref<const Eigen::ArrayXd>& x[m[K,
[5.045s]       |     [01;35m[K~~~~~~~~~~~~~~~~~~~~~~~~~~~~~~~~~~~~~~~~^[m[K
[5.045s] [01m[K/home/blueboat_sitl/gz_ws/src/asv_wave_sim/gz-waves/src/TrochoidIrregularWaveSimulation.cc:197:45:[m[K [01;35m[Kwarning: [m[Kunused parameter ‘[01m[Ky[m[K’ [[01;35m[K-Wunused-parameter[m[K]
[5.045s]   197 |     [01;35m[Kconst Eigen::Ref<const Eigen::ArrayXd>& y[m[K,
[5.045s]       |     [01;35m[K~~~~~~~~~~~~~~~~~~~~~~~~~~~~~~~~~~~~~~~~^[m[K
[5.046s] [01m[K/home/blueboat_sitl/gz_ws/src/asv_wave_sim/gz-waves/src/TrochoidIrregularWaveSimulation.cc:198:45:[m[K [01;35m[Kwarning: [m[Kunused parameter ‘[01m[Kz[m[K’ [[01;35m[K-Wunused-parameter[m[K]
[5.046s]   198 |     [01;35m[Kconst Eigen::Ref<const Eigen::ArrayXd>& z[m[K,
[5.046s]       |     [01;35m[K~~~~~~~~~~~~~~~~~~~~~~~~~~~~~~~~~~~~~~~~^[m[K
[5.046s] [01m[K/home/blueboat_sitl/gz_ws/src/asv_wave_sim/gz-waves/src/TrochoidIrregularWaveSimulation.cc:199:32:[m[K [01;35m[Kwarning: [m[Kunused parameter ‘[01m[Kpressure[m[K’ [[01;35m[K-Wunused-parameter[m[K]
[5.046s]   199 |     [01;35m[KEigen::Ref<Eigen::ArrayXd> pressure[m[K)
[5.046s]       |     [01;35m[K~~~~~~~~~~~~~~~~~~~~~~~~~~~^~~~~~~~[m[K
[5.070s] In file included from [01m[K/usr/include/gz/common5/gz/common.hh:35[m[K,
[5.070s]                  from [01m[K/home/blueboat_sitl/gz_ws/src/asv_wave_sim/gz-waves/src/LinearRandomFFTWaveSimulation.cc:28[m[K:
[5.070s] [01m[K/usr/include/gz/common5/gz/common/SuppressWarning.hh:23:72:[m[K [01;36m[Knote: [m[K‘[01m[K#pragma message: gz-common SuppressWarning is deprecated, use gz-utils[m[K’
[5.070s]    23 | #pragma message("gz-common SuppressWarning is deprecated, use gz-utils"[01;36m[K)[m[K
[5.070s]       |                                                                        [01;36m[K^[m[K
[5.082s] [01m[K/home/blueboat_sitl/gz_ws/src/asv_wave_sim/gz-waves/src/TrochoidIrregularWaveSimulation.cc:[m[K In member function ‘[01m[Kvoid gz::waves::TrochoidIrregularWaveSimulation::Impl::ElevationAt(gz::waves::Index, gz::waves::Index, double&)[m[K’:
[5.083s] [01m[K/home/blueboat_sitl/gz_ws/src/asv_wave_sim/gz-waves/src/TrochoidIrregularWaveSimulation.cc:377:11:[m[K [01;35m[Kwarning: [m[Kunused parameter ‘[01m[Kix[m[K’ [[01;35m[K-Wunused-parameter[m[K]
[5.083s]   377 |     [01;35m[KIndex ix[m[K, Index iy,
[5.083s]       |     [01;35m[K~~~~~~^~[m[K
[5.083s] [01m[K/home/blueboat_sitl/gz_ws/src/asv_wave_sim/gz-waves/src/TrochoidIrregularWaveSimulation.cc:377:21:[m[K [01;35m[Kwarning: [m[Kunused parameter ‘[01m[Kiy[m[K’ [[01;35m[K-Wunused-parameter[m[K]
[5.083s]   377 |     Index ix, [01;35m[KIndex iy[m[K,
[5.083s]       |               [01;35m[K~~~~~~^~[m[K
[5.083s] [01m[K/home/blueboat_sitl/gz_ws/src/asv_wave_sim/gz-waves/src/TrochoidIrregularWaveSimulation.cc:378:13:[m[K [01;35m[Kwarning: [m[Kunused parameter ‘[01m[Kh[m[K’ [[01;35m[K-Wunused-parameter[m[K]
[5.083s]   378 |     [01;35m[Kdouble &h[m[K)
[5.083s]       |     [01;35m[K~~~~~~~~^[m[K
[5.083s] [01m[K/home/blueboat_sitl/gz_ws/src/asv_wave_sim/gz-waves/src/TrochoidIrregularWaveSimulation.cc:[m[K In member function ‘[01m[Kvoid gz::waves::TrochoidIrregularWaveSimulation::Impl::DisplacementAt(gz::waves::Index, gz::waves::Index, double&, double&)[m[K’:
[5.083s] [01m[K/home/blueboat_sitl/gz_ws/src/asv_wave_sim/gz-waves/src/TrochoidIrregularWaveSimulation.cc:386:11:[m[K [01;35m[Kwarning: [m[Kunused parameter ‘[01m[Kix[m[K’ [[01;35m[K-Wunused-parameter[m[K]
[5.083s]   386 |     [01;35m[KIndex ix[m[K, Index iy,
[5.083s]       |     [01;35m[K~~~~~~^~[m[K
[5.083s] [01m[K/home/blueboat_sitl/gz_ws/src/asv_wave_sim/gz-waves/src/TrochoidIrregularWaveSimulation.cc:386:21:[m[K [01;35m[Kwarning: [m[Kunused parameter ‘[01m[Kiy[m[K’ [[01;35m[K-Wunused-parameter[m[K]
[5.083s]   386 |     Index ix, [01;35m[KIndex iy[m[K,
[5.083s]       |               [01;35m[K~~~~~~^~[m[K
[5.083s] [01m[K/home/blueboat_sitl/gz_ws/src/asv_wave_sim/gz-waves/src/TrochoidIrregularWaveSimulation.cc:387:13:[m[K [01;35m[Kwarning: [m[Kunused parameter ‘[01m[Ksx[m[K’ [[01;35m[K-Wunused-parameter[m[K]
[5.083s]   387 |     [01;35m[Kdouble& sx[m[K, double& sy)
[5.084s]       |     [01;35m[K~~~~~~~~^~[m[K
[5.084s] [01m[K/home/blueboat_sitl/gz_ws/src/asv_wave_sim/gz-waves/src/TrochoidIrregularWaveSimulation.cc:387:25:[m[K [01;35m[Kwarning: [m[Kunused parameter ‘[01m[Ksy[m[K’ [[01;35m[K-Wunused-parameter[m[K]
[5.084s]   387 |     double& sx, [01;35m[Kdouble& sy[m[K)
[5.084s]       |                 [01;35m[K~~~~~~~~^~[m[K
[5.084s] [01m[K/home/blueboat_sitl/gz_ws/src/asv_wave_sim/gz-waves/src/TrochoidIrregularWaveSimulation.cc:[m[K In member function ‘[01m[Kvoid gz::waves::TrochoidIrregularWaveSimulation::Impl::PressureAt(gz::waves::Index, gz::waves::Index, gz::waves::Index, double&)[m[K’:
[5.084s] [01m[K/home/blueboat_sitl/gz_ws/src/asv_wave_sim/gz-waves/src/TrochoidIrregularWaveSimulation.cc:395:11:[m[K [01;35m[Kwarning: [m[Kunused parameter ‘[01m[Kix[m[K’ [[01;35m[K-Wunused-parameter[m[K]
[5.084s]   395 |     [01;35m[KIndex ix[m[K, Index iy, Index iz,
[5.084s]       |     [01;35m[K~~~~~~^~[m[K
[5.084s] [01m[K/home/blueboat_sitl/gz_ws/src/asv_wave_sim/gz-waves/src/TrochoidIrregularWaveSimulation.cc:395:21:[m[K [01;35m[Kwarning: [m[Kunused parameter ‘[01m[Kiy[m[K’ [[01;35m[K-Wunused-parameter[m[K]
[5.084s]   395 |     Index ix, [01;35m[KIndex iy[m[K, Index iz,
[5.084s]       |               [01;35m[K~~~~~~^~[m[K
[5.084s] [01m[K/home/blueboat_sitl/gz_ws/src/asv_wave_sim/gz-waves/src/TrochoidIrregularWaveSimulation.cc:395:31:[m[K [01;35m[Kwarning: [m[Kunused parameter ‘[01m[Kiz[m[K’ [[01;35m[K-Wunused-parameter[m[K]
[5.084s]   395 |     Index ix, Index iy, [01;35m[KIndex iz[m[K,
[5.084s]       |                         [01;35m[K~~~~~~^~[m[K
[5.084s] [01m[K/home/blueboat_sitl/gz_ws/src/asv_wave_sim/gz-waves/src/TrochoidIrregularWaveSimulation.cc:396:13:[m[K [01;35m[Kwarning: [m[Kunused parameter ‘[01m[Kpressure[m[K’ [[01;35m[K-Wunused-parameter[m[K]
[5.084s]   396 |     [01;35m[Kdouble &pressure[m[K)
[5.084s]       |     [01;35m[K~~~~~~~~^~~~~~~~[m[K
[5.084s] [01m[K/home/blueboat_sitl/gz_ws/src/asv_wave_sim/gz-waves/src/TrochoidIrregularWaveSimulation.cc:[m[K In member function ‘[01m[Kvoid gz::waves::TrochoidIrregularWaveSimulation::Impl::PressureAt(gz::waves::Index, Eigen::Ref<Eigen::Array<double, -1, -1> >)[m[K’:
[5.085s] [01m[K/home/blueboat_sitl/gz_ws/src/asv_wave_sim/gz-waves/src/TrochoidIrregularWaveSimulation.cc:404:11:[m[K [01;35m[Kwarning: [m[Kunused parameter ‘[01m[Kiz[m[K’ [[01;35m[K-Wunused-parameter[m[K]
[5.085s]   404 |     [01;35m[KIndex iz[m[K,
[5.085s]       |     [01;35m[K~~~~~~^~[m[K
[5.085s] [01m[K/home/blueboat_sitl/gz_ws/src/asv_wave_sim/gz-waves/src/TrochoidIrregularWaveSimulation.cc:405:33:[m[K [01;35m[Kwarning: [m[Kunused parameter ‘[01m[Kpressure[m[K’ [[01;35m[K-Wunused-parameter[m[K]
[5.085s]   405 |     [01;35m[KEigen::Ref<Eigen::ArrayXXd> pressure[m[K)
[5.085s]       |     [01;35m[K~~~~~~~~~~~~~~~~~~~~~~~~~~~~^~~~~~~~[m[K
[5.168s] In file included from [01m[K/usr/include/gz/common5/gz/common.hh:35[m[K,
[5.168s]                  from [01m[K/home/blueboat_sitl/gz_ws/src/asv_wave_sim/gz-waves/src/LinearRandomWaveSimulation.cc:24[m[K:
[5.168s] [01m[K/usr/include/gz/common5/gz/common/SuppressWarning.hh:23:72:[m[K [01;36m[Knote: [m[K‘[01m[K#pragma message: gz-common SuppressWarning is deprecated, use gz-utils[m[K’
[5.168s]    23 | #pragma message("gz-common SuppressWarning is deprecated, use gz-utils"[01;36m[K)[m[K
[5.168s]       |                                                                        [01;36m[K^[m[K
[5.267s] In file included from [01m[K/usr/include/gz/common5/gz/common.hh:35[m[K,
[5.267s]                  from [01m[K/home/blueboat_sitl/gz_ws/src/asv_wave_sim/gz-waves/src/LinearRandomFFTWaveSimulationRef.cc:40[m[K:
[5.267s] [01m[K/usr/include/gz/common5/gz/common/SuppressWarning.hh:23:72:[m[K [01;36m[Knote: [m[K‘[01m[K#pragma message: gz-common SuppressWarning is deprecated, use gz-utils[m[K’
[5.267s]    23 | #pragma message("gz-common SuppressWarning is deprecated, use gz-utils"[01;36m[K)[m[K
[5.268s]       |                                                                        [01;36m[K^[m[K
[5.319s] [01m[K/home/blueboat_sitl/gz_ws/src/asv_wave_sim/gz-waves/src/LinearRandomWaveSimulation.cc:[m[K In member function ‘[01m[Kvirtual void gz::waves::LinearRandomWaveSimulation::SetSteepness(double)[m[K’:
[5.319s] [01m[K/home/blueboat_sitl/gz_ws/src/asv_wave_sim/gz-waves/src/LinearRandomWaveSimulation.cc:494:54:[m[K [01;35m[Kwarning: [m[Kunused parameter ‘[01m[Kvalue[m[K’ [[01;35m[K-Wunused-parameter[m[K]
[5.319s]   494 | void LinearRandomWaveSimulation::SetSteepness([01;35m[Kdouble value[m[K)
[5.319s]       |                                               [01;35m[K~~~~~~~^~~~~[m[K
[7.373s] In file included from [01m[K/usr/include/gz/common5/gz/common.hh:35[m[K,
[7.373s]                  from [01m[K/home/blueboat_sitl/gz_ws/src/asv_wave_sim/gz-waves/include/gz/waves/OceanTile.hh:24[m[K,
[7.373s]                  from [01m[K/home/blueboat_sitl/gz_ws/src/asv_wave_sim/gz-waves/src/OceanTile.cc:16[m[K:
[7.373s] [01m[K/usr/include/gz/common5/gz/common/SuppressWarning.hh:23:72:[m[K [01;36m[Knote: [m[K‘[01m[K#pragma message: gz-common SuppressWarning is deprecated, use gz-utils[m[K’
[7.373s]    23 | #pragma message("gz-common SuppressWarning is deprecated, use gz-utils"[01;36m[K)[m[K
[7.373s]       |                                                                        [01;36m[K^[m[K
[7.870s] In file included from [01m[K/usr/include/gz/common5/gz/common.hh:35[m[K,
[7.871s]                  from [01m[K/home/blueboat_sitl/gz_ws/src/asv_wave_sim/gz-waves/include/gz/waves/MeshTools.hh:28[m[K,
[7.871s]                  from [01m[K/home/blueboat_sitl/gz_ws/src/asv_wave_sim/gz-waves/src/MeshTools.cc:16[m[K:
[7.871s] [01m[K/usr/include/gz/common5/gz/common/SuppressWarning.hh:23:72:[m[K [01;36m[Knote: [m[K‘[01m[K#pragma message: gz-common SuppressWarning is deprecated, use gz-utils[m[K’
[7.871s]    23 | #pragma message("gz-common SuppressWarning is deprecated, use gz-utils"[01;36m[K)[m[K
[7.871s]       |                                                                        [01;36m[K^[m[K
[9.276s] In file included from [01m[K/usr/include/gz/common5/gz/common.hh:35[m[K,
[9.277s]                  from [01m[K/home/blueboat_sitl/gz_ws/src/asv_wave_sim/gz-waves/src/Grid.cc:28[m[K:
[9.277s] [01m[K/usr/include/gz/common5/gz/common/SuppressWarning.hh:23:72:[m[K [01;36m[Knote: [m[K‘[01m[K#pragma message: gz-common SuppressWarning is deprecated, use gz-utils[m[K’
[9.277s]    23 | #pragma message("gz-common SuppressWarning is deprecated, use gz-utils"[01;36m[K)[m[K
[9.277s]       |                                                                        [01;36m[K^[m[K
[9.810s] In file included from [01m[K/usr/include/gz/common5/gz/common.hh:35[m[K,
[9.810s]                  from [01m[K/home/blueboat_sitl/gz_ws/src/asv_wave_sim/gz-waves/src/Utilities.cc:22[m[K:
[9.810s] [01m[K/usr/include/gz/common5/gz/common/SuppressWarning.hh:23:72:[m[K [01;36m[Knote: [m[K‘[01m[K#pragma message: gz-common SuppressWarning is deprecated, use gz-utils[m[K’
[9.810s]    23 | #pragma message("gz-common SuppressWarning is deprecated, use gz-utils"[01;36m[K)[m[K
[9.810s]       |                                                                        [01;36m[K^[m[K
[10.241s] In file included from [01m[K/usr/include/gz/common5/gz/common.hh:35[m[K,
[10.241s]                  from [01m[K/home/blueboat_sitl/gz_ws/src/asv_wave_sim/gz-waves/src/WaveParameters.cc:23[m[K:
[10.241s] [01m[K/usr/include/gz/common5/gz/common/SuppressWarning.hh:23:72:[m[K [01;36m[Knote: [m[K‘[01m[K#pragma message: gz-common SuppressWarning is deprecated, use gz-utils[m[K’
[10.241s]    23 | #pragma message("gz-common SuppressWarning is deprecated, use gz-utils"[01;36m[K)[m[K
[10.241s]       |                                                                        [01;36m[K^[m[K
[10.447s] In file included from [01m[K/usr/include/gz/common5/gz/common.hh:35[m[K,
[10.448s]                  from [01m[K/home/blueboat_sitl/gz_ws/src/asv_wave_sim/gz-waves/include/gz/waves/OceanTile.hh:24[m[K,
[10.448s]                  from [01m[K/home/blueboat_sitl/gz_ws/src/asv_wave_sim/gz-waves/src/Wavefield.cc:27[m[K:
[10.448s] [01m[K/usr/include/gz/common5/gz/common/SuppressWarning.hh:23:72:[m[K [01;36m[Knote: [m[K‘[01m[K#pragma message: gz-common SuppressWarning is deprecated, use gz-utils[m[K’
[10.448s]    23 | #pragma message("gz-common SuppressWarning is deprecated, use gz-utils"[01;36m[K)[m[K
[10.448s]       |                                                                        [01;36m[K^[m[K
[10.587s] In file included from [01m[K/usr/include/gz/common5/gz/common.hh:35[m[K,
[10.588s]                  from [01m[K/home/blueboat_sitl/gz_ws/src/asv_wave_sim/gz-waves/src/WavefieldSampler.cc:25[m[K:
[10.588s] [01m[K/usr/include/gz/common5/gz/common/SuppressWarning.hh:23:72:[m[K [01;36m[Knote: [m[K‘[01m[K#pragma message: gz-common SuppressWarning is deprecated, use gz-utils[m[K’
[10.588s]    23 | #pragma message("gz-common SuppressWarning is deprecated, use gz-utils"[01;36m[K)[m[K
[10.588s]       |                                                                        [01;36m[K^[m[K
[10.656s] [01m[K/home/blueboat_sitl/gz_ws/src/asv_wave_sim/gz-waves/src/LinearRegularWaveSimulation.cc:[m[K In member function ‘[01m[Kvirtual void gz::waves::LinearRegularWaveSimulation::SetSteepness(double)[m[K’:
[10.656s] [01m[K/home/blueboat_sitl/gz_ws/src/asv_wave_sim/gz-waves/src/LinearRegularWaveSimulation.cc:581:55:[m[K [01;35m[Kwarning: [m[Kunused parameter ‘[01m[Kvalue[m[K’ [[01;35m[K-Wunused-parameter[m[K]
[10.656s]   581 | void LinearRegularWaveSimulation::SetSteepness([01;35m[Kdouble value[m[K)
[10.656s]       |                                                [01;35m[K~~~~~~~^~~~~[m[K
[10.987s] In file included from [01m[K/usr/include/gz/common5/gz/common.hh:35[m[K,
[10.987s]                  from [01m[K/home/blueboat_sitl/gz_ws/src/asv_wave_sim/gz-waves/src/Physics.cc:31[m[K:
[10.987s] [01m[K/usr/include/gz/common5/gz/common/SuppressWarning.hh:23:72:[m[K [01;36m[Knote: [m[K‘[01m[K#pragma message: gz-common SuppressWarning is deprecated, use gz-utils[m[K’
[10.987s]    23 | #pragma message("gz-common SuppressWarning is deprecated, use gz-utils"[01;36m[K)[m[K
[10.987s]       |                                                                        [01;36m[K^[m[K
[14.151s] [ 23%] [32m[1mLinking CXX static library ../../lib/libgtest.a[0m
[14.211s] [ 23%] Built target gtest
[14.226s] [ 24%] [32mBuilding CXX object test/gtest_vendor/CMakeFiles/gtest_main.dir/src/gtest_main.cc.o[0m
[14.780s] [ 25%] [32m[1mLinking CXX static library ../../lib/libgtest_main.a[0m
[14.804s] [ 25%] Built target gtest_main
[15.062s] [ 26%] [32m[1mLinking CXX shared library ../lib/libgz-waves1.so[0m
[15.344s] [ 26%] Built target gz-waves1
[15.362s] [ 29%] [32mBuilding CXX object src/CMakeFiles/UNIT_Physics_TEST.dir/Physics_TEST.cc.o[0m
[15.362s] [ 29%] [32mBuilding CXX object src/CMakeFiles/UNIT_MeshTools_TEST.dir/MeshTools_TEST.cc.o[0m
[15.363s] [ 30%] [32mBuilding CXX object src/CMakeFiles/UNIT_Grid_TEST.dir/Grid_TEST.cc.o[0m
[15.363s] [ 31%] [32mBuilding CXX object src/CMakeFiles/UNIT_TriangulatedGrid_TEST.dir/TriangulatedGrid_TEST.cc.o[0m
[15.363s] [ 32%] [32mBuilding CXX object src/CMakeFiles/UNIT_LinearRandomFFTWaveSimulation_TEST.dir/LinearRandomFFTWaveSimulation_TEST.cc.o[0m
[15.364s] [ 32%] [32mBuilding CXX object src/CMakeFiles/UNIT_LinearRegularWaveSimulation_TEST.dir/LinearRegularWaveSimulation_TEST.cc.o[0m
[15.365s] [ 33%] [32mBuilding CXX object src/CMakeFiles/UNIT_Algorithm_TEST.dir/Algorithm_TEST.cc.o[0m
[15.366s] [ 36%] [32mBuilding CXX object src/CMakeFiles/UNIT_EigenFFTW_TEST.dir/EigenFFTW_TEST.cc.o[0m
[15.366s] [ 36%] [32mBuilding CXX object src/CMakeFiles/UNIT_WaveSpectrum_TEST.dir/WaveSpectrum_TEST.cc.o[0m
[15.367s] [ 37%] [32mBuilding CXX object test/performance/CMakeFiles/PERFORMANCE_LinearRandomFFTWaveSimCurrentAmplitudes.dir/LinearRandomFFTWaveSimCurrentAmplitudes.cc.o[0m
[15.368s] [ 36%] [32mBuilding CXX object src/systems/waves/CMakeFiles/gz-waves1-rendering.dir/BaseRenderEngineExtension.cc.o[0m
[15.369s] [ 43%] [32mBuilding CXX object test/performance/CMakeFiles/PERFORMANCE_EigenReturnByValue.dir/EigenReturnByValue.cc.o[0m
[15.369s] [ 41%] [32mBuilding CXX object test/performance/CMakeFiles/PERFORMANCE_LinearRandomFFTWaveSimDisplacements.dir/LinearRandomFFTWaveSimDisplacements.cc.o[0m
[15.369s] [ 46%] [32mBuilding CXX object src/CMakeFiles/UNIT_Wavefield_TEST.dir/Wavefield_TEST.cc.o[0m
[15.369s] [ 46%] [32mBuilding CXX object src/CMakeFiles/UNIT_CGAL_TEST.dir/CGAL_TEST.cc.o[0m
[15.369s] [ 46%] [32mBuilding CXX object src/systems/dynamic/CMakeFiles/gz-waves1-dynamic-geometry-system.dir/DynamicGeometry.cc.o[0m
[15.369s] [ 46%] [32mBuilding CXX object src/systems/hydrodynamics/CMakeFiles/gz-waves1-hydrodynamics-system.dir/Collision.cc.o[0m
[15.369s] [ 41%] [32mBuilding CXX object test/performance/CMakeFiles/PERFORMANCE_LinearRandomFFTWaveSimElevationAt.dir/LinearRandomFFTWaveSimElevationAt.cc.o[0m
[15.369s] [ 46%] [32mBuilding CXX object test/performance/CMakeFiles/PERFORMANCE_WaveSpectrumECKV.dir/WaveSpectrumECKV.cc.o[0m
[15.369s] [ 48%] [32mBuilding CXX object src/systems/waves/CMakeFiles/gz-waves1-waves-model-system.dir/WavesModel.cc.o[0m
[15.369s] [ 49%] [32mBuilding CXX object src/CMakeFiles/UNIT_WaveSpreadingFunction_TEST.dir/WaveSpreadingFunction_TEST.cc.o[0m
[15.369s] [ 50%] [32mBuilding CXX object test/performance/CMakeFiles/PERFORMANCE_LinearRandomFFTWaveSimBaseAmplitudes.dir/LinearRandomFFTWaveSimBaseAmplitudes.cc.o[0m
[15.370s] [ 51%] [32mBuilding CXX object src/CMakeFiles/UNIT_Geometry_TEST.dir/Geometry_TEST.cc.o[0m
[15.370s] [ 51%] [32mBuilding CXX object test/performance/CMakeFiles/PERFORMANCE_LinearRegularWaveSimDisplacements.dir/LinearRegularWaveSimDisplacements.cc.o[0m
[16.740s] [ 52%] [32m[1mLinking CXX executable ../../bin/PERFORMANCE_EigenReturnByValue[0m
[17.085s] [ 52%] Built target PERFORMANCE_EigenReturnByValue
[17.117s] [ 52%] [32mBuilding CXX object test/plots/CMakeFiles/PLOT_GnuPlotExample.dir/PLOT_GnuPlotExample.cc.o[0m
[17.761s] [ 52%] [32m[1mLinking CXX executable ../../bin/PERFORMANCE_LinearRandomFFTWaveSimBaseAmplitudes[0m
[17.948s] [ 52%] [32m[1mLinking CXX executable ../bin/UNIT_Algorithm_TEST[0m
[17.960s] [ 53%] [32m[1mLinking CXX executable ../../bin/PERFORMANCE_LinearRandomFFTWaveSimCurrentAmplitudes[0m
[18.087s] [ 54%] [32m[1mLinking CXX executable ../../bin/PERFORMANCE_LinearRegularWaveSimDisplacements[0m
[18.087s] [ 55%] [32m[1mLinking CXX executable ../../bin/PERFORMANCE_LinearRandomFFTWaveSimDisplacements[0m
[18.162s] [ 56%] [32m[1mLinking CXX executable ../../bin/PERFORMANCE_LinearRandomFFTWaveSimElevationAt[0m
[18.269s] [ 56%] Built target UNIT_Algorithm_TEST
[18.285s] [ 58%] [32mBuilding CXX object src/systems/waves/CMakeFiles/gz-waves1-rendering.dir/DisplacementMap.cc.o[0m
[18.320s] [ 58%] Built target PERFORMANCE_LinearRandomFFTWaveSimBaseAmplitudes
[18.335s] [ 59%] [32mBuilding CXX object src/systems/waves/CMakeFiles/gz-waves1-rendering.dir/OceanGeometry.cc.o[0m
[18.469s] [ 59%] Built target PERFORMANCE_LinearRandomFFTWaveSimCurrentAmplitudes
[18.485s] [ 60%] [32mBuilding CXX object src/systems/waves/CMakeFiles/gz-waves1-rendering.dir/OceanVisual.cc.o[0m
[18.563s] [ 61%] [32m[1mLinking CXX executable ../bin/UNIT_EigenFFTW_TEST[0m
[18.576s] [ 61%] Built target PERFORMANCE_LinearRegularWaveSimDisplacements
[18.591s] [ 61%] [32mBuilding CXX object src/systems/hydrodynamics/CMakeFiles/gz-waves1-hydrodynamics-system.dir/Hydrodynamics.cc.o[0m
[18.608s] [ 61%] Built target PERFORMANCE_LinearRandomFFTWaveSimDisplacements
[18.626s] [ 62%] [32mBuilding CXX object src/systems/waves/CMakeFiles/gz-waves1-rendering.dir/RenderEngineExtension.cc.o[0m
[18.690s] [ 62%] Built target PERFORMANCE_LinearRandomFFTWaveSimElevationAt
[18.696s] [ 63%] [32mBuilding CXX object test/plots/CMakeFiles/PLOT_LinearRandomFFTWaves.dir/PLOT_LinearRandomFFTWaves.cc.o[0m
[18.726s] [ 64%] [32mBuilding CXX object test/plots/CMakeFiles/PLOT_LinearRandomWaves.dir/PLOT_LinearRandomWaves.cc.o[0m
[18.886s] [ 64%] Built target UNIT_EigenFFTW_TEST
[18.891s] [01m[K/home/blueboat_sitl/gz_ws/src/asv_wave_sim/gz-waves/test/plots/PLOT_GnuPlotExample.cc:[m[K In function ‘[01m[Kint main(int, const char**)[m[K’:
[18.892s] [01m[K/home/blueboat_sitl/gz_ws/src/asv_wave_sim/gz-waves/test/plots/PLOT_GnuPlotExample.cc:30:18:[m[K [01;35m[Kwarning: [m[Kignoring return value of ‘[01m[Kint system(const char*)[m[K’ declared with attribute ‘[01m[Kwarn_unused_result[m[K’ [[01;35m[K-Wunused-result[m[K]
[18.892s]    30 |       [01;35m[Kstd::system(s.c_str())[m[K;
[18.892s]       |       [01;35m[K~~~~~~~~~~~^~~~~~~~~~~[m[K
[18.935s] [ 65%] [32mBuilding CXX object test/plots/CMakeFiles/PLOT_LinearRegularWaves.dir/PLOT_LinearRegularWaves.cc.o[0m
[19.073s] In file included from [01m[K/usr/include/OGRE-2.3/OgrePrerequisites.h:30[m[K,
[19.075s]                  from [01m[K/usr/include/OGRE-2.3/OgreItem.h:31[m[K,
[19.076s]                  from [01m[K/home/blueboat_sitl/gz_ws/src/asv_wave_sim/gz-waves/src/systems/dynamic/DynamicGeometry.cc:43[m[K:
[19.076s] [01m[K/usr/include/OGRE-2.3/OgrePlatform.h:360:102:[m[K [01;36m[Knote: [m[K‘[01m[K#pragma message: Ogre can't tell whether this is a debug build. If it is, please add _DEBUG to the preprocessor definitions. Otherwise, you can set OGRE_IGNORE_UNKNOWN_DEBUG to suppress this warning. Ogre will assume this is not a debug build by default. To add _DEBUG with g++, invoke g++ with the argument -D_DEBUG. To add it in CMake, include set( CMAKE_CXX_FLAGS_DEBUG "${CMAKE_CXX_FLAGS_DEBUG} -DDEBUG=1 -D_DEBUG=1" ) at the top of your CMakeLists.txt file. IDEs usually provide the possibility to add preprocessor definitions in the build settings. You can also manually set OGRE_DEBUG_MODE to either 1 or 0 instead of adding _DEBUG.[m[K’
[19.076s]   360 |     "settings. You can also manually set OGRE_DEBUG_MODE to either 1 or 0 instead of adding _DEBUG." [01;36m[K)[m[K
[19.076s]       |                                                                                                      [01;36m[K^[m[K
[19.738s] [ 66%] [32mBuilding CXX object test/plots/CMakeFiles/PLOT_WaveSpectrum.dir/PLOT_WaveSpectrum.cc.o[0m
[19.875s] [ 67%] [32m[1mLinking CXX executable ../bin/UNIT_WaveSpectrum_TEST[0m
[19.957s] [ 68%] [32m[1mLinking CXX executable ../../bin/PERFORMANCE_WaveSpectrumECKV[0m
[20.150s] [ 69%] [32m[1mLinking CXX executable ../../bin/PLOT_GnuPlotExample[0m
[20.379s] [ 69%] Built target PLOT_GnuPlotExample
[20.392s] [ 70%] [32mBuilding CXX object src/systems/waves/CMakeFiles/gz-waves1-rendering.dir/RenderEngineExtensionManager.cc.o[0m
[20.395s] [ 70%] Built target PERFORMANCE_WaveSpectrumECKV
[20.402s] [ 70%] Built target UNIT_WaveSpectrum_TEST
[20.405s] In file included from [01m[K/usr/include/gz/common5/gz/common.hh:35[m[K,
[20.405s]                  from [01m[K/home/blueboat_sitl/gz_ws/src/asv_wave_sim/gz-waves/src/MeshTools_TEST.cc:21[m[K:
[20.406s] [01m[K/usr/include/gz/common5/gz/common/SuppressWarning.hh:23:72:[m[K [01;36m[Knote: [m[K‘[01m[K#pragma message: gz-common SuppressWarning is deprecated, use gz-utils[m[K’
[20.406s]    23 | #pragma message("gz-common SuppressWarning is deprecated, use gz-utils"[01;36m[K)[m[K
[20.406s]       |                                                                        [01;36m[K^[m[K
[20.410s] [ 72%] [32mBuilding CXX object src/systems/waves/CMakeFiles/gz-waves1-rendering.dir/RenderEngineExtensionPlugin.cc.o[0m
[20.414s] [ 73%] [32mBuilding CXX object src/systems/waves/CMakeFiles/gz-waves1-rendering.dir/SceneNodeFactory.cc.o[0m
[20.449s] In file included from [01m[K/usr/include/gz/common5/gz/common.hh:35[m[K,
[20.449s]                  from [01m[K/home/blueboat_sitl/gz_ws/src/asv_wave_sim/gz-waves/src/Physics_TEST.cc:23[m[K:
[20.449s] [01m[K/usr/include/gz/common5/gz/common/SuppressWarning.hh:23:72:[m[K [01;36m[Knote: [m[K‘[01m[K#pragma message: gz-common SuppressWarning is deprecated, use gz-utils[m[K’
[20.450s]    23 | #pragma message("gz-common SuppressWarning is deprecated, use gz-utils"[01;36m[K)[m[K
[20.450s]       |                                                                        [01;36m[K^[m[K
[21.284s] In file included from [01m[K/usr/include/gz/common5/gz/common.hh:35[m[K,
[21.285s]                  from [01m[K/home/blueboat_sitl/gz_ws/src/asv_wave_sim/gz-waves/include/gz/waves/OceanTile.hh:24[m[K,
[21.285s]                  from [01m[K/home/blueboat_sitl/gz_ws/src/asv_wave_sim/gz-waves/src/LinearRegularWaveSimulation_TEST.cc:24[m[K:
[21.285s] [01m[K/usr/include/gz/common5/gz/common/SuppressWarning.hh:23:72:[m[K [01;36m[Knote: [m[K‘[01m[K#pragma message: gz-common SuppressWarning is deprecated, use gz-utils[m[K’
[21.285s]    23 | #pragma message("gz-common SuppressWarning is deprecated, use gz-utils"[01;36m[K)[m[K
[21.285s]       |                                                                        [01;36m[K^[m[K
[21.388s] In file included from [01m[K/usr/include/gz/common5/gz/common.hh:35[m[K,
[21.389s]                  from [01m[K/home/blueboat_sitl/gz_ws/src/asv_wave_sim/gz-waves/include/gz/waves/OceanTile.hh:24[m[K,
[21.389s]                  from [01m[K/home/blueboat_sitl/gz_ws/src/asv_wave_sim/gz-waves/src/systems/waves/OceanVisual.hh:29[m[K,
[21.389s]                  from [01m[K/home/blueboat_sitl/gz_ws/src/asv_wave_sim/gz-waves/src/systems/waves/SceneNodeFactory.hh:27[m[K,
[21.389s]                  from [01m[K/home/blueboat_sitl/gz_ws/src/asv_wave_sim/gz-waves/src/systems/waves/RenderEngineExtension.hh:45[m[K,
[21.389s]                  from [01m[K/home/blueboat_sitl/gz_ws/src/asv_wave_sim/gz-waves/src/systems/waves/BaseRenderEngineExtension.hh:27[m[K,
[21.389s]                  from [01m[K/home/blueboat_sitl/gz_ws/src/asv_wave_sim/gz-waves/src/systems/waves/BaseRenderEngineExtension.cc:16[m[K:
[21.389s] [01m[K/usr/include/gz/common5/gz/common/SuppressWarning.hh:23:72:[m[K [01;36m[Knote: [m[K‘[01m[K#pragma message: gz-common SuppressWarning is deprecated, use gz-utils[m[K’
[21.389s]    23 | #pragma message("gz-common SuppressWarning is deprecated, use gz-utils"[01;36m[K)[m[K
[21.389s]       |                                                                        [01;36m[K^[m[K
[21.661s] [01m[K/home/blueboat_sitl/gz_ws/src/asv_wave_sim/gz-waves/test/plots/PLOT_LinearRandomFFTWaves.cc:[m[K In function ‘[01m[Kint main(int, const char**)[m[K’:
[21.662s] [01m[K/home/blueboat_sitl/gz_ws/src/asv_wave_sim/gz-waves/test/plots/PLOT_LinearRandomFFTWaves.cc:39:18:[m[K [01;35m[Kwarning: [m[Kignoring return value of ‘[01m[Kint system(const char*)[m[K’ declared with attribute ‘[01m[Kwarn_unused_result[m[K’ [[01;35m[K-Wunused-result[m[K]
[21.662s]    39 |       [01;35m[Kstd::system(s.c_str())[m[K;
[21.662s]       |       [01;35m[K~~~~~~~~~~~^~~~~~~~~~~[m[K
[21.662s] [01m[K/home/blueboat_sitl/gz_ws/src/asv_wave_sim/gz-waves/test/plots/PLOT_LinearRandomWaves.cc:[m[K In function ‘[01m[Kint main(int, const char**)[m[K’:
[21.662s] [01m[K/home/blueboat_sitl/gz_ws/src/asv_wave_sim/gz-waves/test/plots/PLOT_LinearRandomWaves.cc:39:18:[m[K [01;35m[Kwarning: [m[Kignoring return value of ‘[01m[Kint system(const char*)[m[K’ declared with attribute ‘[01m[Kwarn_unused_result[m[K’ [[01;35m[K-Wunused-result[m[K]
[21.662s]    39 |       [01;35m[Kstd::system(s.c_str())[m[K;
[21.662s]       |       [01;35m[K~~~~~~~~~~~^~~~~~~~~~~[m[K
[21.930s] [01m[K/home/blueboat_sitl/gz_ws/src/asv_wave_sim/gz-waves/test/plots/PLOT_LinearRegularWaves.cc:[m[K In function ‘[01m[Kint main(int, const char**)[m[K’:
[21.931s] [01m[K/home/blueboat_sitl/gz_ws/src/asv_wave_sim/gz-waves/test/plots/PLOT_LinearRegularWaves.cc:39:18:[m[K [01;35m[Kwarning: [m[Kignoring return value of ‘[01m[Kint system(const char*)[m[K’ declared with attribute ‘[01m[Kwarn_unused_result[m[K’ [[01;35m[K-Wunused-result[m[K]
[21.931s]    39 |       [01;35m[Kstd::system(s.c_str())[m[K;
[21.931s]       |       [01;35m[K~~~~~~~~~~~^~~~~~~~~~~[m[K
[22.005s] In file included from [01m[K/usr/include/gz/common5/gz/common.hh:35[m[K,
[22.005s]                  from [01m[K/home/blueboat_sitl/gz_ws/src/asv_wave_sim/gz-waves/include/gz/waves/MeshTools.hh:28[m[K,
[22.005s]                  from [01m[K/home/blueboat_sitl/gz_ws/src/asv_wave_sim/gz-waves/src/Geometry_TEST.cc:25[m[K:
[22.005s] [01m[K/usr/include/gz/common5/gz/common/SuppressWarning.hh:23:72:[m[K [01;36m[Knote: [m[K‘[01m[K#pragma message: gz-common SuppressWarning is deprecated, use gz-utils[m[K’
[22.005s]    23 | #pragma message("gz-common SuppressWarning is deprecated, use gz-utils"[01;36m[K)[m[K
[22.005s]       |                                                                        [01;36m[K^[m[K
[22.028s] [ 74%] [32m[1mLinking CXX executable ../bin/UNIT_LinearRandomFFTWaveSimulation_TEST[0m
[22.229s] [ 74%] [32m[1mLinking CXX executable ../bin/UNIT_WaveSpreadingFunction_TEST[0m
[22.519s] [ 74%] Built target UNIT_LinearRandomFFTWaveSimulation_TEST
[22.691s] [01m[K/home/blueboat_sitl/gz_ws/src/asv_wave_sim/gz-waves/test/plots/PLOT_WaveSpectrum.cc:[m[K In function ‘[01m[Kint main(int, const char**)[m[K’:
[22.692s] [01m[K/home/blueboat_sitl/gz_ws/src/asv_wave_sim/gz-waves/test/plots/PLOT_WaveSpectrum.cc:50:18:[m[K [01;35m[Kwarning: [m[Kignoring return value of ‘[01m[Kint system(const char*)[m[K’ declared with attribute ‘[01m[Kwarn_unused_result[m[K’ [[01;35m[K-Wunused-result[m[K]
[22.692s]    50 |       [01;35m[Kstd::system(s.c_str())[m[K;
[22.692s]       |       [01;35m[K~~~~~~~~~~~^~~~~~~~~~~[m[K
[22.721s] [ 74%] Built target UNIT_WaveSpreadingFunction_TEST
[23.044s] [ 75%] [32m[1mLinking CXX executable ../../bin/PLOT_LinearRandomFFTWaves[0m
[23.157s] [ 76%] [32m[1mLinking CXX executable ../../bin/PLOT_LinearRandomWaves[0m
[23.265s] [ 76%] Built target PLOT_LinearRandomFFTWaves
[23.366s] In file included from [01m[K/usr/include/gz/common5/gz/common.hh:35[m[K,
[23.367s]                  from [01m[K/home/blueboat_sitl/gz_ws/src/asv_wave_sim/gz-waves/include/gz/waves/OceanTile.hh:24[m[K,
[23.367s]                  from [01m[K/home/blueboat_sitl/gz_ws/src/asv_wave_sim/gz-waves/src/systems/waves/OceanVisual.hh:29[m[K,
[23.367s]                  from [01m[K/home/blueboat_sitl/gz_ws/src/asv_wave_sim/gz-waves/src/systems/waves/OceanVisual.cc:16[m[K:
[23.367s] [01m[K/usr/include/gz/common5/gz/common/SuppressWarning.hh:23:72:[m[K [01;36m[Knote: [m[K‘[01m[K#pragma message: gz-common SuppressWarning is deprecated, use gz-utils[m[K’
[23.367s]    23 | #pragma message("gz-common SuppressWarning is deprecated, use gz-utils"[01;36m[K)[m[K
[23.367s]       |                                                                        [01;36m[K^[m[K
[23.440s] [ 77%] [32m[1mLinking CXX executable ../../bin/PLOT_LinearRegularWaves[0m
[23.617s] [ 77%] Built target PLOT_LinearRandomWaves
[23.735s] [01m[K/home/blueboat_sitl/gz_ws/src/asv_wave_sim/gz-waves/src/systems/waves/RenderEngineExtensionManager.cc:463:13:[m[K [01;35m[Kwarning: [m[K'GZ_RENDERING_ENGINE_INSTALL_DIR' macro is deprecated, use gz::rendering::getEngineInstallDir() function instead. 
[23.735s]   463 |   systemPath[01;35m[Ks.AddPluginPaths({GZ_RENDERING_ENGINE_INSTALL_DIR});[m[K
[23.735s]       |             [01;35m[K^~~~~~~~~~~~~~~~~~~~~~~~~~~~~~~~~~~~~~~~~~~~~~~~~~~~[m[K                                                                
[23.875s] [ 77%] Built target PLOT_LinearRegularWaves
[24.126s] In file included from [01m[K/usr/include/gz/common5/gz/common.hh:35[m[K,
[24.126s]                  from [01m[K/home/blueboat_sitl/gz_ws/src/asv_wave_sim/gz-waves/include/gz/waves/OceanTile.hh:24[m[K,
[24.126s]                  from [01m[K/home/blueboat_sitl/gz_ws/src/asv_wave_sim/gz-waves/src/systems/waves/OceanVisual.hh:29[m[K,
[24.126s]                  from [01m[K/home/blueboat_sitl/gz_ws/src/asv_wave_sim/gz-waves/src/systems/waves/SceneNodeFactory.hh:27[m[K,
[24.126s]                  from [01m[K/home/blueboat_sitl/gz_ws/src/asv_wave_sim/gz-waves/src/systems/waves/RenderEngineExtension.hh:45[m[K,
[24.126s]                  from [01m[K/home/blueboat_sitl/gz_ws/src/asv_wave_sim/gz-waves/src/systems/waves/RenderEngineExtension.cc:16[m[K:
[24.126s] [01m[K/usr/include/gz/common5/gz/common/SuppressWarning.hh:23:72:[m[K [01;36m[Knote: [m[K‘[01m[K#pragma message: gz-common SuppressWarning is deprecated, use gz-utils[m[K’
[24.126s]    23 | #pragma message("gz-common SuppressWarning is deprecated, use gz-utils"[01;36m[K)[m[K
[24.126s]       |                                                                        [01;36m[K^[m[K
[24.606s] [ 78%] [32m[1mLinking CXX executable ../../bin/PLOT_WaveSpectrum[0m
[24.782s] In file included from [01m[K/usr/include/gz/common5/gz/common.hh:35[m[K,
[24.783s]                  from [01m[K/home/blueboat_sitl/gz_ws/src/asv_wave_sim/gz-waves/include/gz/waves/OceanTile.hh:24[m[K,
[24.783s]                  from [01m[K/home/blueboat_sitl/gz_ws/src/asv_wave_sim/gz-waves/src/systems/waves/OceanVisual.hh:29[m[K,
[24.783s]                  from [01m[K/home/blueboat_sitl/gz_ws/src/asv_wave_sim/gz-waves/src/systems/waves/SceneNodeFactory.hh:27[m[K,
[24.783s]                  from [01m[K/home/blueboat_sitl/gz_ws/src/asv_wave_sim/gz-waves/src/systems/waves/SceneNodeFactory.cc:16[m[K:
[24.783s] [01m[K/usr/include/gz/common5/gz/common/SuppressWarning.hh:23:72:[m[K [01;36m[Knote: [m[K‘[01m[K#pragma message: gz-common SuppressWarning is deprecated, use gz-utils[m[K’
[24.783s]    23 | #pragma message("gz-common SuppressWarning is deprecated, use gz-utils"[01;36m[K)[m[K
[24.783s]       |                                                                        [01;36m[K^[m[K
[24.930s] [ 78%] Built target PLOT_WaveSpectrum
[25.200s] [ 79%] [32m[1mLinking CXX executable ../bin/UNIT_TriangulatedGrid_TEST[0m
[25.411s] [ 80%] [32m[1mLinking CXX executable ../bin/UNIT_Grid_TEST[0m
[25.453s] [ 80%] Built target UNIT_TriangulatedGrid_TEST
[25.655s] [ 80%] Built target UNIT_Grid_TEST
[25.733s] In file included from [01m[K/usr/include/gz/common5/gz/common.hh:35[m[K,
[25.733s]                  from [01m[K/home/blueboat_sitl/gz_ws/src/asv_wave_sim/gz-waves/include/gz/waves/MeshTools.hh:28[m[K,
[25.733s]                  from [01m[K/home/blueboat_sitl/gz_ws/src/asv_wave_sim/gz-waves/src/CGAL_TEST.cc:48[m[K:
[25.733s] [01m[K/usr/include/gz/common5/gz/common/SuppressWarning.hh:23:72:[m[K [01;36m[Knote: [m[K‘[01m[K#pragma message: gz-common SuppressWarning is deprecated, use gz-utils[m[K’
[25.733s]    23 | #pragma message("gz-common SuppressWarning is deprecated, use gz-utils"[01;36m[K)[m[K
[25.733s]       |                                                                        [01;36m[K^[m[K
[26.013s] In file included from [01m[K/usr/include/gz/common5/gz/common.hh:35[m[K,
[26.013s]                  from [01m[K/home/blueboat_sitl/gz_ws/src/asv_wave_sim/gz-waves/include/gz/waves/OceanTile.hh:24[m[K,
[26.013s]                  from [01m[K/home/blueboat_sitl/gz_ws/src/asv_wave_sim/gz-waves/src/systems/waves/OceanVisual.hh:29[m[K,
[26.013s]                  from [01m[K/home/blueboat_sitl/gz_ws/src/asv_wave_sim/gz-waves/src/systems/waves/SceneNodeFactory.hh:27[m[K,
[26.013s]                  from [01m[K/home/blueboat_sitl/gz_ws/src/asv_wave_sim/gz-waves/src/systems/waves/RenderEngineExtension.hh:45[m[K,
[26.013s]                  from [01m[K/home/blueboat_sitl/gz_ws/src/asv_wave_sim/gz-waves/src/systems/waves/RenderEngineExtensionManager.cc:44[m[K:
[26.014s] [01m[K/usr/include/gz/common5/gz/common/SuppressWarning.hh:23:72:[m[K [01;36m[Knote: [m[K‘[01m[K#pragma message: gz-common SuppressWarning is deprecated, use gz-utils[m[K’
[26.014s]    23 | #pragma message("gz-common SuppressWarning is deprecated, use gz-utils"[01;36m[K)[m[K
[26.014s]       |                                                                        [01;36m[K^[m[K
[26.619s] [ 81%] [32m[1mLinking CXX executable ../bin/UNIT_Geometry_TEST[0m
[26.634s] [ 82%] [32m[1mLinking CXX executable ../bin/UNIT_Wavefield_TEST[0m
[26.791s] [ 82%] Built target UNIT_Wavefield_TEST
[26.876s] [ 82%] Built target UNIT_Geometry_TEST
[28.156s] In file included from [01m[K/usr/include/gz/common5/gz/common.hh:35[m[K,
[28.156s]                  from [01m[K/home/blueboat_sitl/gz_ws/src/asv_wave_sim/gz-waves/include/gz/waves/MeshTools.hh:28[m[K,
[28.156s]                  from [01m[K/home/blueboat_sitl/gz_ws/src/asv_wave_sim/gz-waves/src/systems/hydrodynamics/Hydrodynamics.cc:54[m[K:
[28.156s] [01m[K/usr/include/gz/common5/gz/common/SuppressWarning.hh:23:72:[m[K [01;36m[Knote: [m[K‘[01m[K#pragma message: gz-common SuppressWarning is deprecated, use gz-utils[m[K’
[28.156s]    23 | #pragma message("gz-common SuppressWarning is deprecated, use gz-utils"[01;36m[K)[m[K
[28.156s]       |                                                                        [01;36m[K^[m[K
[29.263s] [ 83%] [32m[1mLinking CXX shared library ../../../lib/libgz-waves1-waves-model-system.so[0m
[29.414s] [ 84%] [32m[1mLinking CXX executable ../bin/UNIT_LinearRegularWaveSimulation_TEST[0m
[29.481s] [ 84%] Built target gz-waves1-waves-model-system
[29.606s] [ 84%] Built target UNIT_LinearRegularWaveSimulation_TEST
[30.393s] [ 86%] [32m[1mLinking CXX executable ../bin/UNIT_MeshTools_TEST[0m
[30.558s] [ 86%] Built target UNIT_MeshTools_TEST
[31.620s] [ 87%] [32m[1mLinking CXX executable ../bin/UNIT_Physics_TEST[0m
[31.776s] [ 87%] Built target UNIT_Physics_TEST
[32.516s] [ 88%] [32m[1mLinking CXX shared library ../../../lib/libgz-waves1-rendering.so[0m
[32.607s] [ 88%] Built target gz-waves1-rendering
[32.622s] [ 91%] [32mBuilding CXX object src/systems/waves/CMakeFiles/gz-waves1-rendering-ogre2.dir/Ogre2SceneNodeFactory.cc.o[0m
[32.623s] [ 91%] [32mBuilding CXX object src/systems/waves/CMakeFiles/gz-waves1-rendering-ogre2.dir/Ogre2OceanGeometry.cc.o[0m
[32.623s] [ 91%] [32mBuilding CXX object src/systems/waves/CMakeFiles/gz-waves1-rendering-ogre2.dir/Ogre2OceanVisual.cc.o[0m
[32.623s] [ 91%] [32mBuilding CXX object src/systems/waves/CMakeFiles/gz-waves1-rendering-ogre2.dir/Ogre2DisplacementMap.cc.o[0m
[32.623s] [ 92%] [32mBuilding CXX object src/systems/waves/CMakeFiles/gz-waves1-rendering-ogre2.dir/Ogre2DynamicMesh.cc.o[0m
[32.624s] [ 94%] [32mBuilding CXX object src/systems/waves/CMakeFiles/gz-waves1-waves-visual-system.dir/WavesVisual.cc.o[0m
[32.624s] [ 94%] [32mBuilding CXX object src/systems/waves/CMakeFiles/gz-waves1-rendering-ogre2.dir/Ogre2RenderEngineExtension.cc.o[0m
[33.219s] In file included from [01m[K/usr/include/gz/common5/gz/common.hh:35[m[K,
[33.219s]                  from [01m[K/home/blueboat_sitl/gz_ws/src/asv_wave_sim/gz-waves/src/systems/waves/Ogre2OceanGeometry.cc:18[m[K:
[33.219s] [01m[K/usr/include/gz/common5/gz/common/SuppressWarning.hh:23:72:[m[K [01;36m[Knote: [m[K‘[01m[K#pragma message: gz-common SuppressWarning is deprecated, use gz-utils[m[K’
[33.219s]    23 | #pragma message("gz-common SuppressWarning is deprecated, use gz-utils"[01;36m[K)[m[K
[33.219s]       |                                                                        [01;36m[K^[m[K
[33.237s] In file included from [01m[K/usr/include/OGRE-2.3/OgrePrerequisites.h:30[m[K,
[33.237s]                  from [01m[K/usr/include/OGRE-2.3/Hlms/Pbs/OgreHlmsPbsPrerequisites.h:31[m[K,
[33.237s]                  from [01m[K/usr/include/gz/rendering7/gz/rendering/ogre2/Ogre2Material.hh:29[m[K,
[33.237s]                  from [01m[K/home/blueboat_sitl/gz_ws/src/asv_wave_sim/gz-waves/src/systems/waves/Ogre2OceanGeometry.cc:19[m[K:
[33.238s] [01m[K/usr/include/OGRE-2.3/OgrePlatform.h:360:102:[m[K [01;36m[Knote: [m[K‘[01m[K#pragma message: Ogre can't tell whether this is a debug build. If it is, please add _DEBUG to the preprocessor definitions. Otherwise, you can set OGRE_IGNORE_UNKNOWN_DEBUG to suppress this warning. Ogre will assume this is not a debug build by default. To add _DEBUG with g++, invoke g++ with the argument -D_DEBUG. To add it in CMake, include set( CMAKE_CXX_FLAGS_DEBUG "${CMAKE_CXX_FLAGS_DEBUG} -DDEBUG=1 -D_DEBUG=1" ) at the top of your CMakeLists.txt file. IDEs usually provide the possibility to add preprocessor definitions in the build settings. You can also manually set OGRE_DEBUG_MODE to either 1 or 0 instead of adding _DEBUG.[m[K’
[33.238s]   360 |     "settings. You can also manually set OGRE_DEBUG_MODE to either 1 or 0 instead of adding _DEBUG." [01;36m[K)[m[K
[33.238s]       |                                                                                                      [01;36m[K^[m[K
[33.893s] In file included from [01m[K/usr/include/OGRE-2.3/OgrePrerequisites.h:30[m[K,
[33.893s]                  from [01m[K/usr/include/OGRE-2.3/Ogre.h:31[m[K,
[33.893s]                  from [01m[K/usr/include/gz/rendering7/gz/rendering/ogre2/Ogre2Includes.hh:32[m[K,
[33.893s]                  from [01m[K/usr/include/gz/rendering7/gz/rendering/ogre2/Ogre2BoundingBoxCamera.hh:32[m[K,
[33.893s]                  from [01m[K/usr/include/gz/rendering7/gz/rendering/ogre2.hh:25[m[K,
[33.893s]                  from [01m[K/home/blueboat_sitl/gz_ws/src/asv_wave_sim/gz-waves/src/systems/waves/Ogre2DisplacementMap.hh:28[m[K,
[33.893s]                  from [01m[K/home/blueboat_sitl/gz_ws/src/asv_wave_sim/gz-waves/src/systems/waves/Ogre2DisplacementMap.cc:16[m[K:
[33.893s] [01m[K/usr/include/OGRE-2.3/OgrePlatform.h:360:102:[m[K [01;36m[Knote: [m[K‘[01m[K#pragma message: Ogre can't tell whether this is a debug build. If it is, please add _DEBUG to the preprocessor definitions. Otherwise, you can set OGRE_IGNORE_UNKNOWN_DEBUG to suppress this warning. Ogre will assume this is not a debug build by default. To add _DEBUG with g++, invoke g++ with the argument -D_DEBUG. To add it in CMake, include set( CMAKE_CXX_FLAGS_DEBUG "${CMAKE_CXX_FLAGS_DEBUG} -DDEBUG=1 -D_DEBUG=1" ) at the top of your CMakeLists.txt file. IDEs usually provide the possibility to add preprocessor definitions in the build settings. You can also manually set OGRE_DEBUG_MODE to either 1 or 0 instead of adding _DEBUG.[m[K’
[33.894s]   360 | GRE_DEBUG_MODE to either 1 or 0 instead of adding _DEBUG." [01;36m[K)[m[K
[33.894s]       |                                                            [01;36m[K^[m[K
[33.894s] 
[33.920s] In file included from [01m[K/usr/include/OGRE-2.3/OgrePrerequisites.h:30[m[K,
[33.920s]                  from [01m[K/usr/include/OGRE-2.3/OgrePixelFormatGpu.h:31[m[K,
[33.921s]                  from [01m[K/usr/include/OGRE-2.3/OgreHlmsPso.h:31[m[K,
[33.921s]                  from [01m[K/home/blueboat_sitl/gz_ws/src/asv_wave_sim/gz-waves/src/systems/waves/Ogre2DynamicMesh.hh:52[m[K,
[33.921s]                  from [01m[K/home/blueboat_sitl/gz_ws/src/asv_wave_sim/gz-waves/src/systems/waves/Ogre2DynamicMesh.cc:35[m[K:
[33.921s] [01m[K/usr/include/OGRE-2.3/OgrePlatform.h:360:102:[m[K [01;36m[Knote: [m[K‘[01m[K#pragma message: Ogre can't tell whether this is a debug build. If it is, please add _DEBUG to the preprocessor definitions. Otherwise, you can set OGRE_IGNORE_UNKNOWN_DEBUG to suppress this warning. Ogre will assume this is not a debug build by default. To add _DEBUG with g++, invoke g++ with the argument -D_DEBUG. To add it in CMake, include set( CMAKE_CXX_FLAGS_DEBUG "${CMAKE_CXX_FLAGS_DEBUG} -DDEBUG=1 -D_DEBUG=1" ) at the top of your CMakeLists.txt file. IDEs usually provide the possibility to add preprocessor definitions in the build settings. You can also manually set OGRE_DEBUG_MODE to either 1 or 0 instead of adding _DEBUG.[m[K’
[33.921s]   360 |     "settings. You can also manually set OGRE_DEBUG_MODE to either 1 or 0 instead of adding _DEBUG." [01;36m[K)[m[K
[33.921s]       |                                                                                                      [01;36m[K^[m[K
[35.292s] In file included from [01m[K/usr/include/gz/common5/gz/common.hh:35[m[K,
[35.292s]                  from [01m[K/home/blueboat_sitl/gz_ws/src/asv_wave_sim/gz-waves/include/gz/waves/OceanTile.hh:24[m[K,
[35.292s]                  from [01m[K/home/blueboat_sitl/gz_ws/src/asv_wave_sim/gz-waves/src/systems/waves/Ogre2OceanVisual.hh:24[m[K,
[35.293s]                  from [01m[K/home/blueboat_sitl/gz_ws/src/asv_wave_sim/gz-waves/src/systems/waves/Ogre2OceanVisual.cc:16[m[K:
[35.293s] [01m[K/usr/include/gz/common5/gz/common/SuppressWarning.hh:23:72:[m[K [01;36m[Knote: [m[K‘[01m[K#pragma message: gz-common SuppressWarning is deprecated, use gz-utils[m[K’
[35.293s]    23 | #pragma message("gz-common SuppressWarning is deprecated, use gz-utils"[01;36m[K)[m[K
[35.293s]       |                                                                        [01;36m[K^[m[K
[35.321s] [ 95%] [32m[1mLinking CXX shared library ../../../lib/libgz-waves1-dynamic-geometry-system.so[0m
[35.474s] In file included from [01m[K/usr/include/gz/common5/gz/common.hh:35[m[K,
[35.474s]                  from [01m[K/home/blueboat_sitl/gz_ws/src/asv_wave_sim/gz-waves/include/gz/waves/OceanTile.hh:24[m[K,
[35.474s]                  from [01m[K/home/blueboat_sitl/gz_ws/src/asv_wave_sim/gz-waves/src/systems/waves/OceanVisual.hh:29[m[K,
[35.474s]                  from [01m[K/home/blueboat_sitl/gz_ws/src/asv_wave_sim/gz-waves/src/systems/waves/SceneNodeFactory.hh:27[m[K,
[35.474s]                  from [01m[K/home/blueboat_sitl/gz_ws/src/asv_wave_sim/gz-waves/src/systems/waves/RenderEngineExtension.hh:45[m[K,
[35.474s]                  from [01m[K/home/blueboat_sitl/gz_ws/src/asv_wave_sim/gz-waves/src/systems/waves/BaseRenderEngineExtension.hh:27[m[K,
[35.474s]                  from [01m[K/home/blueboat_sitl/gz_ws/src/asv_wave_sim/gz-waves/src/systems/waves/Ogre2RenderEngineExtension.hh:31[m[K,
[35.474s]                  from [01m[K/home/blueboat_sitl/gz_ws/src/asv_wave_sim/gz-waves/src/systems/waves/Ogre2RenderEngineExtension.cc:16[m[K:
[35.474s] [01m[K/usr/include/gz/common5/gz/common/SuppressWarning.hh:23:72:[m[K [01;36m[Knote: [m[K‘[01m[K#pragma message: gz-common SuppressWarning is deprecated, use gz-utils[m[K’
[35.474s]    23 | #pragma message("gz-common SuppressWarning is deprecated, use gz-utils"[01;36m[K)[m[K
[35.474s]       |                                                                        [01;36m[K^[m[K
[35.575s] [ 95%] Built target gz-waves1-dynamic-geometry-system
[35.925s] In file included from [01m[K/usr/include/gz/common5/gz/common.hh:35[m[K,
[35.925s]                  from [01m[K/home/blueboat_sitl/gz_ws/src/asv_wave_sim/gz-waves/include/gz/waves/OceanTile.hh:24[m[K,
[35.925s]                  from [01m[K/home/blueboat_sitl/gz_ws/src/asv_wave_sim/gz-waves/src/systems/waves/OceanVisual.hh:29[m[K,
[35.925s]                  from [01m[K/home/blueboat_sitl/gz_ws/src/asv_wave_sim/gz-waves/src/systems/waves/SceneNodeFactory.hh:27[m[K,
[35.925s]                  from [01m[K/home/blueboat_sitl/gz_ws/src/asv_wave_sim/gz-waves/src/systems/waves/Ogre2SceneNodeFactory.hh:25[m[K,
[35.926s]                  from [01m[K/home/blueboat_sitl/gz_ws/src/asv_wave_sim/gz-waves/src/systems/waves/Ogre2SceneNodeFactory.cc:16[m[K:
[35.926s] [01m[K/usr/include/gz/common5/gz/common/SuppressWarning.hh:23:72:[m[K [01;36m[Knote: [m[K‘[01m[K#pragma message: gz-common SuppressWarning is deprecated, use gz-utils[m[K’
[35.926s]    23 | #pragma message("gz-common SuppressWarning is deprecated, use gz-utils"[01;36m[K)[m[K
[35.926s]       |                                                                        [01;36m[K^[m[K
[37.077s] In file included from [01m[K/usr/include/gz/common5/gz/common.hh:35[m[K,
[37.077s]                  from [01m[K/home/blueboat_sitl/gz_ws/src/asv_wave_sim/gz-waves/include/gz/waves/OceanTile.hh:24[m[K,
[37.077s]                  from [01m[K/home/blueboat_sitl/gz_ws/src/asv_wave_sim/gz-waves/src/systems/waves/WavesVisual.cc:74[m[K:
[37.077s] [01m[K/usr/include/gz/common5/gz/common/SuppressWarning.hh:23:72:[m[K [01;36m[Knote: [m[K‘[01m[K#pragma message: gz-common SuppressWarning is deprecated, use gz-utils[m[K’
[37.077s]    23 | #pragma message("gz-common SuppressWarning is deprecated, use gz-utils"[01;36m[K)[m[K
[37.077s]       |                                                                        [01;36m[K^[m[K
[38.248s] In file included from [01m[K/usr/include/OGRE-2.3/OgrePrerequisites.h:30[m[K,
[38.248s]                  from [01m[K/usr/include/OGRE-2.3/Hlms/Pbs/OgreHlmsPbsPrerequisites.h:31[m[K,
[38.248s]                  from [01m[K/usr/include/gz/rendering7/gz/rendering/ogre2/Ogre2Material.hh:29[m[K,
[38.248s]                  from [01m[K/home/blueboat_sitl/gz_ws/src/asv_wave_sim/gz-waves/src/systems/waves/Ogre2OceanVisual.cc:20[m[K:
[38.248s] [01m[K/usr/include/OGRE-2.3/OgrePlatform.h:360:102:[m[K [01;36m[Knote: [m[K‘[01m[K#pragma message: Ogre can't tell whether this is a debug build. If it is, please add _DEBUG to the preprocessor definitions. Otherwise, you can set OGRE_IGNORE_UNKNOWN_DEBUG to suppress this warning. Ogre will assume this is not a debug build by default. To add _DEBUG with g++, invoke g++ with the argument -D_DEBUG. To add it in CMake, include set( CMAKE_CXX_FLAGS_DEBUG "${CMAKE_CXX_FLAGS_DEBUG} -DDEBUG=1 -D_DEBUG=1" ) at the top of your CMakeLists.txt file. IDEs usually provide the possibility to add preprocessor definitions in the build settings. You can also manually set OGRE_DEBUG_MODE to either 1 or 0 instead of adding _DEBUG.[m[K’
[38.248s]   360 |     "settings. You can also manually set OGRE_DEBUG_MODE to either 1 or 0 instead of adding _DEBUG." [01;36m[K)[m[K
[38.248s]       |                                                                                                      [01;36m[K^[m[K
[38.611s] [ 96%] [32m[1mLinking CXX shared library ../../../lib/libgz-waves1-hydrodynamics-system.so[0m
[38.841s] In file included from [01m[K/usr/include/OGRE-2.3/OgrePrerequisites.h:30[m[K,
[38.841s]                  from [01m[K/usr/include/OGRE-2.3/Ogre.h:31[m[K,
[38.841s]                  from [01m[K/usr/include/gz/rendering7/gz/rendering/ogre2/Ogre2Includes.hh:32[m[K,
[38.841s]                  from [01m[K/usr/include/gz/rendering7/gz/rendering/ogre2/Ogre2BoundingBoxCamera.hh:32[m[K,
[38.841s]                  from [01m[K/usr/include/gz/rendering7/gz/rendering/ogre2.hh:25[m[K,
[38.841s]                  from [01m[K/home/blueboat_sitl/gz_ws/src/asv_wave_sim/gz-waves/src/systems/waves/Ogre2DisplacementMap.hh:28[m[K,
[38.841s]                  from [01m[K/home/blueboat_sitl/gz_ws/src/asv_wave_sim/gz-waves/src/systems/waves/Ogre2SceneNodeFactory.cc:25[m[K:
[38.841s] [01m[K/usr/include/OGRE-2.3/OgrePlatform.h:360:102:[m[K [01;36m[Knote: [m[K‘[01m[K#pragma message: Ogre can't tell whether this is a debug build. If it is, please add _DEBUG to the preprocessor definitions. Otherwise, you can set OGRE_IGNORE_UNKNOWN_DEBUG to suppress this warning. Ogre will assume this is not a debug build by default. To add _DEBUG with g++, invoke g++ with the argument -D_DEBUG. To add it in CMake, include set( CMAKE_CXX_FLAGS_DEBUG "${CMAKE_CXX_FLAGS_DEBUG} -DDEBUG=1 -D_DEBUG=1" ) at the top of your CMakeLists.txt file. IDEs usually provide the possibility to add preprocessor definitions in the build settings. You can also manually set OGRE_DEBUG_MODE to either 1 or 0 instead of adding _DEBUG.[m[K’
[38.841s]   360 |     "settings. You can also manually set OGRE_DEBUG_MODE to either 1 or 0 instead of adding _DEBUG." [01;36m[K)[m[K
[38.841s]       |                                                                                                      [01;36m[K^[m[K
[38.874s] [ 96%] Built target gz-waves1-hydrodynamics-system
[42.649s] [ 97%] [32m[1mLinking CXX executable ../bin/UNIT_CGAL_TEST[0m
[42.890s] [ 97%] Built target UNIT_CGAL_TEST
[44.375s] [ 98%] [32m[1mLinking CXX shared library ../../../lib/libgz-waves1-waves-visual-system.so[0m
[44.551s] [ 98%] Built target gz-waves1-waves-visual-system
[45.638s] [100%] [32m[1mLinking CXX shared library ../../../lib/libgz-waves1-rendering-ogre2.so[0m
[45.812s] [100%] Built target gz-waves1-rendering-ogre2
[45.824s] Invoked command in '/home/blueboat_sitl/gz_ws/build/gz-waves1' returned '0': /usr/bin/cmake --build /home/blueboat_sitl/gz_ws/build/gz-waves1 -- -j24 -l24
[45.829s] Invoking command in '/home/blueboat_sitl/gz_ws/build/gz-waves1': /usr/bin/cmake --install /home/blueboat_sitl/gz_ws/build/gz-waves1
[45.835s] -- Install configuration: "RelWithDebInfo"
[45.835s] -- Installing: /home/blueboat_sitl/gz_ws/install/lib/cmake/gz-waves1-all/gz-waves1-all-config.cmake
[45.835s] -- Installing: /home/blueboat_sitl/gz_ws/install/lib/cmake/gz-waves1-all/gz-waves1-all-config-version.cmake
[45.835s] -- Installing: /home/blueboat_sitl/gz_ws/install/lib/cmake/gz-waves1-all/gz-waves1-all-targets.cmake
[45.835s] -- Installing: /home/blueboat_sitl/gz_ws/install/include/gz/waves1/gz/waves/detail/Export.hh
[45.835s] -- Installing: /home/blueboat_sitl/gz_ws/install/include/gz/waves1/gz/waves/Export.hh
[45.835s] -- Installing: /home/blueboat_sitl/gz_ws/install/lib/libgz-waves1.so.1.0.0
[45.852s] -- Installing: /home/blueboat_sitl/gz_ws/install/lib/libgz-waves1.so.1
[45.852s] -- Installing: /home/blueboat_sitl/gz_ws/install/lib/libgz-waves1.so
[45.852s] -- Installing: /home/blueboat_sitl/gz_ws/install/lib/cmake/gz-waves1/gz-waves1-config.cmake
[45.852s] -- Installing: /home/blueboat_sitl/gz_ws/install/lib/cmake/gz-waves1/gz-waves1-config-version.cmake
[45.852s] -- Installing: /home/blueboat_sitl/gz_ws/install/lib/cmake/gz-waves1/gz-waves1-targets.cmake
[45.852s] -- Installing: /home/blueboat_sitl/gz_ws/install/lib/cmake/gz-waves1/gz-waves1-targets-relwithdebinfo.cmake
[45.852s] -- Installing: /home/blueboat_sitl/gz_ws/install/lib/pkgconfig/gz-waves1.pc
[45.853s] -- Installing: /home/blueboat_sitl/gz_ws/install/include/gz/waves1/gz/waves/dynamic-geometry-system/detail/Export.hh
[45.853s] -- Installing: /home/blueboat_sitl/gz_ws/install/include/gz/waves1/gz/waves/dynamic-geometry-system/Export.hh
[45.853s] -- Installing: /home/blueboat_sitl/gz_ws/install/lib/libgz-waves1-dynamic-geometry-system.so.1.0.0
[45.856s] -- Installing: /home/blueboat_sitl/gz_ws/install/lib/libgz-waves1-dynamic-geometry-system.so.1
[45.856s] -- Set runtime path of "/home/blueboat_sitl/gz_ws/install/lib/libgz-waves1-dynamic-geometry-system.so.1.0.0" to ""
[45.856s] -- Installing: /home/blueboat_sitl/gz_ws/install/lib/libgz-waves1-dynamic-geometry-system.so
[45.856s] -- Installing: /home/blueboat_sitl/gz_ws/install/lib/cmake/gz-waves1-dynamic-geometry-system/gz-waves1-dynamic-geometry-system-config.cmake
[45.856s] -- Installing: /home/blueboat_sitl/gz_ws/install/lib/cmake/gz-waves1-dynamic-geometry-system/gz-waves1-dynamic-geometry-system-config-version.cmake
[45.856s] -- Installing: /home/blueboat_sitl/gz_ws/install/lib/cmake/gz-waves1-dynamic-geometry-system/gz-waves1-dynamic-geometry-system-targets.cmake
[45.856s] -- Installing: /home/blueboat_sitl/gz_ws/install/lib/cmake/gz-waves1-dynamic-geometry-system/gz-waves1-dynamic-geometry-system-targets-relwithdebinfo.cmake
[45.856s] -- Installing: /home/blueboat_sitl/gz_ws/install/lib/pkgconfig/gz-waves1-dynamic-geometry-system.pc
[45.856s] -- Installing: /home/blueboat_sitl/gz_ws/install/include/gz/waves1/gz/waves/hydrodynamics-system/detail/Export.hh
[45.857s] -- Installing: /home/blueboat_sitl/gz_ws/install/include/gz/waves1/gz/waves/hydrodynamics-system/Export.hh
[45.857s] -- Installing: /home/blueboat_sitl/gz_ws/install/lib/libgz-waves1-hydrodynamics-system.so.1.0.0
[45.864s] -- Installing: /home/blueboat_sitl/gz_ws/install/lib/libgz-waves1-hydrodynamics-system.so.1
[45.864s] -- Set runtime path of "/home/blueboat_sitl/gz_ws/install/lib/libgz-waves1-hydrodynamics-system.so.1.0.0" to ""
[45.864s] -- Installing: /home/blueboat_sitl/gz_ws/install/lib/libgz-waves1-hydrodynamics-system.so
[45.864s] -- Installing: /home/blueboat_sitl/gz_ws/install/lib/cmake/gz-waves1-hydrodynamics-system/gz-waves1-hydrodynamics-system-config.cmake
[45.864s] -- Installing: /home/blueboat_sitl/gz_ws/install/lib/cmake/gz-waves1-hydrodynamics-system/gz-waves1-hydrodynamics-system-config-version.cmake
[45.864s] -- Installing: /home/blueboat_sitl/gz_ws/install/lib/cmake/gz-waves1-hydrodynamics-system/gz-waves1-hydrodynamics-system-targets.cmake
[45.864s] -- Installing: /home/blueboat_sitl/gz_ws/install/lib/cmake/gz-waves1-hydrodynamics-system/gz-waves1-hydrodynamics-system-targets-relwithdebinfo.cmake
[45.864s] -- Installing: /home/blueboat_sitl/gz_ws/install/lib/pkgconfig/gz-waves1-hydrodynamics-system.pc
[45.864s] -- Installing: /home/blueboat_sitl/gz_ws/install/include/gz/waves1/gz/waves/rendering/detail/Export.hh
[45.864s] -- Installing: /home/blueboat_sitl/gz_ws/install/include/gz/waves1/gz/waves/rendering/Export.hh
[45.864s] -- Installing: /home/blueboat_sitl/gz_ws/install/lib/libgz-waves1-rendering.so.1.0.0
[45.866s] -- Installing: /home/blueboat_sitl/gz_ws/install/lib/libgz-waves1-rendering.so.1
[45.866s] -- Set runtime path of "/home/blueboat_sitl/gz_ws/install/lib/libgz-waves1-rendering.so.1.0.0" to ""
[45.866s] -- Installing: /home/blueboat_sitl/gz_ws/install/lib/libgz-waves1-rendering.so
[45.866s] -- Installing: /home/blueboat_sitl/gz_ws/install/lib/cmake/gz-waves1-rendering/gz-waves1-rendering-config.cmake
[45.867s] -- Installing: /home/blueboat_sitl/gz_ws/install/lib/cmake/gz-waves1-rendering/gz-waves1-rendering-config-version.cmake
[45.867s] -- Installing: /home/blueboat_sitl/gz_ws/install/lib/cmake/gz-waves1-rendering/gz-waves1-rendering-targets.cmake
[45.867s] -- Installing: /home/blueboat_sitl/gz_ws/install/lib/cmake/gz-waves1-rendering/gz-waves1-rendering-targets-relwithdebinfo.cmake
[45.867s] -- Installing: /home/blueboat_sitl/gz_ws/install/lib/pkgconfig/gz-waves1-rendering.pc
[45.867s] -- Installing: /home/blueboat_sitl/gz_ws/install/include/gz/waves1/gz/waves/rendering-ogre2/detail/Export.hh
[45.867s] -- Installing: /home/blueboat_sitl/gz_ws/install/include/gz/waves1/gz/waves/rendering-ogre2/Export.hh
[45.867s] -- Installing: /home/blueboat_sitl/gz_ws/install/lib/libgz-waves1-rendering-ogre2.so.1.0.0
[45.872s] -- Installing: /home/blueboat_sitl/gz_ws/install/lib/libgz-waves1-rendering-ogre2.so.1
[45.872s] -- Set runtime path of "/home/blueboat_sitl/gz_ws/install/lib/libgz-waves1-rendering-ogre2.so.1.0.0" to ""
[45.873s] -- Installing: /home/blueboat_sitl/gz_ws/install/lib/libgz-waves1-rendering-ogre2.so
[45.873s] -- Installing: /home/blueboat_sitl/gz_ws/install/lib/cmake/gz-waves1-rendering-ogre2/gz-waves1-rendering-ogre2-config.cmake
[45.873s] -- Installing: /home/blueboat_sitl/gz_ws/install/lib/cmake/gz-waves1-rendering-ogre2/gz-waves1-rendering-ogre2-config-version.cmake
[45.873s] -- Installing: /home/blueboat_sitl/gz_ws/install/lib/cmake/gz-waves1-rendering-ogre2/gz-waves1-rendering-ogre2-targets.cmake
[45.873s] -- Installing: /home/blueboat_sitl/gz_ws/install/lib/cmake/gz-waves1-rendering-ogre2/gz-waves1-rendering-ogre2-targets-relwithdebinfo.cmake
[45.873s] -- Installing: /home/blueboat_sitl/gz_ws/install/lib/pkgconfig/gz-waves1-rendering-ogre2.pc
[45.873s] -- Installing: /home/blueboat_sitl/gz_ws/install/include/gz/waves1/gz/waves/waves-visual-system/detail/Export.hh
[45.873s] -- Installing: /home/blueboat_sitl/gz_ws/install/include/gz/waves1/gz/waves/waves-visual-system/Export.hh
[45.873s] -- Installing: /home/blueboat_sitl/gz_ws/install/lib/libgz-waves1-waves-visual-system.so.1.0.0
[45.878s] -- Installing: /home/blueboat_sitl/gz_ws/install/lib/libgz-waves1-waves-visual-system.so.1
[45.878s] -- Set runtime path of "/home/blueboat_sitl/gz_ws/install/lib/libgz-waves1-waves-visual-system.so.1.0.0" to ""
[45.878s] -- Installing: /home/blueboat_sitl/gz_ws/install/lib/libgz-waves1-waves-visual-system.so
[45.878s] -- Installing: /home/blueboat_sitl/gz_ws/install/lib/cmake/gz-waves1-waves-visual-system/gz-waves1-waves-visual-system-config.cmake
[45.878s] -- Installing: /home/blueboat_sitl/gz_ws/install/lib/cmake/gz-waves1-waves-visual-system/gz-waves1-waves-visual-system-config-version.cmake
[45.878s] -- Installing: /home/blueboat_sitl/gz_ws/install/lib/cmake/gz-waves1-waves-visual-system/gz-waves1-waves-visual-system-targets.cmake
[45.878s] -- Installing: /home/blueboat_sitl/gz_ws/install/lib/cmake/gz-waves1-waves-visual-system/gz-waves1-waves-visual-system-targets-relwithdebinfo.cmake
[45.878s] -- Installing: /home/blueboat_sitl/gz_ws/install/lib/pkgconfig/gz-waves1-waves-visual-system.pc
[45.878s] -- Installing: /home/blueboat_sitl/gz_ws/install/include/gz/waves1/gz/waves/waves-model-system/detail/Export.hh
[45.878s] -- Installing: /home/blueboat_sitl/gz_ws/install/include/gz/waves1/gz/waves/waves-model-system/Export.hh
[45.878s] -- Installing: /home/blueboat_sitl/gz_ws/install/lib/libgz-waves1-waves-model-system.so.1.0.0
[45.881s] -- Installing: /home/blueboat_sitl/gz_ws/install/lib/libgz-waves1-waves-model-system.so.1
[45.881s] -- Set runtime path of "/home/blueboat_sitl/gz_ws/install/lib/libgz-waves1-waves-model-system.so.1.0.0" to ""
[45.881s] -- Installing: /home/blueboat_sitl/gz_ws/install/lib/libgz-waves1-waves-model-system.so
[45.881s] -- Installing: /home/blueboat_sitl/gz_ws/install/lib/cmake/gz-waves1-waves-model-system/gz-waves1-waves-model-system-config.cmake
[45.881s] -- Installing: /home/blueboat_sitl/gz_ws/install/lib/cmake/gz-waves1-waves-model-system/gz-waves1-waves-model-system-config-version.cmake
[45.881s] -- Installing: /home/blueboat_sitl/gz_ws/install/lib/cmake/gz-waves1-waves-model-system/gz-waves1-waves-model-system-targets.cmake
[45.881s] -- Installing: /home/blueboat_sitl/gz_ws/install/lib/cmake/gz-waves1-waves-model-system/gz-waves1-waves-model-system-targets-relwithdebinfo.cmake
[45.881s] -- Installing: /home/blueboat_sitl/gz_ws/install/lib/pkgconfig/gz-waves1-waves-model-system.pc
[45.882s] -- Installing: /home/blueboat_sitl/gz_ws/install/include/gz/waves1/gz/waves/components/Wavefield.hh
[45.882s] -- Installing: /home/blueboat_sitl/gz_ws/install/include/gz/waves1/gz/waves/Algorithm.hh
[45.882s] -- Installing: /home/blueboat_sitl/gz_ws/install/include/gz/waves1/gz/waves/CGALTypes.hh
[45.882s] -- Installing: /home/blueboat_sitl/gz_ws/install/include/gz/waves1/gz/waves/Convert.hh
[45.882s] -- Installing: /home/blueboat_sitl/gz_ws/install/include/gz/waves1/gz/waves/Geometry.hh
[45.882s] -- Installing: /home/blueboat_sitl/gz_ws/install/include/gz/waves1/gz/waves/Grid.hh
[45.882s] -- Installing: /home/blueboat_sitl/gz_ws/install/include/gz/waves1/gz/waves/LinearRandomFFTWaveSimulation.hh
[45.882s] -- Installing: /home/blueboat_sitl/gz_ws/install/include/gz/waves1/gz/waves/LinearRandomWaveSimulation.hh
[45.882s] -- Installing: /home/blueboat_sitl/gz_ws/install/include/gz/waves1/gz/waves/LinearRegularWaveSimulation.hh
[45.882s] -- Installing: /home/blueboat_sitl/gz_ws/install/include/gz/waves1/gz/waves/MeshTools.hh
[45.882s] -- Installing: /home/blueboat_sitl/gz_ws/install/include/gz/waves1/gz/waves/OceanTile.hh
[45.882s] -- Installing: /home/blueboat_sitl/gz_ws/install/include/gz/waves1/gz/waves/PhysicalConstants.hh
[45.882s] -- Installing: /home/blueboat_sitl/gz_ws/install/include/gz/waves1/gz/waves/Physics.hh
[45.882s] -- Installing: /home/blueboat_sitl/gz_ws/install/include/gz/waves1/gz/waves/TriangulatedGrid.hh
[45.882s] -- Installing: /home/blueboat_sitl/gz_ws/install/include/gz/waves1/gz/waves/TrochoidIrregularWaveSimulation.hh
[45.882s] -- Installing: /home/blueboat_sitl/gz_ws/install/include/gz/waves1/gz/waves/Types.hh
[45.882s] -- Installing: /home/blueboat_sitl/gz_ws/install/include/gz/waves1/gz/waves/Utilities.hh
[45.882s] -- Installing: /home/blueboat_sitl/gz_ws/install/include/gz/waves1/gz/waves/WaveParameters.hh
[45.882s] -- Installing: /home/blueboat_sitl/gz_ws/install/include/gz/waves1/gz/waves/WaveSimulation.hh
[45.882s] -- Installing: /home/blueboat_sitl/gz_ws/install/include/gz/waves1/gz/waves/WaveSpectrum.hh
[45.882s] -- Installing: /home/blueboat_sitl/gz_ws/install/include/gz/waves1/gz/waves/WaveSpreadingFunction.hh
[45.882s] -- Installing: /home/blueboat_sitl/gz_ws/install/include/gz/waves1/gz/waves/Wavefield.hh
[45.882s] -- Installing: /home/blueboat_sitl/gz_ws/install/include/gz/waves1/gz/waves/WavefieldSampler.hh
[45.883s] -- Installing: /home/blueboat_sitl/gz_ws/install/include/gz/waves1/gz/waves.hh
[45.883s] -- Installing: /home/blueboat_sitl/gz_ws/install/include/gz/waves1/gz/waves/config.hh
[45.883s] -- Installing: /home/blueboat_sitl/gz_ws/install/include/gz/waves1/gz/waves/components.hh
[45.883s] -- Installing: /home/blueboat_sitl/gz_ws/install/bin/PLOT_GnuPlotExample
[45.884s] -- Set runtime path of "/home/blueboat_sitl/gz_ws/install/bin/PLOT_GnuPlotExample" to ""
[45.884s] -- Installing: /home/blueboat_sitl/gz_ws/install/bin/PLOT_LinearRandomFFTWaves
[45.884s] -- Set runtime path of "/home/blueboat_sitl/gz_ws/install/bin/PLOT_LinearRandomFFTWaves" to ""
[45.884s] -- Installing: /home/blueboat_sitl/gz_ws/install/bin/PLOT_LinearRandomWaves
[45.885s] -- Set runtime path of "/home/blueboat_sitl/gz_ws/install/bin/PLOT_LinearRandomWaves" to ""
[45.885s] -- Installing: /home/blueboat_sitl/gz_ws/install/bin/PLOT_LinearRegularWaves
[45.886s] -- Set runtime path of "/home/blueboat_sitl/gz_ws/install/bin/PLOT_LinearRegularWaves" to ""
[45.886s] -- Installing: /home/blueboat_sitl/gz_ws/install/bin/PLOT_WaveSpectrum
[45.887s] -- Set runtime path of "/home/blueboat_sitl/gz_ws/install/bin/PLOT_WaveSpectrum" to ""
[45.888s] Invoked command in '/home/blueboat_sitl/gz_ws/build/gz-waves1' returned '0': /usr/bin/cmake --install /home/blueboat_sitl/gz_ws/build/gz-waves1
