[0.009s] Invoking command in '/home/blueboat_sitl/gz_ws/build/gz-waves1': /usr/bin/cmake --build /home/blueboat_sitl/gz_ws/build/gz-waves1 -- -j24 -l24
[0.051s] [  2%] Built target gtest
[0.068s] [  4%] Built target gtest_main
[0.096s] [ 26%] Built target gz-waves1
[0.123s] [ 29%] Built target UNIT_Algorithm_TEST
[0.123s] [ 29%] Built target UNIT_WaveSpreadingFunction_TEST
[0.123s] [ 30%] Built target PERFORMANCE_LinearRandomFFTWaveSimBaseAmplitudes
[0.124s] [ 32%] Built target UNIT_WaveSpectrum_TEST
[0.124s] [ 34%] Built target PERFORMANCE_EigenReturnByValue
[0.128s] [ 36%] Built target PERFORMANCE_LinearRandomFFTWaveSimCurrentAmplitudes
[0.128s] [ 38%] Built target UNIT_EigenFFTW_TEST
[0.130s] [ 40%] Built target PERFORMANCE_LinearRandomFFTWaveSimDisplacements
[0.130s] [ 43%] Built target UNIT_LinearRandomFFTWaveSimulation_TEST
[0.130s] [ 45%] Built target gz-waves1-waves-model-system
[0.132s] [ 47%] Built target PERFORMANCE_LinearRandomFFTWaveSimElevationAt
[0.133s] [ 49%] Built target UNIT_TriangulatedGrid_TEST
[0.133s] [ 51%] Built target UNIT_Geometry_TEST
[0.134s] [ 53%] Built target PERFORMANCE_LinearRegularWaveSimDisplacements
[0.135s] [ 55%] Built target PERFORMANCE_WaveSpectrumECKV
[0.136s] [ 58%] Built target UNIT_Wavefield_TEST
[0.137s] [ 60%] Built target UNIT_Grid_TEST
[0.137s] [ 62%] Built target gz-waves1-dynamic-geometry-system
[0.138s] [ 63%] Built target UNIT_LinearRegularWaveSimulation_TEST
[0.140s] [ 65%] Built target gz-waves1-hydrodynamics-system
[0.143s] [ 67%] Built target UNIT_MeshTools_TEST
[0.143s] [ 69%] Built target UNIT_Physics_TEST
[0.145s] [ 72%] Built target PLOT_WaveSpectrum
[0.145s] [ 76%] Built target PLOT_LinearRegularWaves
[0.145s] [ 76%] Built target PLOT_LinearRandomWaves
[0.145s] [ 79%] Built target PLOT_GnuPlotExample
[0.146s] [ 79%] Built target PLOT_LinearRandomFFTWaves
[0.147s] [ 83%] Built target UNIT_CGAL_TEST
[0.147s] [ 91%] Built target gz-waves1-rendering
[0.178s] [ 93%] Built target gz-waves1-waves-visual-system
[0.182s] [100%] Built target gz-waves1-rendering-ogre2
[0.190s] Invoked command in '/home/blueboat_sitl/gz_ws/build/gz-waves1' returned '0': /usr/bin/cmake --build /home/blueboat_sitl/gz_ws/build/gz-waves1 -- -j24 -l24
[0.196s] Invoking command in '/home/blueboat_sitl/gz_ws/build/gz-waves1': /usr/bin/cmake --install /home/blueboat_sitl/gz_ws/build/gz-waves1
[0.200s] -- Install configuration: "RelWithDebInfo"
[0.200s] -- Up-to-date: /home/blueboat_sitl/gz_ws/install/lib/cmake/gz-waves1-all/gz-waves1-all-config.cmake
[0.200s] -- Up-to-date: /home/blueboat_sitl/gz_ws/install/lib/cmake/gz-waves1-all/gz-waves1-all-config-version.cmake
[0.200s] -- Up-to-date: /home/blueboat_sitl/gz_ws/install/lib/cmake/gz-waves1-all/gz-waves1-all-targets.cmake
[0.200s] -- Up-to-date: /home/blueboat_sitl/gz_ws/install/include/gz/waves1/gz/waves/detail/Export.hh
[0.200s] -- Up-to-date: /home/blueboat_sitl/gz_ws/install/include/gz/waves1/gz/waves/Export.hh
[0.200s] -- Up-to-date: /home/blueboat_sitl/gz_ws/install/lib/libgz-waves1.so.1.0.0
[0.200s] -- Up-to-date: /home/blueboat_sitl/gz_ws/install/lib/libgz-waves1.so.1
[0.200s] -- Up-to-date: /home/blueboat_sitl/gz_ws/install/lib/libgz-waves1.so
[0.200s] -- Up-to-date: /home/blueboat_sitl/gz_ws/install/lib/cmake/gz-waves1/gz-waves1-config.cmake
[0.200s] -- Up-to-date: /home/blueboat_sitl/gz_ws/install/lib/cmake/gz-waves1/gz-waves1-config-version.cmake
[0.200s] -- Up-to-date: /home/blueboat_sitl/gz_ws/install/lib/cmake/gz-waves1/gz-waves1-targets.cmake
[0.200s] -- Up-to-date: /home/blueboat_sitl/gz_ws/install/lib/cmake/gz-waves1/gz-waves1-targets-relwithdebinfo.cmake
[0.200s] -- Up-to-date: /home/blueboat_sitl/gz_ws/install/lib/pkgconfig/gz-waves1.pc
[0.201s] -- Up-to-date: /home/blueboat_sitl/gz_ws/install/include/gz/waves1/gz/waves/dynamic-geometry-system/detail/Export.hh
[0.201s] -- Up-to-date: /home/blueboat_sitl/gz_ws/install/include/gz/waves1/gz/waves/dynamic-geometry-system/Export.hh
[0.201s] -- Up-to-date: /home/blueboat_sitl/gz_ws/install/lib/libgz-waves1-dynamic-geometry-system.so.1.0.0
[0.201s] -- Up-to-date: /home/blueboat_sitl/gz_ws/install/lib/libgz-waves1-dynamic-geometry-system.so.1
[0.201s] -- Up-to-date: /home/blueboat_sitl/gz_ws/install/lib/libgz-waves1-dynamic-geometry-system.so
[0.201s] -- Up-to-date: /home/blueboat_sitl/gz_ws/install/lib/cmake/gz-waves1-dynamic-geometry-system/gz-waves1-dynamic-geometry-system-config.cmake
[0.201s] -- Up-to-date: /home/blueboat_sitl/gz_ws/install/lib/cmake/gz-waves1-dynamic-geometry-system/gz-waves1-dynamic-geometry-system-config-version.cmake
[0.201s] -- Up-to-date: /home/blueboat_sitl/gz_ws/install/lib/cmake/gz-waves1-dynamic-geometry-system/gz-waves1-dynamic-geometry-system-targets.cmake
[0.201s] -- Up-to-date: /home/blueboat_sitl/gz_ws/install/lib/cmake/gz-waves1-dynamic-geometry-system/gz-waves1-dynamic-geometry-system-targets-relwithdebinfo.cmake
[0.201s] -- Up-to-date: /home/blueboat_sitl/gz_ws/install/lib/pkgconfig/gz-waves1-dynamic-geometry-system.pc
[0.201s] -- Up-to-date: /home/blueboat_sitl/gz_ws/install/include/gz/waves1/gz/waves/hydrodynamics-system/detail/Export.hh
[0.201s] -- Up-to-date: /home/blueboat_sitl/gz_ws/install/include/gz/waves1/gz/waves/hydrodynamics-system/Export.hh
[0.201s] -- Up-to-date: /home/blueboat_sitl/gz_ws/install/lib/libgz-waves1-hydrodynamics-system.so.1.0.0
[0.201s] -- Up-to-date: /home/blueboat_sitl/gz_ws/install/lib/libgz-waves1-hydrodynamics-system.so.1
[0.201s] -- Up-to-date: /home/blueboat_sitl/gz_ws/install/lib/libgz-waves1-hydrodynamics-system.so
[0.201s] -- Up-to-date: /home/blueboat_sitl/gz_ws/install/lib/cmake/gz-waves1-hydrodynamics-system/gz-waves1-hydrodynamics-system-config.cmake
[0.201s] -- Up-to-date: /home/blueboat_sitl/gz_ws/install/lib/cmake/gz-waves1-hydrodynamics-system/gz-waves1-hydrodynamics-system-config-version.cmake
[0.201s] -- Up-to-date: /home/blueboat_sitl/gz_ws/install/lib/cmake/gz-waves1-hydrodynamics-system/gz-waves1-hydrodynamics-system-targets.cmake
[0.201s] -- Up-to-date: /home/blueboat_sitl/gz_ws/install/lib/cmake/gz-waves1-hydrodynamics-system/gz-waves1-hydrodynamics-system-targets-relwithdebinfo.cmake
[0.201s] -- Up-to-date: /home/blueboat_sitl/gz_ws/install/lib/pkgconfig/gz-waves1-hydrodynamics-system.pc
[0.202s] -- Up-to-date: /home/blueboat_sitl/gz_ws/install/include/gz/waves1/gz/waves/rendering/detail/Export.hh
[0.202s] -- Up-to-date: /home/blueboat_sitl/gz_ws/install/include/gz/waves1/gz/waves/rendering/Export.hh
[0.202s] -- Up-to-date: /home/blueboat_sitl/gz_ws/install/lib/libgz-waves1-rendering.so.1.0.0
[0.202s] -- Up-to-date: /home/blueboat_sitl/gz_ws/install/lib/libgz-waves1-rendering.so.1
[0.202s] -- Up-to-date: /home/blueboat_sitl/gz_ws/install/lib/libgz-waves1-rendering.so
[0.202s] -- Up-to-date: /home/blueboat_sitl/gz_ws/install/lib/cmake/gz-waves1-rendering/gz-waves1-rendering-config.cmake
[0.202s] -- Up-to-date: /home/blueboat_sitl/gz_ws/install/lib/cmake/gz-waves1-rendering/gz-waves1-rendering-config-version.cmake
[0.202s] -- Up-to-date: /home/blueboat_sitl/gz_ws/install/lib/cmake/gz-waves1-rendering/gz-waves1-rendering-targets.cmake
[0.202s] -- Up-to-date: /home/blueboat_sitl/gz_ws/install/lib/cmake/gz-waves1-rendering/gz-waves1-rendering-targets-relwithdebinfo.cmake
[0.202s] -- Up-to-date: /home/blueboat_sitl/gz_ws/install/lib/pkgconfig/gz-waves1-rendering.pc
[0.202s] -- Up-to-date: /home/blueboat_sitl/gz_ws/install/include/gz/waves1/gz/waves/rendering-ogre2/detail/Export.hh
[0.202s] -- Up-to-date: /home/blueboat_sitl/gz_ws/install/include/gz/waves1/gz/waves/rendering-ogre2/Export.hh
[0.202s] -- Up-to-date: /home/blueboat_sitl/gz_ws/install/lib/libgz-waves1-rendering-ogre2.so.1.0.0
[0.202s] -- Up-to-date: /home/blueboat_sitl/gz_ws/install/lib/libgz-waves1-rendering-ogre2.so.1
[0.202s] -- Up-to-date: /home/blueboat_sitl/gz_ws/install/lib/libgz-waves1-rendering-ogre2.so
[0.202s] -- Up-to-date: /home/blueboat_sitl/gz_ws/install/lib/cmake/gz-waves1-rendering-ogre2/gz-waves1-rendering-ogre2-config.cmake
[0.202s] -- Up-to-date: /home/blueboat_sitl/gz_ws/install/lib/cmake/gz-waves1-rendering-ogre2/gz-waves1-rendering-ogre2-config-version.cmake
[0.202s] -- Up-to-date: /home/blueboat_sitl/gz_ws/install/lib/cmake/gz-waves1-rendering-ogre2/gz-waves1-rendering-ogre2-targets.cmake
[0.202s] -- Up-to-date: /home/blueboat_sitl/gz_ws/install/lib/cmake/gz-waves1-rendering-ogre2/gz-waves1-rendering-ogre2-targets-relwithdebinfo.cmake
[0.202s] -- Up-to-date: /home/blueboat_sitl/gz_ws/install/lib/pkgconfig/gz-waves1-rendering-ogre2.pc
[0.202s] -- Up-to-date: /home/blueboat_sitl/gz_ws/install/include/gz/waves1/gz/waves/waves-visual-system/detail/Export.hh
[0.202s] -- Up-to-date: /home/blueboat_sitl/gz_ws/install/include/gz/waves1/gz/waves/waves-visual-system/Export.hh
[0.202s] -- Up-to-date: /home/blueboat_sitl/gz_ws/install/lib/libgz-waves1-waves-visual-system.so.1.0.0
[0.202s] -- Up-to-date: /home/blueboat_sitl/gz_ws/install/lib/libgz-waves1-waves-visual-system.so.1
[0.203s] -- Up-to-date: /home/blueboat_sitl/gz_ws/install/lib/libgz-waves1-waves-visual-system.so
[0.203s] -- Up-to-date: /home/blueboat_sitl/gz_ws/install/lib/cmake/gz-waves1-waves-visual-system/gz-waves1-waves-visual-system-config.cmake
[0.203s] -- Up-to-date: /home/blueboat_sitl/gz_ws/install/lib/cmake/gz-waves1-waves-visual-system/gz-waves1-waves-visual-system-config-version.cmake
[0.203s] -- Up-to-date: /home/blueboat_sitl/gz_ws/install/lib/cmake/gz-waves1-waves-visual-system/gz-waves1-waves-visual-system-targets.cmake
[0.203s] -- Up-to-date: /home/blueboat_sitl/gz_ws/install/lib/cmake/gz-waves1-waves-visual-system/gz-waves1-waves-visual-system-targets-relwithdebinfo.cmake
[0.203s] -- Up-to-date: /home/blueboat_sitl/gz_ws/install/lib/pkgconfig/gz-waves1-waves-visual-system.pc
[0.203s] -- Up-to-date: /home/blueboat_sitl/gz_ws/install/include/gz/waves1/gz/waves/waves-model-system/detail/Export.hh
[0.203s] -- Up-to-date: /home/blueboat_sitl/gz_ws/install/include/gz/waves1/gz/waves/waves-model-system/Export.hh
[0.203s] -- Up-to-date: /home/blueboat_sitl/gz_ws/install/lib/libgz-waves1-waves-model-system.so.1.0.0
[0.203s] -- Up-to-date: /home/blueboat_sitl/gz_ws/install/lib/libgz-waves1-waves-model-system.so.1
[0.203s] -- Up-to-date: /home/blueboat_sitl/gz_ws/install/lib/libgz-waves1-waves-model-system.so
[0.203s] -- Up-to-date: /home/blueboat_sitl/gz_ws/install/lib/cmake/gz-waves1-waves-model-system/gz-waves1-waves-model-system-config.cmake
[0.203s] -- Up-to-date: /home/blueboat_sitl/gz_ws/install/lib/cmake/gz-waves1-waves-model-system/gz-waves1-waves-model-system-config-version.cmake
[0.203s] -- Up-to-date: /home/blueboat_sitl/gz_ws/install/lib/cmake/gz-waves1-waves-model-system/gz-waves1-waves-model-system-targets.cmake
[0.203s] -- Up-to-date: /home/blueboat_sitl/gz_ws/install/lib/cmake/gz-waves1-waves-model-system/gz-waves1-waves-model-system-targets-relwithdebinfo.cmake
[0.203s] -- Up-to-date: /home/blueboat_sitl/gz_ws/install/lib/pkgconfig/gz-waves1-waves-model-system.pc
[0.203s] -- Up-to-date: /home/blueboat_sitl/gz_ws/install/include/gz/waves1/gz/waves/components/Wavefield.hh
[0.203s] -- Up-to-date: /home/blueboat_sitl/gz_ws/install/include/gz/waves1/gz/waves/Algorithm.hh
[0.203s] -- Up-to-date: /home/blueboat_sitl/gz_ws/install/include/gz/waves1/gz/waves/CGALTypes.hh
[0.203s] -- Up-to-date: /home/blueboat_sitl/gz_ws/install/include/gz/waves1/gz/waves/Convert.hh
[0.203s] -- Up-to-date: /home/blueboat_sitl/gz_ws/install/include/gz/waves1/gz/waves/Geometry.hh
[0.203s] -- Up-to-date: /home/blueboat_sitl/gz_ws/install/include/gz/waves1/gz/waves/Grid.hh
[0.203s] -- Up-to-date: /home/blueboat_sitl/gz_ws/install/include/gz/waves1/gz/waves/LinearRandomFFTWaveSimulation.hh
[0.203s] -- Up-to-date: /home/blueboat_sitl/gz_ws/install/include/gz/waves1/gz/waves/LinearRandomWaveSimulation.hh
[0.203s] -- Up-to-date: /home/blueboat_sitl/gz_ws/install/include/gz/waves1/gz/waves/LinearRegularWaveSimulation.hh
[0.203s] -- Up-to-date: /home/blueboat_sitl/gz_ws/install/include/gz/waves1/gz/waves/MeshTools.hh
[0.203s] -- Up-to-date: /home/blueboat_sitl/gz_ws/install/include/gz/waves1/gz/waves/OceanTile.hh
[0.203s] -- Up-to-date: /home/blueboat_sitl/gz_ws/install/include/gz/waves1/gz/waves/PhysicalConstants.hh
[0.203s] -- Up-to-date: /home/blueboat_sitl/gz_ws/install/include/gz/waves1/gz/waves/Physics.hh
[0.203s] -- Up-to-date: /home/blueboat_sitl/gz_ws/install/include/gz/waves1/gz/waves/TriangulatedGrid.hh
[0.203s] -- Up-to-date: /home/blueboat_sitl/gz_ws/install/include/gz/waves1/gz/waves/TrochoidIrregularWaveSimulation.hh
[0.203s] -- Up-to-date: /home/blueboat_sitl/gz_ws/install/include/gz/waves1/gz/waves/Types.hh
[0.204s] -- Up-to-date: /home/blueboat_sitl/gz_ws/install/include/gz/waves1/gz/waves/Utilities.hh
[0.204s] -- Up-to-date: /home/blueboat_sitl/gz_ws/install/include/gz/waves1/gz/waves/WaveParameters.hh
[0.204s] -- Up-to-date: /home/blueboat_sitl/gz_ws/install/include/gz/waves1/gz/waves/WaveSimulation.hh
[0.204s] -- Up-to-date: /home/blueboat_sitl/gz_ws/install/include/gz/waves1/gz/waves/WaveSpectrum.hh
[0.204s] -- Up-to-date: /home/blueboat_sitl/gz_ws/install/include/gz/waves1/gz/waves/WaveSpreadingFunction.hh
[0.204s] -- Up-to-date: /home/blueboat_sitl/gz_ws/install/include/gz/waves1/gz/waves/Wavefield.hh
[0.204s] -- Up-to-date: /home/blueboat_sitl/gz_ws/install/include/gz/waves1/gz/waves/WavefieldSampler.hh
[0.204s] -- Up-to-date: /home/blueboat_sitl/gz_ws/install/include/gz/waves1/gz/waves.hh
[0.204s] -- Up-to-date: /home/blueboat_sitl/gz_ws/install/include/gz/waves1/gz/waves/config.hh
[0.204s] -- Up-to-date: /home/blueboat_sitl/gz_ws/install/include/gz/waves1/gz/waves/components.hh
[0.204s] -- Up-to-date: /home/blueboat_sitl/gz_ws/install/bin/PLOT_GnuPlotExample
[0.204s] -- Up-to-date: /home/blueboat_sitl/gz_ws/install/bin/PLOT_LinearRandomFFTWaves
[0.204s] -- Up-to-date: /home/blueboat_sitl/gz_ws/install/bin/PLOT_LinearRandomWaves
[0.204s] -- Up-to-date: /home/blueboat_sitl/gz_ws/install/bin/PLOT_LinearRegularWaves
[0.204s] -- Up-to-date: /home/blueboat_sitl/gz_ws/install/bin/PLOT_WaveSpectrum
[0.205s] Invoked command in '/home/blueboat_sitl/gz_ws/build/gz-waves1' returned '0': /usr/bin/cmake --install /home/blueboat_sitl/gz_ws/build/gz-waves1
