[0.726s] Invoking command in '/home/blueboat_sitl/gz_ws/src/blueboat_control': PYTHONPATH=/home/blueboat_sitl/gz_ws/build/blueboat_control/prefix_override:/usr/lib/python3/dist-packages/colcon_core/task/python/colcon_distutils_commands:/home/blueboat_sitl/gz_ws/install/lib/python3.10/site-packages:${PYTHONPATH} /usr/bin/python3 -W ignore:setup.py install is deprecated -W ignore:easy_install command is deprecated setup.py egg_info --egg-base ../../build/blueboat_control build --build-base /home/blueboat_sitl/gz_ws/build/blueboat_control/build install --record /home/blueboat_sitl/gz_ws/build/blueboat_control/install.log --single-version-externally-managed install_data
[0.958s] running egg_info
[0.959s] writing ../../build/blueboat_control/blueboat_control.egg-info/PKG-INFO
[0.959s] writing dependency_links to ../../build/blueboat_control/blueboat_control.egg-info/dependency_links.txt
[0.959s] writing entry points to ../../build/blueboat_control/blueboat_control.egg-info/entry_points.txt
[0.959s] writing requirements to ../../build/blueboat_control/blueboat_control.egg-info/requires.txt
[0.959s] writing top-level names to ../../build/blueboat_control/blueboat_control.egg-info/top_level.txt
[0.961s] reading manifest file '../../build/blueboat_control/blueboat_control.egg-info/SOURCES.txt'
[0.962s] writing manifest file '../../build/blueboat_control/blueboat_control.egg-info/SOURCES.txt'
[0.962s] running build
[0.962s] running build_py
[0.962s] copying blueboat_control/asv_pid_rc_node.py -> /home/blueboat_sitl/gz_ws/build/blueboat_control/build/lib/blueboat_control
[0.962s] running install
[0.962s] running install_lib
[0.963s] copying /home/blueboat_sitl/gz_ws/build/blueboat_control/build/lib/blueboat_control/asv_pid_rc_node.py -> /home/blueboat_sitl/gz_ws/install/lib/python3.10/site-packages/blueboat_control
[0.964s] byte-compiling /home/blueboat_sitl/gz_ws/install/lib/python3.10/site-packages/blueboat_control/asv_pid_rc_node.py to asv_pid_rc_node.cpython-310.pyc
[0.966s] running install_data
[0.966s] running install_egg_info
[0.968s] removing '/home/blueboat_sitl/gz_ws/install/lib/python3.10/site-packages/blueboat_control-0.0.0-py3.10.egg-info' (and everything under it)
[0.968s] Copying ../../build/blueboat_control/blueboat_control.egg-info to /home/blueboat_sitl/gz_ws/install/lib/python3.10/site-packages/blueboat_control-0.0.0-py3.10.egg-info
[0.969s] running install_scripts
[0.987s] Installing asv_pid_rc script to /home/blueboat_sitl/gz_ws/install/lib/blueboat_control
[0.987s] writing list of installed files to '/home/blueboat_sitl/gz_ws/build/blueboat_control/install.log'
[1.021s] Invoked command in '/home/blueboat_sitl/gz_ws/src/blueboat_control' returned '0': PYTHONPATH=/home/blueboat_sitl/gz_ws/build/blueboat_control/prefix_override:/usr/lib/python3/dist-packages/colcon_core/task/python/colcon_distutils_commands:/home/blueboat_sitl/gz_ws/install/lib/python3.10/site-packages:${PYTHONPATH} /usr/bin/python3 -W ignore:setup.py install is deprecated -W ignore:easy_install command is deprecated setup.py egg_info --egg-base ../../build/blueboat_control build --build-base /home/blueboat_sitl/gz_ws/build/blueboat_control/build install --record /home/blueboat_sitl/gz_ws/build/blueboat_control/install.log --single-version-externally-managed install_data
