running egg_info
writing ../../build/realWorld/realWorld.egg-info/PKG-INFO
writing dependency_links to ../../build/realWorld/realWorld.egg-info/dependency_links.txt
writing entry points to ../../build/realWorld/realWorld.egg-info/entry_points.txt
writing requirements to ../../build/realWorld/realWorld.egg-info/requires.txt
writing top-level names to ../../build/realWorld/realWorld.egg-info/top_level.txt
reading manifest file '../../build/realWorld/realWorld.egg-info/SOURCES.txt'
adding license file 'LICENSE'
writing manifest file '../../build/realWorld/realWorld.egg-info/SOURCES.txt'
running build
running build_py
copying realWorld/my_node.py -> /home/blueboat_sitl/gz_ws/build/realWorld/build/lib/realWorld
running install
running install_lib
copying /home/blueboat_sitl/gz_ws/build/realWorld/build/lib/realWorld/my_node.py -> /home/blueboat_sitl/gz_ws/install/lib/python3.10/site-packages/realWorld
byte-compiling /home/blueboat_sitl/gz_ws/install/lib/python3.10/site-packages/realWorld/my_node.py to my_node.cpython-310.pyc
running install_data
running install_egg_info
removing '/home/blueboat_sitl/gz_ws/install/lib/python3.10/site-packages/realWorld-0.0.0-py3.10.egg-info' (and everything under it)
Copying ../../build/realWorld/realWorld.egg-info to /home/blueboat_sitl/gz_ws/install/lib/python3.10/site-packages/realWorld-0.0.0-py3.10.egg-info
running install_scripts
Installing my_node script to /home/blueboat_sitl/gz_ws/install/lib/realWorld
writing list of installed files to '/home/blueboat_sitl/gz_ws/build/realWorld/install.log'
