[1.147s] Invoking command in '/home/blueboat_sitl/gz_ws/src/realWorld': PYTHONPATH=/home/blueboat_sitl/gz_ws/build/realWorld/prefix_override:/usr/lib/python3/dist-packages/colcon_core/task/python/colcon_distutils_commands:/home/blueboat_sitl/gz_ws/install/lib/python3.10/site-packages:${PYTHONPATH} /usr/bin/python3 -W ignore:setup.py install is deprecated -W ignore:easy_install command is deprecated setup.py egg_info --egg-base ../../build/realWorld build --build-base /home/blueboat_sitl/gz_ws/build/realWorld/build install --record /home/blueboat_sitl/gz_ws/build/realWorld/install.log --single-version-externally-managed install_data
[1.577s] running egg_info
[1.578s] writing ../../build/realWorld/realWorld.egg-info/PKG-INFO
[1.578s] writing dependency_links to ../../build/realWorld/realWorld.egg-info/dependency_links.txt
[1.579s] writing entry points to ../../build/realWorld/realWorld.egg-info/entry_points.txt
[1.579s] writing requirements to ../../build/realWorld/realWorld.egg-info/requires.txt
[1.579s] writing top-level names to ../../build/realWorld/realWorld.egg-info/top_level.txt
[1.582s] reading manifest file '../../build/realWorld/realWorld.egg-info/SOURCES.txt'
[1.582s] adding license file 'LICENSE'
[1.583s] writing manifest file '../../build/realWorld/realWorld.egg-info/SOURCES.txt'
[1.583s] running build
[1.583s] running build_py
[1.584s] copying realWorld/my_node.py -> /home/blueboat_sitl/gz_ws/build/realWorld/build/lib/realWorld
[1.584s] running install
[1.585s] running install_lib
[1.586s] copying /home/blueboat_sitl/gz_ws/build/realWorld/build/lib/realWorld/my_node.py -> /home/blueboat_sitl/gz_ws/install/lib/python3.10/site-packages/realWorld
[1.588s] byte-compiling /home/blueboat_sitl/gz_ws/install/lib/python3.10/site-packages/realWorld/my_node.py to my_node.cpython-310.pyc
[1.592s] running install_data
[1.592s] running install_egg_info
[1.595s] removing '/home/blueboat_sitl/gz_ws/install/lib/python3.10/site-packages/realWorld-0.0.0-py3.10.egg-info' (and everything under it)
[1.596s] Copying ../../build/realWorld/realWorld.egg-info to /home/blueboat_sitl/gz_ws/install/lib/python3.10/site-packages/realWorld-0.0.0-py3.10.egg-info
[1.597s] running install_scripts
[1.632s] Installing my_node script to /home/blueboat_sitl/gz_ws/install/lib/realWorld
[1.632s] writing list of installed files to '/home/blueboat_sitl/gz_ws/build/realWorld/install.log'
[1.684s] Invoked command in '/home/blueboat_sitl/gz_ws/src/realWorld' returned '0': PYTHONPATH=/home/blueboat_sitl/gz_ws/build/realWorld/prefix_override:/usr/lib/python3/dist-packages/colcon_core/task/python/colcon_distutils_commands:/home/blueboat_sitl/gz_ws/install/lib/python3.10/site-packages:${PYTHONPATH} /usr/bin/python3 -W ignore:setup.py install is deprecated -W ignore:easy_install command is deprecated setup.py egg_info --egg-base ../../build/realWorld build --build-base /home/blueboat_sitl/gz_ws/build/realWorld/build install --record /home/blueboat_sitl/gz_ws/build/realWorld/install.log --single-version-externally-managed install_data
