[0.110s] DEBUG:colcon:Command line arguments: ['/usr/bin/colcon', 'build', '--merge-install', '--packages-select', 'blueboat_control']
[0.110s] DEBUG:colcon:Parsed command line arguments: Namespace(log_base=None, log_level=None, verb_name='build', build_base='build', install_base='install', merge_install=True, symlink_install=False, test_result_base=None, continue_on_error=False, executor='parallel', parallel_workers=12, event_handlers=None, ignore_user_meta=False, metas=['./colcon.meta'], base_paths=['.'], packages_ignore=None, packages_ignore_regex=None, paths=None, packages_up_to=None, packages_up_to_regex=None, packages_above=None, packages_above_and_dependencies=None, packages_above_depth=None, packages_select_by_dep=None, packages_skip_by_dep=None, packages_skip_up_to=None, packages_select_build_failed=False, packages_skip_build_finished=False, packages_select_test_failures=False, packages_skip_test_passed=False, packages_select=['blueboat_control'], packages_skip=None, packages_select_regex=None, packages_skip_regex=None, packages_start=None, packages_end=None, cmake_args=None, cmake_target=None, cmake_target_skip_unavailable=False, cmake_clean_cache=False, cmake_clean_first=False, cmake_force_configure=False, ament_cmake_args=None, catkin_cmake_args=None, catkin_skip_building_tests=False, mixin_files=None, mixin=None, verb_parser=<colcon_mixin.mixin.mixin_argument.MixinArgumentDecorator object at 0x753ef6b399c0>, verb_extension=<colcon_core.verb.build.BuildVerb object at 0x753ef6b39330>, main=<bound method BuildVerb.main of <colcon_core.verb.build.BuildVerb object at 0x753ef6b39330>>, mixin_verb=('build',))
[0.281s] Level 1:colcon.colcon_core.package_discovery:discover_packages(colcon_meta) check parameters
[0.281s] Level 1:colcon.colcon_core.package_discovery:discover_packages(recursive) check parameters
[0.282s] Level 1:colcon.colcon_core.package_discovery:discover_packages(ignore) check parameters
[0.282s] Level 1:colcon.colcon_core.package_discovery:discover_packages(path) check parameters
[0.282s] Level 1:colcon.colcon_core.package_discovery:discover_packages(colcon_meta) discover
[0.282s] Level 1:colcon.colcon_core.package_discovery:discover_packages(recursive) discover
[0.282s] INFO:colcon.colcon_core.package_discovery:Crawling recursively for packages in '/home/blueboat_sitl/gz_ws'
[0.282s] Level 1:colcon.colcon_core.package_identification:_identify(.) by extensions ['ignore', 'ignore_ament_install']
[0.282s] Level 1:colcon.colcon_core.package_identification:_identify(.) by extension 'ignore'
[0.282s] Level 1:colcon.colcon_core.package_identification:_identify(.) by extension 'ignore_ament_install'
[0.282s] Level 1:colcon.colcon_core.package_identification:_identify(.) by extensions ['colcon_pkg']
[0.282s] Level 1:colcon.colcon_core.package_identification:_identify(.) by extension 'colcon_pkg'
[0.282s] Level 1:colcon.colcon_core.package_identification:_identify(.) by extensions ['colcon_meta']
[0.282s] Level 1:colcon.colcon_core.package_identification:_identify(.) by extension 'colcon_meta'
[0.282s] Level 1:colcon.colcon_core.package_identification:_identify(.) by extensions ['ros']
[0.282s] Level 1:colcon.colcon_core.package_identification:_identify(.) by extension 'ros'
[0.310s] Level 1:colcon.colcon_core.package_identification:_identify(.) by extensions ['cmake', 'python']
[0.310s] Level 1:colcon.colcon_core.package_identification:_identify(.) by extension 'cmake'
[0.310s] Level 1:colcon.colcon_core.package_identification:_identify(.) by extension 'python'
[0.310s] Level 1:colcon.colcon_core.package_identification:_identify(.) by extensions ['python_setup_py']
[0.310s] Level 1:colcon.colcon_core.package_identification:_identify(.) by extension 'python_setup_py'
[0.310s] Level 1:colcon.colcon_core.package_identification:_identify(build) by extensions ['ignore', 'ignore_ament_install']
[0.311s] Level 1:colcon.colcon_core.package_identification:_identify(build) by extension 'ignore'
[0.311s] Level 1:colcon.colcon_core.package_identification:_identify(build) ignored
[0.311s] Level 1:colcon.colcon_core.package_identification:_identify(extras_interface) by extensions ['ignore', 'ignore_ament_install']
[0.311s] Level 1:colcon.colcon_core.package_identification:_identify(extras_interface) by extension 'ignore'
[0.311s] Level 1:colcon.colcon_core.package_identification:_identify(extras_interface) by extension 'ignore_ament_install'
[0.311s] Level 1:colcon.colcon_core.package_identification:_identify(extras_interface) by extensions ['colcon_pkg']
[0.311s] Level 1:colcon.colcon_core.package_identification:_identify(extras_interface) by extension 'colcon_pkg'
[0.311s] Level 1:colcon.colcon_core.package_identification:_identify(extras_interface) by extensions ['colcon_meta']
[0.311s] Level 1:colcon.colcon_core.package_identification:_identify(extras_interface) by extension 'colcon_meta'
[0.311s] Level 1:colcon.colcon_core.package_identification:_identify(extras_interface) by extensions ['ros']
[0.311s] Level 1:colcon.colcon_core.package_identification:_identify(extras_interface) by extension 'ros'
[0.311s] Level 1:colcon.colcon_core.package_identification:_identify(extras_interface) by extensions ['cmake', 'python']
[0.311s] Level 1:colcon.colcon_core.package_identification:_identify(extras_interface) by extension 'cmake'
[0.311s] Level 1:colcon.colcon_core.package_identification:_identify(extras_interface) by extension 'python'
[0.311s] Level 1:colcon.colcon_core.package_identification:_identify(extras_interface) by extensions ['python_setup_py']
[0.311s] Level 1:colcon.colcon_core.package_identification:_identify(extras_interface) by extension 'python_setup_py'
[0.311s] Level 1:colcon.colcon_core.package_identification:_identify(install) by extensions ['ignore', 'ignore_ament_install']
[0.311s] Level 1:colcon.colcon_core.package_identification:_identify(install) by extension 'ignore'
[0.311s] Level 1:colcon.colcon_core.package_identification:_identify(install) ignored
[0.311s] Level 1:colcon.colcon_core.package_identification:_identify(log) by extensions ['ignore', 'ignore_ament_install']
[0.311s] Level 1:colcon.colcon_core.package_identification:_identify(log) by extension 'ignore'
[0.311s] Level 1:colcon.colcon_core.package_identification:_identify(log) ignored
[0.312s] Level 1:colcon.colcon_core.package_identification:_identify(src) by extensions ['ignore', 'ignore_ament_install']
[0.312s] Level 1:colcon.colcon_core.package_identification:_identify(src) by extension 'ignore'
[0.312s] Level 1:colcon.colcon_core.package_identification:_identify(src) by extension 'ignore_ament_install'
[0.312s] Level 1:colcon.colcon_core.package_identification:_identify(src) by extensions ['colcon_pkg']
[0.312s] Level 1:colcon.colcon_core.package_identification:_identify(src) by extension 'colcon_pkg'
[0.312s] Level 1:colcon.colcon_core.package_identification:_identify(src) by extensions ['colcon_meta']
[0.312s] Level 1:colcon.colcon_core.package_identification:_identify(src) by extension 'colcon_meta'
[0.312s] Level 1:colcon.colcon_core.package_identification:_identify(src) by extensions ['ros']
[0.312s] Level 1:colcon.colcon_core.package_identification:_identify(src) by extension 'ros'
[0.312s] Level 1:colcon.colcon_core.package_identification:_identify(src) by extensions ['cmake', 'python']
[0.312s] Level 1:colcon.colcon_core.package_identification:_identify(src) by extension 'cmake'
[0.312s] Level 1:colcon.colcon_core.package_identification:_identify(src) by extension 'python'
[0.312s] Level 1:colcon.colcon_core.package_identification:_identify(src) by extensions ['python_setup_py']
[0.312s] Level 1:colcon.colcon_core.package_identification:_identify(src) by extension 'python_setup_py'
[0.312s] Level 1:colcon.colcon_core.package_identification:_identify(src/asv_wave_sim) by extensions ['ignore', 'ignore_ament_install']
[0.312s] Level 1:colcon.colcon_core.package_identification:_identify(src/asv_wave_sim) by extension 'ignore'
[0.312s] Level 1:colcon.colcon_core.package_identification:_identify(src/asv_wave_sim) by extension 'ignore_ament_install'
[0.312s] Level 1:colcon.colcon_core.package_identification:_identify(src/asv_wave_sim) by extensions ['colcon_pkg']
[0.312s] Level 1:colcon.colcon_core.package_identification:_identify(src/asv_wave_sim) by extension 'colcon_pkg'
[0.312s] Level 1:colcon.colcon_core.package_identification:_identify(src/asv_wave_sim) by extensions ['colcon_meta']
[0.312s] Level 1:colcon.colcon_core.package_identification:_identify(src/asv_wave_sim) by extension 'colcon_meta'
[0.312s] Level 1:colcon.colcon_core.package_identification:_identify(src/asv_wave_sim) by extensions ['ros']
[0.312s] Level 1:colcon.colcon_core.package_identification:_identify(src/asv_wave_sim) by extension 'ros'
[0.312s] Level 1:colcon.colcon_core.package_identification:_identify(src/asv_wave_sim) by extensions ['cmake', 'python']
[0.312s] Level 1:colcon.colcon_core.package_identification:_identify(src/asv_wave_sim) by extension 'cmake'
[0.312s] Level 1:colcon.colcon_core.package_identification:_identify(src/asv_wave_sim) by extension 'python'
[0.312s] Level 1:colcon.colcon_core.package_identification:_identify(src/asv_wave_sim) by extensions ['python_setup_py']
[0.313s] Level 1:colcon.colcon_core.package_identification:_identify(src/asv_wave_sim) by extension 'python_setup_py'
[0.313s] Level 1:colcon.colcon_core.package_identification:_identify(src/asv_wave_sim/doc) by extensions ['ignore', 'ignore_ament_install']
[0.313s] Level 1:colcon.colcon_core.package_identification:_identify(src/asv_wave_sim/doc) by extension 'ignore'
[0.313s] Level 1:colcon.colcon_core.package_identification:_identify(src/asv_wave_sim/doc) by extension 'ignore_ament_install'
[0.313s] Level 1:colcon.colcon_core.package_identification:_identify(src/asv_wave_sim/doc) by extensions ['colcon_pkg']
[0.313s] Level 1:colcon.colcon_core.package_identification:_identify(src/asv_wave_sim/doc) by extension 'colcon_pkg'
[0.313s] Level 1:colcon.colcon_core.package_identification:_identify(src/asv_wave_sim/doc) by extensions ['colcon_meta']
[0.313s] Level 1:colcon.colcon_core.package_identification:_identify(src/asv_wave_sim/doc) by extension 'colcon_meta'
[0.313s] Level 1:colcon.colcon_core.package_identification:_identify(src/asv_wave_sim/doc) by extensions ['ros']
[0.313s] Level 1:colcon.colcon_core.package_identification:_identify(src/asv_wave_sim/doc) by extension 'ros'
[0.313s] Level 1:colcon.colcon_core.package_identification:_identify(src/asv_wave_sim/doc) by extensions ['cmake', 'python']
[0.313s] Level 1:colcon.colcon_core.package_identification:_identify(src/asv_wave_sim/doc) by extension 'cmake'
[0.313s] Level 1:colcon.colcon_core.package_identification:_identify(src/asv_wave_sim/doc) by extension 'python'
[0.313s] Level 1:colcon.colcon_core.package_identification:_identify(src/asv_wave_sim/doc) by extensions ['python_setup_py']
[0.313s] Level 1:colcon.colcon_core.package_identification:_identify(src/asv_wave_sim/doc) by extension 'python_setup_py'
[0.313s] Level 1:colcon.colcon_core.package_identification:_identify(src/asv_wave_sim/doc/uml) by extensions ['ignore', 'ignore_ament_install']
[0.313s] Level 1:colcon.colcon_core.package_identification:_identify(src/asv_wave_sim/doc/uml) by extension 'ignore'
[0.313s] Level 1:colcon.colcon_core.package_identification:_identify(src/asv_wave_sim/doc/uml) by extension 'ignore_ament_install'
[0.313s] Level 1:colcon.colcon_core.package_identification:_identify(src/asv_wave_sim/doc/uml) by extensions ['colcon_pkg']
[0.313s] Level 1:colcon.colcon_core.package_identification:_identify(src/asv_wave_sim/doc/uml) by extension 'colcon_pkg'
[0.313s] Level 1:colcon.colcon_core.package_identification:_identify(src/asv_wave_sim/doc/uml) by extensions ['colcon_meta']
[0.313s] Level 1:colcon.colcon_core.package_identification:_identify(src/asv_wave_sim/doc/uml) by extension 'colcon_meta'
[0.313s] Level 1:colcon.colcon_core.package_identification:_identify(src/asv_wave_sim/doc/uml) by extensions ['ros']
[0.313s] Level 1:colcon.colcon_core.package_identification:_identify(src/asv_wave_sim/doc/uml) by extension 'ros'
[0.313s] Level 1:colcon.colcon_core.package_identification:_identify(src/asv_wave_sim/doc/uml) by extensions ['cmake', 'python']
[0.313s] Level 1:colcon.colcon_core.package_identification:_identify(src/asv_wave_sim/doc/uml) by extension 'cmake'
[0.314s] Level 1:colcon.colcon_core.package_identification:_identify(src/asv_wave_sim/doc/uml) by extension 'python'
[0.314s] Level 1:colcon.colcon_core.package_identification:_identify(src/asv_wave_sim/doc/uml) by extensions ['python_setup_py']
[0.314s] Level 1:colcon.colcon_core.package_identification:_identify(src/asv_wave_sim/doc/uml) by extension 'python_setup_py'
[0.314s] Level 1:colcon.colcon_core.package_identification:_identify(src/asv_wave_sim/gz-waves) by extensions ['ignore', 'ignore_ament_install']
[0.314s] Level 1:colcon.colcon_core.package_identification:_identify(src/asv_wave_sim/gz-waves) by extension 'ignore'
[0.314s] Level 1:colcon.colcon_core.package_identification:_identify(src/asv_wave_sim/gz-waves) by extension 'ignore_ament_install'
[0.314s] Level 1:colcon.colcon_core.package_identification:_identify(src/asv_wave_sim/gz-waves) by extensions ['colcon_pkg']
[0.314s] Level 1:colcon.colcon_core.package_identification:_identify(src/asv_wave_sim/gz-waves) by extension 'colcon_pkg'
[0.314s] Level 1:colcon.colcon_core.package_identification:_identify(src/asv_wave_sim/gz-waves) by extensions ['colcon_meta']
[0.314s] Level 1:colcon.colcon_core.package_identification:_identify(src/asv_wave_sim/gz-waves) by extension 'colcon_meta'
[0.314s] Level 1:colcon.colcon_core.package_identification:_identify(src/asv_wave_sim/gz-waves) by extensions ['ros']
[0.314s] Level 1:colcon.colcon_core.package_identification:_identify(src/asv_wave_sim/gz-waves) by extension 'ros'
[0.314s] Level 1:colcon.colcon_core.package_identification:_identify(src/asv_wave_sim/gz-waves) by extensions ['cmake', 'python']
[0.314s] Level 1:colcon.colcon_core.package_identification:_identify(src/asv_wave_sim/gz-waves) by extension 'cmake'
[0.321s] Level 1:colcon.colcon_core.package_identification:_identify(src/asv_wave_sim/gz-waves) by extension 'python'
[0.321s] DEBUG:colcon.colcon_core.package_identification:Package 'src/asv_wave_sim/gz-waves' with type 'cmake' and name 'gz-waves1'
[0.321s] Level 1:colcon.colcon_core.package_identification:_identify(src/asv_wave_sim/gz-waves-models) by extensions ['ignore', 'ignore_ament_install']
[0.321s] Level 1:colcon.colcon_core.package_identification:_identify(src/asv_wave_sim/gz-waves-models) by extension 'ignore'
[0.321s] Level 1:colcon.colcon_core.package_identification:_identify(src/asv_wave_sim/gz-waves-models) ignored
[0.321s] Level 1:colcon.colcon_core.package_identification:_identify(src/blueboat_control) by extensions ['ignore', 'ignore_ament_install']
[0.321s] Level 1:colcon.colcon_core.package_identification:_identify(src/blueboat_control) by extension 'ignore'
[0.321s] Level 1:colcon.colcon_core.package_identification:_identify(src/blueboat_control) by extension 'ignore_ament_install'
[0.321s] Level 1:colcon.colcon_core.package_identification:_identify(src/blueboat_control) by extensions ['colcon_pkg']
[0.321s] Level 1:colcon.colcon_core.package_identification:_identify(src/blueboat_control) by extension 'colcon_pkg'
[0.321s] Level 1:colcon.colcon_core.package_identification:_identify(src/blueboat_control) by extensions ['colcon_meta']
[0.321s] Level 1:colcon.colcon_core.package_identification:_identify(src/blueboat_control) by extension 'colcon_meta'
[0.321s] Level 1:colcon.colcon_core.package_identification:_identify(src/blueboat_control) by extensions ['ros']
[0.321s] Level 1:colcon.colcon_core.package_identification:_identify(src/blueboat_control) by extension 'ros'
[0.325s] DEBUG:colcon.colcon_core.package_identification:Package 'src/blueboat_control' with type 'ros.ament_python' and name 'blueboat_control'
[0.325s] Level 1:colcon.colcon_core.package_identification:_identify(src/blueboat_interfaces) by extensions ['ignore', 'ignore_ament_install']
[0.325s] Level 1:colcon.colcon_core.package_identification:_identify(src/blueboat_interfaces) by extension 'ignore'
[0.325s] Level 1:colcon.colcon_core.package_identification:_identify(src/blueboat_interfaces) by extension 'ignore_ament_install'
[0.325s] Level 1:colcon.colcon_core.package_identification:_identify(src/blueboat_interfaces) by extensions ['colcon_pkg']
[0.325s] Level 1:colcon.colcon_core.package_identification:_identify(src/blueboat_interfaces) by extension 'colcon_pkg'
[0.325s] Level 1:colcon.colcon_core.package_identification:_identify(src/blueboat_interfaces) by extensions ['colcon_meta']
[0.325s] Level 1:colcon.colcon_core.package_identification:_identify(src/blueboat_interfaces) by extension 'colcon_meta'
[0.325s] Level 1:colcon.colcon_core.package_identification:_identify(src/blueboat_interfaces) by extensions ['ros']
[0.325s] Level 1:colcon.colcon_core.package_identification:_identify(src/blueboat_interfaces) by extension 'ros'
[0.326s] DEBUG:colcon.colcon_core.package_identification:Package 'src/blueboat_interfaces' with type 'ros.ament_cmake' and name 'blueboat_interfaces'
[0.326s] Level 1:colcon.colcon_core.package_identification:_identify(src/blueboat_planner) by extensions ['ignore', 'ignore_ament_install']
[0.326s] Level 1:colcon.colcon_core.package_identification:_identify(src/blueboat_planner) by extension 'ignore'
[0.326s] Level 1:colcon.colcon_core.package_identification:_identify(src/blueboat_planner) by extension 'ignore_ament_install'
[0.326s] Level 1:colcon.colcon_core.package_identification:_identify(src/blueboat_planner) by extensions ['colcon_pkg']
[0.326s] Level 1:colcon.colcon_core.package_identification:_identify(src/blueboat_planner) by extension 'colcon_pkg'
[0.326s] Level 1:colcon.colcon_core.package_identification:_identify(src/blueboat_planner) by extensions ['colcon_meta']
[0.326s] Level 1:colcon.colcon_core.package_identification:_identify(src/blueboat_planner) by extension 'colcon_meta'
[0.326s] Level 1:colcon.colcon_core.package_identification:_identify(src/blueboat_planner) by extensions ['ros']
[0.326s] Level 1:colcon.colcon_core.package_identification:_identify(src/blueboat_planner) by extension 'ros'
[0.327s] DEBUG:colcon.colcon_core.package_identification:Package 'src/blueboat_planner' with type 'ros.ament_python' and name 'blueboat_planner'
[0.327s] Level 1:colcon.colcon_core.package_identification:_identify(src/blueboat_regler) by extensions ['ignore', 'ignore_ament_install']
[0.327s] Level 1:colcon.colcon_core.package_identification:_identify(src/blueboat_regler) by extension 'ignore'
[0.327s] Level 1:colcon.colcon_core.package_identification:_identify(src/blueboat_regler) by extension 'ignore_ament_install'
[0.327s] Level 1:colcon.colcon_core.package_identification:_identify(src/blueboat_regler) by extensions ['colcon_pkg']
[0.327s] Level 1:colcon.colcon_core.package_identification:_identify(src/blueboat_regler) by extension 'colcon_pkg'
[0.327s] Level 1:colcon.colcon_core.package_identification:_identify(src/blueboat_regler) by extensions ['colcon_meta']
[0.327s] Level 1:colcon.colcon_core.package_identification:_identify(src/blueboat_regler) by extension 'colcon_meta'
[0.327s] Level 1:colcon.colcon_core.package_identification:_identify(src/blueboat_regler) by extensions ['ros']
[0.327s] Level 1:colcon.colcon_core.package_identification:_identify(src/blueboat_regler) by extension 'ros'
[0.327s] DEBUG:colcon.colcon_core.package_identification:Package 'src/blueboat_regler' with type 'ros.ament_python' and name 'blueboat_regler'
[0.327s] Level 1:colcon.colcon_core.package_identification:_identify(src/extras_boat) by extensions ['ignore', 'ignore_ament_install']
[0.328s] Level 1:colcon.colcon_core.package_identification:_identify(src/extras_boat) by extension 'ignore'
[0.328s] Level 1:colcon.colcon_core.package_identification:_identify(src/extras_boat) by extension 'ignore_ament_install'
[0.328s] Level 1:colcon.colcon_core.package_identification:_identify(src/extras_boat) by extensions ['colcon_pkg']
[0.328s] Level 1:colcon.colcon_core.package_identification:_identify(src/extras_boat) by extension 'colcon_pkg'
[0.328s] Level 1:colcon.colcon_core.package_identification:_identify(src/extras_boat) by extensions ['colcon_meta']
[0.328s] Level 1:colcon.colcon_core.package_identification:_identify(src/extras_boat) by extension 'colcon_meta'
[0.328s] Level 1:colcon.colcon_core.package_identification:_identify(src/extras_boat) by extensions ['ros']
[0.328s] Level 1:colcon.colcon_core.package_identification:_identify(src/extras_boat) by extension 'ros'
[0.328s] Level 1:colcon.colcon_core.package_identification:_identify(src/extras_boat) by extensions ['cmake', 'python']
[0.328s] Level 1:colcon.colcon_core.package_identification:_identify(src/extras_boat) by extension 'cmake'
[0.328s] Level 1:colcon.colcon_core.package_identification:_identify(src/extras_boat) by extension 'python'
[0.328s] Level 1:colcon.colcon_core.package_identification:_identify(src/extras_boat) by extensions ['python_setup_py']
[0.328s] Level 1:colcon.colcon_core.package_identification:_identify(src/extras_boat) by extension 'python_setup_py'
[0.328s] Level 1:colcon.colcon_core.package_identification:_identify(src/marker_model) by extensions ['ignore', 'ignore_ament_install']
[0.328s] Level 1:colcon.colcon_core.package_identification:_identify(src/marker_model) by extension 'ignore'
[0.328s] Level 1:colcon.colcon_core.package_identification:_identify(src/marker_model) by extension 'ignore_ament_install'
[0.328s] Level 1:colcon.colcon_core.package_identification:_identify(src/marker_model) by extensions ['colcon_pkg']
[0.328s] Level 1:colcon.colcon_core.package_identification:_identify(src/marker_model) by extension 'colcon_pkg'
[0.328s] Level 1:colcon.colcon_core.package_identification:_identify(src/marker_model) by extensions ['colcon_meta']
[0.328s] Level 1:colcon.colcon_core.package_identification:_identify(src/marker_model) by extension 'colcon_meta'
[0.328s] Level 1:colcon.colcon_core.package_identification:_identify(src/marker_model) by extensions ['ros']
[0.328s] Level 1:colcon.colcon_core.package_identification:_identify(src/marker_model) by extension 'ros'
[0.328s] Level 1:colcon.colcon_core.package_identification:_identify(src/marker_model) by extensions ['cmake', 'python']
[0.328s] Level 1:colcon.colcon_core.package_identification:_identify(src/marker_model) by extension 'cmake'
[0.328s] Level 1:colcon.colcon_core.package_identification:_identify(src/marker_model) by extension 'python'
[0.328s] Level 1:colcon.colcon_core.package_identification:_identify(src/marker_model) by extensions ['python_setup_py']
[0.328s] Level 1:colcon.colcon_core.package_identification:_identify(src/marker_model) by extension 'python_setup_py'
[0.329s] Level 1:colcon.colcon_core.package_identification:_identify(src/move_blueboat) by extensions ['ignore', 'ignore_ament_install']
[0.329s] Level 1:colcon.colcon_core.package_identification:_identify(src/move_blueboat) by extension 'ignore'
[0.329s] Level 1:colcon.colcon_core.package_identification:_identify(src/move_blueboat) by extension 'ignore_ament_install'
[0.329s] Level 1:colcon.colcon_core.package_identification:_identify(src/move_blueboat) by extensions ['colcon_pkg']
[0.329s] Level 1:colcon.colcon_core.package_identification:_identify(src/move_blueboat) by extension 'colcon_pkg'
[0.329s] Level 1:colcon.colcon_core.package_identification:_identify(src/move_blueboat) by extensions ['colcon_meta']
[0.329s] Level 1:colcon.colcon_core.package_identification:_identify(src/move_blueboat) by extension 'colcon_meta'
[0.329s] Level 1:colcon.colcon_core.package_identification:_identify(src/move_blueboat) by extensions ['ros']
[0.329s] Level 1:colcon.colcon_core.package_identification:_identify(src/move_blueboat) by extension 'ros'
[0.329s] DEBUG:colcon.colcon_core.package_identification:Package 'src/move_blueboat' with type 'ros.ament_python' and name 'move_blueboat'
[0.329s] Level 1:colcon.colcon_core.package_identification:_identify(src/realWorld) by extensions ['ignore', 'ignore_ament_install']
[0.330s] Level 1:colcon.colcon_core.package_identification:_identify(src/realWorld) by extension 'ignore'
[0.330s] Level 1:colcon.colcon_core.package_identification:_identify(src/realWorld) by extension 'ignore_ament_install'
[0.330s] Level 1:colcon.colcon_core.package_identification:_identify(src/realWorld) by extensions ['colcon_pkg']
[0.330s] Level 1:colcon.colcon_core.package_identification:_identify(src/realWorld) by extension 'colcon_pkg'
[0.330s] Level 1:colcon.colcon_core.package_identification:_identify(src/realWorld) by extensions ['colcon_meta']
[0.330s] Level 1:colcon.colcon_core.package_identification:_identify(src/realWorld) by extension 'colcon_meta'
[0.330s] Level 1:colcon.colcon_core.package_identification:_identify(src/realWorld) by extensions ['ros']
[0.330s] Level 1:colcon.colcon_core.package_identification:_identify(src/realWorld) by extension 'ros'
[0.330s] DEBUG:colcon.colcon_core.package_identification:Package 'src/realWorld' with type 'ros.ament_python' and name 'realWorld'
[0.330s] Level 1:colcon.colcon_core.package_discovery:discover_packages(recursive) using defaults
[0.330s] Level 1:colcon.colcon_core.package_discovery:discover_packages(ignore) discover
[0.330s] Level 1:colcon.colcon_core.package_discovery:discover_packages(ignore) using defaults
[0.330s] Level 1:colcon.colcon_core.package_discovery:discover_packages(path) discover
[0.330s] Level 1:colcon.colcon_core.package_discovery:discover_packages(path) using defaults
[0.355s] INFO:colcon.colcon_core.package_selection:Skipping not selected package 'blueboat_interfaces' in 'src/blueboat_interfaces'
[0.355s] INFO:colcon.colcon_core.package_selection:Skipping not selected package 'blueboat_regler' in 'src/blueboat_regler'
[0.355s] INFO:colcon.colcon_core.package_selection:Skipping not selected package 'gz-waves1' in 'src/asv_wave_sim/gz-waves'
[0.355s] INFO:colcon.colcon_core.package_selection:Skipping not selected package 'move_blueboat' in 'src/move_blueboat'
[0.355s] INFO:colcon.colcon_core.package_selection:Skipping not selected package 'realWorld' in 'src/realWorld'
[0.355s] INFO:colcon.colcon_core.package_selection:Skipping not selected package 'blueboat_planner' in 'src/blueboat_planner'
[0.355s] Level 5:colcon.colcon_core.verb:set package 'blueboat_control' build argument 'cmake_args' from command line to 'None'
[0.355s] Level 5:colcon.colcon_core.verb:set package 'blueboat_control' build argument 'cmake_target' from command line to 'None'
[0.355s] Level 5:colcon.colcon_core.verb:set package 'blueboat_control' build argument 'cmake_target_skip_unavailable' from command line to 'False'
[0.355s] Level 5:colcon.colcon_core.verb:set package 'blueboat_control' build argument 'cmake_clean_cache' from command line to 'False'
[0.355s] Level 5:colcon.colcon_core.verb:set package 'blueboat_control' build argument 'cmake_clean_first' from command line to 'False'
[0.355s] Level 5:colcon.colcon_core.verb:set package 'blueboat_control' build argument 'cmake_force_configure' from command line to 'False'
[0.355s] Level 5:colcon.colcon_core.verb:set package 'blueboat_control' build argument 'ament_cmake_args' from command line to 'None'
[0.355s] Level 5:colcon.colcon_core.verb:set package 'blueboat_control' build argument 'catkin_cmake_args' from command line to 'None'
[0.355s] Level 5:colcon.colcon_core.verb:set package 'blueboat_control' build argument 'catkin_skip_building_tests' from command line to 'False'
[0.355s] DEBUG:colcon.colcon_core.verb:Building package 'blueboat_control' with the following arguments: {'ament_cmake_args': None, 'build_base': '/home/blueboat_sitl/gz_ws/build/blueboat_control', 'catkin_cmake_args': None, 'catkin_skip_building_tests': False, 'cmake_args': None, 'cmake_clean_cache': False, 'cmake_clean_first': False, 'cmake_force_configure': False, 'cmake_target': None, 'cmake_target_skip_unavailable': False, 'install_base': '/home/blueboat_sitl/gz_ws/install', 'merge_install': True, 'path': '/home/blueboat_sitl/gz_ws/src/blueboat_control', 'symlink_install': False, 'test_result_base': None}
[0.356s] INFO:colcon.colcon_core.executor:Executing jobs using 'parallel' executor
[0.357s] DEBUG:colcon.colcon_parallel_executor.executor.parallel:run_until_complete
[0.357s] INFO:colcon.colcon_ros.task.ament_python.build:Building ROS package in '/home/blueboat_sitl/gz_ws/src/blueboat_control' with build type 'ament_python'
[0.357s] Level 1:colcon.colcon_core.shell:create_environment_hook('blueboat_control', 'ament_prefix_path')
[0.363s] INFO:colcon.colcon_core.plugin_system:Skipping extension 'colcon_core.shell.bat': Not used on non-Windows systems
[0.363s] INFO:colcon.colcon_core.shell:Creating environment hook '/home/blueboat_sitl/gz_ws/install/share/blueboat_control/hook/ament_prefix_path.ps1'
[0.364s] INFO:colcon.colcon_core.shell:Creating environment descriptor '/home/blueboat_sitl/gz_ws/install/share/blueboat_control/hook/ament_prefix_path.dsv'
[0.364s] INFO:colcon.colcon_core.shell:Creating environment hook '/home/blueboat_sitl/gz_ws/install/share/blueboat_control/hook/ament_prefix_path.sh'
[0.365s] INFO:colcon.colcon_core.shell:Skip shell extension 'powershell' for command environment: Not usable outside of PowerShell
[0.365s] DEBUG:colcon.colcon_core.shell:Skip shell extension 'dsv' for command environment
[0.672s] INFO:colcon.colcon_core.task.python.build:Building Python package in '/home/blueboat_sitl/gz_ws/src/blueboat_control'
[0.672s] INFO:colcon.colcon_core.shell:Skip shell extension 'powershell' for command environment: Not usable outside of PowerShell
[0.672s] DEBUG:colcon.colcon_core.shell:Skip shell extension 'dsv' for command environment
[1.115s] DEBUG:colcon.colcon_core.event_handler.log_command:Invoking command in '/home/blueboat_sitl/gz_ws/src/blueboat_control': PYTHONPATH=/home/blueboat_sitl/gz_ws/build/blueboat_control/prefix_override:/usr/lib/python3/dist-packages/colcon_core/task/python/colcon_distutils_commands:/home/blueboat_sitl/gz_ws/install/lib/python3.10/site-packages:${PYTHONPATH} /usr/bin/python3 -W ignore:setup.py install is deprecated -W ignore:easy_install command is deprecated setup.py egg_info --egg-base ../../build/blueboat_control build --build-base /home/blueboat_sitl/gz_ws/build/blueboat_control/build install --record /home/blueboat_sitl/gz_ws/build/blueboat_control/install.log --single-version-externally-managed install_data
[1.415s] DEBUG:colcon.colcon_core.event_handler.log_command:Invoked command in '/home/blueboat_sitl/gz_ws/src/blueboat_control' returned '0': PYTHONPATH=/home/blueboat_sitl/gz_ws/build/blueboat_control/prefix_override:/usr/lib/python3/dist-packages/colcon_core/task/python/colcon_distutils_commands:/home/blueboat_sitl/gz_ws/install/lib/python3.10/site-packages:${PYTHONPATH} /usr/bin/python3 -W ignore:setup.py install is deprecated -W ignore:easy_install command is deprecated setup.py egg_info --egg-base ../../build/blueboat_control build --build-base /home/blueboat_sitl/gz_ws/build/blueboat_control/build install --record /home/blueboat_sitl/gz_ws/build/blueboat_control/install.log --single-version-externally-managed install_data
[1.421s] Level 1:colcon.colcon_core.environment:checking '/home/blueboat_sitl/gz_ws/install' for CMake module files
[1.421s] Level 1:colcon.colcon_core.environment:checking '/home/blueboat_sitl/gz_ws/install' for CMake config files
[1.422s] Level 1:colcon.colcon_core.shell:create_environment_hook('blueboat_control', 'cmake_prefix_path')
[1.423s] INFO:colcon.colcon_core.shell:Creating environment hook '/home/blueboat_sitl/gz_ws/install/share/blueboat_control/hook/cmake_prefix_path.ps1'
[1.423s] INFO:colcon.colcon_core.shell:Creating environment descriptor '/home/blueboat_sitl/gz_ws/install/share/blueboat_control/hook/cmake_prefix_path.dsv'
[1.424s] INFO:colcon.colcon_core.shell:Creating environment hook '/home/blueboat_sitl/gz_ws/install/share/blueboat_control/hook/cmake_prefix_path.sh'
[1.424s] Level 1:colcon.colcon_core.environment:checking '/home/blueboat_sitl/gz_ws/install/lib'
[1.425s] Level 1:colcon.colcon_core.shell:create_environment_hook('blueboat_control', 'ld_library_path_lib')
[1.425s] INFO:colcon.colcon_core.shell:Creating environment hook '/home/blueboat_sitl/gz_ws/install/share/blueboat_control/hook/ld_library_path_lib.ps1'
[1.425s] INFO:colcon.colcon_core.shell:Creating environment descriptor '/home/blueboat_sitl/gz_ws/install/share/blueboat_control/hook/ld_library_path_lib.dsv'
[1.425s] INFO:colcon.colcon_core.shell:Creating environment hook '/home/blueboat_sitl/gz_ws/install/share/blueboat_control/hook/ld_library_path_lib.sh'
[1.426s] Level 1:colcon.colcon_core.environment:checking '/home/blueboat_sitl/gz_ws/install/bin'
[1.426s] Level 1:colcon.colcon_core.shell:create_environment_hook('blueboat_control', 'path')
[1.426s] INFO:colcon.colcon_core.shell:Creating environment hook '/home/blueboat_sitl/gz_ws/install/share/blueboat_control/hook/path.ps1'
[1.426s] INFO:colcon.colcon_core.shell:Creating environment descriptor '/home/blueboat_sitl/gz_ws/install/share/blueboat_control/hook/path.dsv'
[1.427s] INFO:colcon.colcon_core.shell:Creating environment hook '/home/blueboat_sitl/gz_ws/install/share/blueboat_control/hook/path.sh'
[1.427s] Level 1:colcon.colcon_core.environment:checking '/home/blueboat_sitl/gz_ws/install/lib/pkgconfig/blueboat_control.pc'
[1.427s] Level 1:colcon.colcon_core.environment:checking '/home/blueboat_sitl/gz_ws/install/lib/python3.10/site-packages'
[1.427s] Level 1:colcon.colcon_core.shell:create_environment_hook('blueboat_control', 'pythonpath')
[1.427s] INFO:colcon.colcon_core.shell:Creating environment hook '/home/blueboat_sitl/gz_ws/install/share/blueboat_control/hook/pythonpath.ps1'
[1.427s] INFO:colcon.colcon_core.shell:Creating environment descriptor '/home/blueboat_sitl/gz_ws/install/share/blueboat_control/hook/pythonpath.dsv'
[1.428s] INFO:colcon.colcon_core.shell:Creating environment hook '/home/blueboat_sitl/gz_ws/install/share/blueboat_control/hook/pythonpath.sh'
[1.428s] Level 1:colcon.colcon_core.environment:checking '/home/blueboat_sitl/gz_ws/install/bin'
[1.428s] Level 1:colcon.colcon_core.shell:create_environment_hook('blueboat_control', 'pythonscriptspath')
[1.428s] INFO:colcon.colcon_core.shell:Creating environment hook '/home/blueboat_sitl/gz_ws/install/share/blueboat_control/hook/pythonscriptspath.ps1'
[1.429s] INFO:colcon.colcon_core.shell:Creating environment descriptor '/home/blueboat_sitl/gz_ws/install/share/blueboat_control/hook/pythonscriptspath.dsv'
[1.429s] INFO:colcon.colcon_core.shell:Creating environment hook '/home/blueboat_sitl/gz_ws/install/share/blueboat_control/hook/pythonscriptspath.sh'
[1.429s] Level 1:colcon.colcon_core.environment:create_environment_scripts_only(blueboat_control)
[1.429s] INFO:colcon.colcon_core.shell:Creating package script '/home/blueboat_sitl/gz_ws/install/share/blueboat_control/package.ps1'
[1.430s] INFO:colcon.colcon_core.shell:Creating package descriptor '/home/blueboat_sitl/gz_ws/install/share/blueboat_control/package.dsv'
[1.431s] INFO:colcon.colcon_core.shell:Creating package script '/home/blueboat_sitl/gz_ws/install/share/blueboat_control/package.sh'
[1.432s] INFO:colcon.colcon_core.shell:Creating package script '/home/blueboat_sitl/gz_ws/install/share/blueboat_control/package.bash'
[1.433s] INFO:colcon.colcon_core.shell:Creating package script '/home/blueboat_sitl/gz_ws/install/share/blueboat_control/package.zsh'
[1.434s] Level 1:colcon.colcon_core.environment:create_file_with_runtime_dependencies(/home/blueboat_sitl/gz_ws/install/share/colcon-core/packages/blueboat_control)
[1.435s] DEBUG:colcon.colcon_parallel_executor.executor.parallel:closing loop
[1.435s] DEBUG:colcon.colcon_parallel_executor.executor.parallel:loop closed
[1.435s] DEBUG:colcon.colcon_parallel_executor.executor.parallel:run_until_complete finished with '0'
[1.435s] DEBUG:colcon.colcon_core.event_reactor:joining thread
[1.443s] INFO:colcon.colcon_core.plugin_system:Skipping extension 'colcon_notification.desktop_notification.notify_send': Could not find 'notify-send'
[1.443s] INFO:colcon.colcon_core.plugin_system:Skipping extension 'colcon_notification.desktop_notification.terminal_notifier': Not used on non-Darwin systems
[1.443s] INFO:colcon.colcon_core.plugin_system:Skipping extension 'colcon_notification.desktop_notification.win32': Not used on non-Windows systems
[1.443s] INFO:colcon.colcon_notification.desktop_notification:Sending desktop notification using 'notify2'
[1.448s] DEBUG:colcon.colcon_notification.desktop_notification.notify2:Failed to initialize notify2: org.freedesktop.DBus.Error.Spawn.ExecFailed: /usr/bin/dbus-launch terminated abnormally without any error message
[1.448s] DEBUG:colcon.colcon_core.event_reactor:joined thread
[1.449s] INFO:colcon.colcon_core.shell:Creating prefix script '/home/blueboat_sitl/gz_ws/install/local_setup.ps1'
[1.451s] INFO:colcon.colcon_core.shell:Creating prefix util module '/home/blueboat_sitl/gz_ws/install/_local_setup_util_ps1.py'
[1.453s] INFO:colcon.colcon_core.shell:Creating prefix chain script '/home/blueboat_sitl/gz_ws/install/setup.ps1'
[1.455s] INFO:colcon.colcon_core.shell:Creating prefix script '/home/blueboat_sitl/gz_ws/install/local_setup.sh'
[1.456s] INFO:colcon.colcon_core.shell:Creating prefix util module '/home/blueboat_sitl/gz_ws/install/_local_setup_util_sh.py'
[1.457s] INFO:colcon.colcon_core.shell:Creating prefix chain script '/home/blueboat_sitl/gz_ws/install/setup.sh'
[1.459s] INFO:colcon.colcon_core.shell:Creating prefix script '/home/blueboat_sitl/gz_ws/install/local_setup.bash'
[1.459s] INFO:colcon.colcon_core.shell:Creating prefix chain script '/home/blueboat_sitl/gz_ws/install/setup.bash'
[1.461s] INFO:colcon.colcon_core.shell:Creating prefix script '/home/blueboat_sitl/gz_ws/install/local_setup.zsh'
[1.462s] INFO:colcon.colcon_core.shell:Creating prefix chain script '/home/blueboat_sitl/gz_ws/install/setup.zsh'
